<?xml version="1.0" encoding="UTF-8"?>
<testsuite name="app.library.usermgmt.user.service.UserServiceImplTest" tests="7" skipped="0" failures="0" errors="0" timestamp="2023-02-14T21:41:09" hostname="HTSI38" time="0.709">
  <properties/>
  <testcase name="testLoginUser()" classname="app.library.usermgmt.user.service.UserServiceImplTest" time="0.087"/>
  <testcase name="testRegisterUser()" classname="app.library.usermgmt.user.service.UserServiceImplTest" time="0.173"/>
  <testcase name="testRegisterUser2()" classname="app.library.usermgmt.user.service.UserServiceImplTest" time="0.142"/>
  <testcase name="testRegisterUser3()" classname="app.library.usermgmt.user.service.UserServiceImplTest" time="0.072"/>
  <testcase name="testLoginUser2()" classname="app.library.usermgmt.user.service.UserServiceImplTest" time="0.076"/>
  <testcase name="testLoginUser3()" classname="app.library.usermgmt.user.service.UserServiceImplTest" time="0.073"/>
  <testcase name="testLoginUser4()" classname="app.library.usermgmt.user.service.UserServiceImplTest" time="0.077"/>
  <system-out><![CDATA[03:11:09.442 [Test worker] DEBUG org.springframework.test.context.BootstrapUtils - Instantiating CacheAwareContextLoaderDelegate from class [org.springframework.test.context.cache.DefaultCacheAwareContextLoaderDelegate]
03:11:09.442 [Test worker] DEBUG org.springframework.test.context.BootstrapUtils - Instantiating BootstrapContext using constructor [public org.springframework.test.context.support.DefaultBootstrapContext(java.lang.Class,org.springframework.test.context.CacheAwareContextLoaderDelegate)]
03:11:09.442 [Test worker] DEBUG org.springframework.test.context.BootstrapUtils - Instantiating TestContextBootstrapper for test class [app.library.usermgmt.user.service.UserServiceImplTest] from class [org.springframework.test.context.support.DefaultTestContextBootstrapper]
03:11:09.442 [Test worker] DEBUG org.springframework.test.context.support.AbstractDelegatingSmartContextLoader - Delegating to AnnotationConfigContextLoader to process context configuration [ContextConfigurationAttributes@1f3da0b declaringClass = 'app.library.usermgmt.user.service.UserServiceImplTest', classes = '{class app.library.usermgmt.user.service.UserServiceImpl}', locations = '{}', inheritLocations = true, initializers = '{}', inheritInitializers = true, name = [null], contextLoaderClass = 'org.springframework.test.context.ContextLoader'].
03:11:09.442 [Test worker] DEBUG org.springframework.test.context.support.ActiveProfilesUtils - Could not find an 'annotation declaring class' for annotation type [org.springframework.test.context.ActiveProfiles] and class [app.library.usermgmt.user.service.UserServiceImplTest]
03:11:09.442 [Test worker] DEBUG org.springframework.test.context.support.DefaultTestContextBootstrapper - @TestExecutionListeners is not present for class [app.library.usermgmt.user.service.UserServiceImplTest]: using defaults.
03:11:09.443 [Test worker] INFO org.springframework.test.context.support.DefaultTestContextBootstrapper - Loaded default TestExecutionListener class names from location [META-INF/spring.factories]: [org.springframework.boot.test.autoconfigure.restdocs.RestDocsTestExecutionListener, org.springframework.boot.test.autoconfigure.web.client.MockRestServiceServerResetTestExecutionListener, org.springframework.boot.test.autoconfigure.web.servlet.MockMvcPrintOnlyOnFailureTestExecutionListener, org.springframework.boot.test.autoconfigure.web.servlet.WebDriverTestExecutionListener, org.springframework.boot.test.autoconfigure.webservices.client.MockWebServiceServerTestExecutionListener, org.springframework.boot.test.mock.mockito.MockitoTestExecutionListener, org.springframework.boot.test.mock.mockito.ResetMocksTestExecutionListener, org.springframework.test.context.web.ServletTestExecutionListener, org.springframework.test.context.support.DirtiesContextBeforeModesTestExecutionListener, org.springframework.test.context.event.ApplicationEventsTestExecutionListener, org.springframework.test.context.support.DependencyInjectionTestExecutionListener, org.springframework.test.context.support.DirtiesContextTestExecutionListener, org.springframework.test.context.transaction.TransactionalTestExecutionListener, org.springframework.test.context.jdbc.SqlScriptsTestExecutionListener, org.springframework.test.context.event.EventPublishingTestExecutionListener]
03:11:09.443 [Test worker] INFO org.springframework.test.context.support.DefaultTestContextBootstrapper - Using TestExecutionListeners: [org.springframework.test.context.web.ServletTestExecutionListener@2f61f5, org.springframework.test.context.support.DirtiesContextBeforeModesTestExecutionListener@80a063, org.springframework.test.context.event.ApplicationEventsTestExecutionListener@16f4ac4, org.springframework.boot.test.mock.mockito.MockitoTestExecutionListener@7dcc64, org.springframework.test.context.support.DependencyInjectionTestExecutionListener@1e62b17, org.springframework.test.context.support.DirtiesContextTestExecutionListener@8409f0, org.springframework.test.context.transaction.TransactionalTestExecutionListener@1685f4e, org.springframework.test.context.jdbc.SqlScriptsTestExecutionListener@1eab26b, org.springframework.test.context.event.EventPublishingTestExecutionListener@1ac93d2, org.springframework.boot.test.autoconfigure.restdocs.RestDocsTestExecutionListener@16fc29e, org.springframework.boot.test.autoconfigure.web.client.MockRestServiceServerResetTestExecutionListener@426dd2, org.springframework.boot.test.autoconfigure.web.servlet.MockMvcPrintOnlyOnFailureTestExecutionListener@ffb9b, org.springframework.boot.test.autoconfigure.web.servlet.WebDriverTestExecutionListener@1c0c90b, org.springframework.boot.test.autoconfigure.webservices.client.MockWebServiceServerTestExecutionListener@549c5f, org.springframework.boot.test.mock.mockito.ResetMocksTestExecutionListener@1454c7a]
03:11:09.443 [Test worker] DEBUG org.springframework.test.context.support.AbstractDirtiesContextTestExecutionListener - Before test class: context [DefaultTestContext@f3ba6a testClass = UserServiceImplTest, testInstance = [null], testMethod = [null], testException = [null], mergedContextConfiguration = [MergedContextConfiguration@19aa9ee testClass = UserServiceImplTest, locations = '{}', classes = '{class app.library.usermgmt.user.service.UserServiceImpl}', contextInitializerClasses = '[]', activeProfiles = '{}', propertySourceLocations = '{}', propertySourceProperties = '{}', contextCustomizers = set[org.springframework.boot.test.autoconfigure.actuate.metrics.MetricsExportContextCustomizerFactory$DisableMetricExportContextCustomizer@ace400, org.springframework.boot.test.autoconfigure.properties.PropertyMappingContextCustomizer@0, org.springframework.boot.test.autoconfigure.web.servlet.WebDriverContextCustomizerFactory$Customizer@1098f9b, org.springframework.boot.test.context.filter.ExcludeFilterContextCustomizer@13d0107, org.springframework.boot.test.json.DuplicateJsonObjectContextCustomizerFactory$DuplicateJsonObjectContextCustomizer@cadd41, org.springframework.boot.test.mock.mockito.MockitoContextCustomizer@b148f128], contextLoader = 'org.springframework.test.context.support.DelegatingSmartContextLoader', parent = [null]], attributes = map[[empty]]], class annotated with @DirtiesContext [false] with mode [null].
03:11:09.443 [Test worker] DEBUG org.springframework.test.context.support.AbstractDelegatingSmartContextLoader - Delegating to AnnotationConfigContextLoader to load context from [MergedContextConfiguration@19aa9ee testClass = UserServiceImplTest, locations = '{}', classes = '{class app.library.usermgmt.user.service.UserServiceImpl}', contextInitializerClasses = '[]', activeProfiles = '{}', propertySourceLocations = '{}', propertySourceProperties = '{}', contextCustomizers = set[org.springframework.boot.test.autoconfigure.actuate.metrics.MetricsExportContextCustomizerFactory$DisableMetricExportContextCustomizer@ace400, org.springframework.boot.test.autoconfigure.properties.PropertyMappingContextCustomizer@0, org.springframework.boot.test.autoconfigure.web.servlet.WebDriverContextCustomizerFactory$Customizer@1098f9b, org.springframework.boot.test.context.filter.ExcludeFilterContextCustomizer@13d0107, org.springframework.boot.test.json.DuplicateJsonObjectContextCustomizerFactory$DuplicateJsonObjectContextCustomizer@cadd41, org.springframework.boot.test.mock.mockito.MockitoContextCustomizer@b148f128], contextLoader = 'org.springframework.test.context.support.DelegatingSmartContextLoader', parent = [null]].
03:11:09.445 [Test worker] DEBUG org.springframework.test.context.support.AbstractGenericContextLoader - Loading ApplicationContext for merged context configuration [[MergedContextConfiguration@19aa9ee testClass = UserServiceImplTest, locations = '{}', classes = '{class app.library.usermgmt.user.service.UserServiceImpl}', contextInitializerClasses = '[]', activeProfiles = '{}', propertySourceLocations = '{}', propertySourceProperties = '{}', contextCustomizers = set[org.springframework.boot.test.autoconfigure.actuate.metrics.MetricsExportContextCustomizerFactory$DisableMetricExportContextCustomizer@ace400, org.springframework.boot.test.autoconfigure.properties.PropertyMappingContextCustomizer@0, org.springframework.boot.test.autoconfigure.web.servlet.WebDriverContextCustomizerFactory$Customizer@1098f9b, org.springframework.boot.test.context.filter.ExcludeFilterContextCustomizer@13d0107, org.springframework.boot.test.json.DuplicateJsonObjectContextCustomizerFactory$DuplicateJsonObjectContextCustomizer@cadd41, org.springframework.boot.test.mock.mockito.MockitoContextCustomizer@b148f128], contextLoader = 'org.springframework.test.context.support.DelegatingSmartContextLoader', parent = [null]]].
03:11:09.445 [Test worker] DEBUG org.springframework.core.env.StandardEnvironment - Activating profiles []
03:11:09.445 [Test worker] DEBUG org.springframework.test.context.support.AnnotationConfigContextLoader - Registering component classes: {class app.library.usermgmt.user.service.UserServiceImpl}
03:11:09.446 [Test worker] DEBUG org.springframework.context.support.GenericApplicationContext - Refreshing org.springframework.context.support.GenericApplicationContext@1806de6
03:11:09.446 [Test worker] DEBUG org.springframework.beans.factory.support.DefaultListableBeanFactory - Creating shared instance of singleton bean 'org.springframework.context.annotation.internalConfigurationAnnotationProcessor'
03:11:09.447 [Test worker] DEBUG org.springframework.beans.factory.support.DefaultListableBeanFactory - Creating shared instance of singleton bean 'org.springframework.boot.test.mock.mockito.MockitoPostProcessor'
03:11:09.452 [Test worker] DEBUG org.springframework.beans.factory.support.DefaultListableBeanFactory - Creating shared instance of singleton bean 'org.springframework.context.event.internalEventListenerProcessor'
03:11:09.452 [Test worker] DEBUG org.springframework.beans.factory.support.DefaultListableBeanFactory - Creating shared instance of singleton bean 'org.springframework.context.event.internalEventListenerFactory'
03:11:09.453 [Test worker] DEBUG org.springframework.beans.factory.support.DefaultListableBeanFactory - Creating shared instance of singleton bean 'org.springframework.context.annotation.internalAutowiredAnnotationProcessor'
03:11:09.453 [Test worker] DEBUG org.springframework.beans.factory.support.DefaultListableBeanFactory - Creating shared instance of singleton bean 'org.springframework.context.annotation.internalCommonAnnotationProcessor'
03:11:09.453 [Test worker] DEBUG org.springframework.beans.factory.support.DefaultListableBeanFactory - Creating shared instance of singleton bean 'org.springframework.context.annotation.internalPersistenceAnnotationProcessor'
03:11:09.453 [Test worker] DEBUG org.springframework.beans.factory.support.DefaultListableBeanFactory - Creating shared instance of singleton bean 'org.springframework.boot.test.mock.mockito.MockitoPostProcessor$SpyPostProcessor'
03:11:09.453 [Test worker] DEBUG org.springframework.beans.factory.support.DefaultListableBeanFactory - Creating shared instance of singleton bean 'userServiceImpl'
03:11:09.455 [Test worker] DEBUG org.springframework.test.context.cache.DefaultCacheAwareContextLoaderDelegate - Storing ApplicationContext [25193958] in cache under key [[MergedContextConfiguration@19aa9ee testClass = UserServiceImplTest, locations = '{}', classes = '{class app.library.usermgmt.user.service.UserServiceImpl}', contextInitializerClasses = '[]', activeProfiles = '{}', propertySourceLocations = '{}', propertySourceProperties = '{}', contextCustomizers = set[org.springframework.boot.test.autoconfigure.actuate.metrics.MetricsExportContextCustomizerFactory$DisableMetricExportContextCustomizer@ace400, org.springframework.boot.test.autoconfigure.properties.PropertyMappingContextCustomizer@0, org.springframework.boot.test.autoconfigure.web.servlet.WebDriverContextCustomizerFactory$Customizer@1098f9b, org.springframework.boot.test.context.filter.ExcludeFilterContextCustomizer@13d0107, org.springframework.boot.test.json.DuplicateJsonObjectContextCustomizerFactory$DuplicateJsonObjectContextCustomizer@cadd41, org.springframework.boot.test.mock.mockito.MockitoContextCustomizer@b148f128], contextLoader = 'org.springframework.test.context.support.DelegatingSmartContextLoader', parent = [null]]]
03:11:09.455 [Test worker] DEBUG org.springframework.test.context.cache - Spring test ApplicationContext cache statistics: [DefaultContextCache@1d5ac51 size = 14, maxSize = 32, parentContextCount = 0, hitCount = 590, missCount = 14]
03:11:09.455 [Test worker] DEBUG org.springframework.test.context.support.DependencyInjectionTestExecutionListener - Performing dependency injection for test context [[DefaultTestContext@f3ba6a testClass = UserServiceImplTest, testInstance = app.library.usermgmt.user.service.UserServiceImplTest@1ccfd1, testMethod = [null], testException = [null], mergedContextConfiguration = [MergedContextConfiguration@19aa9ee testClass = UserServiceImplTest, locations = '{}', classes = '{class app.library.usermgmt.user.service.UserServiceImpl}', contextInitializerClasses = '[]', activeProfiles = '{}', propertySourceLocations = '{}', propertySourceProperties = '{}', contextCustomizers = set[org.springframework.boot.test.autoconfigure.actuate.metrics.MetricsExportContextCustomizerFactory$DisableMetricExportContextCustomizer@ace400, org.springframework.boot.test.autoconfigure.properties.PropertyMappingContextCustomizer@0, org.springframework.boot.test.autoconfigure.web.servlet.WebDriverContextCustomizerFactory$Customizer@1098f9b, org.springframework.boot.test.context.filter.ExcludeFilterContextCustomizer@13d0107, org.springframework.boot.test.json.DuplicateJsonObjectContextCustomizerFactory$DuplicateJsonObjectContextCustomizer@cadd41, org.springframework.boot.test.mock.mockito.MockitoContextCustomizer@b148f128], contextLoader = 'org.springframework.test.context.support.DelegatingSmartContextLoader', parent = [null]], attributes = map['org.springframework.test.context.event.ApplicationEventsTestExecutionListener.recordApplicationEvents' -> false]]].
03:11:09.456 [Test worker] DEBUG org.springframework.test.context.cache.DefaultCacheAwareContextLoaderDelegate - Retrieved ApplicationContext [25193958] from cache with key [[MergedContextConfiguration@19aa9ee testClass = UserServiceImplTest, locations = '{}', classes = '{class app.library.usermgmt.user.service.UserServiceImpl}', contextInitializerClasses = '[]', activeProfiles = '{}', propertySourceLocations = '{}', propertySourceProperties = '{}', contextCustomizers = set[org.springframework.boot.test.autoconfigure.actuate.metrics.MetricsExportContextCustomizerFactory$DisableMetricExportContextCustomizer@ace400, org.springframework.boot.test.autoconfigure.properties.PropertyMappingContextCustomizer@0, org.springframework.boot.test.autoconfigure.web.servlet.WebDriverContextCustomizerFactory$Customizer@1098f9b, org.springframework.boot.test.context.filter.ExcludeFilterContextCustomizer@13d0107, org.springframework.boot.test.json.DuplicateJsonObjectContextCustomizerFactory$DuplicateJsonObjectContextCustomizer@cadd41, org.springframework.boot.test.mock.mockito.MockitoContextCustomizer@b148f128], contextLoader = 'org.springframework.test.context.support.DelegatingSmartContextLoader', parent = [null]]]
03:11:09.456 [Test worker] DEBUG org.springframework.test.context.cache - Spring test ApplicationContext cache statistics: [DefaultContextCache@1d5ac51 size = 14, maxSize = 32, parentContextCount = 0, hitCount = 591, missCount = 14]
03:11:09.457 [Test worker] DEBUG org.springframework.test.context.cache.DefaultCacheAwareContextLoaderDelegate - Retrieved ApplicationContext [25193958] from cache with key [[MergedContextConfiguration@19aa9ee testClass = UserServiceImplTest, locations = '{}', classes = '{class app.library.usermgmt.user.service.UserServiceImpl}', contextInitializerClasses = '[]', activeProfiles = '{}', propertySourceLocations = '{}', propertySourceProperties = '{}', contextCustomizers = set[org.springframework.boot.test.autoconfigure.actuate.metrics.MetricsExportContextCustomizerFactory$DisableMetricExportContextCustomizer@ace400, org.springframework.boot.test.autoconfigure.properties.PropertyMappingContextCustomizer@0, org.springframework.boot.test.autoconfigure.web.servlet.WebDriverContextCustomizerFactory$Customizer@1098f9b, org.springframework.boot.test.context.filter.ExcludeFilterContextCustomizer@13d0107, org.springframework.boot.test.json.DuplicateJsonObjectContextCustomizerFactory$DuplicateJsonObjectContextCustomizer@cadd41, org.springframework.boot.test.mock.mockito.MockitoContextCustomizer@b148f128], contextLoader = 'org.springframework.test.context.support.DelegatingSmartContextLoader', parent = [null]]]
03:11:09.457 [Test worker] DEBUG org.springframework.test.context.cache - Spring test ApplicationContext cache statistics: [DefaultContextCache@1d5ac51 size = 14, maxSize = 32, parentContextCount = 0, hitCount = 592, missCount = 14]
03:11:09.457 [Test worker] DEBUG org.springframework.test.context.support.AbstractDirtiesContextTestExecutionListener - Before test method: context [DefaultTestContext@f3ba6a testClass = UserServiceImplTest, testInstance = app.library.usermgmt.user.service.UserServiceImplTest@1ccfd1, testMethod = testLoginUser@UserServiceImplTest, testException = [null], mergedContextConfiguration = [MergedContextConfiguration@19aa9ee testClass = UserServiceImplTest, locations = '{}', classes = '{class app.library.usermgmt.user.service.UserServiceImpl}', contextInitializerClasses = '[]', activeProfiles = '{}', propertySourceLocations = '{}', propertySourceProperties = '{}', contextCustomizers = set[org.springframework.boot.test.autoconfigure.actuate.metrics.MetricsExportContextCustomizerFactory$DisableMetricExportContextCustomizer@ace400, org.springframework.boot.test.autoconfigure.properties.PropertyMappingContextCustomizer@0, org.springframework.boot.test.autoconfigure.web.servlet.WebDriverContextCustomizerFactory$Customizer@1098f9b, org.springframework.boot.test.context.filter.ExcludeFilterContextCustomizer@13d0107, org.springframework.boot.test.json.DuplicateJsonObjectContextCustomizerFactory$DuplicateJsonObjectContextCustomizer@cadd41, org.springframework.boot.test.mock.mockito.MockitoContextCustomizer@b148f128], contextLoader = 'org.springframework.test.context.support.DelegatingSmartContextLoader', parent = [null]], attributes = map['org.springframework.test.context.event.ApplicationEventsTestExecutionListener.recordApplicationEvents' -> false]], class annotated with @DirtiesContext [false] with mode [null], method annotated with @DirtiesContext [false] with mode [null].
03:11:09.457 [Test worker] DEBUG org.springframework.test.context.cache.DefaultCacheAwareContextLoaderDelegate - Retrieved ApplicationContext [25193958] from cache with key [[MergedContextConfiguration@19aa9ee testClass = UserServiceImplTest, locations = '{}', classes = '{class app.library.usermgmt.user.service.UserServiceImpl}', contextInitializerClasses = '[]', activeProfiles = '{}', propertySourceLocations = '{}', propertySourceProperties = '{}', contextCustomizers = set[org.springframework.boot.test.autoconfigure.actuate.metrics.MetricsExportContextCustomizerFactory$DisableMetricExportContextCustomizer@ace400, org.springframework.boot.test.autoconfigure.properties.PropertyMappingContextCustomizer@0, org.springframework.boot.test.autoconfigure.web.servlet.WebDriverContextCustomizerFactory$Customizer@1098f9b, org.springframework.boot.test.context.filter.ExcludeFilterContextCustomizer@13d0107, org.springframework.boot.test.json.DuplicateJsonObjectContextCustomizerFactory$DuplicateJsonObjectContextCustomizer@cadd41, org.springframework.boot.test.mock.mockito.MockitoContextCustomizer@b148f128], contextLoader = 'org.springframework.test.context.support.DelegatingSmartContextLoader', parent = [null]]]
03:11:09.457 [Test worker] DEBUG org.springframework.test.context.cache - Spring test ApplicationContext cache statistics: [DefaultContextCache@1d5ac51 size = 14, maxSize = 32, parentContextCount = 0, hitCount = 593, missCount = 14]
03:11:09.458 [Test worker] DEBUG org.springframework.test.context.cache.DefaultCacheAwareContextLoaderDelegate - Retrieved ApplicationContext [25193958] from cache with key [[MergedContextConfiguration@19aa9ee testClass = UserServiceImplTest, locations = '{}', classes = '{class app.library.usermgmt.user.service.UserServiceImpl}', contextInitializerClasses = '[]', activeProfiles = '{}', propertySourceLocations = '{}', propertySourceProperties = '{}', contextCustomizers = set[org.springframework.boot.test.autoconfigure.actuate.metrics.MetricsExportContextCustomizerFactory$DisableMetricExportContextCustomizer@ace400, org.springframework.boot.test.autoconfigure.properties.PropertyMappingContextCustomizer@0, org.springframework.boot.test.autoconfigure.web.servlet.WebDriverContextCustomizerFactory$Customizer@1098f9b, org.springframework.boot.test.context.filter.ExcludeFilterContextCustomizer@13d0107, org.springframework.boot.test.json.DuplicateJsonObjectContextCustomizerFactory$DuplicateJsonObjectContextCustomizer@cadd41, org.springframework.boot.test.mock.mockito.MockitoContextCustomizer@b148f128], contextLoader = 'org.springframework.test.context.support.DelegatingSmartContextLoader', parent = [null]]]
03:11:09.458 [Test worker] DEBUG org.springframework.test.context.cache - Spring test ApplicationContext cache statistics: [DefaultContextCache@1d5ac51 size = 14, maxSize = 32, parentContextCount = 0, hitCount = 594, missCount = 14]
03:11:09.458 [Test worker] DEBUG org.springframework.test.context.cache.DefaultCacheAwareContextLoaderDelegate - Retrieved ApplicationContext [25193958] from cache with key [[MergedContextConfiguration@19aa9ee testClass = UserServiceImplTest, locations = '{}', classes = '{class app.library.usermgmt.user.service.UserServiceImpl}', contextInitializerClasses = '[]', activeProfiles = '{}', propertySourceLocations = '{}', propertySourceProperties = '{}', contextCustomizers = set[org.springframework.boot.test.autoconfigure.actuate.metrics.MetricsExportContextCustomizerFactory$DisableMetricExportContextCustomizer@ace400, org.springframework.boot.test.autoconfigure.properties.PropertyMappingContextCustomizer@0, org.springframework.boot.test.autoconfigure.web.servlet.WebDriverContextCustomizerFactory$Customizer@1098f9b, org.springframework.boot.test.context.filter.ExcludeFilterContextCustomizer@13d0107, org.springframework.boot.test.json.DuplicateJsonObjectContextCustomizerFactory$DuplicateJsonObjectContextCustomizer@cadd41, org.springframework.boot.test.mock.mockito.MockitoContextCustomizer@b148f128], contextLoader = 'org.springframework.test.context.support.DelegatingSmartContextLoader', parent = [null]]]
03:11:09.458 [Test worker] DEBUG org.springframework.test.context.cache - Spring test ApplicationContext cache statistics: [DefaultContextCache@1d5ac51 size = 14, maxSize = 32, parentContextCount = 0, hitCount = 595, missCount = 14]
03:11:09.543 [Test worker] DEBUG org.springframework.test.context.cache.DefaultCacheAwareContextLoaderDelegate - Retrieved ApplicationContext [25193958] from cache with key [[MergedContextConfiguration@19aa9ee testClass = UserServiceImplTest, locations = '{}', classes = '{class app.library.usermgmt.user.service.UserServiceImpl}', contextInitializerClasses = '[]', activeProfiles = '{}', propertySourceLocations = '{}', propertySourceProperties = '{}', contextCustomizers = set[org.springframework.boot.test.autoconfigure.actuate.metrics.MetricsExportContextCustomizerFactory$DisableMetricExportContextCustomizer@ace400, org.springframework.boot.test.autoconfigure.properties.PropertyMappingContextCustomizer@0, org.springframework.boot.test.autoconfigure.web.servlet.WebDriverContextCustomizerFactory$Customizer@1098f9b, org.springframework.boot.test.context.filter.ExcludeFilterContextCustomizer@13d0107, org.springframework.boot.test.json.DuplicateJsonObjectContextCustomizerFactory$DuplicateJsonObjectContextCustomizer@cadd41, org.springframework.boot.test.mock.mockito.MockitoContextCustomizer@b148f128], contextLoader = 'org.springframework.test.context.support.DelegatingSmartContextLoader', parent = [null]]]
03:11:09.543 [Test worker] DEBUG org.springframework.test.context.cache - Spring test ApplicationContext cache statistics: [DefaultContextCache@1d5ac51 size = 14, maxSize = 32, parentContextCount = 0, hitCount = 596, missCount = 14]
03:11:09.543 [Test worker] DEBUG org.springframework.test.context.cache.DefaultCacheAwareContextLoaderDelegate - Retrieved ApplicationContext [25193958] from cache with key [[MergedContextConfiguration@19aa9ee testClass = UserServiceImplTest, locations = '{}', classes = '{class app.library.usermgmt.user.service.UserServiceImpl}', contextInitializerClasses = '[]', activeProfiles = '{}', propertySourceLocations = '{}', propertySourceProperties = '{}', contextCustomizers = set[org.springframework.boot.test.autoconfigure.actuate.metrics.MetricsExportContextCustomizerFactory$DisableMetricExportContextCustomizer@ace400, org.springframework.boot.test.autoconfigure.properties.PropertyMappingContextCustomizer@0, org.springframework.boot.test.autoconfigure.web.servlet.WebDriverContextCustomizerFactory$Customizer@1098f9b, org.springframework.boot.test.context.filter.ExcludeFilterContextCustomizer@13d0107, org.springframework.boot.test.json.DuplicateJsonObjectContextCustomizerFactory$DuplicateJsonObjectContextCustomizer@cadd41, org.springframework.boot.test.mock.mockito.MockitoContextCustomizer@b148f128], contextLoader = 'org.springframework.test.context.support.DelegatingSmartContextLoader', parent = [null]]]
03:11:09.543 [Test worker] DEBUG org.springframework.test.context.cache - Spring test ApplicationContext cache statistics: [DefaultContextCache@1d5ac51 size = 14, maxSize = 32, parentContextCount = 0, hitCount = 597, missCount = 14]
03:11:09.543 [Test worker] DEBUG org.springframework.test.context.cache.DefaultCacheAwareContextLoaderDelegate - Retrieved ApplicationContext [25193958] from cache with key [[MergedContextConfiguration@19aa9ee testClass = UserServiceImplTest, locations = '{}', classes = '{class app.library.usermgmt.user.service.UserServiceImpl}', contextInitializerClasses = '[]', activeProfiles = '{}', propertySourceLocations = '{}', propertySourceProperties = '{}', contextCustomizers = set[org.springframework.boot.test.autoconfigure.actuate.metrics.MetricsExportContextCustomizerFactory$DisableMetricExportContextCustomizer@ace400, org.springframework.boot.test.autoconfigure.properties.PropertyMappingContextCustomizer@0, org.springframework.boot.test.autoconfigure.web.servlet.WebDriverContextCustomizerFactory$Customizer@1098f9b, org.springframework.boot.test.context.filter.ExcludeFilterContextCustomizer@13d0107, org.springframework.boot.test.json.DuplicateJsonObjectContextCustomizerFactory$DuplicateJsonObjectContextCustomizer@cadd41, org.springframework.boot.test.mock.mockito.MockitoContextCustomizer@b148f128], contextLoader = 'org.springframework.test.context.support.DelegatingSmartContextLoader', parent = [null]]]
03:11:09.543 [Test worker] DEBUG org.springframework.test.context.cache - Spring test ApplicationContext cache statistics: [DefaultContextCache@1d5ac51 size = 14, maxSize = 32, parentContextCount = 0, hitCount = 598, missCount = 14]
03:11:09.544 [Test worker] DEBUG org.springframework.test.context.cache.DefaultCacheAwareContextLoaderDelegate - Retrieved ApplicationContext [25193958] from cache with key [[MergedContextConfiguration@19aa9ee testClass = UserServiceImplTest, locations = '{}', classes = '{class app.library.usermgmt.user.service.UserServiceImpl}', contextInitializerClasses = '[]', activeProfiles = '{}', propertySourceLocations = '{}', propertySourceProperties = '{}', contextCustomizers = set[org.springframework.boot.test.autoconfigure.actuate.metrics.MetricsExportContextCustomizerFactory$DisableMetricExportContextCustomizer@ace400, org.springframework.boot.test.autoconfigure.properties.PropertyMappingContextCustomizer@0, org.springframework.boot.test.autoconfigure.web.servlet.WebDriverContextCustomizerFactory$Customizer@1098f9b, org.springframework.boot.test.context.filter.ExcludeFilterContextCustomizer@13d0107, org.springframework.boot.test.json.DuplicateJsonObjectContextCustomizerFactory$DuplicateJsonObjectContextCustomizer@cadd41, org.springframework.boot.test.mock.mockito.MockitoContextCustomizer@b148f128], contextLoader = 'org.springframework.test.context.support.DelegatingSmartContextLoader', parent = [null]]]
03:11:09.544 [Test worker] DEBUG org.springframework.test.context.cache - Spring test ApplicationContext cache statistics: [DefaultContextCache@1d5ac51 size = 14, maxSize = 32, parentContextCount = 0, hitCount = 599, missCount = 14]
03:11:09.544 [Test worker] DEBUG org.springframework.test.context.cache.DefaultCacheAwareContextLoaderDelegate - Retrieved ApplicationContext [25193958] from cache with key [[MergedContextConfiguration@19aa9ee testClass = UserServiceImplTest, locations = '{}', classes = '{class app.library.usermgmt.user.service.UserServiceImpl}', contextInitializerClasses = '[]', activeProfiles = '{}', propertySourceLocations = '{}', propertySourceProperties = '{}', contextCustomizers = set[org.springframework.boot.test.autoconfigure.actuate.metrics.MetricsExportContextCustomizerFactory$DisableMetricExportContextCustomizer@ace400, org.springframework.boot.test.autoconfigure.properties.PropertyMappingContextCustomizer@0, org.springframework.boot.test.autoconfigure.web.servlet.WebDriverContextCustomizerFactory$Customizer@1098f9b, org.springframework.boot.test.context.filter.ExcludeFilterContextCustomizer@13d0107, org.springframework.boot.test.json.DuplicateJsonObjectContextCustomizerFactory$DuplicateJsonObjectContextCustomizer@cadd41, org.springframework.boot.test.mock.mockito.MockitoContextCustomizer@b148f128], contextLoader = 'org.springframework.test.context.support.DelegatingSmartContextLoader', parent = [null]]]
03:11:09.544 [Test worker] DEBUG org.springframework.test.context.cache - Spring test ApplicationContext cache statistics: [DefaultContextCache@1d5ac51 size = 14, maxSize = 32, parentContextCount = 0, hitCount = 600, missCount = 14]
03:11:09.544 [Test worker] DEBUG org.springframework.test.context.cache.DefaultCacheAwareContextLoaderDelegate - Retrieved ApplicationContext [25193958] from cache with key [[MergedContextConfiguration@19aa9ee testClass = UserServiceImplTest, locations = '{}', classes = '{class app.library.usermgmt.user.service.UserServiceImpl}', contextInitializerClasses = '[]', activeProfiles = '{}', propertySourceLocations = '{}', propertySourceProperties = '{}', contextCustomizers = set[org.springframework.boot.test.autoconfigure.actuate.metrics.MetricsExportContextCustomizerFactory$DisableMetricExportContextCustomizer@ace400, org.springframework.boot.test.autoconfigure.properties.PropertyMappingContextCustomizer@0, org.springframework.boot.test.autoconfigure.web.servlet.WebDriverContextCustomizerFactory$Customizer@1098f9b, org.springframework.boot.test.context.filter.ExcludeFilterContextCustomizer@13d0107, org.springframework.boot.test.json.DuplicateJsonObjectContextCustomizerFactory$DuplicateJsonObjectContextCustomizer@cadd41, org.springframework.boot.test.mock.mockito.MockitoContextCustomizer@b148f128], contextLoader = 'org.springframework.test.context.support.DelegatingSmartContextLoader', parent = [null]]]
03:11:09.544 [Test worker] DEBUG org.springframework.test.context.cache - Spring test ApplicationContext cache statistics: [DefaultContextCache@1d5ac51 size = 14, maxSize = 32, parentContextCount = 0, hitCount = 601, missCount = 14]
03:11:09.544 [Test worker] DEBUG org.springframework.test.context.support.AbstractDirtiesContextTestExecutionListener - After test method: context [DefaultTestContext@f3ba6a testClass = UserServiceImplTest, testInstance = app.library.usermgmt.user.service.UserServiceImplTest@1ccfd1, testMethod = testLoginUser@UserServiceImplTest, testException = [null], mergedContextConfiguration = [MergedContextConfiguration@19aa9ee testClass = UserServiceImplTest, locations = '{}', classes = '{class app.library.usermgmt.user.service.UserServiceImpl}', contextInitializerClasses = '[]', activeProfiles = '{}', propertySourceLocations = '{}', propertySourceProperties = '{}', contextCustomizers = set[org.springframework.boot.test.autoconfigure.actuate.metrics.MetricsExportContextCustomizerFactory$DisableMetricExportContextCustomizer@ace400, org.springframework.boot.test.autoconfigure.properties.PropertyMappingContextCustomizer@0, org.springframework.boot.test.autoconfigure.web.servlet.WebDriverContextCustomizerFactory$Customizer@1098f9b, org.springframework.boot.test.context.filter.ExcludeFilterContextCustomizer@13d0107, org.springframework.boot.test.json.DuplicateJsonObjectContextCustomizerFactory$DuplicateJsonObjectContextCustomizer@cadd41, org.springframework.boot.test.mock.mockito.MockitoContextCustomizer@b148f128], contextLoader = 'org.springframework.test.context.support.DelegatingSmartContextLoader', parent = [null]], attributes = map['org.springframework.test.context.event.ApplicationEventsTestExecutionListener.recordApplicationEvents' -> false]], class annotated with @DirtiesContext [false] with mode [null], method annotated with @DirtiesContext [false] with mode [null].
03:11:09.545 [Test worker] DEBUG org.springframework.test.context.cache.DefaultCacheAwareContextLoaderDelegate - Retrieved ApplicationContext [25193958] from cache with key [[MergedContextConfiguration@19aa9ee testClass = UserServiceImplTest, locations = '{}', classes = '{class app.library.usermgmt.user.service.UserServiceImpl}', contextInitializerClasses = '[]', activeProfiles = '{}', propertySourceLocations = '{}', propertySourceProperties = '{}', contextCustomizers = set[org.springframework.boot.test.autoconfigure.actuate.metrics.MetricsExportContextCustomizerFactory$DisableMetricExportContextCustomizer@ace400, org.springframework.boot.test.autoconfigure.properties.PropertyMappingContextCustomizer@0, org.springframework.boot.test.autoconfigure.web.servlet.WebDriverContextCustomizerFactory$Customizer@1098f9b, org.springframework.boot.test.context.filter.ExcludeFilterContextCustomizer@13d0107, org.springframework.boot.test.json.DuplicateJsonObjectContextCustomizerFactory$DuplicateJsonObjectContextCustomizer@cadd41, org.springframework.boot.test.mock.mockito.MockitoContextCustomizer@b148f128], contextLoader = 'org.springframework.test.context.support.DelegatingSmartContextLoader', parent = [null]]]
03:11:09.545 [Test worker] DEBUG org.springframework.test.context.cache - Spring test ApplicationContext cache statistics: [DefaultContextCache@1d5ac51 size = 14, maxSize = 32, parentContextCount = 0, hitCount = 602, missCount = 14]
03:11:09.545 [Test worker] DEBUG org.springframework.test.context.support.DependencyInjectionTestExecutionListener - Performing dependency injection for test context [[DefaultTestContext@f3ba6a testClass = UserServiceImplTest, testInstance = app.library.usermgmt.user.service.UserServiceImplTest@4f2300, testMethod = [null], testException = [null], mergedContextConfiguration = [MergedContextConfiguration@19aa9ee testClass = UserServiceImplTest, locations = '{}', classes = '{class app.library.usermgmt.user.service.UserServiceImpl}', contextInitializerClasses = '[]', activeProfiles = '{}', propertySourceLocations = '{}', propertySourceProperties = '{}', contextCustomizers = set[org.springframework.boot.test.autoconfigure.actuate.metrics.MetricsExportContextCustomizerFactory$DisableMetricExportContextCustomizer@ace400, org.springframework.boot.test.autoconfigure.properties.PropertyMappingContextCustomizer@0, org.springframework.boot.test.autoconfigure.web.servlet.WebDriverContextCustomizerFactory$Customizer@1098f9b, org.springframework.boot.test.context.filter.ExcludeFilterContextCustomizer@13d0107, org.springframework.boot.test.json.DuplicateJsonObjectContextCustomizerFactory$DuplicateJsonObjectContextCustomizer@cadd41, org.springframework.boot.test.mock.mockito.MockitoContextCustomizer@b148f128], contextLoader = 'org.springframework.test.context.support.DelegatingSmartContextLoader', parent = [null]], attributes = map['org.springframework.test.context.event.ApplicationEventsTestExecutionListener.recordApplicationEvents' -> false]]].
03:11:09.545 [Test worker] DEBUG org.springframework.test.context.cache.DefaultCacheAwareContextLoaderDelegate - Retrieved ApplicationContext [25193958] from cache with key [[MergedContextConfiguration@19aa9ee testClass = UserServiceImplTest, locations = '{}', classes = '{class app.library.usermgmt.user.service.UserServiceImpl}', contextInitializerClasses = '[]', activeProfiles = '{}', propertySourceLocations = '{}', propertySourceProperties = '{}', contextCustomizers = set[org.springframework.boot.test.autoconfigure.actuate.metrics.MetricsExportContextCustomizerFactory$DisableMetricExportContextCustomizer@ace400, org.springframework.boot.test.autoconfigure.properties.PropertyMappingContextCustomizer@0, org.springframework.boot.test.autoconfigure.web.servlet.WebDriverContextCustomizerFactory$Customizer@1098f9b, org.springframework.boot.test.context.filter.ExcludeFilterContextCustomizer@13d0107, org.springframework.boot.test.json.DuplicateJsonObjectContextCustomizerFactory$DuplicateJsonObjectContextCustomizer@cadd41, org.springframework.boot.test.mock.mockito.MockitoContextCustomizer@b148f128], contextLoader = 'org.springframework.test.context.support.DelegatingSmartContextLoader', parent = [null]]]
03:11:09.545 [Test worker] DEBUG org.springframework.test.context.cache - Spring test ApplicationContext cache statistics: [DefaultContextCache@1d5ac51 size = 14, maxSize = 32, parentContextCount = 0, hitCount = 603, missCount = 14]
03:11:09.545 [Test worker] DEBUG org.springframework.test.context.cache.DefaultCacheAwareContextLoaderDelegate - Retrieved ApplicationContext [25193958] from cache with key [[MergedContextConfiguration@19aa9ee testClass = UserServiceImplTest, locations = '{}', classes = '{class app.library.usermgmt.user.service.UserServiceImpl}', contextInitializerClasses = '[]', activeProfiles = '{}', propertySourceLocations = '{}', propertySourceProperties = '{}', contextCustomizers = set[org.springframework.boot.test.autoconfigure.actuate.metrics.MetricsExportContextCustomizerFactory$DisableMetricExportContextCustomizer@ace400, org.springframework.boot.test.autoconfigure.properties.PropertyMappingContextCustomizer@0, org.springframework.boot.test.autoconfigure.web.servlet.WebDriverContextCustomizerFactory$Customizer@1098f9b, org.springframework.boot.test.context.filter.ExcludeFilterContextCustomizer@13d0107, org.springframework.boot.test.json.DuplicateJsonObjectContextCustomizerFactory$DuplicateJsonObjectContextCustomizer@cadd41, org.springframework.boot.test.mock.mockito.MockitoContextCustomizer@b148f128], contextLoader = 'org.springframework.test.context.support.DelegatingSmartContextLoader', parent = [null]]]
03:11:09.545 [Test worker] DEBUG org.springframework.test.context.cache - Spring test ApplicationContext cache statistics: [DefaultContextCache@1d5ac51 size = 14, maxSize = 32, parentContextCount = 0, hitCount = 604, missCount = 14]
03:11:09.546 [Test worker] DEBUG org.springframework.test.context.support.AbstractDirtiesContextTestExecutionListener - Before test method: context [DefaultTestContext@f3ba6a testClass = UserServiceImplTest, testInstance = app.library.usermgmt.user.service.UserServiceImplTest@4f2300, testMethod = testRegisterUser@UserServiceImplTest, testException = [null], mergedContextConfiguration = [MergedContextConfiguration@19aa9ee testClass = UserServiceImplTest, locations = '{}', classes = '{class app.library.usermgmt.user.service.UserServiceImpl}', contextInitializerClasses = '[]', activeProfiles = '{}', propertySourceLocations = '{}', propertySourceProperties = '{}', contextCustomizers = set[org.springframework.boot.test.autoconfigure.actuate.metrics.MetricsExportContextCustomizerFactory$DisableMetricExportContextCustomizer@ace400, org.springframework.boot.test.autoconfigure.properties.PropertyMappingContextCustomizer@0, org.springframework.boot.test.autoconfigure.web.servlet.WebDriverContextCustomizerFactory$Customizer@1098f9b, org.springframework.boot.test.context.filter.ExcludeFilterContextCustomizer@13d0107, org.springframework.boot.test.json.DuplicateJsonObjectContextCustomizerFactory$DuplicateJsonObjectContextCustomizer@cadd41, org.springframework.boot.test.mock.mockito.MockitoContextCustomizer@b148f128], contextLoader = 'org.springframework.test.context.support.DelegatingSmartContextLoader', parent = [null]], attributes = map['org.springframework.test.context.event.ApplicationEventsTestExecutionListener.recordApplicationEvents' -> false]], class annotated with @DirtiesContext [false] with mode [null], method annotated with @DirtiesContext [false] with mode [null].
03:11:09.546 [Test worker] DEBUG org.springframework.test.context.cache.DefaultCacheAwareContextLoaderDelegate - Retrieved ApplicationContext [25193958] from cache with key [[MergedContextConfiguration@19aa9ee testClass = UserServiceImplTest, locations = '{}', classes = '{class app.library.usermgmt.user.service.UserServiceImpl}', contextInitializerClasses = '[]', activeProfiles = '{}', propertySourceLocations = '{}', propertySourceProperties = '{}', contextCustomizers = set[org.springframework.boot.test.autoconfigure.actuate.metrics.MetricsExportContextCustomizerFactory$DisableMetricExportContextCustomizer@ace400, org.springframework.boot.test.autoconfigure.properties.PropertyMappingContextCustomizer@0, org.springframework.boot.test.autoconfigure.web.servlet.WebDriverContextCustomizerFactory$Customizer@1098f9b, org.springframework.boot.test.context.filter.ExcludeFilterContextCustomizer@13d0107, org.springframework.boot.test.json.DuplicateJsonObjectContextCustomizerFactory$DuplicateJsonObjectContextCustomizer@cadd41, org.springframework.boot.test.mock.mockito.MockitoContextCustomizer@b148f128], contextLoader = 'org.springframework.test.context.support.DelegatingSmartContextLoader', parent = [null]]]
03:11:09.546 [Test worker] DEBUG org.springframework.test.context.cache - Spring test ApplicationContext cache statistics: [DefaultContextCache@1d5ac51 size = 14, maxSize = 32, parentContextCount = 0, hitCount = 605, missCount = 14]
03:11:09.547 [Test worker] DEBUG org.springframework.test.context.cache.DefaultCacheAwareContextLoaderDelegate - Retrieved ApplicationContext [25193958] from cache with key [[MergedContextConfiguration@19aa9ee testClass = UserServiceImplTest, locations = '{}', classes = '{class app.library.usermgmt.user.service.UserServiceImpl}', contextInitializerClasses = '[]', activeProfiles = '{}', propertySourceLocations = '{}', propertySourceProperties = '{}', contextCustomizers = set[org.springframework.boot.test.autoconfigure.actuate.metrics.MetricsExportContextCustomizerFactory$DisableMetricExportContextCustomizer@ace400, org.springframework.boot.test.autoconfigure.properties.PropertyMappingContextCustomizer@0, org.springframework.boot.test.autoconfigure.web.servlet.WebDriverContextCustomizerFactory$Customizer@1098f9b, org.springframework.boot.test.context.filter.ExcludeFilterContextCustomizer@13d0107, org.springframework.boot.test.json.DuplicateJsonObjectContextCustomizerFactory$DuplicateJsonObjectContextCustomizer@cadd41, org.springframework.boot.test.mock.mockito.MockitoContextCustomizer@b148f128], contextLoader = 'org.springframework.test.context.support.DelegatingSmartContextLoader', parent = [null]]]
03:11:09.547 [Test worker] DEBUG org.springframework.test.context.cache - Spring test ApplicationContext cache statistics: [DefaultContextCache@1d5ac51 size = 14, maxSize = 32, parentContextCount = 0, hitCount = 606, missCount = 14]
03:11:09.547 [Test worker] DEBUG org.springframework.test.context.cache.DefaultCacheAwareContextLoaderDelegate - Retrieved ApplicationContext [25193958] from cache with key [[MergedContextConfiguration@19aa9ee testClass = UserServiceImplTest, locations = '{}', classes = '{class app.library.usermgmt.user.service.UserServiceImpl}', contextInitializerClasses = '[]', activeProfiles = '{}', propertySourceLocations = '{}', propertySourceProperties = '{}', contextCustomizers = set[org.springframework.boot.test.autoconfigure.actuate.metrics.MetricsExportContextCustomizerFactory$DisableMetricExportContextCustomizer@ace400, org.springframework.boot.test.autoconfigure.properties.PropertyMappingContextCustomizer@0, org.springframework.boot.test.autoconfigure.web.servlet.WebDriverContextCustomizerFactory$Customizer@1098f9b, org.springframework.boot.test.context.filter.ExcludeFilterContextCustomizer@13d0107, org.springframework.boot.test.json.DuplicateJsonObjectContextCustomizerFactory$DuplicateJsonObjectContextCustomizer@cadd41, org.springframework.boot.test.mock.mockito.MockitoContextCustomizer@b148f128], contextLoader = 'org.springframework.test.context.support.DelegatingSmartContextLoader', parent = [null]]]
03:11:09.547 [Test worker] DEBUG org.springframework.test.context.cache - Spring test ApplicationContext cache statistics: [DefaultContextCache@1d5ac51 size = 14, maxSize = 32, parentContextCount = 0, hitCount = 607, missCount = 14]
03:11:09.718 [Test worker] DEBUG org.springframework.test.context.cache.DefaultCacheAwareContextLoaderDelegate - Retrieved ApplicationContext [25193958] from cache with key [[MergedContextConfiguration@19aa9ee testClass = UserServiceImplTest, locations = '{}', classes = '{class app.library.usermgmt.user.service.UserServiceImpl}', contextInitializerClasses = '[]', activeProfiles = '{}', propertySourceLocations = '{}', propertySourceProperties = '{}', contextCustomizers = set[org.springframework.boot.test.autoconfigure.actuate.metrics.MetricsExportContextCustomizerFactory$DisableMetricExportContextCustomizer@ace400, org.springframework.boot.test.autoconfigure.properties.PropertyMappingContextCustomizer@0, org.springframework.boot.test.autoconfigure.web.servlet.WebDriverContextCustomizerFactory$Customizer@1098f9b, org.springframework.boot.test.context.filter.ExcludeFilterContextCustomizer@13d0107, org.springframework.boot.test.json.DuplicateJsonObjectContextCustomizerFactory$DuplicateJsonObjectContextCustomizer@cadd41, org.springframework.boot.test.mock.mockito.MockitoContextCustomizer@b148f128], contextLoader = 'org.springframework.test.context.support.DelegatingSmartContextLoader', parent = [null]]]
03:11:09.718 [Test worker] DEBUG org.springframework.test.context.cache - Spring test ApplicationContext cache statistics: [DefaultContextCache@1d5ac51 size = 14, maxSize = 32, parentContextCount = 0, hitCount = 608, missCount = 14]
03:11:09.718 [Test worker] DEBUG org.springframework.test.context.cache.DefaultCacheAwareContextLoaderDelegate - Retrieved ApplicationContext [25193958] from cache with key [[MergedContextConfiguration@19aa9ee testClass = UserServiceImplTest, locations = '{}', classes = '{class app.library.usermgmt.user.service.UserServiceImpl}', contextInitializerClasses = '[]', activeProfiles = '{}', propertySourceLocations = '{}', propertySourceProperties = '{}', contextCustomizers = set[org.springframework.boot.test.autoconfigure.actuate.metrics.MetricsExportContextCustomizerFactory$DisableMetricExportContextCustomizer@ace400, org.springframework.boot.test.autoconfigure.properties.PropertyMappingContextCustomizer@0, org.springframework.boot.test.autoconfigure.web.servlet.WebDriverContextCustomizerFactory$Customizer@1098f9b, org.springframework.boot.test.context.filter.ExcludeFilterContextCustomizer@13d0107, org.springframework.boot.test.json.DuplicateJsonObjectContextCustomizerFactory$DuplicateJsonObjectContextCustomizer@cadd41, org.springframework.boot.test.mock.mockito.MockitoContextCustomizer@b148f128], contextLoader = 'org.springframework.test.context.support.DelegatingSmartContextLoader', parent = [null]]]
03:11:09.718 [Test worker] DEBUG org.springframework.test.context.cache - Spring test ApplicationContext cache statistics: [DefaultContextCache@1d5ac51 size = 14, maxSize = 32, parentContextCount = 0, hitCount = 609, missCount = 14]
03:11:09.720 [Test worker] DEBUG org.springframework.test.context.cache.DefaultCacheAwareContextLoaderDelegate - Retrieved ApplicationContext [25193958] from cache with key [[MergedContextConfiguration@19aa9ee testClass = UserServiceImplTest, locations = '{}', classes = '{class app.library.usermgmt.user.service.UserServiceImpl}', contextInitializerClasses = '[]', activeProfiles = '{}', propertySourceLocations = '{}', propertySourceProperties = '{}', contextCustomizers = set[org.springframework.boot.test.autoconfigure.actuate.metrics.MetricsExportContextCustomizerFactory$DisableMetricExportContextCustomizer@ace400, org.springframework.boot.test.autoconfigure.properties.PropertyMappingContextCustomizer@0, org.springframework.boot.test.autoconfigure.web.servlet.WebDriverContextCustomizerFactory$Customizer@1098f9b, org.springframework.boot.test.context.filter.ExcludeFilterContextCustomizer@13d0107, org.springframework.boot.test.json.DuplicateJsonObjectContextCustomizerFactory$DuplicateJsonObjectContextCustomizer@cadd41, org.springframework.boot.test.mock.mockito.MockitoContextCustomizer@b148f128], contextLoader = 'org.springframework.test.context.support.DelegatingSmartContextLoader', parent = [null]]]
03:11:09.720 [Test worker] DEBUG org.springframework.test.context.cache - Spring test ApplicationContext cache statistics: [DefaultContextCache@1d5ac51 size = 14, maxSize = 32, parentContextCount = 0, hitCount = 610, missCount = 14]
03:11:09.720 [Test worker] DEBUG org.springframework.test.context.cache.DefaultCacheAwareContextLoaderDelegate - Retrieved ApplicationContext [25193958] from cache with key [[MergedContextConfiguration@19aa9ee testClass = UserServiceImplTest, locations = '{}', classes = '{class app.library.usermgmt.user.service.UserServiceImpl}', contextInitializerClasses = '[]', activeProfiles = '{}', propertySourceLocations = '{}', propertySourceProperties = '{}', contextCustomizers = set[org.springframework.boot.test.autoconfigure.actuate.metrics.MetricsExportContextCustomizerFactory$DisableMetricExportContextCustomizer@ace400, org.springframework.boot.test.autoconfigure.properties.PropertyMappingContextCustomizer@0, org.springframework.boot.test.autoconfigure.web.servlet.WebDriverContextCustomizerFactory$Customizer@1098f9b, org.springframework.boot.test.context.filter.ExcludeFilterContextCustomizer@13d0107, org.springframework.boot.test.json.DuplicateJsonObjectContextCustomizerFactory$DuplicateJsonObjectContextCustomizer@cadd41, org.springframework.boot.test.mock.mockito.MockitoContextCustomizer@b148f128], contextLoader = 'org.springframework.test.context.support.DelegatingSmartContextLoader', parent = [null]]]
03:11:09.720 [Test worker] DEBUG org.springframework.test.context.cache - Spring test ApplicationContext cache statistics: [DefaultContextCache@1d5ac51 size = 14, maxSize = 32, parentContextCount = 0, hitCount = 611, missCount = 14]
03:11:09.720 [Test worker] DEBUG org.springframework.test.context.cache.DefaultCacheAwareContextLoaderDelegate - Retrieved ApplicationContext [25193958] from cache with key [[MergedContextConfiguration@19aa9ee testClass = UserServiceImplTest, locations = '{}', classes = '{class app.library.usermgmt.user.service.UserServiceImpl}', contextInitializerClasses = '[]', activeProfiles = '{}', propertySourceLocations = '{}', propertySourceProperties = '{}', contextCustomizers = set[org.springframework.boot.test.autoconfigure.actuate.metrics.MetricsExportContextCustomizerFactory$DisableMetricExportContextCustomizer@ace400, org.springframework.boot.test.autoconfigure.properties.PropertyMappingContextCustomizer@0, org.springframework.boot.test.autoconfigure.web.servlet.WebDriverContextCustomizerFactory$Customizer@1098f9b, org.springframework.boot.test.context.filter.ExcludeFilterContextCustomizer@13d0107, org.springframework.boot.test.json.DuplicateJsonObjectContextCustomizerFactory$DuplicateJsonObjectContextCustomizer@cadd41, org.springframework.boot.test.mock.mockito.MockitoContextCustomizer@b148f128], contextLoader = 'org.springframework.test.context.support.DelegatingSmartContextLoader', parent = [null]]]
03:11:09.720 [Test worker] DEBUG org.springframework.test.context.cache - Spring test ApplicationContext cache statistics: [DefaultContextCache@1d5ac51 size = 14, maxSize = 32, parentContextCount = 0, hitCount = 612, missCount = 14]
03:11:09.720 [Test worker] DEBUG org.springframework.test.context.cache.DefaultCacheAwareContextLoaderDelegate - Retrieved ApplicationContext [25193958] from cache with key [[MergedContextConfiguration@19aa9ee testClass = UserServiceImplTest, locations = '{}', classes = '{class app.library.usermgmt.user.service.UserServiceImpl}', contextInitializerClasses = '[]', activeProfiles = '{}', propertySourceLocations = '{}', propertySourceProperties = '{}', contextCustomizers = set[org.springframework.boot.test.autoconfigure.actuate.metrics.MetricsExportContextCustomizerFactory$DisableMetricExportContextCustomizer@ace400, org.springframework.boot.test.autoconfigure.properties.PropertyMappingContextCustomizer@0, org.springframework.boot.test.autoconfigure.web.servlet.WebDriverContextCustomizerFactory$Customizer@1098f9b, org.springframework.boot.test.context.filter.ExcludeFilterContextCustomizer@13d0107, org.springframework.boot.test.json.DuplicateJsonObjectContextCustomizerFactory$DuplicateJsonObjectContextCustomizer@cadd41, org.springframework.boot.test.mock.mockito.MockitoContextCustomizer@b148f128], contextLoader = 'org.springframework.test.context.support.DelegatingSmartContextLoader', parent = [null]]]
03:11:09.720 [Test worker] DEBUG org.springframework.test.context.cache - Spring test ApplicationContext cache statistics: [DefaultContextCache@1d5ac51 size = 14, maxSize = 32, parentContextCount = 0, hitCount = 613, missCount = 14]
03:11:09.720 [Test worker] DEBUG org.springframework.test.context.support.AbstractDirtiesContextTestExecutionListener - After test method: context [DefaultTestContext@f3ba6a testClass = UserServiceImplTest, testInstance = app.library.usermgmt.user.service.UserServiceImplTest@4f2300, testMethod = testRegisterUser@UserServiceImplTest, testException = [null], mergedContextConfiguration = [MergedContextConfiguration@19aa9ee testClass = UserServiceImplTest, locations = '{}', classes = '{class app.library.usermgmt.user.service.UserServiceImpl}', contextInitializerClasses = '[]', activeProfiles = '{}', propertySourceLocations = '{}', propertySourceProperties = '{}', contextCustomizers = set[org.springframework.boot.test.autoconfigure.actuate.metrics.MetricsExportContextCustomizerFactory$DisableMetricExportContextCustomizer@ace400, org.springframework.boot.test.autoconfigure.properties.PropertyMappingContextCustomizer@0, org.springframework.boot.test.autoconfigure.web.servlet.WebDriverContextCustomizerFactory$Customizer@1098f9b, org.springframework.boot.test.context.filter.ExcludeFilterContextCustomizer@13d0107, org.springframework.boot.test.json.DuplicateJsonObjectContextCustomizerFactory$DuplicateJsonObjectContextCustomizer@cadd41, org.springframework.boot.test.mock.mockito.MockitoContextCustomizer@b148f128], contextLoader = 'org.springframework.test.context.support.DelegatingSmartContextLoader', parent = [null]], attributes = map['org.springframework.test.context.event.ApplicationEventsTestExecutionListener.recordApplicationEvents' -> false]], class annotated with @DirtiesContext [false] with mode [null], method annotated with @DirtiesContext [false] with mode [null].
03:11:09.721 [Test worker] DEBUG org.springframework.test.context.cache.DefaultCacheAwareContextLoaderDelegate - Retrieved ApplicationContext [25193958] from cache with key [[MergedContextConfiguration@19aa9ee testClass = UserServiceImplTest, locations = '{}', classes = '{class app.library.usermgmt.user.service.UserServiceImpl}', contextInitializerClasses = '[]', activeProfiles = '{}', propertySourceLocations = '{}', propertySourceProperties = '{}', contextCustomizers = set[org.springframework.boot.test.autoconfigure.actuate.metrics.MetricsExportContextCustomizerFactory$DisableMetricExportContextCustomizer@ace400, org.springframework.boot.test.autoconfigure.properties.PropertyMappingContextCustomizer@0, org.springframework.boot.test.autoconfigure.web.servlet.WebDriverContextCustomizerFactory$Customizer@1098f9b, org.springframework.boot.test.context.filter.ExcludeFilterContextCustomizer@13d0107, org.springframework.boot.test.json.DuplicateJsonObjectContextCustomizerFactory$DuplicateJsonObjectContextCustomizer@cadd41, org.springframework.boot.test.mock.mockito.MockitoContextCustomizer@b148f128], contextLoader = 'org.springframework.test.context.support.DelegatingSmartContextLoader', parent = [null]]]
03:11:09.721 [Test worker] DEBUG org.springframework.test.context.cache - Spring test ApplicationContext cache statistics: [DefaultContextCache@1d5ac51 size = 14, maxSize = 32, parentContextCount = 0, hitCount = 614, missCount = 14]
03:11:09.721 [Test worker] DEBUG org.springframework.test.context.support.DependencyInjectionTestExecutionListener - Performing dependency injection for test context [[DefaultTestContext@f3ba6a testClass = UserServiceImplTest, testInstance = app.library.usermgmt.user.service.UserServiceImplTest@1e6c22a, testMethod = [null], testException = [null], mergedContextConfiguration = [MergedContextConfiguration@19aa9ee testClass = UserServiceImplTest, locations = '{}', classes = '{class app.library.usermgmt.user.service.UserServiceImpl}', contextInitializerClasses = '[]', activeProfiles = '{}', propertySourceLocations = '{}', propertySourceProperties = '{}', contextCustomizers = set[org.springframework.boot.test.autoconfigure.actuate.metrics.MetricsExportContextCustomizerFactory$DisableMetricExportContextCustomizer@ace400, org.springframework.boot.test.autoconfigure.properties.PropertyMappingContextCustomizer@0, org.springframework.boot.test.autoconfigure.web.servlet.WebDriverContextCustomizerFactory$Customizer@1098f9b, org.springframework.boot.test.context.filter.ExcludeFilterContextCustomizer@13d0107, org.springframework.boot.test.json.DuplicateJsonObjectContextCustomizerFactory$DuplicateJsonObjectContextCustomizer@cadd41, org.springframework.boot.test.mock.mockito.MockitoContextCustomizer@b148f128], contextLoader = 'org.springframework.test.context.support.DelegatingSmartContextLoader', parent = [null]], attributes = map['org.springframework.test.context.event.ApplicationEventsTestExecutionListener.recordApplicationEvents' -> false]]].
03:11:09.721 [Test worker] DEBUG org.springframework.test.context.cache.DefaultCacheAwareContextLoaderDelegate - Retrieved ApplicationContext [25193958] from cache with key [[MergedContextConfiguration@19aa9ee testClass = UserServiceImplTest, locations = '{}', classes = '{class app.library.usermgmt.user.service.UserServiceImpl}', contextInitializerClasses = '[]', activeProfiles = '{}', propertySourceLocations = '{}', propertySourceProperties = '{}', contextCustomizers = set[org.springframework.boot.test.autoconfigure.actuate.metrics.MetricsExportContextCustomizerFactory$DisableMetricExportContextCustomizer@ace400, org.springframework.boot.test.autoconfigure.properties.PropertyMappingContextCustomizer@0, org.springframework.boot.test.autoconfigure.web.servlet.WebDriverContextCustomizerFactory$Customizer@1098f9b, org.springframework.boot.test.context.filter.ExcludeFilterContextCustomizer@13d0107, org.springframework.boot.test.json.DuplicateJsonObjectContextCustomizerFactory$DuplicateJsonObjectContextCustomizer@cadd41, org.springframework.boot.test.mock.mockito.MockitoContextCustomizer@b148f128], contextLoader = 'org.springframework.test.context.support.DelegatingSmartContextLoader', parent = [null]]]
03:11:09.721 [Test worker] DEBUG org.springframework.test.context.cache - Spring test ApplicationContext cache statistics: [DefaultContextCache@1d5ac51 size = 14, maxSize = 32, parentContextCount = 0, hitCount = 615, missCount = 14]
03:11:09.721 [Test worker] DEBUG org.springframework.test.context.cache.DefaultCacheAwareContextLoaderDelegate - Retrieved ApplicationContext [25193958] from cache with key [[MergedContextConfiguration@19aa9ee testClass = UserServiceImplTest, locations = '{}', classes = '{class app.library.usermgmt.user.service.UserServiceImpl}', contextInitializerClasses = '[]', activeProfiles = '{}', propertySourceLocations = '{}', propertySourceProperties = '{}', contextCustomizers = set[org.springframework.boot.test.autoconfigure.actuate.metrics.MetricsExportContextCustomizerFactory$DisableMetricExportContextCustomizer@ace400, org.springframework.boot.test.autoconfigure.properties.PropertyMappingContextCustomizer@0, org.springframework.boot.test.autoconfigure.web.servlet.WebDriverContextCustomizerFactory$Customizer@1098f9b, org.springframework.boot.test.context.filter.ExcludeFilterContextCustomizer@13d0107, org.springframework.boot.test.json.DuplicateJsonObjectContextCustomizerFactory$DuplicateJsonObjectContextCustomizer@cadd41, org.springframework.boot.test.mock.mockito.MockitoContextCustomizer@b148f128], contextLoader = 'org.springframework.test.context.support.DelegatingSmartContextLoader', parent = [null]]]
03:11:09.721 [Test worker] DEBUG org.springframework.test.context.cache - Spring test ApplicationContext cache statistics: [DefaultContextCache@1d5ac51 size = 14, maxSize = 32, parentContextCount = 0, hitCount = 616, missCount = 14]
03:11:09.722 [Test worker] DEBUG org.springframework.test.context.support.AbstractDirtiesContextTestExecutionListener - Before test method: context [DefaultTestContext@f3ba6a testClass = UserServiceImplTest, testInstance = app.library.usermgmt.user.service.UserServiceImplTest@1e6c22a, testMethod = testRegisterUser2@UserServiceImplTest, testException = [null], mergedContextConfiguration = [MergedContextConfiguration@19aa9ee testClass = UserServiceImplTest, locations = '{}', classes = '{class app.library.usermgmt.user.service.UserServiceImpl}', contextInitializerClasses = '[]', activeProfiles = '{}', propertySourceLocations = '{}', propertySourceProperties = '{}', contextCustomizers = set[org.springframework.boot.test.autoconfigure.actuate.metrics.MetricsExportContextCustomizerFactory$DisableMetricExportContextCustomizer@ace400, org.springframework.boot.test.autoconfigure.properties.PropertyMappingContextCustomizer@0, org.springframework.boot.test.autoconfigure.web.servlet.WebDriverContextCustomizerFactory$Customizer@1098f9b, org.springframework.boot.test.context.filter.ExcludeFilterContextCustomizer@13d0107, org.springframework.boot.test.json.DuplicateJsonObjectContextCustomizerFactory$DuplicateJsonObjectContextCustomizer@cadd41, org.springframework.boot.test.mock.mockito.MockitoContextCustomizer@b148f128], contextLoader = 'org.springframework.test.context.support.DelegatingSmartContextLoader', parent = [null]], attributes = map['org.springframework.test.context.event.ApplicationEventsTestExecutionListener.recordApplicationEvents' -> false]], class annotated with @DirtiesContext [false] with mode [null], method annotated with @DirtiesContext [false] with mode [null].
03:11:09.722 [Test worker] DEBUG org.springframework.test.context.cache.DefaultCacheAwareContextLoaderDelegate - Retrieved ApplicationContext [25193958] from cache with key [[MergedContextConfiguration@19aa9ee testClass = UserServiceImplTest, locations = '{}', classes = '{class app.library.usermgmt.user.service.UserServiceImpl}', contextInitializerClasses = '[]', activeProfiles = '{}', propertySourceLocations = '{}', propertySourceProperties = '{}', contextCustomizers = set[org.springframework.boot.test.autoconfigure.actuate.metrics.MetricsExportContextCustomizerFactory$DisableMetricExportContextCustomizer@ace400, org.springframework.boot.test.autoconfigure.properties.PropertyMappingContextCustomizer@0, org.springframework.boot.test.autoconfigure.web.servlet.WebDriverContextCustomizerFactory$Customizer@1098f9b, org.springframework.boot.test.context.filter.ExcludeFilterContextCustomizer@13d0107, org.springframework.boot.test.json.DuplicateJsonObjectContextCustomizerFactory$DuplicateJsonObjectContextCustomizer@cadd41, org.springframework.boot.test.mock.mockito.MockitoContextCustomizer@b148f128], contextLoader = 'org.springframework.test.context.support.DelegatingSmartContextLoader', parent = [null]]]
03:11:09.722 [Test worker] DEBUG org.springframework.test.context.cache - Spring test ApplicationContext cache statistics: [DefaultContextCache@1d5ac51 size = 14, maxSize = 32, parentContextCount = 0, hitCount = 617, missCount = 14]
03:11:09.722 [Test worker] DEBUG org.springframework.test.context.cache.DefaultCacheAwareContextLoaderDelegate - Retrieved ApplicationContext [25193958] from cache with key [[MergedContextConfiguration@19aa9ee testClass = UserServiceImplTest, locations = '{}', classes = '{class app.library.usermgmt.user.service.UserServiceImpl}', contextInitializerClasses = '[]', activeProfiles = '{}', propertySourceLocations = '{}', propertySourceProperties = '{}', contextCustomizers = set[org.springframework.boot.test.autoconfigure.actuate.metrics.MetricsExportContextCustomizerFactory$DisableMetricExportContextCustomizer@ace400, org.springframework.boot.test.autoconfigure.properties.PropertyMappingContextCustomizer@0, org.springframework.boot.test.autoconfigure.web.servlet.WebDriverContextCustomizerFactory$Customizer@1098f9b, org.springframework.boot.test.context.filter.ExcludeFilterContextCustomizer@13d0107, org.springframework.boot.test.json.DuplicateJsonObjectContextCustomizerFactory$DuplicateJsonObjectContextCustomizer@cadd41, org.springframework.boot.test.mock.mockito.MockitoContextCustomizer@b148f128], contextLoader = 'org.springframework.test.context.support.DelegatingSmartContextLoader', parent = [null]]]
03:11:09.722 [Test worker] DEBUG org.springframework.test.context.cache - Spring test ApplicationContext cache statistics: [DefaultContextCache@1d5ac51 size = 14, maxSize = 32, parentContextCount = 0, hitCount = 618, missCount = 14]
03:11:09.722 [Test worker] DEBUG org.springframework.test.context.cache.DefaultCacheAwareContextLoaderDelegate - Retrieved ApplicationContext [25193958] from cache with key [[MergedContextConfiguration@19aa9ee testClass = UserServiceImplTest, locations = '{}', classes = '{class app.library.usermgmt.user.service.UserServiceImpl}', contextInitializerClasses = '[]', activeProfiles = '{}', propertySourceLocations = '{}', propertySourceProperties = '{}', contextCustomizers = set[org.springframework.boot.test.autoconfigure.actuate.metrics.MetricsExportContextCustomizerFactory$DisableMetricExportContextCustomizer@ace400, org.springframework.boot.test.autoconfigure.properties.PropertyMappingContextCustomizer@0, org.springframework.boot.test.autoconfigure.web.servlet.WebDriverContextCustomizerFactory$Customizer@1098f9b, org.springframework.boot.test.context.filter.ExcludeFilterContextCustomizer@13d0107, org.springframework.boot.test.json.DuplicateJsonObjectContextCustomizerFactory$DuplicateJsonObjectContextCustomizer@cadd41, org.springframework.boot.test.mock.mockito.MockitoContextCustomizer@b148f128], contextLoader = 'org.springframework.test.context.support.DelegatingSmartContextLoader', parent = [null]]]
03:11:09.722 [Test worker] DEBUG org.springframework.test.context.cache - Spring test ApplicationContext cache statistics: [DefaultContextCache@1d5ac51 size = 14, maxSize = 32, parentContextCount = 0, hitCount = 619, missCount = 14]
03:11:09.861 [Test worker] DEBUG org.springframework.test.context.cache.DefaultCacheAwareContextLoaderDelegate - Retrieved ApplicationContext [25193958] from cache with key [[MergedContextConfiguration@19aa9ee testClass = UserServiceImplTest, locations = '{}', classes = '{class app.library.usermgmt.user.service.UserServiceImpl}', contextInitializerClasses = '[]', activeProfiles = '{}', propertySourceLocations = '{}', propertySourceProperties = '{}', contextCustomizers = set[org.springframework.boot.test.autoconfigure.actuate.metrics.MetricsExportContextCustomizerFactory$DisableMetricExportContextCustomizer@ace400, org.springframework.boot.test.autoconfigure.properties.PropertyMappingContextCustomizer@0, org.springframework.boot.test.autoconfigure.web.servlet.WebDriverContextCustomizerFactory$Customizer@1098f9b, org.springframework.boot.test.context.filter.ExcludeFilterContextCustomizer@13d0107, org.springframework.boot.test.json.DuplicateJsonObjectContextCustomizerFactory$DuplicateJsonObjectContextCustomizer@cadd41, org.springframework.boot.test.mock.mockito.MockitoContextCustomizer@b148f128], contextLoader = 'org.springframework.test.context.support.DelegatingSmartContextLoader', parent = [null]]]
03:11:09.861 [Test worker] DEBUG org.springframework.test.context.cache - Spring test ApplicationContext cache statistics: [DefaultContextCache@1d5ac51 size = 14, maxSize = 32, parentContextCount = 0, hitCount = 620, missCount = 14]
03:11:09.861 [Test worker] DEBUG org.springframework.test.context.cache.DefaultCacheAwareContextLoaderDelegate - Retrieved ApplicationContext [25193958] from cache with key [[MergedContextConfiguration@19aa9ee testClass = UserServiceImplTest, locations = '{}', classes = '{class app.library.usermgmt.user.service.UserServiceImpl}', contextInitializerClasses = '[]', activeProfiles = '{}', propertySourceLocations = '{}', propertySourceProperties = '{}', contextCustomizers = set[org.springframework.boot.test.autoconfigure.actuate.metrics.MetricsExportContextCustomizerFactory$DisableMetricExportContextCustomizer@ace400, org.springframework.boot.test.autoconfigure.properties.PropertyMappingContextCustomizer@0, org.springframework.boot.test.autoconfigure.web.servlet.WebDriverContextCustomizerFactory$Customizer@1098f9b, org.springframework.boot.test.context.filter.ExcludeFilterContextCustomizer@13d0107, org.springframework.boot.test.json.DuplicateJsonObjectContextCustomizerFactory$DuplicateJsonObjectContextCustomizer@cadd41, org.springframework.boot.test.mock.mockito.MockitoContextCustomizer@b148f128], contextLoader = 'org.springframework.test.context.support.DelegatingSmartContextLoader', parent = [null]]]
03:11:09.861 [Test worker] DEBUG org.springframework.test.context.cache - Spring test ApplicationContext cache statistics: [DefaultContextCache@1d5ac51 size = 14, maxSize = 32, parentContextCount = 0, hitCount = 621, missCount = 14]
03:11:09.861 [Test worker] DEBUG org.springframework.test.context.cache.DefaultCacheAwareContextLoaderDelegate - Retrieved ApplicationContext [25193958] from cache with key [[MergedContextConfiguration@19aa9ee testClass = UserServiceImplTest, locations = '{}', classes = '{class app.library.usermgmt.user.service.UserServiceImpl}', contextInitializerClasses = '[]', activeProfiles = '{}', propertySourceLocations = '{}', propertySourceProperties = '{}', contextCustomizers = set[org.springframework.boot.test.autoconfigure.actuate.metrics.MetricsExportContextCustomizerFactory$DisableMetricExportContextCustomizer@ace400, org.springframework.boot.test.autoconfigure.properties.PropertyMappingContextCustomizer@0, org.springframework.boot.test.autoconfigure.web.servlet.WebDriverContextCustomizerFactory$Customizer@1098f9b, org.springframework.boot.test.context.filter.ExcludeFilterContextCustomizer@13d0107, org.springframework.boot.test.json.DuplicateJsonObjectContextCustomizerFactory$DuplicateJsonObjectContextCustomizer@cadd41, org.springframework.boot.test.mock.mockito.MockitoContextCustomizer@b148f128], contextLoader = 'org.springframework.test.context.support.DelegatingSmartContextLoader', parent = [null]]]
03:11:09.861 [Test worker] DEBUG org.springframework.test.context.cache - Spring test ApplicationContext cache statistics: [DefaultContextCache@1d5ac51 size = 14, maxSize = 32, parentContextCount = 0, hitCount = 622, missCount = 14]
03:11:09.861 [Test worker] DEBUG org.springframework.test.context.cache.DefaultCacheAwareContextLoaderDelegate - Retrieved ApplicationContext [25193958] from cache with key [[MergedContextConfiguration@19aa9ee testClass = UserServiceImplTest, locations = '{}', classes = '{class app.library.usermgmt.user.service.UserServiceImpl}', contextInitializerClasses = '[]', activeProfiles = '{}', propertySourceLocations = '{}', propertySourceProperties = '{}', contextCustomizers = set[org.springframework.boot.test.autoconfigure.actuate.metrics.MetricsExportContextCustomizerFactory$DisableMetricExportContextCustomizer@ace400, org.springframework.boot.test.autoconfigure.properties.PropertyMappingContextCustomizer@0, org.springframework.boot.test.autoconfigure.web.servlet.WebDriverContextCustomizerFactory$Customizer@1098f9b, org.springframework.boot.test.context.filter.ExcludeFilterContextCustomizer@13d0107, org.springframework.boot.test.json.DuplicateJsonObjectContextCustomizerFactory$DuplicateJsonObjectContextCustomizer@cadd41, org.springframework.boot.test.mock.mockito.MockitoContextCustomizer@b148f128], contextLoader = 'org.springframework.test.context.support.DelegatingSmartContextLoader', parent = [null]]]
03:11:09.861 [Test worker] DEBUG org.springframework.test.context.cache - Spring test ApplicationContext cache statistics: [DefaultContextCache@1d5ac51 size = 14, maxSize = 32, parentContextCount = 0, hitCount = 623, missCount = 14]
03:11:09.861 [Test worker] DEBUG org.springframework.test.context.cache.DefaultCacheAwareContextLoaderDelegate - Retrieved ApplicationContext [25193958] from cache with key [[MergedContextConfiguration@19aa9ee testClass = UserServiceImplTest, locations = '{}', classes = '{class app.library.usermgmt.user.service.UserServiceImpl}', contextInitializerClasses = '[]', activeProfiles = '{}', propertySourceLocations = '{}', propertySourceProperties = '{}', contextCustomizers = set[org.springframework.boot.test.autoconfigure.actuate.metrics.MetricsExportContextCustomizerFactory$DisableMetricExportContextCustomizer@ace400, org.springframework.boot.test.autoconfigure.properties.PropertyMappingContextCustomizer@0, org.springframework.boot.test.autoconfigure.web.servlet.WebDriverContextCustomizerFactory$Customizer@1098f9b, org.springframework.boot.test.context.filter.ExcludeFilterContextCustomizer@13d0107, org.springframework.boot.test.json.DuplicateJsonObjectContextCustomizerFactory$DuplicateJsonObjectContextCustomizer@cadd41, org.springframework.boot.test.mock.mockito.MockitoContextCustomizer@b148f128], contextLoader = 'org.springframework.test.context.support.DelegatingSmartContextLoader', parent = [null]]]
03:11:09.862 [Test worker] DEBUG org.springframework.test.context.cache - Spring test ApplicationContext cache statistics: [DefaultContextCache@1d5ac51 size = 14, maxSize = 32, parentContextCount = 0, hitCount = 624, missCount = 14]
03:11:09.862 [Test worker] DEBUG org.springframework.test.context.cache.DefaultCacheAwareContextLoaderDelegate - Retrieved ApplicationContext [25193958] from cache with key [[MergedContextConfiguration@19aa9ee testClass = UserServiceImplTest, locations = '{}', classes = '{class app.library.usermgmt.user.service.UserServiceImpl}', contextInitializerClasses = '[]', activeProfiles = '{}', propertySourceLocations = '{}', propertySourceProperties = '{}', contextCustomizers = set[org.springframework.boot.test.autoconfigure.actuate.metrics.MetricsExportContextCustomizerFactory$DisableMetricExportContextCustomizer@ace400, org.springframework.boot.test.autoconfigure.properties.PropertyMappingContextCustomizer@0, org.springframework.boot.test.autoconfigure.web.servlet.WebDriverContextCustomizerFactory$Customizer@1098f9b, org.springframework.boot.test.context.filter.ExcludeFilterContextCustomizer@13d0107, org.springframework.boot.test.json.DuplicateJsonObjectContextCustomizerFactory$DuplicateJsonObjectContextCustomizer@cadd41, org.springframework.boot.test.mock.mockito.MockitoContextCustomizer@b148f128], contextLoader = 'org.springframework.test.context.support.DelegatingSmartContextLoader', parent = [null]]]
03:11:09.862 [Test worker] DEBUG org.springframework.test.context.cache - Spring test ApplicationContext cache statistics: [DefaultContextCache@1d5ac51 size = 14, maxSize = 32, parentContextCount = 0, hitCount = 625, missCount = 14]
03:11:09.862 [Test worker] DEBUG org.springframework.test.context.support.AbstractDirtiesContextTestExecutionListener - After test method: context [DefaultTestContext@f3ba6a testClass = UserServiceImplTest, testInstance = app.library.usermgmt.user.service.UserServiceImplTest@1e6c22a, testMethod = testRegisterUser2@UserServiceImplTest, testException = [null], mergedContextConfiguration = [MergedContextConfiguration@19aa9ee testClass = UserServiceImplTest, locations = '{}', classes = '{class app.library.usermgmt.user.service.UserServiceImpl}', contextInitializerClasses = '[]', activeProfiles = '{}', propertySourceLocations = '{}', propertySourceProperties = '{}', contextCustomizers = set[org.springframework.boot.test.autoconfigure.actuate.metrics.MetricsExportContextCustomizerFactory$DisableMetricExportContextCustomizer@ace400, org.springframework.boot.test.autoconfigure.properties.PropertyMappingContextCustomizer@0, org.springframework.boot.test.autoconfigure.web.servlet.WebDriverContextCustomizerFactory$Customizer@1098f9b, org.springframework.boot.test.context.filter.ExcludeFilterContextCustomizer@13d0107, org.springframework.boot.test.json.DuplicateJsonObjectContextCustomizerFactory$DuplicateJsonObjectContextCustomizer@cadd41, org.springframework.boot.test.mock.mockito.MockitoContextCustomizer@b148f128], contextLoader = 'org.springframework.test.context.support.DelegatingSmartContextLoader', parent = [null]], attributes = map['org.springframework.test.context.event.ApplicationEventsTestExecutionListener.recordApplicationEvents' -> false]], class annotated with @DirtiesContext [false] with mode [null], method annotated with @DirtiesContext [false] with mode [null].
03:11:09.863 [Test worker] DEBUG org.springframework.test.context.cache.DefaultCacheAwareContextLoaderDelegate - Retrieved ApplicationContext [25193958] from cache with key [[MergedContextConfiguration@19aa9ee testClass = UserServiceImplTest, locations = '{}', classes = '{class app.library.usermgmt.user.service.UserServiceImpl}', contextInitializerClasses = '[]', activeProfiles = '{}', propertySourceLocations = '{}', propertySourceProperties = '{}', contextCustomizers = set[org.springframework.boot.test.autoconfigure.actuate.metrics.MetricsExportContextCustomizerFactory$DisableMetricExportContextCustomizer@ace400, org.springframework.boot.test.autoconfigure.properties.PropertyMappingContextCustomizer@0, org.springframework.boot.test.autoconfigure.web.servlet.WebDriverContextCustomizerFactory$Customizer@1098f9b, org.springframework.boot.test.context.filter.ExcludeFilterContextCustomizer@13d0107, org.springframework.boot.test.json.DuplicateJsonObjectContextCustomizerFactory$DuplicateJsonObjectContextCustomizer@cadd41, org.springframework.boot.test.mock.mockito.MockitoContextCustomizer@b148f128], contextLoader = 'org.springframework.test.context.support.DelegatingSmartContextLoader', parent = [null]]]
03:11:09.863 [Test worker] DEBUG org.springframework.test.context.cache - Spring test ApplicationContext cache statistics: [DefaultContextCache@1d5ac51 size = 14, maxSize = 32, parentContextCount = 0, hitCount = 626, missCount = 14]
03:11:09.863 [Test worker] DEBUG org.springframework.test.context.support.DependencyInjectionTestExecutionListener - Performing dependency injection for test context [[DefaultTestContext@f3ba6a testClass = UserServiceImplTest, testInstance = app.library.usermgmt.user.service.UserServiceImplTest@106be0f, testMethod = [null], testException = [null], mergedContextConfiguration = [MergedContextConfiguration@19aa9ee testClass = UserServiceImplTest, locations = '{}', classes = '{class app.library.usermgmt.user.service.UserServiceImpl}', contextInitializerClasses = '[]', activeProfiles = '{}', propertySourceLocations = '{}', propertySourceProperties = '{}', contextCustomizers = set[org.springframework.boot.test.autoconfigure.actuate.metrics.MetricsExportContextCustomizerFactory$DisableMetricExportContextCustomizer@ace400, org.springframework.boot.test.autoconfigure.properties.PropertyMappingContextCustomizer@0, org.springframework.boot.test.autoconfigure.web.servlet.WebDriverContextCustomizerFactory$Customizer@1098f9b, org.springframework.boot.test.context.filter.ExcludeFilterContextCustomizer@13d0107, org.springframework.boot.test.json.DuplicateJsonObjectContextCustomizerFactory$DuplicateJsonObjectContextCustomizer@cadd41, org.springframework.boot.test.mock.mockito.MockitoContextCustomizer@b148f128], contextLoader = 'org.springframework.test.context.support.DelegatingSmartContextLoader', parent = [null]], attributes = map['org.springframework.test.context.event.ApplicationEventsTestExecutionListener.recordApplicationEvents' -> false]]].
03:11:09.863 [Test worker] DEBUG org.springframework.test.context.cache.DefaultCacheAwareContextLoaderDelegate - Retrieved ApplicationContext [25193958] from cache with key [[MergedContextConfiguration@19aa9ee testClass = UserServiceImplTest, locations = '{}', classes = '{class app.library.usermgmt.user.service.UserServiceImpl}', contextInitializerClasses = '[]', activeProfiles = '{}', propertySourceLocations = '{}', propertySourceProperties = '{}', contextCustomizers = set[org.springframework.boot.test.autoconfigure.actuate.metrics.MetricsExportContextCustomizerFactory$DisableMetricExportContextCustomizer@ace400, org.springframework.boot.test.autoconfigure.properties.PropertyMappingContextCustomizer@0, org.springframework.boot.test.autoconfigure.web.servlet.WebDriverContextCustomizerFactory$Customizer@1098f9b, org.springframework.boot.test.context.filter.ExcludeFilterContextCustomizer@13d0107, org.springframework.boot.test.json.DuplicateJsonObjectContextCustomizerFactory$DuplicateJsonObjectContextCustomizer@cadd41, org.springframework.boot.test.mock.mockito.MockitoContextCustomizer@b148f128], contextLoader = 'org.springframework.test.context.support.DelegatingSmartContextLoader', parent = [null]]]
03:11:09.863 [Test worker] DEBUG org.springframework.test.context.cache - Spring test ApplicationContext cache statistics: [DefaultContextCache@1d5ac51 size = 14, maxSize = 32, parentContextCount = 0, hitCount = 627, missCount = 14]
03:11:09.863 [Test worker] DEBUG org.springframework.test.context.cache.DefaultCacheAwareContextLoaderDelegate - Retrieved ApplicationContext [25193958] from cache with key [[MergedContextConfiguration@19aa9ee testClass = UserServiceImplTest, locations = '{}', classes = '{class app.library.usermgmt.user.service.UserServiceImpl}', contextInitializerClasses = '[]', activeProfiles = '{}', propertySourceLocations = '{}', propertySourceProperties = '{}', contextCustomizers = set[org.springframework.boot.test.autoconfigure.actuate.metrics.MetricsExportContextCustomizerFactory$DisableMetricExportContextCustomizer@ace400, org.springframework.boot.test.autoconfigure.properties.PropertyMappingContextCustomizer@0, org.springframework.boot.test.autoconfigure.web.servlet.WebDriverContextCustomizerFactory$Customizer@1098f9b, org.springframework.boot.test.context.filter.ExcludeFilterContextCustomizer@13d0107, org.springframework.boot.test.json.DuplicateJsonObjectContextCustomizerFactory$DuplicateJsonObjectContextCustomizer@cadd41, org.springframework.boot.test.mock.mockito.MockitoContextCustomizer@b148f128], contextLoader = 'org.springframework.test.context.support.DelegatingSmartContextLoader', parent = [null]]]
03:11:09.863 [Test worker] DEBUG org.springframework.test.context.cache - Spring test ApplicationContext cache statistics: [DefaultContextCache@1d5ac51 size = 14, maxSize = 32, parentContextCount = 0, hitCount = 628, missCount = 14]
03:11:09.864 [Test worker] DEBUG org.springframework.test.context.support.AbstractDirtiesContextTestExecutionListener - Before test method: context [DefaultTestContext@f3ba6a testClass = UserServiceImplTest, testInstance = app.library.usermgmt.user.service.UserServiceImplTest@106be0f, testMethod = testRegisterUser3@UserServiceImplTest, testException = [null], mergedContextConfiguration = [MergedContextConfiguration@19aa9ee testClass = UserServiceImplTest, locations = '{}', classes = '{class app.library.usermgmt.user.service.UserServiceImpl}', contextInitializerClasses = '[]', activeProfiles = '{}', propertySourceLocations = '{}', propertySourceProperties = '{}', contextCustomizers = set[org.springframework.boot.test.autoconfigure.actuate.metrics.MetricsExportContextCustomizerFactory$DisableMetricExportContextCustomizer@ace400, org.springframework.boot.test.autoconfigure.properties.PropertyMappingContextCustomizer@0, org.springframework.boot.test.autoconfigure.web.servlet.WebDriverContextCustomizerFactory$Customizer@1098f9b, org.springframework.boot.test.context.filter.ExcludeFilterContextCustomizer@13d0107, org.springframework.boot.test.json.DuplicateJsonObjectContextCustomizerFactory$DuplicateJsonObjectContextCustomizer@cadd41, org.springframework.boot.test.mock.mockito.MockitoContextCustomizer@b148f128], contextLoader = 'org.springframework.test.context.support.DelegatingSmartContextLoader', parent = [null]], attributes = map['org.springframework.test.context.event.ApplicationEventsTestExecutionListener.recordApplicationEvents' -> false]], class annotated with @DirtiesContext [false] with mode [null], method annotated with @DirtiesContext [false] with mode [null].
03:11:09.864 [Test worker] DEBUG org.springframework.test.context.cache.DefaultCacheAwareContextLoaderDelegate - Retrieved ApplicationContext [25193958] from cache with key [[MergedContextConfiguration@19aa9ee testClass = UserServiceImplTest, locations = '{}', classes = '{class app.library.usermgmt.user.service.UserServiceImpl}', contextInitializerClasses = '[]', activeProfiles = '{}', propertySourceLocations = '{}', propertySourceProperties = '{}', contextCustomizers = set[org.springframework.boot.test.autoconfigure.actuate.metrics.MetricsExportContextCustomizerFactory$DisableMetricExportContextCustomizer@ace400, org.springframework.boot.test.autoconfigure.properties.PropertyMappingContextCustomizer@0, org.springframework.boot.test.autoconfigure.web.servlet.WebDriverContextCustomizerFactory$Customizer@1098f9b, org.springframework.boot.test.context.filter.ExcludeFilterContextCustomizer@13d0107, org.springframework.boot.test.json.DuplicateJsonObjectContextCustomizerFactory$DuplicateJsonObjectContextCustomizer@cadd41, org.springframework.boot.test.mock.mockito.MockitoContextCustomizer@b148f128], contextLoader = 'org.springframework.test.context.support.DelegatingSmartContextLoader', parent = [null]]]
03:11:09.864 [Test worker] DEBUG org.springframework.test.context.cache - Spring test ApplicationContext cache statistics: [DefaultContextCache@1d5ac51 size = 14, maxSize = 32, parentContextCount = 0, hitCount = 629, missCount = 14]
03:11:09.864 [Test worker] DEBUG org.springframework.test.context.cache.DefaultCacheAwareContextLoaderDelegate - Retrieved ApplicationContext [25193958] from cache with key [[MergedContextConfiguration@19aa9ee testClass = UserServiceImplTest, locations = '{}', classes = '{class app.library.usermgmt.user.service.UserServiceImpl}', contextInitializerClasses = '[]', activeProfiles = '{}', propertySourceLocations = '{}', propertySourceProperties = '{}', contextCustomizers = set[org.springframework.boot.test.autoconfigure.actuate.metrics.MetricsExportContextCustomizerFactory$DisableMetricExportContextCustomizer@ace400, org.springframework.boot.test.autoconfigure.properties.PropertyMappingContextCustomizer@0, org.springframework.boot.test.autoconfigure.web.servlet.WebDriverContextCustomizerFactory$Customizer@1098f9b, org.springframework.boot.test.context.filter.ExcludeFilterContextCustomizer@13d0107, org.springframework.boot.test.json.DuplicateJsonObjectContextCustomizerFactory$DuplicateJsonObjectContextCustomizer@cadd41, org.springframework.boot.test.mock.mockito.MockitoContextCustomizer@b148f128], contextLoader = 'org.springframework.test.context.support.DelegatingSmartContextLoader', parent = [null]]]
03:11:09.864 [Test worker] DEBUG org.springframework.test.context.cache - Spring test ApplicationContext cache statistics: [DefaultContextCache@1d5ac51 size = 14, maxSize = 32, parentContextCount = 0, hitCount = 630, missCount = 14]
03:11:09.864 [Test worker] DEBUG org.springframework.test.context.cache.DefaultCacheAwareContextLoaderDelegate - Retrieved ApplicationContext [25193958] from cache with key [[MergedContextConfiguration@19aa9ee testClass = UserServiceImplTest, locations = '{}', classes = '{class app.library.usermgmt.user.service.UserServiceImpl}', contextInitializerClasses = '[]', activeProfiles = '{}', propertySourceLocations = '{}', propertySourceProperties = '{}', contextCustomizers = set[org.springframework.boot.test.autoconfigure.actuate.metrics.MetricsExportContextCustomizerFactory$DisableMetricExportContextCustomizer@ace400, org.springframework.boot.test.autoconfigure.properties.PropertyMappingContextCustomizer@0, org.springframework.boot.test.autoconfigure.web.servlet.WebDriverContextCustomizerFactory$Customizer@1098f9b, org.springframework.boot.test.context.filter.ExcludeFilterContextCustomizer@13d0107, org.springframework.boot.test.json.DuplicateJsonObjectContextCustomizerFactory$DuplicateJsonObjectContextCustomizer@cadd41, org.springframework.boot.test.mock.mockito.MockitoContextCustomizer@b148f128], contextLoader = 'org.springframework.test.context.support.DelegatingSmartContextLoader', parent = [null]]]
03:11:09.864 [Test worker] DEBUG org.springframework.test.context.cache - Spring test ApplicationContext cache statistics: [DefaultContextCache@1d5ac51 size = 14, maxSize = 32, parentContextCount = 0, hitCount = 631, missCount = 14]
03:11:09.933 [Test worker] DEBUG org.springframework.test.context.cache.DefaultCacheAwareContextLoaderDelegate - Retrieved ApplicationContext [25193958] from cache with key [[MergedContextConfiguration@19aa9ee testClass = UserServiceImplTest, locations = '{}', classes = '{class app.library.usermgmt.user.service.UserServiceImpl}', contextInitializerClasses = '[]', activeProfiles = '{}', propertySourceLocations = '{}', propertySourceProperties = '{}', contextCustomizers = set[org.springframework.boot.test.autoconfigure.actuate.metrics.MetricsExportContextCustomizerFactory$DisableMetricExportContextCustomizer@ace400, org.springframework.boot.test.autoconfigure.properties.PropertyMappingContextCustomizer@0, org.springframework.boot.test.autoconfigure.web.servlet.WebDriverContextCustomizerFactory$Customizer@1098f9b, org.springframework.boot.test.context.filter.ExcludeFilterContextCustomizer@13d0107, org.springframework.boot.test.json.DuplicateJsonObjectContextCustomizerFactory$DuplicateJsonObjectContextCustomizer@cadd41, org.springframework.boot.test.mock.mockito.MockitoContextCustomizer@b148f128], contextLoader = 'org.springframework.test.context.support.DelegatingSmartContextLoader', parent = [null]]]
03:11:09.933 [Test worker] DEBUG org.springframework.test.context.cache - Spring test ApplicationContext cache statistics: [DefaultContextCache@1d5ac51 size = 14, maxSize = 32, parentContextCount = 0, hitCount = 632, missCount = 14]
03:11:09.933 [Test worker] DEBUG org.springframework.test.context.cache.DefaultCacheAwareContextLoaderDelegate - Retrieved ApplicationContext [25193958] from cache with key [[MergedContextConfiguration@19aa9ee testClass = UserServiceImplTest, locations = '{}', classes = '{class app.library.usermgmt.user.service.UserServiceImpl}', contextInitializerClasses = '[]', activeProfiles = '{}', propertySourceLocations = '{}', propertySourceProperties = '{}', contextCustomizers = set[org.springframework.boot.test.autoconfigure.actuate.metrics.MetricsExportContextCustomizerFactory$DisableMetricExportContextCustomizer@ace400, org.springframework.boot.test.autoconfigure.properties.PropertyMappingContextCustomizer@0, org.springframework.boot.test.autoconfigure.web.servlet.WebDriverContextCustomizerFactory$Customizer@1098f9b, org.springframework.boot.test.context.filter.ExcludeFilterContextCustomizer@13d0107, org.springframework.boot.test.json.DuplicateJsonObjectContextCustomizerFactory$DuplicateJsonObjectContextCustomizer@cadd41, org.springframework.boot.test.mock.mockito.MockitoContextCustomizer@b148f128], contextLoader = 'org.springframework.test.context.support.DelegatingSmartContextLoader', parent = [null]]]
03:11:09.933 [Test worker] DEBUG org.springframework.test.context.cache - Spring test ApplicationContext cache statistics: [DefaultContextCache@1d5ac51 size = 14, maxSize = 32, parentContextCount = 0, hitCount = 633, missCount = 14]
03:11:09.935 [Test worker] DEBUG org.springframework.test.context.cache.DefaultCacheAwareContextLoaderDelegate - Retrieved ApplicationContext [25193958] from cache with key [[MergedContextConfiguration@19aa9ee testClass = UserServiceImplTest, locations = '{}', classes = '{class app.library.usermgmt.user.service.UserServiceImpl}', contextInitializerClasses = '[]', activeProfiles = '{}', propertySourceLocations = '{}', propertySourceProperties = '{}', contextCustomizers = set[org.springframework.boot.test.autoconfigure.actuate.metrics.MetricsExportContextCustomizerFactory$DisableMetricExportContextCustomizer@ace400, org.springframework.boot.test.autoconfigure.properties.PropertyMappingContextCustomizer@0, org.springframework.boot.test.autoconfigure.web.servlet.WebDriverContextCustomizerFactory$Customizer@1098f9b, org.springframework.boot.test.context.filter.ExcludeFilterContextCustomizer@13d0107, org.springframework.boot.test.json.DuplicateJsonObjectContextCustomizerFactory$DuplicateJsonObjectContextCustomizer@cadd41, org.springframework.boot.test.mock.mockito.MockitoContextCustomizer@b148f128], contextLoader = 'org.springframework.test.context.support.DelegatingSmartContextLoader', parent = [null]]]
03:11:09.935 [Test worker] DEBUG org.springframework.test.context.cache - Spring test ApplicationContext cache statistics: [DefaultContextCache@1d5ac51 size = 14, maxSize = 32, parentContextCount = 0, hitCount = 634, missCount = 14]
03:11:09.935 [Test worker] DEBUG org.springframework.test.context.cache.DefaultCacheAwareContextLoaderDelegate - Retrieved ApplicationContext [25193958] from cache with key [[MergedContextConfiguration@19aa9ee testClass = UserServiceImplTest, locations = '{}', classes = '{class app.library.usermgmt.user.service.UserServiceImpl}', contextInitializerClasses = '[]', activeProfiles = '{}', propertySourceLocations = '{}', propertySourceProperties = '{}', contextCustomizers = set[org.springframework.boot.test.autoconfigure.actuate.metrics.MetricsExportContextCustomizerFactory$DisableMetricExportContextCustomizer@ace400, org.springframework.boot.test.autoconfigure.properties.PropertyMappingContextCustomizer@0, org.springframework.boot.test.autoconfigure.web.servlet.WebDriverContextCustomizerFactory$Customizer@1098f9b, org.springframework.boot.test.context.filter.ExcludeFilterContextCustomizer@13d0107, org.springframework.boot.test.json.DuplicateJsonObjectContextCustomizerFactory$DuplicateJsonObjectContextCustomizer@cadd41, org.springframework.boot.test.mock.mockito.MockitoContextCustomizer@b148f128], contextLoader = 'org.springframework.test.context.support.DelegatingSmartContextLoader', parent = [null]]]
03:11:09.935 [Test worker] DEBUG org.springframework.test.context.cache - Spring test ApplicationContext cache statistics: [DefaultContextCache@1d5ac51 size = 14, maxSize = 32, parentContextCount = 0, hitCount = 635, missCount = 14]
03:11:09.935 [Test worker] DEBUG org.springframework.test.context.cache.DefaultCacheAwareContextLoaderDelegate - Retrieved ApplicationContext [25193958] from cache with key [[MergedContextConfiguration@19aa9ee testClass = UserServiceImplTest, locations = '{}', classes = '{class app.library.usermgmt.user.service.UserServiceImpl}', contextInitializerClasses = '[]', activeProfiles = '{}', propertySourceLocations = '{}', propertySourceProperties = '{}', contextCustomizers = set[org.springframework.boot.test.autoconfigure.actuate.metrics.MetricsExportContextCustomizerFactory$DisableMetricExportContextCustomizer@ace400, org.springframework.boot.test.autoconfigure.properties.PropertyMappingContextCustomizer@0, org.springframework.boot.test.autoconfigure.web.servlet.WebDriverContextCustomizerFactory$Customizer@1098f9b, org.springframework.boot.test.context.filter.ExcludeFilterContextCustomizer@13d0107, org.springframework.boot.test.json.DuplicateJsonObjectContextCustomizerFactory$DuplicateJsonObjectContextCustomizer@cadd41, org.springframework.boot.test.mock.mockito.MockitoContextCustomizer@b148f128], contextLoader = 'org.springframework.test.context.support.DelegatingSmartContextLoader', parent = [null]]]
03:11:09.935 [Test worker] DEBUG org.springframework.test.context.cache - Spring test ApplicationContext cache statistics: [DefaultContextCache@1d5ac51 size = 14, maxSize = 32, parentContextCount = 0, hitCount = 636, missCount = 14]
03:11:09.936 [Test worker] DEBUG org.springframework.test.context.cache.DefaultCacheAwareContextLoaderDelegate - Retrieved ApplicationContext [25193958] from cache with key [[MergedContextConfiguration@19aa9ee testClass = UserServiceImplTest, locations = '{}', classes = '{class app.library.usermgmt.user.service.UserServiceImpl}', contextInitializerClasses = '[]', activeProfiles = '{}', propertySourceLocations = '{}', propertySourceProperties = '{}', contextCustomizers = set[org.springframework.boot.test.autoconfigure.actuate.metrics.MetricsExportContextCustomizerFactory$DisableMetricExportContextCustomizer@ace400, org.springframework.boot.test.autoconfigure.properties.PropertyMappingContextCustomizer@0, org.springframework.boot.test.autoconfigure.web.servlet.WebDriverContextCustomizerFactory$Customizer@1098f9b, org.springframework.boot.test.context.filter.ExcludeFilterContextCustomizer@13d0107, org.springframework.boot.test.json.DuplicateJsonObjectContextCustomizerFactory$DuplicateJsonObjectContextCustomizer@cadd41, org.springframework.boot.test.mock.mockito.MockitoContextCustomizer@b148f128], contextLoader = 'org.springframework.test.context.support.DelegatingSmartContextLoader', parent = [null]]]
03:11:09.936 [Test worker] DEBUG org.springframework.test.context.cache - Spring test ApplicationContext cache statistics: [DefaultContextCache@1d5ac51 size = 14, maxSize = 32, parentContextCount = 0, hitCount = 637, missCount = 14]
03:11:09.936 [Test worker] DEBUG org.springframework.test.context.support.AbstractDirtiesContextTestExecutionListener - After test method: context [DefaultTestContext@f3ba6a testClass = UserServiceImplTest, testInstance = app.library.usermgmt.user.service.UserServiceImplTest@106be0f, testMethod = testRegisterUser3@UserServiceImplTest, testException = [null], mergedContextConfiguration = [MergedContextConfiguration@19aa9ee testClass = UserServiceImplTest, locations = '{}', classes = '{class app.library.usermgmt.user.service.UserServiceImpl}', contextInitializerClasses = '[]', activeProfiles = '{}', propertySourceLocations = '{}', propertySourceProperties = '{}', contextCustomizers = set[org.springframework.boot.test.autoconfigure.actuate.metrics.MetricsExportContextCustomizerFactory$DisableMetricExportContextCustomizer@ace400, org.springframework.boot.test.autoconfigure.properties.PropertyMappingContextCustomizer@0, org.springframework.boot.test.autoconfigure.web.servlet.WebDriverContextCustomizerFactory$Customizer@1098f9b, org.springframework.boot.test.context.filter.ExcludeFilterContextCustomizer@13d0107, org.springframework.boot.test.json.DuplicateJsonObjectContextCustomizerFactory$DuplicateJsonObjectContextCustomizer@cadd41, org.springframework.boot.test.mock.mockito.MockitoContextCustomizer@b148f128], contextLoader = 'org.springframework.test.context.support.DelegatingSmartContextLoader', parent = [null]], attributes = map['org.springframework.test.context.event.ApplicationEventsTestExecutionListener.recordApplicationEvents' -> false]], class annotated with @DirtiesContext [false] with mode [null], method annotated with @DirtiesContext [false] with mode [null].
03:11:09.936 [Test worker] DEBUG org.springframework.test.context.cache.DefaultCacheAwareContextLoaderDelegate - Retrieved ApplicationContext [25193958] from cache with key [[MergedContextConfiguration@19aa9ee testClass = UserServiceImplTest, locations = '{}', classes = '{class app.library.usermgmt.user.service.UserServiceImpl}', contextInitializerClasses = '[]', activeProfiles = '{}', propertySourceLocations = '{}', propertySourceProperties = '{}', contextCustomizers = set[org.springframework.boot.test.autoconfigure.actuate.metrics.MetricsExportContextCustomizerFactory$DisableMetricExportContextCustomizer@ace400, org.springframework.boot.test.autoconfigure.properties.PropertyMappingContextCustomizer@0, org.springframework.boot.test.autoconfigure.web.servlet.WebDriverContextCustomizerFactory$Customizer@1098f9b, org.springframework.boot.test.context.filter.ExcludeFilterContextCustomizer@13d0107, org.springframework.boot.test.json.DuplicateJsonObjectContextCustomizerFactory$DuplicateJsonObjectContextCustomizer@cadd41, org.springframework.boot.test.mock.mockito.MockitoContextCustomizer@b148f128], contextLoader = 'org.springframework.test.context.support.DelegatingSmartContextLoader', parent = [null]]]
03:11:09.936 [Test worker] DEBUG org.springframework.test.context.cache - Spring test ApplicationContext cache statistics: [DefaultContextCache@1d5ac51 size = 14, maxSize = 32, parentContextCount = 0, hitCount = 638, missCount = 14]
03:11:09.936 [Test worker] DEBUG org.springframework.test.context.support.DependencyInjectionTestExecutionListener - Performing dependency injection for test context [[DefaultTestContext@f3ba6a testClass = UserServiceImplTest, testInstance = app.library.usermgmt.user.service.UserServiceImplTest@1796a, testMethod = [null], testException = [null], mergedContextConfiguration = [MergedContextConfiguration@19aa9ee testClass = UserServiceImplTest, locations = '{}', classes = '{class app.library.usermgmt.user.service.UserServiceImpl}', contextInitializerClasses = '[]', activeProfiles = '{}', propertySourceLocations = '{}', propertySourceProperties = '{}', contextCustomizers = set[org.springframework.boot.test.autoconfigure.actuate.metrics.MetricsExportContextCustomizerFactory$DisableMetricExportContextCustomizer@ace400, org.springframework.boot.test.autoconfigure.properties.PropertyMappingContextCustomizer@0, org.springframework.boot.test.autoconfigure.web.servlet.WebDriverContextCustomizerFactory$Customizer@1098f9b, org.springframework.boot.test.context.filter.ExcludeFilterContextCustomizer@13d0107, org.springframework.boot.test.json.DuplicateJsonObjectContextCustomizerFactory$DuplicateJsonObjectContextCustomizer@cadd41, org.springframework.boot.test.mock.mockito.MockitoContextCustomizer@b148f128], contextLoader = 'org.springframework.test.context.support.DelegatingSmartContextLoader', parent = [null]], attributes = map['org.springframework.test.context.event.ApplicationEventsTestExecutionListener.recordApplicationEvents' -> false]]].
03:11:09.936 [Test worker] DEBUG org.springframework.test.context.cache.DefaultCacheAwareContextLoaderDelegate - Retrieved ApplicationContext [25193958] from cache with key [[MergedContextConfiguration@19aa9ee testClass = UserServiceImplTest, locations = '{}', classes = '{class app.library.usermgmt.user.service.UserServiceImpl}', contextInitializerClasses = '[]', activeProfiles = '{}', propertySourceLocations = '{}', propertySourceProperties = '{}', contextCustomizers = set[org.springframework.boot.test.autoconfigure.actuate.metrics.MetricsExportContextCustomizerFactory$DisableMetricExportContextCustomizer@ace400, org.springframework.boot.test.autoconfigure.properties.PropertyMappingContextCustomizer@0, org.springframework.boot.test.autoconfigure.web.servlet.WebDriverContextCustomizerFactory$Customizer@1098f9b, org.springframework.boot.test.context.filter.ExcludeFilterContextCustomizer@13d0107, org.springframework.boot.test.json.DuplicateJsonObjectContextCustomizerFactory$DuplicateJsonObjectContextCustomizer@cadd41, org.springframework.boot.test.mock.mockito.MockitoContextCustomizer@b148f128], contextLoader = 'org.springframework.test.context.support.DelegatingSmartContextLoader', parent = [null]]]
03:11:09.936 [Test worker] DEBUG org.springframework.test.context.cache - Spring test ApplicationContext cache statistics: [DefaultContextCache@1d5ac51 size = 14, maxSize = 32, parentContextCount = 0, hitCount = 639, missCount = 14]
03:11:09.937 [Test worker] DEBUG org.springframework.test.context.cache.DefaultCacheAwareContextLoaderDelegate - Retrieved ApplicationContext [25193958] from cache with key [[MergedContextConfiguration@19aa9ee testClass = UserServiceImplTest, locations = '{}', classes = '{class app.library.usermgmt.user.service.UserServiceImpl}', contextInitializerClasses = '[]', activeProfiles = '{}', propertySourceLocations = '{}', propertySourceProperties = '{}', contextCustomizers = set[org.springframework.boot.test.autoconfigure.actuate.metrics.MetricsExportContextCustomizerFactory$DisableMetricExportContextCustomizer@ace400, org.springframework.boot.test.autoconfigure.properties.PropertyMappingContextCustomizer@0, org.springframework.boot.test.autoconfigure.web.servlet.WebDriverContextCustomizerFactory$Customizer@1098f9b, org.springframework.boot.test.context.filter.ExcludeFilterContextCustomizer@13d0107, org.springframework.boot.test.json.DuplicateJsonObjectContextCustomizerFactory$DuplicateJsonObjectContextCustomizer@cadd41, org.springframework.boot.test.mock.mockito.MockitoContextCustomizer@b148f128], contextLoader = 'org.springframework.test.context.support.DelegatingSmartContextLoader', parent = [null]]]
03:11:09.937 [Test worker] DEBUG org.springframework.test.context.cache - Spring test ApplicationContext cache statistics: [DefaultContextCache@1d5ac51 size = 14, maxSize = 32, parentContextCount = 0, hitCount = 640, missCount = 14]
03:11:09.937 [Test worker] DEBUG org.springframework.test.context.support.AbstractDirtiesContextTestExecutionListener - Before test method: context [DefaultTestContext@f3ba6a testClass = UserServiceImplTest, testInstance = app.library.usermgmt.user.service.UserServiceImplTest@1796a, testMethod = testLoginUser2@UserServiceImplTest, testException = [null], mergedContextConfiguration = [MergedContextConfiguration@19aa9ee testClass = UserServiceImplTest, locations = '{}', classes = '{class app.library.usermgmt.user.service.UserServiceImpl}', contextInitializerClasses = '[]', activeProfiles = '{}', propertySourceLocations = '{}', propertySourceProperties = '{}', contextCustomizers = set[org.springframework.boot.test.autoconfigure.actuate.metrics.MetricsExportContextCustomizerFactory$DisableMetricExportContextCustomizer@ace400, org.springframework.boot.test.autoconfigure.properties.PropertyMappingContextCustomizer@0, org.springframework.boot.test.autoconfigure.web.servlet.WebDriverContextCustomizerFactory$Customizer@1098f9b, org.springframework.boot.test.context.filter.ExcludeFilterContextCustomizer@13d0107, org.springframework.boot.test.json.DuplicateJsonObjectContextCustomizerFactory$DuplicateJsonObjectContextCustomizer@cadd41, org.springframework.boot.test.mock.mockito.MockitoContextCustomizer@b148f128], contextLoader = 'org.springframework.test.context.support.DelegatingSmartContextLoader', parent = [null]], attributes = map['org.springframework.test.context.event.ApplicationEventsTestExecutionListener.recordApplicationEvents' -> false]], class annotated with @DirtiesContext [false] with mode [null], method annotated with @DirtiesContext [false] with mode [null].
03:11:09.937 [Test worker] DEBUG org.springframework.test.context.cache.DefaultCacheAwareContextLoaderDelegate - Retrieved ApplicationContext [25193958] from cache with key [[MergedContextConfiguration@19aa9ee testClass = UserServiceImplTest, locations = '{}', classes = '{class app.library.usermgmt.user.service.UserServiceImpl}', contextInitializerClasses = '[]', activeProfiles = '{}', propertySourceLocations = '{}', propertySourceProperties = '{}', contextCustomizers = set[org.springframework.boot.test.autoconfigure.actuate.metrics.MetricsExportContextCustomizerFactory$DisableMetricExportContextCustomizer@ace400, org.springframework.boot.test.autoconfigure.properties.PropertyMappingContextCustomizer@0, org.springframework.boot.test.autoconfigure.web.servlet.WebDriverContextCustomizerFactory$Customizer@1098f9b, org.springframework.boot.test.context.filter.ExcludeFilterContextCustomizer@13d0107, org.springframework.boot.test.json.DuplicateJsonObjectContextCustomizerFactory$DuplicateJsonObjectContextCustomizer@cadd41, org.springframework.boot.test.mock.mockito.MockitoContextCustomizer@b148f128], contextLoader = 'org.springframework.test.context.support.DelegatingSmartContextLoader', parent = [null]]]
03:11:09.937 [Test worker] DEBUG org.springframework.test.context.cache - Spring test ApplicationContext cache statistics: [DefaultContextCache@1d5ac51 size = 14, maxSize = 32, parentContextCount = 0, hitCount = 641, missCount = 14]
03:11:09.938 [Test worker] DEBUG org.springframework.test.context.cache.DefaultCacheAwareContextLoaderDelegate - Retrieved ApplicationContext [25193958] from cache with key [[MergedContextConfiguration@19aa9ee testClass = UserServiceImplTest, locations = '{}', classes = '{class app.library.usermgmt.user.service.UserServiceImpl}', contextInitializerClasses = '[]', activeProfiles = '{}', propertySourceLocations = '{}', propertySourceProperties = '{}', contextCustomizers = set[org.springframework.boot.test.autoconfigure.actuate.metrics.MetricsExportContextCustomizerFactory$DisableMetricExportContextCustomizer@ace400, org.springframework.boot.test.autoconfigure.properties.PropertyMappingContextCustomizer@0, org.springframework.boot.test.autoconfigure.web.servlet.WebDriverContextCustomizerFactory$Customizer@1098f9b, org.springframework.boot.test.context.filter.ExcludeFilterContextCustomizer@13d0107, org.springframework.boot.test.json.DuplicateJsonObjectContextCustomizerFactory$DuplicateJsonObjectContextCustomizer@cadd41, org.springframework.boot.test.mock.mockito.MockitoContextCustomizer@b148f128], contextLoader = 'org.springframework.test.context.support.DelegatingSmartContextLoader', parent = [null]]]
03:11:09.938 [Test worker] DEBUG org.springframework.test.context.cache - Spring test ApplicationContext cache statistics: [DefaultContextCache@1d5ac51 size = 14, maxSize = 32, parentContextCount = 0, hitCount = 642, missCount = 14]
03:11:09.938 [Test worker] DEBUG org.springframework.test.context.cache.DefaultCacheAwareContextLoaderDelegate - Retrieved ApplicationContext [25193958] from cache with key [[MergedContextConfiguration@19aa9ee testClass = UserServiceImplTest, locations = '{}', classes = '{class app.library.usermgmt.user.service.UserServiceImpl}', contextInitializerClasses = '[]', activeProfiles = '{}', propertySourceLocations = '{}', propertySourceProperties = '{}', contextCustomizers = set[org.springframework.boot.test.autoconfigure.actuate.metrics.MetricsExportContextCustomizerFactory$DisableMetricExportContextCustomizer@ace400, org.springframework.boot.test.autoconfigure.properties.PropertyMappingContextCustomizer@0, org.springframework.boot.test.autoconfigure.web.servlet.WebDriverContextCustomizerFactory$Customizer@1098f9b, org.springframework.boot.test.context.filter.ExcludeFilterContextCustomizer@13d0107, org.springframework.boot.test.json.DuplicateJsonObjectContextCustomizerFactory$DuplicateJsonObjectContextCustomizer@cadd41, org.springframework.boot.test.mock.mockito.MockitoContextCustomizer@b148f128], contextLoader = 'org.springframework.test.context.support.DelegatingSmartContextLoader', parent = [null]]]
03:11:09.938 [Test worker] DEBUG org.springframework.test.context.cache - Spring test ApplicationContext cache statistics: [DefaultContextCache@1d5ac51 size = 14, maxSize = 32, parentContextCount = 0, hitCount = 643, missCount = 14]
03:11:10.011 [Test worker] DEBUG org.springframework.test.context.cache.DefaultCacheAwareContextLoaderDelegate - Retrieved ApplicationContext [25193958] from cache with key [[MergedContextConfiguration@19aa9ee testClass = UserServiceImplTest, locations = '{}', classes = '{class app.library.usermgmt.user.service.UserServiceImpl}', contextInitializerClasses = '[]', activeProfiles = '{}', propertySourceLocations = '{}', propertySourceProperties = '{}', contextCustomizers = set[org.springframework.boot.test.autoconfigure.actuate.metrics.MetricsExportContextCustomizerFactory$DisableMetricExportContextCustomizer@ace400, org.springframework.boot.test.autoconfigure.properties.PropertyMappingContextCustomizer@0, org.springframework.boot.test.autoconfigure.web.servlet.WebDriverContextCustomizerFactory$Customizer@1098f9b, org.springframework.boot.test.context.filter.ExcludeFilterContextCustomizer@13d0107, org.springframework.boot.test.json.DuplicateJsonObjectContextCustomizerFactory$DuplicateJsonObjectContextCustomizer@cadd41, org.springframework.boot.test.mock.mockito.MockitoContextCustomizer@b148f128], contextLoader = 'org.springframework.test.context.support.DelegatingSmartContextLoader', parent = [null]]]
03:11:10.011 [Test worker] DEBUG org.springframework.test.context.cache - Spring test ApplicationContext cache statistics: [DefaultContextCache@1d5ac51 size = 14, maxSize = 32, parentContextCount = 0, hitCount = 644, missCount = 14]
03:11:10.011 [Test worker] DEBUG org.springframework.test.context.cache.DefaultCacheAwareContextLoaderDelegate - Retrieved ApplicationContext [25193958] from cache with key [[MergedContextConfiguration@19aa9ee testClass = UserServiceImplTest, locations = '{}', classes = '{class app.library.usermgmt.user.service.UserServiceImpl}', contextInitializerClasses = '[]', activeProfiles = '{}', propertySourceLocations = '{}', propertySourceProperties = '{}', contextCustomizers = set[org.springframework.boot.test.autoconfigure.actuate.metrics.MetricsExportContextCustomizerFactory$DisableMetricExportContextCustomizer@ace400, org.springframework.boot.test.autoconfigure.properties.PropertyMappingContextCustomizer@0, org.springframework.boot.test.autoconfigure.web.servlet.WebDriverContextCustomizerFactory$Customizer@1098f9b, org.springframework.boot.test.context.filter.ExcludeFilterContextCustomizer@13d0107, org.springframework.boot.test.json.DuplicateJsonObjectContextCustomizerFactory$DuplicateJsonObjectContextCustomizer@cadd41, org.springframework.boot.test.mock.mockito.MockitoContextCustomizer@b148f128], contextLoader = 'org.springframework.test.context.support.DelegatingSmartContextLoader', parent = [null]]]
03:11:10.011 [Test worker] DEBUG org.springframework.test.context.cache - Spring test ApplicationContext cache statistics: [DefaultContextCache@1d5ac51 size = 14, maxSize = 32, parentContextCount = 0, hitCount = 645, missCount = 14]
03:11:10.012 [Test worker] DEBUG org.springframework.test.context.cache.DefaultCacheAwareContextLoaderDelegate - Retrieved ApplicationContext [25193958] from cache with key [[MergedContextConfiguration@19aa9ee testClass = UserServiceImplTest, locations = '{}', classes = '{class app.library.usermgmt.user.service.UserServiceImpl}', contextInitializerClasses = '[]', activeProfiles = '{}', propertySourceLocations = '{}', propertySourceProperties = '{}', contextCustomizers = set[org.springframework.boot.test.autoconfigure.actuate.metrics.MetricsExportContextCustomizerFactory$DisableMetricExportContextCustomizer@ace400, org.springframework.boot.test.autoconfigure.properties.PropertyMappingContextCustomizer@0, org.springframework.boot.test.autoconfigure.web.servlet.WebDriverContextCustomizerFactory$Customizer@1098f9b, org.springframework.boot.test.context.filter.ExcludeFilterContextCustomizer@13d0107, org.springframework.boot.test.json.DuplicateJsonObjectContextCustomizerFactory$DuplicateJsonObjectContextCustomizer@cadd41, org.springframework.boot.test.mock.mockito.MockitoContextCustomizer@b148f128], contextLoader = 'org.springframework.test.context.support.DelegatingSmartContextLoader', parent = [null]]]
03:11:10.012 [Test worker] DEBUG org.springframework.test.context.cache - Spring test ApplicationContext cache statistics: [DefaultContextCache@1d5ac51 size = 14, maxSize = 32, parentContextCount = 0, hitCount = 646, missCount = 14]
03:11:10.012 [Test worker] DEBUG org.springframework.test.context.cache.DefaultCacheAwareContextLoaderDelegate - Retrieved ApplicationContext [25193958] from cache with key [[MergedContextConfiguration@19aa9ee testClass = UserServiceImplTest, locations = '{}', classes = '{class app.library.usermgmt.user.service.UserServiceImpl}', contextInitializerClasses = '[]', activeProfiles = '{}', propertySourceLocations = '{}', propertySourceProperties = '{}', contextCustomizers = set[org.springframework.boot.test.autoconfigure.actuate.metrics.MetricsExportContextCustomizerFactory$DisableMetricExportContextCustomizer@ace400, org.springframework.boot.test.autoconfigure.properties.PropertyMappingContextCustomizer@0, org.springframework.boot.test.autoconfigure.web.servlet.WebDriverContextCustomizerFactory$Customizer@1098f9b, org.springframework.boot.test.context.filter.ExcludeFilterContextCustomizer@13d0107, org.springframework.boot.test.json.DuplicateJsonObjectContextCustomizerFactory$DuplicateJsonObjectContextCustomizer@cadd41, org.springframework.boot.test.mock.mockito.MockitoContextCustomizer@b148f128], contextLoader = 'org.springframework.test.context.support.DelegatingSmartContextLoader', parent = [null]]]
03:11:10.013 [Test worker] DEBUG org.springframework.test.context.cache - Spring test ApplicationContext cache statistics: [DefaultContextCache@1d5ac51 size = 14, maxSize = 32, parentContextCount = 0, hitCount = 647, missCount = 14]
03:11:10.013 [Test worker] DEBUG org.springframework.test.context.cache.DefaultCacheAwareContextLoaderDelegate - Retrieved ApplicationContext [25193958] from cache with key [[MergedContextConfiguration@19aa9ee testClass = UserServiceImplTest, locations = '{}', classes = '{class app.library.usermgmt.user.service.UserServiceImpl}', contextInitializerClasses = '[]', activeProfiles = '{}', propertySourceLocations = '{}', propertySourceProperties = '{}', contextCustomizers = set[org.springframework.boot.test.autoconfigure.actuate.metrics.MetricsExportContextCustomizerFactory$DisableMetricExportContextCustomizer@ace400, org.springframework.boot.test.autoconfigure.properties.PropertyMappingContextCustomizer@0, org.springframework.boot.test.autoconfigure.web.servlet.WebDriverContextCustomizerFactory$Customizer@1098f9b, org.springframework.boot.test.context.filter.ExcludeFilterContextCustomizer@13d0107, org.springframework.boot.test.json.DuplicateJsonObjectContextCustomizerFactory$DuplicateJsonObjectContextCustomizer@cadd41, org.springframework.boot.test.mock.mockito.MockitoContextCustomizer@b148f128], contextLoader = 'org.springframework.test.context.support.DelegatingSmartContextLoader', parent = [null]]]
03:11:10.013 [Test worker] DEBUG org.springframework.test.context.cache - Spring test ApplicationContext cache statistics: [DefaultContextCache@1d5ac51 size = 14, maxSize = 32, parentContextCount = 0, hitCount = 648, missCount = 14]
03:11:10.013 [Test worker] DEBUG org.springframework.test.context.cache.DefaultCacheAwareContextLoaderDelegate - Retrieved ApplicationContext [25193958] from cache with key [[MergedContextConfiguration@19aa9ee testClass = UserServiceImplTest, locations = '{}', classes = '{class app.library.usermgmt.user.service.UserServiceImpl}', contextInitializerClasses = '[]', activeProfiles = '{}', propertySourceLocations = '{}', propertySourceProperties = '{}', contextCustomizers = set[org.springframework.boot.test.autoconfigure.actuate.metrics.MetricsExportContextCustomizerFactory$DisableMetricExportContextCustomizer@ace400, org.springframework.boot.test.autoconfigure.properties.PropertyMappingContextCustomizer@0, org.springframework.boot.test.autoconfigure.web.servlet.WebDriverContextCustomizerFactory$Customizer@1098f9b, org.springframework.boot.test.context.filter.ExcludeFilterContextCustomizer@13d0107, org.springframework.boot.test.json.DuplicateJsonObjectContextCustomizerFactory$DuplicateJsonObjectContextCustomizer@cadd41, org.springframework.boot.test.mock.mockito.MockitoContextCustomizer@b148f128], contextLoader = 'org.springframework.test.context.support.DelegatingSmartContextLoader', parent = [null]]]
03:11:10.013 [Test worker] DEBUG org.springframework.test.context.cache - Spring test ApplicationContext cache statistics: [DefaultContextCache@1d5ac51 size = 14, maxSize = 32, parentContextCount = 0, hitCount = 649, missCount = 14]
03:11:10.013 [Test worker] DEBUG org.springframework.test.context.support.AbstractDirtiesContextTestExecutionListener - After test method: context [DefaultTestContext@f3ba6a testClass = UserServiceImplTest, testInstance = app.library.usermgmt.user.service.UserServiceImplTest@1796a, testMethod = testLoginUser2@UserServiceImplTest, testException = [null], mergedContextConfiguration = [MergedContextConfiguration@19aa9ee testClass = UserServiceImplTest, locations = '{}', classes = '{class app.library.usermgmt.user.service.UserServiceImpl}', contextInitializerClasses = '[]', activeProfiles = '{}', propertySourceLocations = '{}', propertySourceProperties = '{}', contextCustomizers = set[org.springframework.boot.test.autoconfigure.actuate.metrics.MetricsExportContextCustomizerFactory$DisableMetricExportContextCustomizer@ace400, org.springframework.boot.test.autoconfigure.properties.PropertyMappingContextCustomizer@0, org.springframework.boot.test.autoconfigure.web.servlet.WebDriverContextCustomizerFactory$Customizer@1098f9b, org.springframework.boot.test.context.filter.ExcludeFilterContextCustomizer@13d0107, org.springframework.boot.test.json.DuplicateJsonObjectContextCustomizerFactory$DuplicateJsonObjectContextCustomizer@cadd41, org.springframework.boot.test.mock.mockito.MockitoContextCustomizer@b148f128], contextLoader = 'org.springframework.test.context.support.DelegatingSmartContextLoader', parent = [null]], attributes = map['org.springframework.test.context.event.ApplicationEventsTestExecutionListener.recordApplicationEvents' -> false]], class annotated with @DirtiesContext [false] with mode [null], method annotated with @DirtiesContext [false] with mode [null].
03:11:10.013 [Test worker] DEBUG org.springframework.test.context.cache.DefaultCacheAwareContextLoaderDelegate - Retrieved ApplicationContext [25193958] from cache with key [[MergedContextConfiguration@19aa9ee testClass = UserServiceImplTest, locations = '{}', classes = '{class app.library.usermgmt.user.service.UserServiceImpl}', contextInitializerClasses = '[]', activeProfiles = '{}', propertySourceLocations = '{}', propertySourceProperties = '{}', contextCustomizers = set[org.springframework.boot.test.autoconfigure.actuate.metrics.MetricsExportContextCustomizerFactory$DisableMetricExportContextCustomizer@ace400, org.springframework.boot.test.autoconfigure.properties.PropertyMappingContextCustomizer@0, org.springframework.boot.test.autoconfigure.web.servlet.WebDriverContextCustomizerFactory$Customizer@1098f9b, org.springframework.boot.test.context.filter.ExcludeFilterContextCustomizer@13d0107, org.springframework.boot.test.json.DuplicateJsonObjectContextCustomizerFactory$DuplicateJsonObjectContextCustomizer@cadd41, org.springframework.boot.test.mock.mockito.MockitoContextCustomizer@b148f128], contextLoader = 'org.springframework.test.context.support.DelegatingSmartContextLoader', parent = [null]]]
03:11:10.013 [Test worker] DEBUG org.springframework.test.context.cache - Spring test ApplicationContext cache statistics: [DefaultContextCache@1d5ac51 size = 14, maxSize = 32, parentContextCount = 0, hitCount = 650, missCount = 14]
03:11:10.014 [Test worker] DEBUG org.springframework.test.context.support.DependencyInjectionTestExecutionListener - Performing dependency injection for test context [[DefaultTestContext@f3ba6a testClass = UserServiceImplTest, testInstance = app.library.usermgmt.user.service.UserServiceImplTest@91facf, testMethod = [null], testException = [null], mergedContextConfiguration = [MergedContextConfiguration@19aa9ee testClass = UserServiceImplTest, locations = '{}', classes = '{class app.library.usermgmt.user.service.UserServiceImpl}', contextInitializerClasses = '[]', activeProfiles = '{}', propertySourceLocations = '{}', propertySourceProperties = '{}', contextCustomizers = set[org.springframework.boot.test.autoconfigure.actuate.metrics.MetricsExportContextCustomizerFactory$DisableMetricExportContextCustomizer@ace400, org.springframework.boot.test.autoconfigure.properties.PropertyMappingContextCustomizer@0, org.springframework.boot.test.autoconfigure.web.servlet.WebDriverContextCustomizerFactory$Customizer@1098f9b, org.springframework.boot.test.context.filter.ExcludeFilterContextCustomizer@13d0107, org.springframework.boot.test.json.DuplicateJsonObjectContextCustomizerFactory$DuplicateJsonObjectContextCustomizer@cadd41, org.springframework.boot.test.mock.mockito.MockitoContextCustomizer@b148f128], contextLoader = 'org.springframework.test.context.support.DelegatingSmartContextLoader', parent = [null]], attributes = map['org.springframework.test.context.event.ApplicationEventsTestExecutionListener.recordApplicationEvents' -> false]]].
03:11:10.014 [Test worker] DEBUG org.springframework.test.context.cache.DefaultCacheAwareContextLoaderDelegate - Retrieved ApplicationContext [25193958] from cache with key [[MergedContextConfiguration@19aa9ee testClass = UserServiceImplTest, locations = '{}', classes = '{class app.library.usermgmt.user.service.UserServiceImpl}', contextInitializerClasses = '[]', activeProfiles = '{}', propertySourceLocations = '{}', propertySourceProperties = '{}', contextCustomizers = set[org.springframework.boot.test.autoconfigure.actuate.metrics.MetricsExportContextCustomizerFactory$DisableMetricExportContextCustomizer@ace400, org.springframework.boot.test.autoconfigure.properties.PropertyMappingContextCustomizer@0, org.springframework.boot.test.autoconfigure.web.servlet.WebDriverContextCustomizerFactory$Customizer@1098f9b, org.springframework.boot.test.context.filter.ExcludeFilterContextCustomizer@13d0107, org.springframework.boot.test.json.DuplicateJsonObjectContextCustomizerFactory$DuplicateJsonObjectContextCustomizer@cadd41, org.springframework.boot.test.mock.mockito.MockitoContextCustomizer@b148f128], contextLoader = 'org.springframework.test.context.support.DelegatingSmartContextLoader', parent = [null]]]
03:11:10.014 [Test worker] DEBUG org.springframework.test.context.cache - Spring test ApplicationContext cache statistics: [DefaultContextCache@1d5ac51 size = 14, maxSize = 32, parentContextCount = 0, hitCount = 651, missCount = 14]
03:11:10.014 [Test worker] DEBUG org.springframework.test.context.cache.DefaultCacheAwareContextLoaderDelegate - Retrieved ApplicationContext [25193958] from cache with key [[MergedContextConfiguration@19aa9ee testClass = UserServiceImplTest, locations = '{}', classes = '{class app.library.usermgmt.user.service.UserServiceImpl}', contextInitializerClasses = '[]', activeProfiles = '{}', propertySourceLocations = '{}', propertySourceProperties = '{}', contextCustomizers = set[org.springframework.boot.test.autoconfigure.actuate.metrics.MetricsExportContextCustomizerFactory$DisableMetricExportContextCustomizer@ace400, org.springframework.boot.test.autoconfigure.properties.PropertyMappingContextCustomizer@0, org.springframework.boot.test.autoconfigure.web.servlet.WebDriverContextCustomizerFactory$Customizer@1098f9b, org.springframework.boot.test.context.filter.ExcludeFilterContextCustomizer@13d0107, org.springframework.boot.test.json.DuplicateJsonObjectContextCustomizerFactory$DuplicateJsonObjectContextCustomizer@cadd41, org.springframework.boot.test.mock.mockito.MockitoContextCustomizer@b148f128], contextLoader = 'org.springframework.test.context.support.DelegatingSmartContextLoader', parent = [null]]]
03:11:10.014 [Test worker] DEBUG org.springframework.test.context.cache - Spring test ApplicationContext cache statistics: [DefaultContextCache@1d5ac51 size = 14, maxSize = 32, parentContextCount = 0, hitCount = 652, missCount = 14]
03:11:10.015 [Test worker] DEBUG org.springframework.test.context.support.AbstractDirtiesContextTestExecutionListener - Before test method: context [DefaultTestContext@f3ba6a testClass = UserServiceImplTest, testInstance = app.library.usermgmt.user.service.UserServiceImplTest@91facf, testMethod = testLoginUser3@UserServiceImplTest, testException = [null], mergedContextConfiguration = [MergedContextConfiguration@19aa9ee testClass = UserServiceImplTest, locations = '{}', classes = '{class app.library.usermgmt.user.service.UserServiceImpl}', contextInitializerClasses = '[]', activeProfiles = '{}', propertySourceLocations = '{}', propertySourceProperties = '{}', contextCustomizers = set[org.springframework.boot.test.autoconfigure.actuate.metrics.MetricsExportContextCustomizerFactory$DisableMetricExportContextCustomizer@ace400, org.springframework.boot.test.autoconfigure.properties.PropertyMappingContextCustomizer@0, org.springframework.boot.test.autoconfigure.web.servlet.WebDriverContextCustomizerFactory$Customizer@1098f9b, org.springframework.boot.test.context.filter.ExcludeFilterContextCustomizer@13d0107, org.springframework.boot.test.json.DuplicateJsonObjectContextCustomizerFactory$DuplicateJsonObjectContextCustomizer@cadd41, org.springframework.boot.test.mock.mockito.MockitoContextCustomizer@b148f128], contextLoader = 'org.springframework.test.context.support.DelegatingSmartContextLoader', parent = [null]], attributes = map['org.springframework.test.context.event.ApplicationEventsTestExecutionListener.recordApplicationEvents' -> false]], class annotated with @DirtiesContext [false] with mode [null], method annotated with @DirtiesContext [false] with mode [null].
03:11:10.015 [Test worker] DEBUG org.springframework.test.context.cache.DefaultCacheAwareContextLoaderDelegate - Retrieved ApplicationContext [25193958] from cache with key [[MergedContextConfiguration@19aa9ee testClass = UserServiceImplTest, locations = '{}', classes = '{class app.library.usermgmt.user.service.UserServiceImpl}', contextInitializerClasses = '[]', activeProfiles = '{}', propertySourceLocations = '{}', propertySourceProperties = '{}', contextCustomizers = set[org.springframework.boot.test.autoconfigure.actuate.metrics.MetricsExportContextCustomizerFactory$DisableMetricExportContextCustomizer@ace400, org.springframework.boot.test.autoconfigure.properties.PropertyMappingContextCustomizer@0, org.springframework.boot.test.autoconfigure.web.servlet.WebDriverContextCustomizerFactory$Customizer@1098f9b, org.springframework.boot.test.context.filter.ExcludeFilterContextCustomizer@13d0107, org.springframework.boot.test.json.DuplicateJsonObjectContextCustomizerFactory$DuplicateJsonObjectContextCustomizer@cadd41, org.springframework.boot.test.mock.mockito.MockitoContextCustomizer@b148f128], contextLoader = 'org.springframework.test.context.support.DelegatingSmartContextLoader', parent = [null]]]
03:11:10.015 [Test worker] DEBUG org.springframework.test.context.cache - Spring test ApplicationContext cache statistics: [DefaultContextCache@1d5ac51 size = 14, maxSize = 32, parentContextCount = 0, hitCount = 653, missCount = 14]
03:11:10.015 [Test worker] DEBUG org.springframework.test.context.cache.DefaultCacheAwareContextLoaderDelegate - Retrieved ApplicationContext [25193958] from cache with key [[MergedContextConfiguration@19aa9ee testClass = UserServiceImplTest, locations = '{}', classes = '{class app.library.usermgmt.user.service.UserServiceImpl}', contextInitializerClasses = '[]', activeProfiles = '{}', propertySourceLocations = '{}', propertySourceProperties = '{}', contextCustomizers = set[org.springframework.boot.test.autoconfigure.actuate.metrics.MetricsExportContextCustomizerFactory$DisableMetricExportContextCustomizer@ace400, org.springframework.boot.test.autoconfigure.properties.PropertyMappingContextCustomizer@0, org.springframework.boot.test.autoconfigure.web.servlet.WebDriverContextCustomizerFactory$Customizer@1098f9b, org.springframework.boot.test.context.filter.ExcludeFilterContextCustomizer@13d0107, org.springframework.boot.test.json.DuplicateJsonObjectContextCustomizerFactory$DuplicateJsonObjectContextCustomizer@cadd41, org.springframework.boot.test.mock.mockito.MockitoContextCustomizer@b148f128], contextLoader = 'org.springframework.test.context.support.DelegatingSmartContextLoader', parent = [null]]]
03:11:10.015 [Test worker] DEBUG org.springframework.test.context.cache - Spring test ApplicationContext cache statistics: [DefaultContextCache@1d5ac51 size = 14, maxSize = 32, parentContextCount = 0, hitCount = 654, missCount = 14]
03:11:10.015 [Test worker] DEBUG org.springframework.test.context.cache.DefaultCacheAwareContextLoaderDelegate - Retrieved ApplicationContext [25193958] from cache with key [[MergedContextConfiguration@19aa9ee testClass = UserServiceImplTest, locations = '{}', classes = '{class app.library.usermgmt.user.service.UserServiceImpl}', contextInitializerClasses = '[]', activeProfiles = '{}', propertySourceLocations = '{}', propertySourceProperties = '{}', contextCustomizers = set[org.springframework.boot.test.autoconfigure.actuate.metrics.MetricsExportContextCustomizerFactory$DisableMetricExportContextCustomizer@ace400, org.springframework.boot.test.autoconfigure.properties.PropertyMappingContextCustomizer@0, org.springframework.boot.test.autoconfigure.web.servlet.WebDriverContextCustomizerFactory$Customizer@1098f9b, org.springframework.boot.test.context.filter.ExcludeFilterContextCustomizer@13d0107, org.springframework.boot.test.json.DuplicateJsonObjectContextCustomizerFactory$DuplicateJsonObjectContextCustomizer@cadd41, org.springframework.boot.test.mock.mockito.MockitoContextCustomizer@b148f128], contextLoader = 'org.springframework.test.context.support.DelegatingSmartContextLoader', parent = [null]]]
03:11:10.015 [Test worker] DEBUG org.springframework.test.context.cache - Spring test ApplicationContext cache statistics: [DefaultContextCache@1d5ac51 size = 14, maxSize = 32, parentContextCount = 0, hitCount = 655, missCount = 14]
03:11:10.087 [Test worker] DEBUG org.springframework.test.context.cache.DefaultCacheAwareContextLoaderDelegate - Retrieved ApplicationContext [25193958] from cache with key [[MergedContextConfiguration@19aa9ee testClass = UserServiceImplTest, locations = '{}', classes = '{class app.library.usermgmt.user.service.UserServiceImpl}', contextInitializerClasses = '[]', activeProfiles = '{}', propertySourceLocations = '{}', propertySourceProperties = '{}', contextCustomizers = set[org.springframework.boot.test.autoconfigure.actuate.metrics.MetricsExportContextCustomizerFactory$DisableMetricExportContextCustomizer@ace400, org.springframework.boot.test.autoconfigure.properties.PropertyMappingContextCustomizer@0, org.springframework.boot.test.autoconfigure.web.servlet.WebDriverContextCustomizerFactory$Customizer@1098f9b, org.springframework.boot.test.context.filter.ExcludeFilterContextCustomizer@13d0107, org.springframework.boot.test.json.DuplicateJsonObjectContextCustomizerFactory$DuplicateJsonObjectContextCustomizer@cadd41, org.springframework.boot.test.mock.mockito.MockitoContextCustomizer@b148f128], contextLoader = 'org.springframework.test.context.support.DelegatingSmartContextLoader', parent = [null]]]
03:11:10.087 [Test worker] DEBUG org.springframework.test.context.cache - Spring test ApplicationContext cache statistics: [DefaultContextCache@1d5ac51 size = 14, maxSize = 32, parentContextCount = 0, hitCount = 656, missCount = 14]
03:11:10.087 [Test worker] DEBUG org.springframework.test.context.cache.DefaultCacheAwareContextLoaderDelegate - Retrieved ApplicationContext [25193958] from cache with key [[MergedContextConfiguration@19aa9ee testClass = UserServiceImplTest, locations = '{}', classes = '{class app.library.usermgmt.user.service.UserServiceImpl}', contextInitializerClasses = '[]', activeProfiles = '{}', propertySourceLocations = '{}', propertySourceProperties = '{}', contextCustomizers = set[org.springframework.boot.test.autoconfigure.actuate.metrics.MetricsExportContextCustomizerFactory$DisableMetricExportContextCustomizer@ace400, org.springframework.boot.test.autoconfigure.properties.PropertyMappingContextCustomizer@0, org.springframework.boot.test.autoconfigure.web.servlet.WebDriverContextCustomizerFactory$Customizer@1098f9b, org.springframework.boot.test.context.filter.ExcludeFilterContextCustomizer@13d0107, org.springframework.boot.test.json.DuplicateJsonObjectContextCustomizerFactory$DuplicateJsonObjectContextCustomizer@cadd41, org.springframework.boot.test.mock.mockito.MockitoContextCustomizer@b148f128], contextLoader = 'org.springframework.test.context.support.DelegatingSmartContextLoader', parent = [null]]]
03:11:10.087 [Test worker] DEBUG org.springframework.test.context.cache - Spring test ApplicationContext cache statistics: [DefaultContextCache@1d5ac51 size = 14, maxSize = 32, parentContextCount = 0, hitCount = 657, missCount = 14]
03:11:10.088 [Test worker] DEBUG org.springframework.test.context.cache.DefaultCacheAwareContextLoaderDelegate - Retrieved ApplicationContext [25193958] from cache with key [[MergedContextConfiguration@19aa9ee testClass = UserServiceImplTest, locations = '{}', classes = '{class app.library.usermgmt.user.service.UserServiceImpl}', contextInitializerClasses = '[]', activeProfiles = '{}', propertySourceLocations = '{}', propertySourceProperties = '{}', contextCustomizers = set[org.springframework.boot.test.autoconfigure.actuate.metrics.MetricsExportContextCustomizerFactory$DisableMetricExportContextCustomizer@ace400, org.springframework.boot.test.autoconfigure.properties.PropertyMappingContextCustomizer@0, org.springframework.boot.test.autoconfigure.web.servlet.WebDriverContextCustomizerFactory$Customizer@1098f9b, org.springframework.boot.test.context.filter.ExcludeFilterContextCustomizer@13d0107, org.springframework.boot.test.json.DuplicateJsonObjectContextCustomizerFactory$DuplicateJsonObjectContextCustomizer@cadd41, org.springframework.boot.test.mock.mockito.MockitoContextCustomizer@b148f128], contextLoader = 'org.springframework.test.context.support.DelegatingSmartContextLoader', parent = [null]]]
03:11:10.088 [Test worker] DEBUG org.springframework.test.context.cache - Spring test ApplicationContext cache statistics: [DefaultContextCache@1d5ac51 size = 14, maxSize = 32, parentContextCount = 0, hitCount = 658, missCount = 14]
03:11:10.088 [Test worker] DEBUG org.springframework.test.context.cache.DefaultCacheAwareContextLoaderDelegate - Retrieved ApplicationContext [25193958] from cache with key [[MergedContextConfiguration@19aa9ee testClass = UserServiceImplTest, locations = '{}', classes = '{class app.library.usermgmt.user.service.UserServiceImpl}', contextInitializerClasses = '[]', activeProfiles = '{}', propertySourceLocations = '{}', propertySourceProperties = '{}', contextCustomizers = set[org.springframework.boot.test.autoconfigure.actuate.metrics.MetricsExportContextCustomizerFactory$DisableMetricExportContextCustomizer@ace400, org.springframework.boot.test.autoconfigure.properties.PropertyMappingContextCustomizer@0, org.springframework.boot.test.autoconfigure.web.servlet.WebDriverContextCustomizerFactory$Customizer@1098f9b, org.springframework.boot.test.context.filter.ExcludeFilterContextCustomizer@13d0107, org.springframework.boot.test.json.DuplicateJsonObjectContextCustomizerFactory$DuplicateJsonObjectContextCustomizer@cadd41, org.springframework.boot.test.mock.mockito.MockitoContextCustomizer@b148f128], contextLoader = 'org.springframework.test.context.support.DelegatingSmartContextLoader', parent = [null]]]
03:11:10.088 [Test worker] DEBUG org.springframework.test.context.cache - Spring test ApplicationContext cache statistics: [DefaultContextCache@1d5ac51 size = 14, maxSize = 32, parentContextCount = 0, hitCount = 659, missCount = 14]
03:11:10.088 [Test worker] DEBUG org.springframework.test.context.cache.DefaultCacheAwareContextLoaderDelegate - Retrieved ApplicationContext [25193958] from cache with key [[MergedContextConfiguration@19aa9ee testClass = UserServiceImplTest, locations = '{}', classes = '{class app.library.usermgmt.user.service.UserServiceImpl}', contextInitializerClasses = '[]', activeProfiles = '{}', propertySourceLocations = '{}', propertySourceProperties = '{}', contextCustomizers = set[org.springframework.boot.test.autoconfigure.actuate.metrics.MetricsExportContextCustomizerFactory$DisableMetricExportContextCustomizer@ace400, org.springframework.boot.test.autoconfigure.properties.PropertyMappingContextCustomizer@0, org.springframework.boot.test.autoconfigure.web.servlet.WebDriverContextCustomizerFactory$Customizer@1098f9b, org.springframework.boot.test.context.filter.ExcludeFilterContextCustomizer@13d0107, org.springframework.boot.test.json.DuplicateJsonObjectContextCustomizerFactory$DuplicateJsonObjectContextCustomizer@cadd41, org.springframework.boot.test.mock.mockito.MockitoContextCustomizer@b148f128], contextLoader = 'org.springframework.test.context.support.DelegatingSmartContextLoader', parent = [null]]]
03:11:10.088 [Test worker] DEBUG org.springframework.test.context.cache - Spring test ApplicationContext cache statistics: [DefaultContextCache@1d5ac51 size = 14, maxSize = 32, parentContextCount = 0, hitCount = 660, missCount = 14]
03:11:10.088 [Test worker] DEBUG org.springframework.test.context.cache.DefaultCacheAwareContextLoaderDelegate - Retrieved ApplicationContext [25193958] from cache with key [[MergedContextConfiguration@19aa9ee testClass = UserServiceImplTest, locations = '{}', classes = '{class app.library.usermgmt.user.service.UserServiceImpl}', contextInitializerClasses = '[]', activeProfiles = '{}', propertySourceLocations = '{}', propertySourceProperties = '{}', contextCustomizers = set[org.springframework.boot.test.autoconfigure.actuate.metrics.MetricsExportContextCustomizerFactory$DisableMetricExportContextCustomizer@ace400, org.springframework.boot.test.autoconfigure.properties.PropertyMappingContextCustomizer@0, org.springframework.boot.test.autoconfigure.web.servlet.WebDriverContextCustomizerFactory$Customizer@1098f9b, org.springframework.boot.test.context.filter.ExcludeFilterContextCustomizer@13d0107, org.springframework.boot.test.json.DuplicateJsonObjectContextCustomizerFactory$DuplicateJsonObjectContextCustomizer@cadd41, org.springframework.boot.test.mock.mockito.MockitoContextCustomizer@b148f128], contextLoader = 'org.springframework.test.context.support.DelegatingSmartContextLoader', parent = [null]]]
03:11:10.088 [Test worker] DEBUG org.springframework.test.context.cache - Spring test ApplicationContext cache statistics: [DefaultContextCache@1d5ac51 size = 14, maxSize = 32, parentContextCount = 0, hitCount = 661, missCount = 14]
03:11:10.088 [Test worker] DEBUG org.springframework.test.context.support.AbstractDirtiesContextTestExecutionListener - After test method: context [DefaultTestContext@f3ba6a testClass = UserServiceImplTest, testInstance = app.library.usermgmt.user.service.UserServiceImplTest@91facf, testMethod = testLoginUser3@UserServiceImplTest, testException = [null], mergedContextConfiguration = [MergedContextConfiguration@19aa9ee testClass = UserServiceImplTest, locations = '{}', classes = '{class app.library.usermgmt.user.service.UserServiceImpl}', contextInitializerClasses = '[]', activeProfiles = '{}', propertySourceLocations = '{}', propertySourceProperties = '{}', contextCustomizers = set[org.springframework.boot.test.autoconfigure.actuate.metrics.MetricsExportContextCustomizerFactory$DisableMetricExportContextCustomizer@ace400, org.springframework.boot.test.autoconfigure.properties.PropertyMappingContextCustomizer@0, org.springframework.boot.test.autoconfigure.web.servlet.WebDriverContextCustomizerFactory$Customizer@1098f9b, org.springframework.boot.test.context.filter.ExcludeFilterContextCustomizer@13d0107, org.springframework.boot.test.json.DuplicateJsonObjectContextCustomizerFactory$DuplicateJsonObjectContextCustomizer@cadd41, org.springframework.boot.test.mock.mockito.MockitoContextCustomizer@b148f128], contextLoader = 'org.springframework.test.context.support.DelegatingSmartContextLoader', parent = [null]], attributes = map['org.springframework.test.context.event.ApplicationEventsTestExecutionListener.recordApplicationEvents' -> false]], class annotated with @DirtiesContext [false] with mode [null], method annotated with @DirtiesContext [false] with mode [null].
03:11:10.089 [Test worker] DEBUG org.springframework.test.context.cache.DefaultCacheAwareContextLoaderDelegate - Retrieved ApplicationContext [25193958] from cache with key [[MergedContextConfiguration@19aa9ee testClass = UserServiceImplTest, locations = '{}', classes = '{class app.library.usermgmt.user.service.UserServiceImpl}', contextInitializerClasses = '[]', activeProfiles = '{}', propertySourceLocations = '{}', propertySourceProperties = '{}', contextCustomizers = set[org.springframework.boot.test.autoconfigure.actuate.metrics.MetricsExportContextCustomizerFactory$DisableMetricExportContextCustomizer@ace400, org.springframework.boot.test.autoconfigure.properties.PropertyMappingContextCustomizer@0, org.springframework.boot.test.autoconfigure.web.servlet.WebDriverContextCustomizerFactory$Customizer@1098f9b, org.springframework.boot.test.context.filter.ExcludeFilterContextCustomizer@13d0107, org.springframework.boot.test.json.DuplicateJsonObjectContextCustomizerFactory$DuplicateJsonObjectContextCustomizer@cadd41, org.springframework.boot.test.mock.mockito.MockitoContextCustomizer@b148f128], contextLoader = 'org.springframework.test.context.support.DelegatingSmartContextLoader', parent = [null]]]
03:11:10.089 [Test worker] DEBUG org.springframework.test.context.cache - Spring test ApplicationContext cache statistics: [DefaultContextCache@1d5ac51 size = 14, maxSize = 32, parentContextCount = 0, hitCount = 662, missCount = 14]
03:11:10.089 [Test worker] DEBUG org.springframework.test.context.support.DependencyInjectionTestExecutionListener - Performing dependency injection for test context [[DefaultTestContext@f3ba6a testClass = UserServiceImplTest, testInstance = app.library.usermgmt.user.service.UserServiceImplTest@1f0f70a, testMethod = [null], testException = [null], mergedContextConfiguration = [MergedContextConfiguration@19aa9ee testClass = UserServiceImplTest, locations = '{}', classes = '{class app.library.usermgmt.user.service.UserServiceImpl}', contextInitializerClasses = '[]', activeProfiles = '{}', propertySourceLocations = '{}', propertySourceProperties = '{}', contextCustomizers = set[org.springframework.boot.test.autoconfigure.actuate.metrics.MetricsExportContextCustomizerFactory$DisableMetricExportContextCustomizer@ace400, org.springframework.boot.test.autoconfigure.properties.PropertyMappingContextCustomizer@0, org.springframework.boot.test.autoconfigure.web.servlet.WebDriverContextCustomizerFactory$Customizer@1098f9b, org.springframework.boot.test.context.filter.ExcludeFilterContextCustomizer@13d0107, org.springframework.boot.test.json.DuplicateJsonObjectContextCustomizerFactory$DuplicateJsonObjectContextCustomizer@cadd41, org.springframework.boot.test.mock.mockito.MockitoContextCustomizer@b148f128], contextLoader = 'org.springframework.test.context.support.DelegatingSmartContextLoader', parent = [null]], attributes = map['org.springframework.test.context.event.ApplicationEventsTestExecutionListener.recordApplicationEvents' -> false]]].
03:11:10.089 [Test worker] DEBUG org.springframework.test.context.cache.DefaultCacheAwareContextLoaderDelegate - Retrieved ApplicationContext [25193958] from cache with key [[MergedContextConfiguration@19aa9ee testClass = UserServiceImplTest, locations = '{}', classes = '{class app.library.usermgmt.user.service.UserServiceImpl}', contextInitializerClasses = '[]', activeProfiles = '{}', propertySourceLocations = '{}', propertySourceProperties = '{}', contextCustomizers = set[org.springframework.boot.test.autoconfigure.actuate.metrics.MetricsExportContextCustomizerFactory$DisableMetricExportContextCustomizer@ace400, org.springframework.boot.test.autoconfigure.properties.PropertyMappingContextCustomizer@0, org.springframework.boot.test.autoconfigure.web.servlet.WebDriverContextCustomizerFactory$Customizer@1098f9b, org.springframework.boot.test.context.filter.ExcludeFilterContextCustomizer@13d0107, org.springframework.boot.test.json.DuplicateJsonObjectContextCustomizerFactory$DuplicateJsonObjectContextCustomizer@cadd41, org.springframework.boot.test.mock.mockito.MockitoContextCustomizer@b148f128], contextLoader = 'org.springframework.test.context.support.DelegatingSmartContextLoader', parent = [null]]]
03:11:10.089 [Test worker] DEBUG org.springframework.test.context.cache - Spring test ApplicationContext cache statistics: [DefaultContextCache@1d5ac51 size = 14, maxSize = 32, parentContextCount = 0, hitCount = 663, missCount = 14]
03:11:10.089 [Test worker] DEBUG org.springframework.test.context.cache.DefaultCacheAwareContextLoaderDelegate - Retrieved ApplicationContext [25193958] from cache with key [[MergedContextConfiguration@19aa9ee testClass = UserServiceImplTest, locations = '{}', classes = '{class app.library.usermgmt.user.service.UserServiceImpl}', contextInitializerClasses = '[]', activeProfiles = '{}', propertySourceLocations = '{}', propertySourceProperties = '{}', contextCustomizers = set[org.springframework.boot.test.autoconfigure.actuate.metrics.MetricsExportContextCustomizerFactory$DisableMetricExportContextCustomizer@ace400, org.springframework.boot.test.autoconfigure.properties.PropertyMappingContextCustomizer@0, org.springframework.boot.test.autoconfigure.web.servlet.WebDriverContextCustomizerFactory$Customizer@1098f9b, org.springframework.boot.test.context.filter.ExcludeFilterContextCustomizer@13d0107, org.springframework.boot.test.json.DuplicateJsonObjectContextCustomizerFactory$DuplicateJsonObjectContextCustomizer@cadd41, org.springframework.boot.test.mock.mockito.MockitoContextCustomizer@b148f128], contextLoader = 'org.springframework.test.context.support.DelegatingSmartContextLoader', parent = [null]]]
03:11:10.089 [Test worker] DEBUG org.springframework.test.context.cache - Spring test ApplicationContext cache statistics: [DefaultContextCache@1d5ac51 size = 14, maxSize = 32, parentContextCount = 0, hitCount = 664, missCount = 14]
03:11:10.090 [Test worker] DEBUG org.springframework.test.context.support.AbstractDirtiesContextTestExecutionListener - Before test method: context [DefaultTestContext@f3ba6a testClass = UserServiceImplTest, testInstance = app.library.usermgmt.user.service.UserServiceImplTest@1f0f70a, testMethod = testLoginUser4@UserServiceImplTest, testException = [null], mergedContextConfiguration = [MergedContextConfiguration@19aa9ee testClass = UserServiceImplTest, locations = '{}', classes = '{class app.library.usermgmt.user.service.UserServiceImpl}', contextInitializerClasses = '[]', activeProfiles = '{}', propertySourceLocations = '{}', propertySourceProperties = '{}', contextCustomizers = set[org.springframework.boot.test.autoconfigure.actuate.metrics.MetricsExportContextCustomizerFactory$DisableMetricExportContextCustomizer@ace400, org.springframework.boot.test.autoconfigure.properties.PropertyMappingContextCustomizer@0, org.springframework.boot.test.autoconfigure.web.servlet.WebDriverContextCustomizerFactory$Customizer@1098f9b, org.springframework.boot.test.context.filter.ExcludeFilterContextCustomizer@13d0107, org.springframework.boot.test.json.DuplicateJsonObjectContextCustomizerFactory$DuplicateJsonObjectContextCustomizer@cadd41, org.springframework.boot.test.mock.mockito.MockitoContextCustomizer@b148f128], contextLoader = 'org.springframework.test.context.support.DelegatingSmartContextLoader', parent = [null]], attributes = map['org.springframework.test.context.event.ApplicationEventsTestExecutionListener.recordApplicationEvents' -> false]], class annotated with @DirtiesContext [false] with mode [null], method annotated with @DirtiesContext [false] with mode [null].
03:11:10.090 [Test worker] DEBUG org.springframework.test.context.cache.DefaultCacheAwareContextLoaderDelegate - Retrieved ApplicationContext [25193958] from cache with key [[MergedContextConfiguration@19aa9ee testClass = UserServiceImplTest, locations = '{}', classes = '{class app.library.usermgmt.user.service.UserServiceImpl}', contextInitializerClasses = '[]', activeProfiles = '{}', propertySourceLocations = '{}', propertySourceProperties = '{}', contextCustomizers = set[org.springframework.boot.test.autoconfigure.actuate.metrics.MetricsExportContextCustomizerFactory$DisableMetricExportContextCustomizer@ace400, org.springframework.boot.test.autoconfigure.properties.PropertyMappingContextCustomizer@0, org.springframework.boot.test.autoconfigure.web.servlet.WebDriverContextCustomizerFactory$Customizer@1098f9b, org.springframework.boot.test.context.filter.ExcludeFilterContextCustomizer@13d0107, org.springframework.boot.test.json.DuplicateJsonObjectContextCustomizerFactory$DuplicateJsonObjectContextCustomizer@cadd41, org.springframework.boot.test.mock.mockito.MockitoContextCustomizer@b148f128], contextLoader = 'org.springframework.test.context.support.DelegatingSmartContextLoader', parent = [null]]]
03:11:10.090 [Test worker] DEBUG org.springframework.test.context.cache - Spring test ApplicationContext cache statistics: [DefaultContextCache@1d5ac51 size = 14, maxSize = 32, parentContextCount = 0, hitCount = 665, missCount = 14]
03:11:10.091 [Test worker] DEBUG org.springframework.test.context.cache.DefaultCacheAwareContextLoaderDelegate - Retrieved ApplicationContext [25193958] from cache with key [[MergedContextConfiguration@19aa9ee testClass = UserServiceImplTest, locations = '{}', classes = '{class app.library.usermgmt.user.service.UserServiceImpl}', contextInitializerClasses = '[]', activeProfiles = '{}', propertySourceLocations = '{}', propertySourceProperties = '{}', contextCustomizers = set[org.springframework.boot.test.autoconfigure.actuate.metrics.MetricsExportContextCustomizerFactory$DisableMetricExportContextCustomizer@ace400, org.springframework.boot.test.autoconfigure.properties.PropertyMappingContextCustomizer@0, org.springframework.boot.test.autoconfigure.web.servlet.WebDriverContextCustomizerFactory$Customizer@1098f9b, org.springframework.boot.test.context.filter.ExcludeFilterContextCustomizer@13d0107, org.springframework.boot.test.json.DuplicateJsonObjectContextCustomizerFactory$DuplicateJsonObjectContextCustomizer@cadd41, org.springframework.boot.test.mock.mockito.MockitoContextCustomizer@b148f128], contextLoader = 'org.springframework.test.context.support.DelegatingSmartContextLoader', parent = [null]]]
03:11:10.091 [Test worker] DEBUG org.springframework.test.context.cache - Spring test ApplicationContext cache statistics: [DefaultContextCache@1d5ac51 size = 14, maxSize = 32, parentContextCount = 0, hitCount = 666, missCount = 14]
03:11:10.091 [Test worker] DEBUG org.springframework.test.context.cache.DefaultCacheAwareContextLoaderDelegate - Retrieved ApplicationContext [25193958] from cache with key [[MergedContextConfiguration@19aa9ee testClass = UserServiceImplTest, locations = '{}', classes = '{class app.library.usermgmt.user.service.UserServiceImpl}', contextInitializerClasses = '[]', activeProfiles = '{}', propertySourceLocations = '{}', propertySourceProperties = '{}', contextCustomizers = set[org.springframework.boot.test.autoconfigure.actuate.metrics.MetricsExportContextCustomizerFactory$DisableMetricExportContextCustomizer@ace400, org.springframework.boot.test.autoconfigure.properties.PropertyMappingContextCustomizer@0, org.springframework.boot.test.autoconfigure.web.servlet.WebDriverContextCustomizerFactory$Customizer@1098f9b, org.springframework.boot.test.context.filter.ExcludeFilterContextCustomizer@13d0107, org.springframework.boot.test.json.DuplicateJsonObjectContextCustomizerFactory$DuplicateJsonObjectContextCustomizer@cadd41, org.springframework.boot.test.mock.mockito.MockitoContextCustomizer@b148f128], contextLoader = 'org.springframework.test.context.support.DelegatingSmartContextLoader', parent = [null]]]
03:11:10.091 [Test worker] DEBUG org.springframework.test.context.cache - Spring test ApplicationContext cache statistics: [DefaultContextCache@1d5ac51 size = 14, maxSize = 32, parentContextCount = 0, hitCount = 667, missCount = 14]
03:11:10.166 [Test worker] DEBUG org.springframework.test.context.cache.DefaultCacheAwareContextLoaderDelegate - Retrieved ApplicationContext [25193958] from cache with key [[MergedContextConfiguration@19aa9ee testClass = UserServiceImplTest, locations = '{}', classes = '{class app.library.usermgmt.user.service.UserServiceImpl}', contextInitializerClasses = '[]', activeProfiles = '{}', propertySourceLocations = '{}', propertySourceProperties = '{}', contextCustomizers = set[org.springframework.boot.test.autoconfigure.actuate.metrics.MetricsExportContextCustomizerFactory$DisableMetricExportContextCustomizer@ace400, org.springframework.boot.test.autoconfigure.properties.PropertyMappingContextCustomizer@0, org.springframework.boot.test.autoconfigure.web.servlet.WebDriverContextCustomizerFactory$Customizer@1098f9b, org.springframework.boot.test.context.filter.ExcludeFilterContextCustomizer@13d0107, org.springframework.boot.test.json.DuplicateJsonObjectContextCustomizerFactory$DuplicateJsonObjectContextCustomizer@cadd41, org.springframework.boot.test.mock.mockito.MockitoContextCustomizer@b148f128], contextLoader = 'org.springframework.test.context.support.DelegatingSmartContextLoader', parent = [null]]]
03:11:10.166 [Test worker] DEBUG org.springframework.test.context.cache - Spring test ApplicationContext cache statistics: [DefaultContextCache@1d5ac51 size = 14, maxSize = 32, parentContextCount = 0, hitCount = 668, missCount = 14]
03:11:10.166 [Test worker] DEBUG org.springframework.test.context.cache.DefaultCacheAwareContextLoaderDelegate - Retrieved ApplicationContext [25193958] from cache with key [[MergedContextConfiguration@19aa9ee testClass = UserServiceImplTest, locations = '{}', classes = '{class app.library.usermgmt.user.service.UserServiceImpl}', contextInitializerClasses = '[]', activeProfiles = '{}', propertySourceLocations = '{}', propertySourceProperties = '{}', contextCustomizers = set[org.springframework.boot.test.autoconfigure.actuate.metrics.MetricsExportContextCustomizerFactory$DisableMetricExportContextCustomizer@ace400, org.springframework.boot.test.autoconfigure.properties.PropertyMappingContextCustomizer@0, org.springframework.boot.test.autoconfigure.web.servlet.WebDriverContextCustomizerFactory$Customizer@1098f9b, org.springframework.boot.test.context.filter.ExcludeFilterContextCustomizer@13d0107, org.springframework.boot.test.json.DuplicateJsonObjectContextCustomizerFactory$DuplicateJsonObjectContextCustomizer@cadd41, org.springframework.boot.test.mock.mockito.MockitoContextCustomizer@b148f128], contextLoader = 'org.springframework.test.context.support.DelegatingSmartContextLoader', parent = [null]]]
03:11:10.166 [Test worker] DEBUG org.springframework.test.context.cache - Spring test ApplicationContext cache statistics: [DefaultContextCache@1d5ac51 size = 14, maxSize = 32, parentContextCount = 0, hitCount = 669, missCount = 14]
03:11:10.166 [Test worker] DEBUG org.springframework.test.context.cache.DefaultCacheAwareContextLoaderDelegate - Retrieved ApplicationContext [25193958] from cache with key [[MergedContextConfiguration@19aa9ee testClass = UserServiceImplTest, locations = '{}', classes = '{class app.library.usermgmt.user.service.UserServiceImpl}', contextInitializerClasses = '[]', activeProfiles = '{}', propertySourceLocations = '{}', propertySourceProperties = '{}', contextCustomizers = set[org.springframework.boot.test.autoconfigure.actuate.metrics.MetricsExportContextCustomizerFactory$DisableMetricExportContextCustomizer@ace400, org.springframework.boot.test.autoconfigure.properties.PropertyMappingContextCustomizer@0, org.springframework.boot.test.autoconfigure.web.servlet.WebDriverContextCustomizerFactory$Customizer@1098f9b, org.springframework.boot.test.context.filter.ExcludeFilterContextCustomizer@13d0107, org.springframework.boot.test.json.DuplicateJsonObjectContextCustomizerFactory$DuplicateJsonObjectContextCustomizer@cadd41, org.springframework.boot.test.mock.mockito.MockitoContextCustomizer@b148f128], contextLoader = 'org.springframework.test.context.support.DelegatingSmartContextLoader', parent = [null]]]
03:11:10.166 [Test worker] DEBUG org.springframework.test.context.cache - Spring test ApplicationContext cache statistics: [DefaultContextCache@1d5ac51 size = 14, maxSize = 32, parentContextCount = 0, hitCount = 670, missCount = 14]
03:11:10.166 [Test worker] DEBUG org.springframework.test.context.cache.DefaultCacheAwareContextLoaderDelegate - Retrieved ApplicationContext [25193958] from cache with key [[MergedContextConfiguration@19aa9ee testClass = UserServiceImplTest, locations = '{}', classes = '{class app.library.usermgmt.user.service.UserServiceImpl}', contextInitializerClasses = '[]', activeProfiles = '{}', propertySourceLocations = '{}', propertySourceProperties = '{}', contextCustomizers = set[org.springframework.boot.test.autoconfigure.actuate.metrics.MetricsExportContextCustomizerFactory$DisableMetricExportContextCustomizer@ace400, org.springframework.boot.test.autoconfigure.properties.PropertyMappingContextCustomizer@0, org.springframework.boot.test.autoconfigure.web.servlet.WebDriverContextCustomizerFactory$Customizer@1098f9b, org.springframework.boot.test.context.filter.ExcludeFilterContextCustomizer@13d0107, org.springframework.boot.test.json.DuplicateJsonObjectContextCustomizerFactory$DuplicateJsonObjectContextCustomizer@cadd41, org.springframework.boot.test.mock.mockito.MockitoContextCustomizer@b148f128], contextLoader = 'org.springframework.test.context.support.DelegatingSmartContextLoader', parent = [null]]]
03:11:10.167 [Test worker] DEBUG org.springframework.test.context.cache - Spring test ApplicationContext cache statistics: [DefaultContextCache@1d5ac51 size = 14, maxSize = 32, parentContextCount = 0, hitCount = 671, missCount = 14]
03:11:10.167 [Test worker] DEBUG org.springframework.test.context.cache.DefaultCacheAwareContextLoaderDelegate - Retrieved ApplicationContext [25193958] from cache with key [[MergedContextConfiguration@19aa9ee testClass = UserServiceImplTest, locations = '{}', classes = '{class app.library.usermgmt.user.service.UserServiceImpl}', contextInitializerClasses = '[]', activeProfiles = '{}', propertySourceLocations = '{}', propertySourceProperties = '{}', contextCustomizers = set[org.springframework.boot.test.autoconfigure.actuate.metrics.MetricsExportContextCustomizerFactory$DisableMetricExportContextCustomizer@ace400, org.springframework.boot.test.autoconfigure.properties.PropertyMappingContextCustomizer@0, org.springframework.boot.test.autoconfigure.web.servlet.WebDriverContextCustomizerFactory$Customizer@1098f9b, org.springframework.boot.test.context.filter.ExcludeFilterContextCustomizer@13d0107, org.springframework.boot.test.json.DuplicateJsonObjectContextCustomizerFactory$DuplicateJsonObjectContextCustomizer@cadd41, org.springframework.boot.test.mock.mockito.MockitoContextCustomizer@b148f128], contextLoader = 'org.springframework.test.context.support.DelegatingSmartContextLoader', parent = [null]]]
03:11:10.167 [Test worker] DEBUG org.springframework.test.context.cache - Spring test ApplicationContext cache statistics: [DefaultContextCache@1d5ac51 size = 14, maxSize = 32, parentContextCount = 0, hitCount = 672, missCount = 14]
03:11:10.167 [Test worker] DEBUG org.springframework.test.context.cache.DefaultCacheAwareContextLoaderDelegate - Retrieved ApplicationContext [25193958] from cache with key [[MergedContextConfiguration@19aa9ee testClass = UserServiceImplTest, locations = '{}', classes = '{class app.library.usermgmt.user.service.UserServiceImpl}', contextInitializerClasses = '[]', activeProfiles = '{}', propertySourceLocations = '{}', propertySourceProperties = '{}', contextCustomizers = set[org.springframework.boot.test.autoconfigure.actuate.metrics.MetricsExportContextCustomizerFactory$DisableMetricExportContextCustomizer@ace400, org.springframework.boot.test.autoconfigure.properties.PropertyMappingContextCustomizer@0, org.springframework.boot.test.autoconfigure.web.servlet.WebDriverContextCustomizerFactory$Customizer@1098f9b, org.springframework.boot.test.context.filter.ExcludeFilterContextCustomizer@13d0107, org.springframework.boot.test.json.DuplicateJsonObjectContextCustomizerFactory$DuplicateJsonObjectContextCustomizer@cadd41, org.springframework.boot.test.mock.mockito.MockitoContextCustomizer@b148f128], contextLoader = 'org.springframework.test.context.support.DelegatingSmartContextLoader', parent = [null]]]
03:11:10.167 [Test worker] DEBUG org.springframework.test.context.cache - Spring test ApplicationContext cache statistics: [DefaultContextCache@1d5ac51 size = 14, maxSize = 32, parentContextCount = 0, hitCount = 673, missCount = 14]
03:11:10.167 [Test worker] DEBUG org.springframework.test.context.support.AbstractDirtiesContextTestExecutionListener - After test method: context [DefaultTestContext@f3ba6a testClass = UserServiceImplTest, testInstance = app.library.usermgmt.user.service.UserServiceImplTest@1f0f70a, testMethod = testLoginUser4@UserServiceImplTest, testException = [null], mergedContextConfiguration = [MergedContextConfiguration@19aa9ee testClass = UserServiceImplTest, locations = '{}', classes = '{class app.library.usermgmt.user.service.UserServiceImpl}', contextInitializerClasses = '[]', activeProfiles = '{}', propertySourceLocations = '{}', propertySourceProperties = '{}', contextCustomizers = set[org.springframework.boot.test.autoconfigure.actuate.metrics.MetricsExportContextCustomizerFactory$DisableMetricExportContextCustomizer@ace400, org.springframework.boot.test.autoconfigure.properties.PropertyMappingContextCustomizer@0, org.springframework.boot.test.autoconfigure.web.servlet.WebDriverContextCustomizerFactory$Customizer@1098f9b, org.springframework.boot.test.context.filter.ExcludeFilterContextCustomizer@13d0107, org.springframework.boot.test.json.DuplicateJsonObjectContextCustomizerFactory$DuplicateJsonObjectContextCustomizer@cadd41, org.springframework.boot.test.mock.mockito.MockitoContextCustomizer@b148f128], contextLoader = 'org.springframework.test.context.support.DelegatingSmartContextLoader', parent = [null]], attributes = map['org.springframework.test.context.event.ApplicationEventsTestExecutionListener.recordApplicationEvents' -> false]], class annotated with @DirtiesContext [false] with mode [null], method annotated with @DirtiesContext [false] with mode [null].
03:11:10.167 [Test worker] DEBUG org.springframework.test.context.cache.DefaultCacheAwareContextLoaderDelegate - Retrieved ApplicationContext [25193958] from cache with key [[MergedContextConfiguration@19aa9ee testClass = UserServiceImplTest, locations = '{}', classes = '{class app.library.usermgmt.user.service.UserServiceImpl}', contextInitializerClasses = '[]', activeProfiles = '{}', propertySourceLocations = '{}', propertySourceProperties = '{}', contextCustomizers = set[org.springframework.boot.test.autoconfigure.actuate.metrics.MetricsExportContextCustomizerFactory$DisableMetricExportContextCustomizer@ace400, org.springframework.boot.test.autoconfigure.properties.PropertyMappingContextCustomizer@0, org.springframework.boot.test.autoconfigure.web.servlet.WebDriverContextCustomizerFactory$Customizer@1098f9b, org.springframework.boot.test.context.filter.ExcludeFilterContextCustomizer@13d0107, org.springframework.boot.test.json.DuplicateJsonObjectContextCustomizerFactory$DuplicateJsonObjectContextCustomizer@cadd41, org.springframework.boot.test.mock.mockito.MockitoContextCustomizer@b148f128], contextLoader = 'org.springframework.test.context.support.DelegatingSmartContextLoader', parent = [null]]]
03:11:10.167 [Test worker] DEBUG org.springframework.test.context.cache - Spring test ApplicationContext cache statistics: [DefaultContextCache@1d5ac51 size = 14, maxSize = 32, parentContextCount = 0, hitCount = 674, missCount = 14]
03:11:10.167 [Test worker] DEBUG org.springframework.test.context.support.AbstractDirtiesContextTestExecutionListener - After test class: context [DefaultTestContext@f3ba6a testClass = UserServiceImplTest, testInstance = [null], testMethod = [null], testException = [null], mergedContextConfiguration = [MergedContextConfiguration@19aa9ee testClass = UserServiceImplTest, locations = '{}', classes = '{class app.library.usermgmt.user.service.UserServiceImpl}', contextInitializerClasses = '[]', activeProfiles = '{}', propertySourceLocations = '{}', propertySourceProperties = '{}', contextCustomizers = set[org.springframework.boot.test.autoconfigure.actuate.metrics.MetricsExportContextCustomizerFactory$DisableMetricExportContextCustomizer@ace400, org.springframework.boot.test.autoconfigure.properties.PropertyMappingContextCustomizer@0, org.springframework.boot.test.autoconfigure.web.servlet.WebDriverContextCustomizerFactory$Customizer@1098f9b, org.springframework.boot.test.context.filter.ExcludeFilterContextCustomizer@13d0107, org.springframework.boot.test.json.DuplicateJsonObjectContextCustomizerFactory$DuplicateJsonObjectContextCustomizer@cadd41, org.springframework.boot.test.mock.mockito.MockitoContextCustomizer@b148f128], contextLoader = 'org.springframework.test.context.support.DelegatingSmartContextLoader', parent = [null]], attributes = map['org.springframework.test.context.event.ApplicationEventsTestExecutionListener.recordApplicationEvents' -> false]], class annotated with @DirtiesContext [false] with mode [null].
]]></system-out>
  <system-err><![CDATA[]]></system-err>
</testsuite>
