<?xml version="1.0" encoding="UTF-8"?>
<testsuite name="app.library.audit.dao.AuditDaoTest" tests="1" skipped="0" failures="0" errors="0" timestamp="2023-02-08T12:41:45" hostname="HTSI38" time="0.054">
  <properties/>
  <testcase name="testAddAudit()" classname="app.library.audit.dao.AuditDaoTest" time="0.054"/>
  <system-out><![CDATA[18:11:45.684 [Test worker] DEBUG org.springframework.test.context.BootstrapUtils - Instantiating CacheAwareContextLoaderDelegate from class [org.springframework.test.context.cache.DefaultCacheAwareContextLoaderDelegate]
18:11:45.685 [Test worker] DEBUG org.springframework.test.context.BootstrapUtils - Instantiating BootstrapContext using constructor [public org.springframework.test.context.support.DefaultBootstrapContext(java.lang.Class,org.springframework.test.context.CacheAwareContextLoaderDelegate)]
18:11:45.685 [Test worker] DEBUG org.springframework.test.context.BootstrapUtils - Instantiating TestContextBootstrapper for test class [app.library.audit.dao.AuditDaoTest] from class [org.springframework.test.context.support.DefaultTestContextBootstrapper]
18:11:45.685 [Test worker] DEBUG org.springframework.test.context.support.AbstractDelegatingSmartContextLoader - Delegating to AnnotationConfigContextLoader to process context configuration [ContextConfigurationAttributes@14eeaf8 declaringClass = 'app.library.audit.dao.AuditDaoTest', classes = '{class app.library.audit.dao.AuditDao}', locations = '{}', inheritLocations = true, initializers = '{}', inheritInitializers = true, name = [null], contextLoaderClass = 'org.springframework.test.context.ContextLoader'].
18:11:45.686 [Test worker] DEBUG org.springframework.test.context.support.ActiveProfilesUtils - Could not find an 'annotation declaring class' for annotation type [org.springframework.test.context.ActiveProfiles] and class [app.library.audit.dao.AuditDaoTest]
18:11:45.686 [Test worker] DEBUG org.springframework.test.context.support.DefaultTestContextBootstrapper - @TestExecutionListeners is not present for class [app.library.audit.dao.AuditDaoTest]: using defaults.
18:11:45.686 [Test worker] INFO org.springframework.test.context.support.DefaultTestContextBootstrapper - Loaded default TestExecutionListener class names from location [META-INF/spring.factories]: [org.springframework.boot.test.autoconfigure.restdocs.RestDocsTestExecutionListener, org.springframework.boot.test.autoconfigure.web.client.MockRestServiceServerResetTestExecutionListener, org.springframework.boot.test.autoconfigure.web.servlet.MockMvcPrintOnlyOnFailureTestExecutionListener, org.springframework.boot.test.autoconfigure.web.servlet.WebDriverTestExecutionListener, org.springframework.boot.test.autoconfigure.webservices.client.MockWebServiceServerTestExecutionListener, org.springframework.boot.test.mock.mockito.MockitoTestExecutionListener, org.springframework.boot.test.mock.mockito.ResetMocksTestExecutionListener, org.springframework.test.context.web.ServletTestExecutionListener, org.springframework.test.context.support.DirtiesContextBeforeModesTestExecutionListener, org.springframework.test.context.event.ApplicationEventsTestExecutionListener, org.springframework.test.context.support.DependencyInjectionTestExecutionListener, org.springframework.test.context.support.DirtiesContextTestExecutionListener, org.springframework.test.context.transaction.TransactionalTestExecutionListener, org.springframework.test.context.jdbc.SqlScriptsTestExecutionListener, org.springframework.test.context.event.EventPublishingTestExecutionListener]
18:11:45.686 [Test worker] INFO org.springframework.test.context.support.DefaultTestContextBootstrapper - Using TestExecutionListeners: [org.springframework.test.context.web.ServletTestExecutionListener@ed890d, org.springframework.test.context.support.DirtiesContextBeforeModesTestExecutionListener@f477e2, org.springframework.test.context.event.ApplicationEventsTestExecutionListener@97fca9, org.springframework.boot.test.mock.mockito.MockitoTestExecutionListener@1eee641, org.springframework.test.context.support.DependencyInjectionTestExecutionListener@129b410, org.springframework.test.context.support.DirtiesContextTestExecutionListener@518270, org.springframework.test.context.transaction.TransactionalTestExecutionListener@17c58e7, org.springframework.test.context.jdbc.SqlScriptsTestExecutionListener@1627d27, org.springframework.test.context.event.EventPublishingTestExecutionListener@171cf2f, org.springframework.boot.test.autoconfigure.restdocs.RestDocsTestExecutionListener@15b9333, org.springframework.boot.test.autoconfigure.web.client.MockRestServiceServerResetTestExecutionListener@b959df, org.springframework.boot.test.autoconfigure.web.servlet.MockMvcPrintOnlyOnFailureTestExecutionListener@588dea, org.springframework.boot.test.autoconfigure.web.servlet.WebDriverTestExecutionListener@13d2579, org.springframework.boot.test.autoconfigure.webservices.client.MockWebServiceServerTestExecutionListener@a8f6e6, org.springframework.boot.test.mock.mockito.ResetMocksTestExecutionListener@c730cd]
18:11:45.686 [Test worker] DEBUG org.springframework.test.context.support.AbstractDirtiesContextTestExecutionListener - Before test class: context [DefaultTestContext@8cc9a2 testClass = AuditDaoTest, testInstance = [null], testMethod = [null], testException = [null], mergedContextConfiguration = [MergedContextConfiguration@a62ee7 testClass = AuditDaoTest, locations = '{}', classes = '{class app.library.audit.dao.AuditDao}', contextInitializerClasses = '[]', activeProfiles = '{}', propertySourceLocations = '{}', propertySourceProperties = '{}', contextCustomizers = set[org.springframework.boot.test.autoconfigure.actuate.metrics.MetricsExportContextCustomizerFactory$DisableMetricExportContextCustomizer@1be250d, org.springframework.boot.test.autoconfigure.properties.PropertyMappingContextCustomizer@0, org.springframework.boot.test.autoconfigure.web.servlet.WebDriverContextCustomizerFactory$Customizer@52b961, org.springframework.boot.test.context.filter.ExcludeFilterContextCustomizer@676c1a, org.springframework.boot.test.json.DuplicateJsonObjectContextCustomizerFactory$DuplicateJsonObjectContextCustomizer@1c44dec, org.springframework.boot.test.mock.mockito.MockitoContextCustomizer@74bb1abb], contextLoader = 'org.springframework.test.context.support.DelegatingSmartContextLoader', parent = [null]], attributes = map[[empty]]], class annotated with @DirtiesContext [false] with mode [null].
18:11:45.687 [Test worker] DEBUG org.springframework.test.context.support.AbstractDelegatingSmartContextLoader - Delegating to AnnotationConfigContextLoader to load context from [MergedContextConfiguration@a62ee7 testClass = AuditDaoTest, locations = '{}', classes = '{class app.library.audit.dao.AuditDao}', contextInitializerClasses = '[]', activeProfiles = '{}', propertySourceLocations = '{}', propertySourceProperties = '{}', contextCustomizers = set[org.springframework.boot.test.autoconfigure.actuate.metrics.MetricsExportContextCustomizerFactory$DisableMetricExportContextCustomizer@1be250d, org.springframework.boot.test.autoconfigure.properties.PropertyMappingContextCustomizer@0, org.springframework.boot.test.autoconfigure.web.servlet.WebDriverContextCustomizerFactory$Customizer@52b961, org.springframework.boot.test.context.filter.ExcludeFilterContextCustomizer@676c1a, org.springframework.boot.test.json.DuplicateJsonObjectContextCustomizerFactory$DuplicateJsonObjectContextCustomizer@1c44dec, org.springframework.boot.test.mock.mockito.MockitoContextCustomizer@74bb1abb], contextLoader = 'org.springframework.test.context.support.DelegatingSmartContextLoader', parent = [null]].
18:11:45.687 [Test worker] DEBUG org.springframework.test.context.support.AbstractGenericContextLoader - Loading ApplicationContext for merged context configuration [[MergedContextConfiguration@a62ee7 testClass = AuditDaoTest, locations = '{}', classes = '{class app.library.audit.dao.AuditDao}', contextInitializerClasses = '[]', activeProfiles = '{}', propertySourceLocations = '{}', propertySourceProperties = '{}', contextCustomizers = set[org.springframework.boot.test.autoconfigure.actuate.metrics.MetricsExportContextCustomizerFactory$DisableMetricExportContextCustomizer@1be250d, org.springframework.boot.test.autoconfigure.properties.PropertyMappingContextCustomizer@0, org.springframework.boot.test.autoconfigure.web.servlet.WebDriverContextCustomizerFactory$Customizer@52b961, org.springframework.boot.test.context.filter.ExcludeFilterContextCustomizer@676c1a, org.springframework.boot.test.json.DuplicateJsonObjectContextCustomizerFactory$DuplicateJsonObjectContextCustomizer@1c44dec, org.springframework.boot.test.mock.mockito.MockitoContextCustomizer@74bb1abb], contextLoader = 'org.springframework.test.context.support.DelegatingSmartContextLoader', parent = [null]]].
18:11:45.687 [Test worker] DEBUG org.springframework.core.env.StandardEnvironment - Activating profiles []
18:11:45.687 [Test worker] DEBUG org.springframework.test.context.support.AnnotationConfigContextLoader - Registering component classes: {class app.library.audit.dao.AuditDao}
18:11:45.689 [Test worker] DEBUG org.springframework.context.support.GenericApplicationContext - Refreshing org.springframework.context.support.GenericApplicationContext@17cec93
18:11:45.689 [Test worker] DEBUG org.springframework.beans.factory.support.DefaultListableBeanFactory - Creating shared instance of singleton bean 'org.springframework.context.annotation.internalConfigurationAnnotationProcessor'
18:11:45.690 [Test worker] DEBUG org.springframework.beans.factory.support.DefaultListableBeanFactory - Creating shared instance of singleton bean 'org.springframework.boot.test.mock.mockito.MockitoPostProcessor'
18:11:45.720 [Test worker] DEBUG org.springframework.beans.factory.support.DefaultListableBeanFactory - Creating shared instance of singleton bean 'org.springframework.context.event.internalEventListenerProcessor'
18:11:45.720 [Test worker] DEBUG org.springframework.beans.factory.support.DefaultListableBeanFactory - Creating shared instance of singleton bean 'org.springframework.context.event.internalEventListenerFactory'
18:11:45.721 [Test worker] DEBUG org.springframework.beans.factory.support.DefaultListableBeanFactory - Creating shared instance of singleton bean 'org.springframework.context.annotation.internalAutowiredAnnotationProcessor'
18:11:45.721 [Test worker] DEBUG org.springframework.beans.factory.support.DefaultListableBeanFactory - Creating shared instance of singleton bean 'org.springframework.context.annotation.internalCommonAnnotationProcessor'
18:11:45.721 [Test worker] DEBUG org.springframework.beans.factory.support.DefaultListableBeanFactory - Creating shared instance of singleton bean 'org.springframework.context.annotation.internalPersistenceAnnotationProcessor'
18:11:45.721 [Test worker] DEBUG org.springframework.beans.factory.support.DefaultListableBeanFactory - Creating shared instance of singleton bean 'org.springframework.boot.test.mock.mockito.MockitoPostProcessor$SpyPostProcessor'
18:11:45.722 [Test worker] DEBUG org.springframework.beans.factory.support.DefaultListableBeanFactory - Creating shared instance of singleton bean 'auditDao'
18:11:45.724 [Test worker] DEBUG org.springframework.test.context.cache.DefaultCacheAwareContextLoaderDelegate - Storing ApplicationContext [24964243] in cache under key [[MergedContextConfiguration@a62ee7 testClass = AuditDaoTest, locations = '{}', classes = '{class app.library.audit.dao.AuditDao}', contextInitializerClasses = '[]', activeProfiles = '{}', propertySourceLocations = '{}', propertySourceProperties = '{}', contextCustomizers = set[org.springframework.boot.test.autoconfigure.actuate.metrics.MetricsExportContextCustomizerFactory$DisableMetricExportContextCustomizer@1be250d, org.springframework.boot.test.autoconfigure.properties.PropertyMappingContextCustomizer@0, org.springframework.boot.test.autoconfigure.web.servlet.WebDriverContextCustomizerFactory$Customizer@52b961, org.springframework.boot.test.context.filter.ExcludeFilterContextCustomizer@676c1a, org.springframework.boot.test.json.DuplicateJsonObjectContextCustomizerFactory$DuplicateJsonObjectContextCustomizer@1c44dec, org.springframework.boot.test.mock.mockito.MockitoContextCustomizer@74bb1abb], contextLoader = 'org.springframework.test.context.support.DelegatingSmartContextLoader', parent = [null]]]
18:11:45.724 [Test worker] DEBUG org.springframework.test.context.cache - Spring test ApplicationContext cache statistics: [DefaultContextCache@8c24 size = 2, maxSize = 32, parentContextCount = 0, hitCount = 84, missCount = 2]
18:11:45.724 [Test worker] DEBUG org.springframework.test.context.support.DependencyInjectionTestExecutionListener - Performing dependency injection for test context [[DefaultTestContext@8cc9a2 testClass = AuditDaoTest, testInstance = app.library.audit.dao.AuditDaoTest@1e8c7db, testMethod = [null], testException = [null], mergedContextConfiguration = [MergedContextConfiguration@a62ee7 testClass = AuditDaoTest, locations = '{}', classes = '{class app.library.audit.dao.AuditDao}', contextInitializerClasses = '[]', activeProfiles = '{}', propertySourceLocations = '{}', propertySourceProperties = '{}', contextCustomizers = set[org.springframework.boot.test.autoconfigure.actuate.metrics.MetricsExportContextCustomizerFactory$DisableMetricExportContextCustomizer@1be250d, org.springframework.boot.test.autoconfigure.properties.PropertyMappingContextCustomizer@0, org.springframework.boot.test.autoconfigure.web.servlet.WebDriverContextCustomizerFactory$Customizer@52b961, org.springframework.boot.test.context.filter.ExcludeFilterContextCustomizer@676c1a, org.springframework.boot.test.json.DuplicateJsonObjectContextCustomizerFactory$DuplicateJsonObjectContextCustomizer@1c44dec, org.springframework.boot.test.mock.mockito.MockitoContextCustomizer@74bb1abb], contextLoader = 'org.springframework.test.context.support.DelegatingSmartContextLoader', parent = [null]], attributes = map['org.springframework.test.context.event.ApplicationEventsTestExecutionListener.recordApplicationEvents' -> false]]].
18:11:45.724 [Test worker] DEBUG org.springframework.test.context.cache.DefaultCacheAwareContextLoaderDelegate - Retrieved ApplicationContext [24964243] from cache with key [[MergedContextConfiguration@a62ee7 testClass = AuditDaoTest, locations = '{}', classes = '{class app.library.audit.dao.AuditDao}', contextInitializerClasses = '[]', activeProfiles = '{}', propertySourceLocations = '{}', propertySourceProperties = '{}', contextCustomizers = set[org.springframework.boot.test.autoconfigure.actuate.metrics.MetricsExportContextCustomizerFactory$DisableMetricExportContextCustomizer@1be250d, org.springframework.boot.test.autoconfigure.properties.PropertyMappingContextCustomizer@0, org.springframework.boot.test.autoconfigure.web.servlet.WebDriverContextCustomizerFactory$Customizer@52b961, org.springframework.boot.test.context.filter.ExcludeFilterContextCustomizer@676c1a, org.springframework.boot.test.json.DuplicateJsonObjectContextCustomizerFactory$DuplicateJsonObjectContextCustomizer@1c44dec, org.springframework.boot.test.mock.mockito.MockitoContextCustomizer@74bb1abb], contextLoader = 'org.springframework.test.context.support.DelegatingSmartContextLoader', parent = [null]]]
18:11:45.724 [Test worker] DEBUG org.springframework.test.context.cache - Spring test ApplicationContext cache statistics: [DefaultContextCache@8c24 size = 2, maxSize = 32, parentContextCount = 0, hitCount = 85, missCount = 2]
18:11:45.726 [Test worker] DEBUG org.springframework.test.context.cache.DefaultCacheAwareContextLoaderDelegate - Retrieved ApplicationContext [24964243] from cache with key [[MergedContextConfiguration@a62ee7 testClass = AuditDaoTest, locations = '{}', classes = '{class app.library.audit.dao.AuditDao}', contextInitializerClasses = '[]', activeProfiles = '{}', propertySourceLocations = '{}', propertySourceProperties = '{}', contextCustomizers = set[org.springframework.boot.test.autoconfigure.actuate.metrics.MetricsExportContextCustomizerFactory$DisableMetricExportContextCustomizer@1be250d, org.springframework.boot.test.autoconfigure.properties.PropertyMappingContextCustomizer@0, org.springframework.boot.test.autoconfigure.web.servlet.WebDriverContextCustomizerFactory$Customizer@52b961, org.springframework.boot.test.context.filter.ExcludeFilterContextCustomizer@676c1a, org.springframework.boot.test.json.DuplicateJsonObjectContextCustomizerFactory$DuplicateJsonObjectContextCustomizer@1c44dec, org.springframework.boot.test.mock.mockito.MockitoContextCustomizer@74bb1abb], contextLoader = 'org.springframework.test.context.support.DelegatingSmartContextLoader', parent = [null]]]
18:11:45.726 [Test worker] DEBUG org.springframework.test.context.cache - Spring test ApplicationContext cache statistics: [DefaultContextCache@8c24 size = 2, maxSize = 32, parentContextCount = 0, hitCount = 86, missCount = 2]
18:11:45.726 [Test worker] DEBUG org.springframework.test.context.support.AbstractDirtiesContextTestExecutionListener - Before test method: context [DefaultTestContext@8cc9a2 testClass = AuditDaoTest, testInstance = app.library.audit.dao.AuditDaoTest@1e8c7db, testMethod = testAddAudit@AuditDaoTest, testException = [null], mergedContextConfiguration = [MergedContextConfiguration@a62ee7 testClass = AuditDaoTest, locations = '{}', classes = '{class app.library.audit.dao.AuditDao}', contextInitializerClasses = '[]', activeProfiles = '{}', propertySourceLocations = '{}', propertySourceProperties = '{}', contextCustomizers = set[org.springframework.boot.test.autoconfigure.actuate.metrics.MetricsExportContextCustomizerFactory$DisableMetricExportContextCustomizer@1be250d, org.springframework.boot.test.autoconfigure.properties.PropertyMappingContextCustomizer@0, org.springframework.boot.test.autoconfigure.web.servlet.WebDriverContextCustomizerFactory$Customizer@52b961, org.springframework.boot.test.context.filter.ExcludeFilterContextCustomizer@676c1a, org.springframework.boot.test.json.DuplicateJsonObjectContextCustomizerFactory$DuplicateJsonObjectContextCustomizer@1c44dec, org.springframework.boot.test.mock.mockito.MockitoContextCustomizer@74bb1abb], contextLoader = 'org.springframework.test.context.support.DelegatingSmartContextLoader', parent = [null]], attributes = map['org.springframework.test.context.event.ApplicationEventsTestExecutionListener.recordApplicationEvents' -> false]], class annotated with @DirtiesContext [false] with mode [null], method annotated with @DirtiesContext [false] with mode [null].
18:11:45.727 [Test worker] DEBUG org.springframework.test.context.cache.DefaultCacheAwareContextLoaderDelegate - Retrieved ApplicationContext [24964243] from cache with key [[MergedContextConfiguration@a62ee7 testClass = AuditDaoTest, locations = '{}', classes = '{class app.library.audit.dao.AuditDao}', contextInitializerClasses = '[]', activeProfiles = '{}', propertySourceLocations = '{}', propertySourceProperties = '{}', contextCustomizers = set[org.springframework.boot.test.autoconfigure.actuate.metrics.MetricsExportContextCustomizerFactory$DisableMetricExportContextCustomizer@1be250d, org.springframework.boot.test.autoconfigure.properties.PropertyMappingContextCustomizer@0, org.springframework.boot.test.autoconfigure.web.servlet.WebDriverContextCustomizerFactory$Customizer@52b961, org.springframework.boot.test.context.filter.ExcludeFilterContextCustomizer@676c1a, org.springframework.boot.test.json.DuplicateJsonObjectContextCustomizerFactory$DuplicateJsonObjectContextCustomizer@1c44dec, org.springframework.boot.test.mock.mockito.MockitoContextCustomizer@74bb1abb], contextLoader = 'org.springframework.test.context.support.DelegatingSmartContextLoader', parent = [null]]]
18:11:45.727 [Test worker] DEBUG org.springframework.test.context.cache - Spring test ApplicationContext cache statistics: [DefaultContextCache@8c24 size = 2, maxSize = 32, parentContextCount = 0, hitCount = 87, missCount = 2]
18:11:45.727 [Test worker] DEBUG org.springframework.test.context.cache.DefaultCacheAwareContextLoaderDelegate - Retrieved ApplicationContext [24964243] from cache with key [[MergedContextConfiguration@a62ee7 testClass = AuditDaoTest, locations = '{}', classes = '{class app.library.audit.dao.AuditDao}', contextInitializerClasses = '[]', activeProfiles = '{}', propertySourceLocations = '{}', propertySourceProperties = '{}', contextCustomizers = set[org.springframework.boot.test.autoconfigure.actuate.metrics.MetricsExportContextCustomizerFactory$DisableMetricExportContextCustomizer@1be250d, org.springframework.boot.test.autoconfigure.properties.PropertyMappingContextCustomizer@0, org.springframework.boot.test.autoconfigure.web.servlet.WebDriverContextCustomizerFactory$Customizer@52b961, org.springframework.boot.test.context.filter.ExcludeFilterContextCustomizer@676c1a, org.springframework.boot.test.json.DuplicateJsonObjectContextCustomizerFactory$DuplicateJsonObjectContextCustomizer@1c44dec, org.springframework.boot.test.mock.mockito.MockitoContextCustomizer@74bb1abb], contextLoader = 'org.springframework.test.context.support.DelegatingSmartContextLoader', parent = [null]]]
18:11:45.728 [Test worker] DEBUG org.springframework.test.context.cache - Spring test ApplicationContext cache statistics: [DefaultContextCache@8c24 size = 2, maxSize = 32, parentContextCount = 0, hitCount = 88, missCount = 2]
18:11:45.728 [Test worker] DEBUG org.springframework.test.context.cache.DefaultCacheAwareContextLoaderDelegate - Retrieved ApplicationContext [24964243] from cache with key [[MergedContextConfiguration@a62ee7 testClass = AuditDaoTest, locations = '{}', classes = '{class app.library.audit.dao.AuditDao}', contextInitializerClasses = '[]', activeProfiles = '{}', propertySourceLocations = '{}', propertySourceProperties = '{}', contextCustomizers = set[org.springframework.boot.test.autoconfigure.actuate.metrics.MetricsExportContextCustomizerFactory$DisableMetricExportContextCustomizer@1be250d, org.springframework.boot.test.autoconfigure.properties.PropertyMappingContextCustomizer@0, org.springframework.boot.test.autoconfigure.web.servlet.WebDriverContextCustomizerFactory$Customizer@52b961, org.springframework.boot.test.context.filter.ExcludeFilterContextCustomizer@676c1a, org.springframework.boot.test.json.DuplicateJsonObjectContextCustomizerFactory$DuplicateJsonObjectContextCustomizer@1c44dec, org.springframework.boot.test.mock.mockito.MockitoContextCustomizer@74bb1abb], contextLoader = 'org.springframework.test.context.support.DelegatingSmartContextLoader', parent = [null]]]
18:11:45.728 [Test worker] DEBUG org.springframework.test.context.cache - Spring test ApplicationContext cache statistics: [DefaultContextCache@8c24 size = 2, maxSize = 32, parentContextCount = 0, hitCount = 89, missCount = 2]
18:11:45.778 [Test worker] DEBUG org.springframework.test.context.cache.DefaultCacheAwareContextLoaderDelegate - Retrieved ApplicationContext [24964243] from cache with key [[MergedContextConfiguration@a62ee7 testClass = AuditDaoTest, locations = '{}', classes = '{class app.library.audit.dao.AuditDao}', contextInitializerClasses = '[]', activeProfiles = '{}', propertySourceLocations = '{}', propertySourceProperties = '{}', contextCustomizers = set[org.springframework.boot.test.autoconfigure.actuate.metrics.MetricsExportContextCustomizerFactory$DisableMetricExportContextCustomizer@1be250d, org.springframework.boot.test.autoconfigure.properties.PropertyMappingContextCustomizer@0, org.springframework.boot.test.autoconfigure.web.servlet.WebDriverContextCustomizerFactory$Customizer@52b961, org.springframework.boot.test.context.filter.ExcludeFilterContextCustomizer@676c1a, org.springframework.boot.test.json.DuplicateJsonObjectContextCustomizerFactory$DuplicateJsonObjectContextCustomizer@1c44dec, org.springframework.boot.test.mock.mockito.MockitoContextCustomizer@74bb1abb], contextLoader = 'org.springframework.test.context.support.DelegatingSmartContextLoader', parent = [null]]]
18:11:45.778 [Test worker] DEBUG org.springframework.test.context.cache - Spring test ApplicationContext cache statistics: [DefaultContextCache@8c24 size = 2, maxSize = 32, parentContextCount = 0, hitCount = 90, missCount = 2]
18:11:45.779 [Test worker] DEBUG org.springframework.test.context.cache.DefaultCacheAwareContextLoaderDelegate - Retrieved ApplicationContext [24964243] from cache with key [[MergedContextConfiguration@a62ee7 testClass = AuditDaoTest, locations = '{}', classes = '{class app.library.audit.dao.AuditDao}', contextInitializerClasses = '[]', activeProfiles = '{}', propertySourceLocations = '{}', propertySourceProperties = '{}', contextCustomizers = set[org.springframework.boot.test.autoconfigure.actuate.metrics.MetricsExportContextCustomizerFactory$DisableMetricExportContextCustomizer@1be250d, org.springframework.boot.test.autoconfigure.properties.PropertyMappingContextCustomizer@0, org.springframework.boot.test.autoconfigure.web.servlet.WebDriverContextCustomizerFactory$Customizer@52b961, org.springframework.boot.test.context.filter.ExcludeFilterContextCustomizer@676c1a, org.springframework.boot.test.json.DuplicateJsonObjectContextCustomizerFactory$DuplicateJsonObjectContextCustomizer@1c44dec, org.springframework.boot.test.mock.mockito.MockitoContextCustomizer@74bb1abb], contextLoader = 'org.springframework.test.context.support.DelegatingSmartContextLoader', parent = [null]]]
18:11:45.779 [Test worker] DEBUG org.springframework.test.context.cache - Spring test ApplicationContext cache statistics: [DefaultContextCache@8c24 size = 2, maxSize = 32, parentContextCount = 0, hitCount = 91, missCount = 2]
18:11:45.779 [Test worker] DEBUG org.springframework.test.context.cache.DefaultCacheAwareContextLoaderDelegate - Retrieved ApplicationContext [24964243] from cache with key [[MergedContextConfiguration@a62ee7 testClass = AuditDaoTest, locations = '{}', classes = '{class app.library.audit.dao.AuditDao}', contextInitializerClasses = '[]', activeProfiles = '{}', propertySourceLocations = '{}', propertySourceProperties = '{}', contextCustomizers = set[org.springframework.boot.test.autoconfigure.actuate.metrics.MetricsExportContextCustomizerFactory$DisableMetricExportContextCustomizer@1be250d, org.springframework.boot.test.autoconfigure.properties.PropertyMappingContextCustomizer@0, org.springframework.boot.test.autoconfigure.web.servlet.WebDriverContextCustomizerFactory$Customizer@52b961, org.springframework.boot.test.context.filter.ExcludeFilterContextCustomizer@676c1a, org.springframework.boot.test.json.DuplicateJsonObjectContextCustomizerFactory$DuplicateJsonObjectContextCustomizer@1c44dec, org.springframework.boot.test.mock.mockito.MockitoContextCustomizer@74bb1abb], contextLoader = 'org.springframework.test.context.support.DelegatingSmartContextLoader', parent = [null]]]
18:11:45.779 [Test worker] DEBUG org.springframework.test.context.cache - Spring test ApplicationContext cache statistics: [DefaultContextCache@8c24 size = 2, maxSize = 32, parentContextCount = 0, hitCount = 92, missCount = 2]
18:11:45.779 [Test worker] DEBUG org.springframework.test.context.cache.DefaultCacheAwareContextLoaderDelegate - Retrieved ApplicationContext [24964243] from cache with key [[MergedContextConfiguration@a62ee7 testClass = AuditDaoTest, locations = '{}', classes = '{class app.library.audit.dao.AuditDao}', contextInitializerClasses = '[]', activeProfiles = '{}', propertySourceLocations = '{}', propertySourceProperties = '{}', contextCustomizers = set[org.springframework.boot.test.autoconfigure.actuate.metrics.MetricsExportContextCustomizerFactory$DisableMetricExportContextCustomizer@1be250d, org.springframework.boot.test.autoconfigure.properties.PropertyMappingContextCustomizer@0, org.springframework.boot.test.autoconfigure.web.servlet.WebDriverContextCustomizerFactory$Customizer@52b961, org.springframework.boot.test.context.filter.ExcludeFilterContextCustomizer@676c1a, org.springframework.boot.test.json.DuplicateJsonObjectContextCustomizerFactory$DuplicateJsonObjectContextCustomizer@1c44dec, org.springframework.boot.test.mock.mockito.MockitoContextCustomizer@74bb1abb], contextLoader = 'org.springframework.test.context.support.DelegatingSmartContextLoader', parent = [null]]]
18:11:45.779 [Test worker] DEBUG org.springframework.test.context.cache - Spring test ApplicationContext cache statistics: [DefaultContextCache@8c24 size = 2, maxSize = 32, parentContextCount = 0, hitCount = 93, missCount = 2]
18:11:45.779 [Test worker] DEBUG org.springframework.test.context.cache.DefaultCacheAwareContextLoaderDelegate - Retrieved ApplicationContext [24964243] from cache with key [[MergedContextConfiguration@a62ee7 testClass = AuditDaoTest, locations = '{}', classes = '{class app.library.audit.dao.AuditDao}', contextInitializerClasses = '[]', activeProfiles = '{}', propertySourceLocations = '{}', propertySourceProperties = '{}', contextCustomizers = set[org.springframework.boot.test.autoconfigure.actuate.metrics.MetricsExportContextCustomizerFactory$DisableMetricExportContextCustomizer@1be250d, org.springframework.boot.test.autoconfigure.properties.PropertyMappingContextCustomizer@0, org.springframework.boot.test.autoconfigure.web.servlet.WebDriverContextCustomizerFactory$Customizer@52b961, org.springframework.boot.test.context.filter.ExcludeFilterContextCustomizer@676c1a, org.springframework.boot.test.json.DuplicateJsonObjectContextCustomizerFactory$DuplicateJsonObjectContextCustomizer@1c44dec, org.springframework.boot.test.mock.mockito.MockitoContextCustomizer@74bb1abb], contextLoader = 'org.springframework.test.context.support.DelegatingSmartContextLoader', parent = [null]]]
18:11:45.779 [Test worker] DEBUG org.springframework.test.context.cache - Spring test ApplicationContext cache statistics: [DefaultContextCache@8c24 size = 2, maxSize = 32, parentContextCount = 0, hitCount = 94, missCount = 2]
18:11:45.780 [Test worker] DEBUG org.springframework.test.context.cache.DefaultCacheAwareContextLoaderDelegate - Retrieved ApplicationContext [24964243] from cache with key [[MergedContextConfiguration@a62ee7 testClass = AuditDaoTest, locations = '{}', classes = '{class app.library.audit.dao.AuditDao}', contextInitializerClasses = '[]', activeProfiles = '{}', propertySourceLocations = '{}', propertySourceProperties = '{}', contextCustomizers = set[org.springframework.boot.test.autoconfigure.actuate.metrics.MetricsExportContextCustomizerFactory$DisableMetricExportContextCustomizer@1be250d, org.springframework.boot.test.autoconfigure.properties.PropertyMappingContextCustomizer@0, org.springframework.boot.test.autoconfigure.web.servlet.WebDriverContextCustomizerFactory$Customizer@52b961, org.springframework.boot.test.context.filter.ExcludeFilterContextCustomizer@676c1a, org.springframework.boot.test.json.DuplicateJsonObjectContextCustomizerFactory$DuplicateJsonObjectContextCustomizer@1c44dec, org.springframework.boot.test.mock.mockito.MockitoContextCustomizer@74bb1abb], contextLoader = 'org.springframework.test.context.support.DelegatingSmartContextLoader', parent = [null]]]
18:11:45.780 [Test worker] DEBUG org.springframework.test.context.cache - Spring test ApplicationContext cache statistics: [DefaultContextCache@8c24 size = 2, maxSize = 32, parentContextCount = 0, hitCount = 95, missCount = 2]
18:11:45.780 [Test worker] DEBUG org.springframework.test.context.support.AbstractDirtiesContextTestExecutionListener - After test method: context [DefaultTestContext@8cc9a2 testClass = AuditDaoTest, testInstance = app.library.audit.dao.AuditDaoTest@1e8c7db, testMethod = testAddAudit@AuditDaoTest, testException = [null], mergedContextConfiguration = [MergedContextConfiguration@a62ee7 testClass = AuditDaoTest, locations = '{}', classes = '{class app.library.audit.dao.AuditDao}', contextInitializerClasses = '[]', activeProfiles = '{}', propertySourceLocations = '{}', propertySourceProperties = '{}', contextCustomizers = set[org.springframework.boot.test.autoconfigure.actuate.metrics.MetricsExportContextCustomizerFactory$DisableMetricExportContextCustomizer@1be250d, org.springframework.boot.test.autoconfigure.properties.PropertyMappingContextCustomizer@0, org.springframework.boot.test.autoconfigure.web.servlet.WebDriverContextCustomizerFactory$Customizer@52b961, org.springframework.boot.test.context.filter.ExcludeFilterContextCustomizer@676c1a, org.springframework.boot.test.json.DuplicateJsonObjectContextCustomizerFactory$DuplicateJsonObjectContextCustomizer@1c44dec, org.springframework.boot.test.mock.mockito.MockitoContextCustomizer@74bb1abb], contextLoader = 'org.springframework.test.context.support.DelegatingSmartContextLoader', parent = [null]], attributes = map['org.springframework.test.context.event.ApplicationEventsTestExecutionListener.recordApplicationEvents' -> false]], class annotated with @DirtiesContext [false] with mode [null], method annotated with @DirtiesContext [false] with mode [null].
18:11:45.781 [Test worker] DEBUG org.springframework.test.context.cache.DefaultCacheAwareContextLoaderDelegate - Retrieved ApplicationContext [24964243] from cache with key [[MergedContextConfiguration@a62ee7 testClass = AuditDaoTest, locations = '{}', classes = '{class app.library.audit.dao.AuditDao}', contextInitializerClasses = '[]', activeProfiles = '{}', propertySourceLocations = '{}', propertySourceProperties = '{}', contextCustomizers = set[org.springframework.boot.test.autoconfigure.actuate.metrics.MetricsExportContextCustomizerFactory$DisableMetricExportContextCustomizer@1be250d, org.springframework.boot.test.autoconfigure.properties.PropertyMappingContextCustomizer@0, org.springframework.boot.test.autoconfigure.web.servlet.WebDriverContextCustomizerFactory$Customizer@52b961, org.springframework.boot.test.context.filter.ExcludeFilterContextCustomizer@676c1a, org.springframework.boot.test.json.DuplicateJsonObjectContextCustomizerFactory$DuplicateJsonObjectContextCustomizer@1c44dec, org.springframework.boot.test.mock.mockito.MockitoContextCustomizer@74bb1abb], contextLoader = 'org.springframework.test.context.support.DelegatingSmartContextLoader', parent = [null]]]
18:11:45.781 [Test worker] DEBUG org.springframework.test.context.cache - Spring test ApplicationContext cache statistics: [DefaultContextCache@8c24 size = 2, maxSize = 32, parentContextCount = 0, hitCount = 96, missCount = 2]
18:11:45.781 [Test worker] DEBUG org.springframework.test.context.support.AbstractDirtiesContextTestExecutionListener - After test class: context [DefaultTestContext@8cc9a2 testClass = AuditDaoTest, testInstance = [null], testMethod = [null], testException = [null], mergedContextConfiguration = [MergedContextConfiguration@a62ee7 testClass = AuditDaoTest, locations = '{}', classes = '{class app.library.audit.dao.AuditDao}', contextInitializerClasses = '[]', activeProfiles = '{}', propertySourceLocations = '{}', propertySourceProperties = '{}', contextCustomizers = set[org.springframework.boot.test.autoconfigure.actuate.metrics.MetricsExportContextCustomizerFactory$DisableMetricExportContextCustomizer@1be250d, org.springframework.boot.test.autoconfigure.properties.PropertyMappingContextCustomizer@0, org.springframework.boot.test.autoconfigure.web.servlet.WebDriverContextCustomizerFactory$Customizer@52b961, org.springframework.boot.test.context.filter.ExcludeFilterContextCustomizer@676c1a, org.springframework.boot.test.json.DuplicateJsonObjectContextCustomizerFactory$DuplicateJsonObjectContextCustomizer@1c44dec, org.springframework.boot.test.mock.mockito.MockitoContextCustomizer@74bb1abb], contextLoader = 'org.springframework.test.context.support.DelegatingSmartContextLoader', parent = [null]], attributes = map['org.springframework.test.context.event.ApplicationEventsTestExecutionListener.recordApplicationEvents' -> false]], class annotated with @DirtiesContext [false] with mode [null].
]]></system-out>
  <system-err><![CDATA[]]></system-err>
</testsuite>
