<?xml version="1.0" encoding="UTF-8"?>
<testsuite name="app.library.util.JwtUtilTest" tests="5" skipped="0" failures="0" errors="0" timestamp="2023-02-15T05:05:13" hostname="HTSI38" time="0.385">
  <properties/>
  <testcase name="testValidateToken2()" classname="app.library.util.JwtUtilTest" time="0.282"/>
  <testcase name="testExtractUsername()" classname="app.library.util.JwtUtilTest" time="0.003"/>
  <testcase name="testGenerateToken()" classname="app.library.util.JwtUtilTest" time="0.014"/>
  <testcase name="testValidateToken()" classname="app.library.util.JwtUtilTest" time="0.08"/>
  <testcase name="testExtractExpiration()" classname="app.library.util.JwtUtilTest" time="0.004"/>
  <system-out><![CDATA[10:35:13.948 [Test worker] DEBUG org.springframework.test.context.BootstrapUtils - Instantiating CacheAwareContextLoaderDelegate from class [org.springframework.test.context.cache.DefaultCacheAwareContextLoaderDelegate]
10:35:13.948 [Test worker] DEBUG org.springframework.test.context.BootstrapUtils - Instantiating BootstrapContext using constructor [public org.springframework.test.context.support.DefaultBootstrapContext(java.lang.Class,org.springframework.test.context.CacheAwareContextLoaderDelegate)]
10:35:13.948 [Test worker] DEBUG org.springframework.test.context.BootstrapUtils - Instantiating TestContextBootstrapper for test class [app.library.util.JwtUtilTest] from class [org.springframework.test.context.support.DefaultTestContextBootstrapper]
10:35:13.949 [Test worker] DEBUG org.springframework.test.context.support.AbstractDelegatingSmartContextLoader - Delegating to AnnotationConfigContextLoader to process context configuration [ContextConfigurationAttributes@846b47 declaringClass = 'app.library.util.JwtUtilTest', classes = '{class app.library.util.JwtUtil}', locations = '{}', inheritLocations = true, initializers = '{}', inheritInitializers = true, name = [null], contextLoaderClass = 'org.springframework.test.context.ContextLoader'].
10:35:13.949 [Test worker] DEBUG org.springframework.test.context.support.ActiveProfilesUtils - Could not find an 'annotation declaring class' for annotation type [org.springframework.test.context.ActiveProfiles] and class [app.library.util.JwtUtilTest]
10:35:13.949 [Test worker] DEBUG org.springframework.test.context.support.DefaultTestContextBootstrapper - @TestExecutionListeners is not present for class [app.library.util.JwtUtilTest]: using defaults.
10:35:13.949 [Test worker] INFO org.springframework.test.context.support.DefaultTestContextBootstrapper - Loaded default TestExecutionListener class names from location [META-INF/spring.factories]: [org.springframework.boot.test.autoconfigure.restdocs.RestDocsTestExecutionListener, org.springframework.boot.test.autoconfigure.web.client.MockRestServiceServerResetTestExecutionListener, org.springframework.boot.test.autoconfigure.web.servlet.MockMvcPrintOnlyOnFailureTestExecutionListener, org.springframework.boot.test.autoconfigure.web.servlet.WebDriverTestExecutionListener, org.springframework.boot.test.autoconfigure.webservices.client.MockWebServiceServerTestExecutionListener, org.springframework.boot.test.mock.mockito.MockitoTestExecutionListener, org.springframework.boot.test.mock.mockito.ResetMocksTestExecutionListener, org.springframework.test.context.web.ServletTestExecutionListener, org.springframework.test.context.support.DirtiesContextBeforeModesTestExecutionListener, org.springframework.test.context.event.ApplicationEventsTestExecutionListener, org.springframework.test.context.support.DependencyInjectionTestExecutionListener, org.springframework.test.context.support.DirtiesContextTestExecutionListener, org.springframework.test.context.transaction.TransactionalTestExecutionListener, org.springframework.test.context.jdbc.SqlScriptsTestExecutionListener, org.springframework.test.context.event.EventPublishingTestExecutionListener]
10:35:13.949 [Test worker] INFO org.springframework.test.context.support.DefaultTestContextBootstrapper - Using TestExecutionListeners: [org.springframework.test.context.web.ServletTestExecutionListener@1764641, org.springframework.test.context.support.DirtiesContextBeforeModesTestExecutionListener@8bccfb, org.springframework.test.context.event.ApplicationEventsTestExecutionListener@1eb607e, org.springframework.boot.test.mock.mockito.MockitoTestExecutionListener@11fbc9f, org.springframework.test.context.support.DependencyInjectionTestExecutionListener@d4b573, org.springframework.test.context.support.DirtiesContextTestExecutionListener@785f86, org.springframework.test.context.transaction.TransactionalTestExecutionListener@3c3d67, org.springframework.test.context.jdbc.SqlScriptsTestExecutionListener@258d3b, org.springframework.test.context.event.EventPublishingTestExecutionListener@16fcca1, org.springframework.boot.test.autoconfigure.restdocs.RestDocsTestExecutionListener@1f93225, org.springframework.boot.test.autoconfigure.web.client.MockRestServiceServerResetTestExecutionListener@b3f778, org.springframework.boot.test.autoconfigure.web.servlet.MockMvcPrintOnlyOnFailureTestExecutionListener@4dea80, org.springframework.boot.test.autoconfigure.web.servlet.WebDriverTestExecutionListener@192362c, org.springframework.boot.test.autoconfigure.webservices.client.MockWebServiceServerTestExecutionListener@18a4c61, org.springframework.boot.test.mock.mockito.ResetMocksTestExecutionListener@39755f]
10:35:13.949 [Test worker] DEBUG org.springframework.test.context.support.AbstractDirtiesContextTestExecutionListener - Before test class: context [DefaultTestContext@1d99732 testClass = JwtUtilTest, testInstance = [null], testMethod = [null], testException = [null], mergedContextConfiguration = [MergedContextConfiguration@128ec73 testClass = JwtUtilTest, locations = '{}', classes = '{class app.library.util.JwtUtil}', contextInitializerClasses = '[]', activeProfiles = '{}', propertySourceLocations = '{}', propertySourceProperties = '{}', contextCustomizers = set[org.springframework.boot.test.autoconfigure.actuate.metrics.MetricsExportContextCustomizerFactory$DisableMetricExportContextCustomizer@ace400, org.springframework.boot.test.autoconfigure.properties.PropertyMappingContextCustomizer@0, org.springframework.boot.test.autoconfigure.web.servlet.WebDriverContextCustomizerFactory$Customizer@1098f9b, org.springframework.boot.test.context.filter.ExcludeFilterContextCustomizer@13d0107, org.springframework.boot.test.json.DuplicateJsonObjectContextCustomizerFactory$DuplicateJsonObjectContextCustomizer@cadd41, org.springframework.boot.test.mock.mockito.MockitoContextCustomizer@0], contextLoader = 'org.springframework.test.context.support.DelegatingSmartContextLoader', parent = [null]], attributes = map[[empty]]], class annotated with @DirtiesContext [false] with mode [null].
10:35:13.950 [Test worker] DEBUG org.springframework.test.context.support.DependencyInjectionTestExecutionListener - Performing dependency injection for test context [[DefaultTestContext@1d99732 testClass = JwtUtilTest, testInstance = app.library.util.JwtUtilTest@a05533, testMethod = [null], testException = [null], mergedContextConfiguration = [MergedContextConfiguration@128ec73 testClass = JwtUtilTest, locations = '{}', classes = '{class app.library.util.JwtUtil}', contextInitializerClasses = '[]', activeProfiles = '{}', propertySourceLocations = '{}', propertySourceProperties = '{}', contextCustomizers = set[org.springframework.boot.test.autoconfigure.actuate.metrics.MetricsExportContextCustomizerFactory$DisableMetricExportContextCustomizer@ace400, org.springframework.boot.test.autoconfigure.properties.PropertyMappingContextCustomizer@0, org.springframework.boot.test.autoconfigure.web.servlet.WebDriverContextCustomizerFactory$Customizer@1098f9b, org.springframework.boot.test.context.filter.ExcludeFilterContextCustomizer@13d0107, org.springframework.boot.test.json.DuplicateJsonObjectContextCustomizerFactory$DuplicateJsonObjectContextCustomizer@cadd41, org.springframework.boot.test.mock.mockito.MockitoContextCustomizer@0], contextLoader = 'org.springframework.test.context.support.DelegatingSmartContextLoader', parent = [null]], attributes = map['org.springframework.test.context.event.ApplicationEventsTestExecutionListener.recordApplicationEvents' -> false]]].
10:35:13.950 [Test worker] DEBUG org.springframework.test.context.support.AbstractDelegatingSmartContextLoader - Delegating to AnnotationConfigContextLoader to load context from [MergedContextConfiguration@128ec73 testClass = JwtUtilTest, locations = '{}', classes = '{class app.library.util.JwtUtil}', contextInitializerClasses = '[]', activeProfiles = '{}', propertySourceLocations = '{}', propertySourceProperties = '{}', contextCustomizers = set[org.springframework.boot.test.autoconfigure.actuate.metrics.MetricsExportContextCustomizerFactory$DisableMetricExportContextCustomizer@ace400, org.springframework.boot.test.autoconfigure.properties.PropertyMappingContextCustomizer@0, org.springframework.boot.test.autoconfigure.web.servlet.WebDriverContextCustomizerFactory$Customizer@1098f9b, org.springframework.boot.test.context.filter.ExcludeFilterContextCustomizer@13d0107, org.springframework.boot.test.json.DuplicateJsonObjectContextCustomizerFactory$DuplicateJsonObjectContextCustomizer@cadd41, org.springframework.boot.test.mock.mockito.MockitoContextCustomizer@0], contextLoader = 'org.springframework.test.context.support.DelegatingSmartContextLoader', parent = [null]].
10:35:13.950 [Test worker] DEBUG org.springframework.test.context.support.AbstractGenericContextLoader - Loading ApplicationContext for merged context configuration [[MergedContextConfiguration@128ec73 testClass = JwtUtilTest, locations = '{}', classes = '{class app.library.util.JwtUtil}', contextInitializerClasses = '[]', activeProfiles = '{}', propertySourceLocations = '{}', propertySourceProperties = '{}', contextCustomizers = set[org.springframework.boot.test.autoconfigure.actuate.metrics.MetricsExportContextCustomizerFactory$DisableMetricExportContextCustomizer@ace400, org.springframework.boot.test.autoconfigure.properties.PropertyMappingContextCustomizer@0, org.springframework.boot.test.autoconfigure.web.servlet.WebDriverContextCustomizerFactory$Customizer@1098f9b, org.springframework.boot.test.context.filter.ExcludeFilterContextCustomizer@13d0107, org.springframework.boot.test.json.DuplicateJsonObjectContextCustomizerFactory$DuplicateJsonObjectContextCustomizer@cadd41, org.springframework.boot.test.mock.mockito.MockitoContextCustomizer@0], contextLoader = 'org.springframework.test.context.support.DelegatingSmartContextLoader', parent = [null]]].
10:35:13.950 [Test worker] DEBUG org.springframework.core.env.StandardEnvironment - Activating profiles []
10:35:13.950 [Test worker] DEBUG org.springframework.test.context.support.AnnotationConfigContextLoader - Registering component classes: {class app.library.util.JwtUtil}
10:35:13.952 [Test worker] DEBUG org.springframework.context.support.GenericApplicationContext - Refreshing org.springframework.context.support.GenericApplicationContext@17053b5
10:35:13.952 [Test worker] DEBUG org.springframework.beans.factory.support.DefaultListableBeanFactory - Creating shared instance of singleton bean 'org.springframework.context.annotation.internalConfigurationAnnotationProcessor'
10:35:13.952 [Test worker] DEBUG org.springframework.beans.factory.support.DefaultListableBeanFactory - Creating shared instance of singleton bean 'org.springframework.boot.test.mock.mockito.MockitoPostProcessor'
10:35:13.953 [Test worker] DEBUG org.springframework.beans.factory.support.DefaultListableBeanFactory - Creating shared instance of singleton bean 'org.springframework.context.event.internalEventListenerProcessor'
10:35:13.953 [Test worker] DEBUG org.springframework.beans.factory.support.DefaultListableBeanFactory - Creating shared instance of singleton bean 'org.springframework.context.event.internalEventListenerFactory'
10:35:13.953 [Test worker] DEBUG org.springframework.beans.factory.support.DefaultListableBeanFactory - Creating shared instance of singleton bean 'org.springframework.context.annotation.internalAutowiredAnnotationProcessor'
10:35:13.953 [Test worker] DEBUG org.springframework.beans.factory.support.DefaultListableBeanFactory - Creating shared instance of singleton bean 'org.springframework.context.annotation.internalCommonAnnotationProcessor'
10:35:13.954 [Test worker] DEBUG org.springframework.beans.factory.support.DefaultListableBeanFactory - Creating shared instance of singleton bean 'org.springframework.context.annotation.internalPersistenceAnnotationProcessor'
10:35:13.954 [Test worker] DEBUG org.springframework.beans.factory.support.DefaultListableBeanFactory - Creating shared instance of singleton bean 'org.springframework.boot.test.mock.mockito.MockitoPostProcessor$SpyPostProcessor'
10:35:13.954 [Test worker] DEBUG org.springframework.beans.factory.support.DefaultListableBeanFactory - Creating shared instance of singleton bean 'jwtUtil'
10:35:13.955 [Test worker] DEBUG org.springframework.test.context.cache.DefaultCacheAwareContextLoaderDelegate - Storing ApplicationContext [24138677] in cache under key [[MergedContextConfiguration@128ec73 testClass = JwtUtilTest, locations = '{}', classes = '{class app.library.util.JwtUtil}', contextInitializerClasses = '[]', activeProfiles = '{}', propertySourceLocations = '{}', propertySourceProperties = '{}', contextCustomizers = set[org.springframework.boot.test.autoconfigure.actuate.metrics.MetricsExportContextCustomizerFactory$DisableMetricExportContextCustomizer@ace400, org.springframework.boot.test.autoconfigure.properties.PropertyMappingContextCustomizer@0, org.springframework.boot.test.autoconfigure.web.servlet.WebDriverContextCustomizerFactory$Customizer@1098f9b, org.springframework.boot.test.context.filter.ExcludeFilterContextCustomizer@13d0107, org.springframework.boot.test.json.DuplicateJsonObjectContextCustomizerFactory$DuplicateJsonObjectContextCustomizer@cadd41, org.springframework.boot.test.mock.mockito.MockitoContextCustomizer@0], contextLoader = 'org.springframework.test.context.support.DelegatingSmartContextLoader', parent = [null]]]
10:35:13.955 [Test worker] DEBUG org.springframework.test.context.cache - Spring test ApplicationContext cache statistics: [DefaultContextCache@1d5ac51 size = 15, maxSize = 32, parentContextCount = 0, hitCount = 674, missCount = 15]
10:35:13.957 [Test worker] DEBUG org.springframework.test.context.cache.DefaultCacheAwareContextLoaderDelegate - Retrieved ApplicationContext [24138677] from cache with key [[MergedContextConfiguration@128ec73 testClass = JwtUtilTest, locations = '{}', classes = '{class app.library.util.JwtUtil}', contextInitializerClasses = '[]', activeProfiles = '{}', propertySourceLocations = '{}', propertySourceProperties = '{}', contextCustomizers = set[org.springframework.boot.test.autoconfigure.actuate.metrics.MetricsExportContextCustomizerFactory$DisableMetricExportContextCustomizer@ace400, org.springframework.boot.test.autoconfigure.properties.PropertyMappingContextCustomizer@0, org.springframework.boot.test.autoconfigure.web.servlet.WebDriverContextCustomizerFactory$Customizer@1098f9b, org.springframework.boot.test.context.filter.ExcludeFilterContextCustomizer@13d0107, org.springframework.boot.test.json.DuplicateJsonObjectContextCustomizerFactory$DuplicateJsonObjectContextCustomizer@cadd41, org.springframework.boot.test.mock.mockito.MockitoContextCustomizer@0], contextLoader = 'org.springframework.test.context.support.DelegatingSmartContextLoader', parent = [null]]]
10:35:13.957 [Test worker] DEBUG org.springframework.test.context.cache - Spring test ApplicationContext cache statistics: [DefaultContextCache@1d5ac51 size = 15, maxSize = 32, parentContextCount = 0, hitCount = 675, missCount = 15]
10:35:13.957 [Test worker] DEBUG org.springframework.test.context.support.AbstractDirtiesContextTestExecutionListener - Before test method: context [DefaultTestContext@1d99732 testClass = JwtUtilTest, testInstance = app.library.util.JwtUtilTest@a05533, testMethod = testValidateToken2@JwtUtilTest, testException = [null], mergedContextConfiguration = [MergedContextConfiguration@128ec73 testClass = JwtUtilTest, locations = '{}', classes = '{class app.library.util.JwtUtil}', contextInitializerClasses = '[]', activeProfiles = '{}', propertySourceLocations = '{}', propertySourceProperties = '{}', contextCustomizers = set[org.springframework.boot.test.autoconfigure.actuate.metrics.MetricsExportContextCustomizerFactory$DisableMetricExportContextCustomizer@ace400, org.springframework.boot.test.autoconfigure.properties.PropertyMappingContextCustomizer@0, org.springframework.boot.test.autoconfigure.web.servlet.WebDriverContextCustomizerFactory$Customizer@1098f9b, org.springframework.boot.test.context.filter.ExcludeFilterContextCustomizer@13d0107, org.springframework.boot.test.json.DuplicateJsonObjectContextCustomizerFactory$DuplicateJsonObjectContextCustomizer@cadd41, org.springframework.boot.test.mock.mockito.MockitoContextCustomizer@0], contextLoader = 'org.springframework.test.context.support.DelegatingSmartContextLoader', parent = [null]], attributes = map['org.springframework.test.context.event.ApplicationEventsTestExecutionListener.recordApplicationEvents' -> false]], class annotated with @DirtiesContext [false] with mode [null], method annotated with @DirtiesContext [false] with mode [null].
10:35:13.957 [Test worker] DEBUG org.springframework.test.context.cache.DefaultCacheAwareContextLoaderDelegate - Retrieved ApplicationContext [24138677] from cache with key [[MergedContextConfiguration@128ec73 testClass = JwtUtilTest, locations = '{}', classes = '{class app.library.util.JwtUtil}', contextInitializerClasses = '[]', activeProfiles = '{}', propertySourceLocations = '{}', propertySourceProperties = '{}', contextCustomizers = set[org.springframework.boot.test.autoconfigure.actuate.metrics.MetricsExportContextCustomizerFactory$DisableMetricExportContextCustomizer@ace400, org.springframework.boot.test.autoconfigure.properties.PropertyMappingContextCustomizer@0, org.springframework.boot.test.autoconfigure.web.servlet.WebDriverContextCustomizerFactory$Customizer@1098f9b, org.springframework.boot.test.context.filter.ExcludeFilterContextCustomizer@13d0107, org.springframework.boot.test.json.DuplicateJsonObjectContextCustomizerFactory$DuplicateJsonObjectContextCustomizer@cadd41, org.springframework.boot.test.mock.mockito.MockitoContextCustomizer@0], contextLoader = 'org.springframework.test.context.support.DelegatingSmartContextLoader', parent = [null]]]
10:35:13.957 [Test worker] DEBUG org.springframework.test.context.cache - Spring test ApplicationContext cache statistics: [DefaultContextCache@1d5ac51 size = 15, maxSize = 32, parentContextCount = 0, hitCount = 676, missCount = 15]
10:35:13.958 [Test worker] DEBUG org.springframework.test.context.cache.DefaultCacheAwareContextLoaderDelegate - Retrieved ApplicationContext [24138677] from cache with key [[MergedContextConfiguration@128ec73 testClass = JwtUtilTest, locations = '{}', classes = '{class app.library.util.JwtUtil}', contextInitializerClasses = '[]', activeProfiles = '{}', propertySourceLocations = '{}', propertySourceProperties = '{}', contextCustomizers = set[org.springframework.boot.test.autoconfigure.actuate.metrics.MetricsExportContextCustomizerFactory$DisableMetricExportContextCustomizer@ace400, org.springframework.boot.test.autoconfigure.properties.PropertyMappingContextCustomizer@0, org.springframework.boot.test.autoconfigure.web.servlet.WebDriverContextCustomizerFactory$Customizer@1098f9b, org.springframework.boot.test.context.filter.ExcludeFilterContextCustomizer@13d0107, org.springframework.boot.test.json.DuplicateJsonObjectContextCustomizerFactory$DuplicateJsonObjectContextCustomizer@cadd41, org.springframework.boot.test.mock.mockito.MockitoContextCustomizer@0], contextLoader = 'org.springframework.test.context.support.DelegatingSmartContextLoader', parent = [null]]]
10:35:13.958 [Test worker] DEBUG org.springframework.test.context.cache - Spring test ApplicationContext cache statistics: [DefaultContextCache@1d5ac51 size = 15, maxSize = 32, parentContextCount = 0, hitCount = 677, missCount = 15]
10:35:13.958 [Test worker] DEBUG org.springframework.test.context.cache.DefaultCacheAwareContextLoaderDelegate - Retrieved ApplicationContext [24138677] from cache with key [[MergedContextConfiguration@128ec73 testClass = JwtUtilTest, locations = '{}', classes = '{class app.library.util.JwtUtil}', contextInitializerClasses = '[]', activeProfiles = '{}', propertySourceLocations = '{}', propertySourceProperties = '{}', contextCustomizers = set[org.springframework.boot.test.autoconfigure.actuate.metrics.MetricsExportContextCustomizerFactory$DisableMetricExportContextCustomizer@ace400, org.springframework.boot.test.autoconfigure.properties.PropertyMappingContextCustomizer@0, org.springframework.boot.test.autoconfigure.web.servlet.WebDriverContextCustomizerFactory$Customizer@1098f9b, org.springframework.boot.test.context.filter.ExcludeFilterContextCustomizer@13d0107, org.springframework.boot.test.json.DuplicateJsonObjectContextCustomizerFactory$DuplicateJsonObjectContextCustomizer@cadd41, org.springframework.boot.test.mock.mockito.MockitoContextCustomizer@0], contextLoader = 'org.springframework.test.context.support.DelegatingSmartContextLoader', parent = [null]]]
10:35:13.958 [Test worker] DEBUG org.springframework.test.context.cache - Spring test ApplicationContext cache statistics: [DefaultContextCache@1d5ac51 size = 15, maxSize = 32, parentContextCount = 0, hitCount = 678, missCount = 15]
10:35:14.236 [Test worker] DEBUG org.springframework.test.context.cache.DefaultCacheAwareContextLoaderDelegate - Retrieved ApplicationContext [24138677] from cache with key [[MergedContextConfiguration@128ec73 testClass = JwtUtilTest, locations = '{}', classes = '{class app.library.util.JwtUtil}', contextInitializerClasses = '[]', activeProfiles = '{}', propertySourceLocations = '{}', propertySourceProperties = '{}', contextCustomizers = set[org.springframework.boot.test.autoconfigure.actuate.metrics.MetricsExportContextCustomizerFactory$DisableMetricExportContextCustomizer@ace400, org.springframework.boot.test.autoconfigure.properties.PropertyMappingContextCustomizer@0, org.springframework.boot.test.autoconfigure.web.servlet.WebDriverContextCustomizerFactory$Customizer@1098f9b, org.springframework.boot.test.context.filter.ExcludeFilterContextCustomizer@13d0107, org.springframework.boot.test.json.DuplicateJsonObjectContextCustomizerFactory$DuplicateJsonObjectContextCustomizer@cadd41, org.springframework.boot.test.mock.mockito.MockitoContextCustomizer@0], contextLoader = 'org.springframework.test.context.support.DelegatingSmartContextLoader', parent = [null]]]
10:35:14.236 [Test worker] DEBUG org.springframework.test.context.cache - Spring test ApplicationContext cache statistics: [DefaultContextCache@1d5ac51 size = 15, maxSize = 32, parentContextCount = 0, hitCount = 679, missCount = 15]
10:35:14.236 [Test worker] DEBUG org.springframework.test.context.cache.DefaultCacheAwareContextLoaderDelegate - Retrieved ApplicationContext [24138677] from cache with key [[MergedContextConfiguration@128ec73 testClass = JwtUtilTest, locations = '{}', classes = '{class app.library.util.JwtUtil}', contextInitializerClasses = '[]', activeProfiles = '{}', propertySourceLocations = '{}', propertySourceProperties = '{}', contextCustomizers = set[org.springframework.boot.test.autoconfigure.actuate.metrics.MetricsExportContextCustomizerFactory$DisableMetricExportContextCustomizer@ace400, org.springframework.boot.test.autoconfigure.properties.PropertyMappingContextCustomizer@0, org.springframework.boot.test.autoconfigure.web.servlet.WebDriverContextCustomizerFactory$Customizer@1098f9b, org.springframework.boot.test.context.filter.ExcludeFilterContextCustomizer@13d0107, org.springframework.boot.test.json.DuplicateJsonObjectContextCustomizerFactory$DuplicateJsonObjectContextCustomizer@cadd41, org.springframework.boot.test.mock.mockito.MockitoContextCustomizer@0], contextLoader = 'org.springframework.test.context.support.DelegatingSmartContextLoader', parent = [null]]]
10:35:14.236 [Test worker] DEBUG org.springframework.test.context.cache - Spring test ApplicationContext cache statistics: [DefaultContextCache@1d5ac51 size = 15, maxSize = 32, parentContextCount = 0, hitCount = 680, missCount = 15]
10:35:14.237 [Test worker] DEBUG org.springframework.test.context.cache.DefaultCacheAwareContextLoaderDelegate - Retrieved ApplicationContext [24138677] from cache with key [[MergedContextConfiguration@128ec73 testClass = JwtUtilTest, locations = '{}', classes = '{class app.library.util.JwtUtil}', contextInitializerClasses = '[]', activeProfiles = '{}', propertySourceLocations = '{}', propertySourceProperties = '{}', contextCustomizers = set[org.springframework.boot.test.autoconfigure.actuate.metrics.MetricsExportContextCustomizerFactory$DisableMetricExportContextCustomizer@ace400, org.springframework.boot.test.autoconfigure.properties.PropertyMappingContextCustomizer@0, org.springframework.boot.test.autoconfigure.web.servlet.WebDriverContextCustomizerFactory$Customizer@1098f9b, org.springframework.boot.test.context.filter.ExcludeFilterContextCustomizer@13d0107, org.springframework.boot.test.json.DuplicateJsonObjectContextCustomizerFactory$DuplicateJsonObjectContextCustomizer@cadd41, org.springframework.boot.test.mock.mockito.MockitoContextCustomizer@0], contextLoader = 'org.springframework.test.context.support.DelegatingSmartContextLoader', parent = [null]]]
10:35:14.237 [Test worker] DEBUG org.springframework.test.context.cache - Spring test ApplicationContext cache statistics: [DefaultContextCache@1d5ac51 size = 15, maxSize = 32, parentContextCount = 0, hitCount = 681, missCount = 15]
10:35:14.237 [Test worker] DEBUG org.springframework.test.context.cache.DefaultCacheAwareContextLoaderDelegate - Retrieved ApplicationContext [24138677] from cache with key [[MergedContextConfiguration@128ec73 testClass = JwtUtilTest, locations = '{}', classes = '{class app.library.util.JwtUtil}', contextInitializerClasses = '[]', activeProfiles = '{}', propertySourceLocations = '{}', propertySourceProperties = '{}', contextCustomizers = set[org.springframework.boot.test.autoconfigure.actuate.metrics.MetricsExportContextCustomizerFactory$DisableMetricExportContextCustomizer@ace400, org.springframework.boot.test.autoconfigure.properties.PropertyMappingContextCustomizer@0, org.springframework.boot.test.autoconfigure.web.servlet.WebDriverContextCustomizerFactory$Customizer@1098f9b, org.springframework.boot.test.context.filter.ExcludeFilterContextCustomizer@13d0107, org.springframework.boot.test.json.DuplicateJsonObjectContextCustomizerFactory$DuplicateJsonObjectContextCustomizer@cadd41, org.springframework.boot.test.mock.mockito.MockitoContextCustomizer@0], contextLoader = 'org.springframework.test.context.support.DelegatingSmartContextLoader', parent = [null]]]
10:35:14.237 [Test worker] DEBUG org.springframework.test.context.cache - Spring test ApplicationContext cache statistics: [DefaultContextCache@1d5ac51 size = 15, maxSize = 32, parentContextCount = 0, hitCount = 682, missCount = 15]
10:35:14.237 [Test worker] DEBUG org.springframework.test.context.cache.DefaultCacheAwareContextLoaderDelegate - Retrieved ApplicationContext [24138677] from cache with key [[MergedContextConfiguration@128ec73 testClass = JwtUtilTest, locations = '{}', classes = '{class app.library.util.JwtUtil}', contextInitializerClasses = '[]', activeProfiles = '{}', propertySourceLocations = '{}', propertySourceProperties = '{}', contextCustomizers = set[org.springframework.boot.test.autoconfigure.actuate.metrics.MetricsExportContextCustomizerFactory$DisableMetricExportContextCustomizer@ace400, org.springframework.boot.test.autoconfigure.properties.PropertyMappingContextCustomizer@0, org.springframework.boot.test.autoconfigure.web.servlet.WebDriverContextCustomizerFactory$Customizer@1098f9b, org.springframework.boot.test.context.filter.ExcludeFilterContextCustomizer@13d0107, org.springframework.boot.test.json.DuplicateJsonObjectContextCustomizerFactory$DuplicateJsonObjectContextCustomizer@cadd41, org.springframework.boot.test.mock.mockito.MockitoContextCustomizer@0], contextLoader = 'org.springframework.test.context.support.DelegatingSmartContextLoader', parent = [null]]]
10:35:14.237 [Test worker] DEBUG org.springframework.test.context.cache - Spring test ApplicationContext cache statistics: [DefaultContextCache@1d5ac51 size = 15, maxSize = 32, parentContextCount = 0, hitCount = 683, missCount = 15]
10:35:14.237 [Test worker] DEBUG org.springframework.test.context.cache.DefaultCacheAwareContextLoaderDelegate - Retrieved ApplicationContext [24138677] from cache with key [[MergedContextConfiguration@128ec73 testClass = JwtUtilTest, locations = '{}', classes = '{class app.library.util.JwtUtil}', contextInitializerClasses = '[]', activeProfiles = '{}', propertySourceLocations = '{}', propertySourceProperties = '{}', contextCustomizers = set[org.springframework.boot.test.autoconfigure.actuate.metrics.MetricsExportContextCustomizerFactory$DisableMetricExportContextCustomizer@ace400, org.springframework.boot.test.autoconfigure.properties.PropertyMappingContextCustomizer@0, org.springframework.boot.test.autoconfigure.web.servlet.WebDriverContextCustomizerFactory$Customizer@1098f9b, org.springframework.boot.test.context.filter.ExcludeFilterContextCustomizer@13d0107, org.springframework.boot.test.json.DuplicateJsonObjectContextCustomizerFactory$DuplicateJsonObjectContextCustomizer@cadd41, org.springframework.boot.test.mock.mockito.MockitoContextCustomizer@0], contextLoader = 'org.springframework.test.context.support.DelegatingSmartContextLoader', parent = [null]]]
10:35:14.237 [Test worker] DEBUG org.springframework.test.context.cache - Spring test ApplicationContext cache statistics: [DefaultContextCache@1d5ac51 size = 15, maxSize = 32, parentContextCount = 0, hitCount = 684, missCount = 15]
10:35:14.238 [Test worker] DEBUG org.springframework.test.context.support.AbstractDirtiesContextTestExecutionListener - After test method: context [DefaultTestContext@1d99732 testClass = JwtUtilTest, testInstance = app.library.util.JwtUtilTest@a05533, testMethod = testValidateToken2@JwtUtilTest, testException = [null], mergedContextConfiguration = [MergedContextConfiguration@128ec73 testClass = JwtUtilTest, locations = '{}', classes = '{class app.library.util.JwtUtil}', contextInitializerClasses = '[]', activeProfiles = '{}', propertySourceLocations = '{}', propertySourceProperties = '{}', contextCustomizers = set[org.springframework.boot.test.autoconfigure.actuate.metrics.MetricsExportContextCustomizerFactory$DisableMetricExportContextCustomizer@ace400, org.springframework.boot.test.autoconfigure.properties.PropertyMappingContextCustomizer@0, org.springframework.boot.test.autoconfigure.web.servlet.WebDriverContextCustomizerFactory$Customizer@1098f9b, org.springframework.boot.test.context.filter.ExcludeFilterContextCustomizer@13d0107, org.springframework.boot.test.json.DuplicateJsonObjectContextCustomizerFactory$DuplicateJsonObjectContextCustomizer@cadd41, org.springframework.boot.test.mock.mockito.MockitoContextCustomizer@0], contextLoader = 'org.springframework.test.context.support.DelegatingSmartContextLoader', parent = [null]], attributes = map['org.springframework.test.context.event.ApplicationEventsTestExecutionListener.recordApplicationEvents' -> false]], class annotated with @DirtiesContext [false] with mode [null], method annotated with @DirtiesContext [false] with mode [null].
10:35:14.238 [Test worker] DEBUG org.springframework.test.context.support.DependencyInjectionTestExecutionListener - Performing dependency injection for test context [[DefaultTestContext@1d99732 testClass = JwtUtilTest, testInstance = app.library.util.JwtUtilTest@11cedfb, testMethod = [null], testException = [null], mergedContextConfiguration = [MergedContextConfiguration@128ec73 testClass = JwtUtilTest, locations = '{}', classes = '{class app.library.util.JwtUtil}', contextInitializerClasses = '[]', activeProfiles = '{}', propertySourceLocations = '{}', propertySourceProperties = '{}', contextCustomizers = set[org.springframework.boot.test.autoconfigure.actuate.metrics.MetricsExportContextCustomizerFactory$DisableMetricExportContextCustomizer@ace400, org.springframework.boot.test.autoconfigure.properties.PropertyMappingContextCustomizer@0, org.springframework.boot.test.autoconfigure.web.servlet.WebDriverContextCustomizerFactory$Customizer@1098f9b, org.springframework.boot.test.context.filter.ExcludeFilterContextCustomizer@13d0107, org.springframework.boot.test.json.DuplicateJsonObjectContextCustomizerFactory$DuplicateJsonObjectContextCustomizer@cadd41, org.springframework.boot.test.mock.mockito.MockitoContextCustomizer@0], contextLoader = 'org.springframework.test.context.support.DelegatingSmartContextLoader', parent = [null]], attributes = map['org.springframework.test.context.event.ApplicationEventsTestExecutionListener.recordApplicationEvents' -> false]]].
10:35:14.238 [Test worker] DEBUG org.springframework.test.context.cache.DefaultCacheAwareContextLoaderDelegate - Retrieved ApplicationContext [24138677] from cache with key [[MergedContextConfiguration@128ec73 testClass = JwtUtilTest, locations = '{}', classes = '{class app.library.util.JwtUtil}', contextInitializerClasses = '[]', activeProfiles = '{}', propertySourceLocations = '{}', propertySourceProperties = '{}', contextCustomizers = set[org.springframework.boot.test.autoconfigure.actuate.metrics.MetricsExportContextCustomizerFactory$DisableMetricExportContextCustomizer@ace400, org.springframework.boot.test.autoconfigure.properties.PropertyMappingContextCustomizer@0, org.springframework.boot.test.autoconfigure.web.servlet.WebDriverContextCustomizerFactory$Customizer@1098f9b, org.springframework.boot.test.context.filter.ExcludeFilterContextCustomizer@13d0107, org.springframework.boot.test.json.DuplicateJsonObjectContextCustomizerFactory$DuplicateJsonObjectContextCustomizer@cadd41, org.springframework.boot.test.mock.mockito.MockitoContextCustomizer@0], contextLoader = 'org.springframework.test.context.support.DelegatingSmartContextLoader', parent = [null]]]
10:35:14.238 [Test worker] DEBUG org.springframework.test.context.cache - Spring test ApplicationContext cache statistics: [DefaultContextCache@1d5ac51 size = 15, maxSize = 32, parentContextCount = 0, hitCount = 685, missCount = 15]
10:35:14.238 [Test worker] DEBUG org.springframework.test.context.cache.DefaultCacheAwareContextLoaderDelegate - Retrieved ApplicationContext [24138677] from cache with key [[MergedContextConfiguration@128ec73 testClass = JwtUtilTest, locations = '{}', classes = '{class app.library.util.JwtUtil}', contextInitializerClasses = '[]', activeProfiles = '{}', propertySourceLocations = '{}', propertySourceProperties = '{}', contextCustomizers = set[org.springframework.boot.test.autoconfigure.actuate.metrics.MetricsExportContextCustomizerFactory$DisableMetricExportContextCustomizer@ace400, org.springframework.boot.test.autoconfigure.properties.PropertyMappingContextCustomizer@0, org.springframework.boot.test.autoconfigure.web.servlet.WebDriverContextCustomizerFactory$Customizer@1098f9b, org.springframework.boot.test.context.filter.ExcludeFilterContextCustomizer@13d0107, org.springframework.boot.test.json.DuplicateJsonObjectContextCustomizerFactory$DuplicateJsonObjectContextCustomizer@cadd41, org.springframework.boot.test.mock.mockito.MockitoContextCustomizer@0], contextLoader = 'org.springframework.test.context.support.DelegatingSmartContextLoader', parent = [null]]]
10:35:14.238 [Test worker] DEBUG org.springframework.test.context.cache - Spring test ApplicationContext cache statistics: [DefaultContextCache@1d5ac51 size = 15, maxSize = 32, parentContextCount = 0, hitCount = 686, missCount = 15]
10:35:14.239 [Test worker] DEBUG org.springframework.test.context.support.AbstractDirtiesContextTestExecutionListener - Before test method: context [DefaultTestContext@1d99732 testClass = JwtUtilTest, testInstance = app.library.util.JwtUtilTest@11cedfb, testMethod = testExtractUsername@JwtUtilTest, testException = [null], mergedContextConfiguration = [MergedContextConfiguration@128ec73 testClass = JwtUtilTest, locations = '{}', classes = '{class app.library.util.JwtUtil}', contextInitializerClasses = '[]', activeProfiles = '{}', propertySourceLocations = '{}', propertySourceProperties = '{}', contextCustomizers = set[org.springframework.boot.test.autoconfigure.actuate.metrics.MetricsExportContextCustomizerFactory$DisableMetricExportContextCustomizer@ace400, org.springframework.boot.test.autoconfigure.properties.PropertyMappingContextCustomizer@0, org.springframework.boot.test.autoconfigure.web.servlet.WebDriverContextCustomizerFactory$Customizer@1098f9b, org.springframework.boot.test.context.filter.ExcludeFilterContextCustomizer@13d0107, org.springframework.boot.test.json.DuplicateJsonObjectContextCustomizerFactory$DuplicateJsonObjectContextCustomizer@cadd41, org.springframework.boot.test.mock.mockito.MockitoContextCustomizer@0], contextLoader = 'org.springframework.test.context.support.DelegatingSmartContextLoader', parent = [null]], attributes = map['org.springframework.test.context.event.ApplicationEventsTestExecutionListener.recordApplicationEvents' -> false]], class annotated with @DirtiesContext [false] with mode [null], method annotated with @DirtiesContext [false] with mode [null].
10:35:14.239 [Test worker] DEBUG org.springframework.test.context.cache.DefaultCacheAwareContextLoaderDelegate - Retrieved ApplicationContext [24138677] from cache with key [[MergedContextConfiguration@128ec73 testClass = JwtUtilTest, locations = '{}', classes = '{class app.library.util.JwtUtil}', contextInitializerClasses = '[]', activeProfiles = '{}', propertySourceLocations = '{}', propertySourceProperties = '{}', contextCustomizers = set[org.springframework.boot.test.autoconfigure.actuate.metrics.MetricsExportContextCustomizerFactory$DisableMetricExportContextCustomizer@ace400, org.springframework.boot.test.autoconfigure.properties.PropertyMappingContextCustomizer@0, org.springframework.boot.test.autoconfigure.web.servlet.WebDriverContextCustomizerFactory$Customizer@1098f9b, org.springframework.boot.test.context.filter.ExcludeFilterContextCustomizer@13d0107, org.springframework.boot.test.json.DuplicateJsonObjectContextCustomizerFactory$DuplicateJsonObjectContextCustomizer@cadd41, org.springframework.boot.test.mock.mockito.MockitoContextCustomizer@0], contextLoader = 'org.springframework.test.context.support.DelegatingSmartContextLoader', parent = [null]]]
10:35:14.239 [Test worker] DEBUG org.springframework.test.context.cache - Spring test ApplicationContext cache statistics: [DefaultContextCache@1d5ac51 size = 15, maxSize = 32, parentContextCount = 0, hitCount = 687, missCount = 15]
10:35:14.239 [Test worker] DEBUG org.springframework.test.context.cache.DefaultCacheAwareContextLoaderDelegate - Retrieved ApplicationContext [24138677] from cache with key [[MergedContextConfiguration@128ec73 testClass = JwtUtilTest, locations = '{}', classes = '{class app.library.util.JwtUtil}', contextInitializerClasses = '[]', activeProfiles = '{}', propertySourceLocations = '{}', propertySourceProperties = '{}', contextCustomizers = set[org.springframework.boot.test.autoconfigure.actuate.metrics.MetricsExportContextCustomizerFactory$DisableMetricExportContextCustomizer@ace400, org.springframework.boot.test.autoconfigure.properties.PropertyMappingContextCustomizer@0, org.springframework.boot.test.autoconfigure.web.servlet.WebDriverContextCustomizerFactory$Customizer@1098f9b, org.springframework.boot.test.context.filter.ExcludeFilterContextCustomizer@13d0107, org.springframework.boot.test.json.DuplicateJsonObjectContextCustomizerFactory$DuplicateJsonObjectContextCustomizer@cadd41, org.springframework.boot.test.mock.mockito.MockitoContextCustomizer@0], contextLoader = 'org.springframework.test.context.support.DelegatingSmartContextLoader', parent = [null]]]
10:35:14.239 [Test worker] DEBUG org.springframework.test.context.cache - Spring test ApplicationContext cache statistics: [DefaultContextCache@1d5ac51 size = 15, maxSize = 32, parentContextCount = 0, hitCount = 688, missCount = 15]
10:35:14.240 [Test worker] DEBUG org.springframework.test.context.cache.DefaultCacheAwareContextLoaderDelegate - Retrieved ApplicationContext [24138677] from cache with key [[MergedContextConfiguration@128ec73 testClass = JwtUtilTest, locations = '{}', classes = '{class app.library.util.JwtUtil}', contextInitializerClasses = '[]', activeProfiles = '{}', propertySourceLocations = '{}', propertySourceProperties = '{}', contextCustomizers = set[org.springframework.boot.test.autoconfigure.actuate.metrics.MetricsExportContextCustomizerFactory$DisableMetricExportContextCustomizer@ace400, org.springframework.boot.test.autoconfigure.properties.PropertyMappingContextCustomizer@0, org.springframework.boot.test.autoconfigure.web.servlet.WebDriverContextCustomizerFactory$Customizer@1098f9b, org.springframework.boot.test.context.filter.ExcludeFilterContextCustomizer@13d0107, org.springframework.boot.test.json.DuplicateJsonObjectContextCustomizerFactory$DuplicateJsonObjectContextCustomizer@cadd41, org.springframework.boot.test.mock.mockito.MockitoContextCustomizer@0], contextLoader = 'org.springframework.test.context.support.DelegatingSmartContextLoader', parent = [null]]]
10:35:14.240 [Test worker] DEBUG org.springframework.test.context.cache - Spring test ApplicationContext cache statistics: [DefaultContextCache@1d5ac51 size = 15, maxSize = 32, parentContextCount = 0, hitCount = 689, missCount = 15]
10:35:14.240 [Test worker] DEBUG org.springframework.test.context.cache.DefaultCacheAwareContextLoaderDelegate - Retrieved ApplicationContext [24138677] from cache with key [[MergedContextConfiguration@128ec73 testClass = JwtUtilTest, locations = '{}', classes = '{class app.library.util.JwtUtil}', contextInitializerClasses = '[]', activeProfiles = '{}', propertySourceLocations = '{}', propertySourceProperties = '{}', contextCustomizers = set[org.springframework.boot.test.autoconfigure.actuate.metrics.MetricsExportContextCustomizerFactory$DisableMetricExportContextCustomizer@ace400, org.springframework.boot.test.autoconfigure.properties.PropertyMappingContextCustomizer@0, org.springframework.boot.test.autoconfigure.web.servlet.WebDriverContextCustomizerFactory$Customizer@1098f9b, org.springframework.boot.test.context.filter.ExcludeFilterContextCustomizer@13d0107, org.springframework.boot.test.json.DuplicateJsonObjectContextCustomizerFactory$DuplicateJsonObjectContextCustomizer@cadd41, org.springframework.boot.test.mock.mockito.MockitoContextCustomizer@0], contextLoader = 'org.springframework.test.context.support.DelegatingSmartContextLoader', parent = [null]]]
10:35:14.240 [Test worker] DEBUG org.springframework.test.context.cache - Spring test ApplicationContext cache statistics: [DefaultContextCache@1d5ac51 size = 15, maxSize = 32, parentContextCount = 0, hitCount = 690, missCount = 15]
10:35:14.240 [Test worker] DEBUG org.springframework.test.context.cache.DefaultCacheAwareContextLoaderDelegate - Retrieved ApplicationContext [24138677] from cache with key [[MergedContextConfiguration@128ec73 testClass = JwtUtilTest, locations = '{}', classes = '{class app.library.util.JwtUtil}', contextInitializerClasses = '[]', activeProfiles = '{}', propertySourceLocations = '{}', propertySourceProperties = '{}', contextCustomizers = set[org.springframework.boot.test.autoconfigure.actuate.metrics.MetricsExportContextCustomizerFactory$DisableMetricExportContextCustomizer@ace400, org.springframework.boot.test.autoconfigure.properties.PropertyMappingContextCustomizer@0, org.springframework.boot.test.autoconfigure.web.servlet.WebDriverContextCustomizerFactory$Customizer@1098f9b, org.springframework.boot.test.context.filter.ExcludeFilterContextCustomizer@13d0107, org.springframework.boot.test.json.DuplicateJsonObjectContextCustomizerFactory$DuplicateJsonObjectContextCustomizer@cadd41, org.springframework.boot.test.mock.mockito.MockitoContextCustomizer@0], contextLoader = 'org.springframework.test.context.support.DelegatingSmartContextLoader', parent = [null]]]
10:35:14.240 [Test worker] DEBUG org.springframework.test.context.cache - Spring test ApplicationContext cache statistics: [DefaultContextCache@1d5ac51 size = 15, maxSize = 32, parentContextCount = 0, hitCount = 691, missCount = 15]
10:35:14.241 [Test worker] DEBUG org.springframework.test.context.cache.DefaultCacheAwareContextLoaderDelegate - Retrieved ApplicationContext [24138677] from cache with key [[MergedContextConfiguration@128ec73 testClass = JwtUtilTest, locations = '{}', classes = '{class app.library.util.JwtUtil}', contextInitializerClasses = '[]', activeProfiles = '{}', propertySourceLocations = '{}', propertySourceProperties = '{}', contextCustomizers = set[org.springframework.boot.test.autoconfigure.actuate.metrics.MetricsExportContextCustomizerFactory$DisableMetricExportContextCustomizer@ace400, org.springframework.boot.test.autoconfigure.properties.PropertyMappingContextCustomizer@0, org.springframework.boot.test.autoconfigure.web.servlet.WebDriverContextCustomizerFactory$Customizer@1098f9b, org.springframework.boot.test.context.filter.ExcludeFilterContextCustomizer@13d0107, org.springframework.boot.test.json.DuplicateJsonObjectContextCustomizerFactory$DuplicateJsonObjectContextCustomizer@cadd41, org.springframework.boot.test.mock.mockito.MockitoContextCustomizer@0], contextLoader = 'org.springframework.test.context.support.DelegatingSmartContextLoader', parent = [null]]]
10:35:14.241 [Test worker] DEBUG org.springframework.test.context.cache - Spring test ApplicationContext cache statistics: [DefaultContextCache@1d5ac51 size = 15, maxSize = 32, parentContextCount = 0, hitCount = 692, missCount = 15]
10:35:14.241 [Test worker] DEBUG org.springframework.test.context.cache.DefaultCacheAwareContextLoaderDelegate - Retrieved ApplicationContext [24138677] from cache with key [[MergedContextConfiguration@128ec73 testClass = JwtUtilTest, locations = '{}', classes = '{class app.library.util.JwtUtil}', contextInitializerClasses = '[]', activeProfiles = '{}', propertySourceLocations = '{}', propertySourceProperties = '{}', contextCustomizers = set[org.springframework.boot.test.autoconfigure.actuate.metrics.MetricsExportContextCustomizerFactory$DisableMetricExportContextCustomizer@ace400, org.springframework.boot.test.autoconfigure.properties.PropertyMappingContextCustomizer@0, org.springframework.boot.test.autoconfigure.web.servlet.WebDriverContextCustomizerFactory$Customizer@1098f9b, org.springframework.boot.test.context.filter.ExcludeFilterContextCustomizer@13d0107, org.springframework.boot.test.json.DuplicateJsonObjectContextCustomizerFactory$DuplicateJsonObjectContextCustomizer@cadd41, org.springframework.boot.test.mock.mockito.MockitoContextCustomizer@0], contextLoader = 'org.springframework.test.context.support.DelegatingSmartContextLoader', parent = [null]]]
10:35:14.241 [Test worker] DEBUG org.springframework.test.context.cache - Spring test ApplicationContext cache statistics: [DefaultContextCache@1d5ac51 size = 15, maxSize = 32, parentContextCount = 0, hitCount = 693, missCount = 15]
10:35:14.241 [Test worker] DEBUG org.springframework.test.context.cache.DefaultCacheAwareContextLoaderDelegate - Retrieved ApplicationContext [24138677] from cache with key [[MergedContextConfiguration@128ec73 testClass = JwtUtilTest, locations = '{}', classes = '{class app.library.util.JwtUtil}', contextInitializerClasses = '[]', activeProfiles = '{}', propertySourceLocations = '{}', propertySourceProperties = '{}', contextCustomizers = set[org.springframework.boot.test.autoconfigure.actuate.metrics.MetricsExportContextCustomizerFactory$DisableMetricExportContextCustomizer@ace400, org.springframework.boot.test.autoconfigure.properties.PropertyMappingContextCustomizer@0, org.springframework.boot.test.autoconfigure.web.servlet.WebDriverContextCustomizerFactory$Customizer@1098f9b, org.springframework.boot.test.context.filter.ExcludeFilterContextCustomizer@13d0107, org.springframework.boot.test.json.DuplicateJsonObjectContextCustomizerFactory$DuplicateJsonObjectContextCustomizer@cadd41, org.springframework.boot.test.mock.mockito.MockitoContextCustomizer@0], contextLoader = 'org.springframework.test.context.support.DelegatingSmartContextLoader', parent = [null]]]
10:35:14.241 [Test worker] DEBUG org.springframework.test.context.cache - Spring test ApplicationContext cache statistics: [DefaultContextCache@1d5ac51 size = 15, maxSize = 32, parentContextCount = 0, hitCount = 694, missCount = 15]
10:35:14.241 [Test worker] DEBUG org.springframework.test.context.cache.DefaultCacheAwareContextLoaderDelegate - Retrieved ApplicationContext [24138677] from cache with key [[MergedContextConfiguration@128ec73 testClass = JwtUtilTest, locations = '{}', classes = '{class app.library.util.JwtUtil}', contextInitializerClasses = '[]', activeProfiles = '{}', propertySourceLocations = '{}', propertySourceProperties = '{}', contextCustomizers = set[org.springframework.boot.test.autoconfigure.actuate.metrics.MetricsExportContextCustomizerFactory$DisableMetricExportContextCustomizer@ace400, org.springframework.boot.test.autoconfigure.properties.PropertyMappingContextCustomizer@0, org.springframework.boot.test.autoconfigure.web.servlet.WebDriverContextCustomizerFactory$Customizer@1098f9b, org.springframework.boot.test.context.filter.ExcludeFilterContextCustomizer@13d0107, org.springframework.boot.test.json.DuplicateJsonObjectContextCustomizerFactory$DuplicateJsonObjectContextCustomizer@cadd41, org.springframework.boot.test.mock.mockito.MockitoContextCustomizer@0], contextLoader = 'org.springframework.test.context.support.DelegatingSmartContextLoader', parent = [null]]]
10:35:14.241 [Test worker] DEBUG org.springframework.test.context.cache - Spring test ApplicationContext cache statistics: [DefaultContextCache@1d5ac51 size = 15, maxSize = 32, parentContextCount = 0, hitCount = 695, missCount = 15]
10:35:14.241 [Test worker] DEBUG org.springframework.test.context.support.AbstractDirtiesContextTestExecutionListener - After test method: context [DefaultTestContext@1d99732 testClass = JwtUtilTest, testInstance = app.library.util.JwtUtilTest@11cedfb, testMethod = testExtractUsername@JwtUtilTest, testException = [null], mergedContextConfiguration = [MergedContextConfiguration@128ec73 testClass = JwtUtilTest, locations = '{}', classes = '{class app.library.util.JwtUtil}', contextInitializerClasses = '[]', activeProfiles = '{}', propertySourceLocations = '{}', propertySourceProperties = '{}', contextCustomizers = set[org.springframework.boot.test.autoconfigure.actuate.metrics.MetricsExportContextCustomizerFactory$DisableMetricExportContextCustomizer@ace400, org.springframework.boot.test.autoconfigure.properties.PropertyMappingContextCustomizer@0, org.springframework.boot.test.autoconfigure.web.servlet.WebDriverContextCustomizerFactory$Customizer@1098f9b, org.springframework.boot.test.context.filter.ExcludeFilterContextCustomizer@13d0107, org.springframework.boot.test.json.DuplicateJsonObjectContextCustomizerFactory$DuplicateJsonObjectContextCustomizer@cadd41, org.springframework.boot.test.mock.mockito.MockitoContextCustomizer@0], contextLoader = 'org.springframework.test.context.support.DelegatingSmartContextLoader', parent = [null]], attributes = map['org.springframework.test.context.event.ApplicationEventsTestExecutionListener.recordApplicationEvents' -> false]], class annotated with @DirtiesContext [false] with mode [null], method annotated with @DirtiesContext [false] with mode [null].
10:35:14.242 [Test worker] DEBUG org.springframework.test.context.support.DependencyInjectionTestExecutionListener - Performing dependency injection for test context [[DefaultTestContext@1d99732 testClass = JwtUtilTest, testInstance = app.library.util.JwtUtilTest@d22ecf, testMethod = [null], testException = [null], mergedContextConfiguration = [MergedContextConfiguration@128ec73 testClass = JwtUtilTest, locations = '{}', classes = '{class app.library.util.JwtUtil}', contextInitializerClasses = '[]', activeProfiles = '{}', propertySourceLocations = '{}', propertySourceProperties = '{}', contextCustomizers = set[org.springframework.boot.test.autoconfigure.actuate.metrics.MetricsExportContextCustomizerFactory$DisableMetricExportContextCustomizer@ace400, org.springframework.boot.test.autoconfigure.properties.PropertyMappingContextCustomizer@0, org.springframework.boot.test.autoconfigure.web.servlet.WebDriverContextCustomizerFactory$Customizer@1098f9b, org.springframework.boot.test.context.filter.ExcludeFilterContextCustomizer@13d0107, org.springframework.boot.test.json.DuplicateJsonObjectContextCustomizerFactory$DuplicateJsonObjectContextCustomizer@cadd41, org.springframework.boot.test.mock.mockito.MockitoContextCustomizer@0], contextLoader = 'org.springframework.test.context.support.DelegatingSmartContextLoader', parent = [null]], attributes = map['org.springframework.test.context.event.ApplicationEventsTestExecutionListener.recordApplicationEvents' -> false]]].
10:35:14.242 [Test worker] DEBUG org.springframework.test.context.cache.DefaultCacheAwareContextLoaderDelegate - Retrieved ApplicationContext [24138677] from cache with key [[MergedContextConfiguration@128ec73 testClass = JwtUtilTest, locations = '{}', classes = '{class app.library.util.JwtUtil}', contextInitializerClasses = '[]', activeProfiles = '{}', propertySourceLocations = '{}', propertySourceProperties = '{}', contextCustomizers = set[org.springframework.boot.test.autoconfigure.actuate.metrics.MetricsExportContextCustomizerFactory$DisableMetricExportContextCustomizer@ace400, org.springframework.boot.test.autoconfigure.properties.PropertyMappingContextCustomizer@0, org.springframework.boot.test.autoconfigure.web.servlet.WebDriverContextCustomizerFactory$Customizer@1098f9b, org.springframework.boot.test.context.filter.ExcludeFilterContextCustomizer@13d0107, org.springframework.boot.test.json.DuplicateJsonObjectContextCustomizerFactory$DuplicateJsonObjectContextCustomizer@cadd41, org.springframework.boot.test.mock.mockito.MockitoContextCustomizer@0], contextLoader = 'org.springframework.test.context.support.DelegatingSmartContextLoader', parent = [null]]]
10:35:14.242 [Test worker] DEBUG org.springframework.test.context.cache - Spring test ApplicationContext cache statistics: [DefaultContextCache@1d5ac51 size = 15, maxSize = 32, parentContextCount = 0, hitCount = 696, missCount = 15]
10:35:14.242 [Test worker] DEBUG org.springframework.test.context.cache.DefaultCacheAwareContextLoaderDelegate - Retrieved ApplicationContext [24138677] from cache with key [[MergedContextConfiguration@128ec73 testClass = JwtUtilTest, locations = '{}', classes = '{class app.library.util.JwtUtil}', contextInitializerClasses = '[]', activeProfiles = '{}', propertySourceLocations = '{}', propertySourceProperties = '{}', contextCustomizers = set[org.springframework.boot.test.autoconfigure.actuate.metrics.MetricsExportContextCustomizerFactory$DisableMetricExportContextCustomizer@ace400, org.springframework.boot.test.autoconfigure.properties.PropertyMappingContextCustomizer@0, org.springframework.boot.test.autoconfigure.web.servlet.WebDriverContextCustomizerFactory$Customizer@1098f9b, org.springframework.boot.test.context.filter.ExcludeFilterContextCustomizer@13d0107, org.springframework.boot.test.json.DuplicateJsonObjectContextCustomizerFactory$DuplicateJsonObjectContextCustomizer@cadd41, org.springframework.boot.test.mock.mockito.MockitoContextCustomizer@0], contextLoader = 'org.springframework.test.context.support.DelegatingSmartContextLoader', parent = [null]]]
10:35:14.242 [Test worker] DEBUG org.springframework.test.context.cache - Spring test ApplicationContext cache statistics: [DefaultContextCache@1d5ac51 size = 15, maxSize = 32, parentContextCount = 0, hitCount = 697, missCount = 15]
10:35:14.242 [Test worker] DEBUG org.springframework.test.context.support.AbstractDirtiesContextTestExecutionListener - Before test method: context [DefaultTestContext@1d99732 testClass = JwtUtilTest, testInstance = app.library.util.JwtUtilTest@d22ecf, testMethod = testGenerateToken@JwtUtilTest, testException = [null], mergedContextConfiguration = [MergedContextConfiguration@128ec73 testClass = JwtUtilTest, locations = '{}', classes = '{class app.library.util.JwtUtil}', contextInitializerClasses = '[]', activeProfiles = '{}', propertySourceLocations = '{}', propertySourceProperties = '{}', contextCustomizers = set[org.springframework.boot.test.autoconfigure.actuate.metrics.MetricsExportContextCustomizerFactory$DisableMetricExportContextCustomizer@ace400, org.springframework.boot.test.autoconfigure.properties.PropertyMappingContextCustomizer@0, org.springframework.boot.test.autoconfigure.web.servlet.WebDriverContextCustomizerFactory$Customizer@1098f9b, org.springframework.boot.test.context.filter.ExcludeFilterContextCustomizer@13d0107, org.springframework.boot.test.json.DuplicateJsonObjectContextCustomizerFactory$DuplicateJsonObjectContextCustomizer@cadd41, org.springframework.boot.test.mock.mockito.MockitoContextCustomizer@0], contextLoader = 'org.springframework.test.context.support.DelegatingSmartContextLoader', parent = [null]], attributes = map['org.springframework.test.context.event.ApplicationEventsTestExecutionListener.recordApplicationEvents' -> false]], class annotated with @DirtiesContext [false] with mode [null], method annotated with @DirtiesContext [false] with mode [null].
10:35:14.242 [Test worker] DEBUG org.springframework.test.context.cache.DefaultCacheAwareContextLoaderDelegate - Retrieved ApplicationContext [24138677] from cache with key [[MergedContextConfiguration@128ec73 testClass = JwtUtilTest, locations = '{}', classes = '{class app.library.util.JwtUtil}', contextInitializerClasses = '[]', activeProfiles = '{}', propertySourceLocations = '{}', propertySourceProperties = '{}', contextCustomizers = set[org.springframework.boot.test.autoconfigure.actuate.metrics.MetricsExportContextCustomizerFactory$DisableMetricExportContextCustomizer@ace400, org.springframework.boot.test.autoconfigure.properties.PropertyMappingContextCustomizer@0, org.springframework.boot.test.autoconfigure.web.servlet.WebDriverContextCustomizerFactory$Customizer@1098f9b, org.springframework.boot.test.context.filter.ExcludeFilterContextCustomizer@13d0107, org.springframework.boot.test.json.DuplicateJsonObjectContextCustomizerFactory$DuplicateJsonObjectContextCustomizer@cadd41, org.springframework.boot.test.mock.mockito.MockitoContextCustomizer@0], contextLoader = 'org.springframework.test.context.support.DelegatingSmartContextLoader', parent = [null]]]
10:35:14.242 [Test worker] DEBUG org.springframework.test.context.cache - Spring test ApplicationContext cache statistics: [DefaultContextCache@1d5ac51 size = 15, maxSize = 32, parentContextCount = 0, hitCount = 698, missCount = 15]
10:35:14.243 [Test worker] DEBUG org.springframework.test.context.cache.DefaultCacheAwareContextLoaderDelegate - Retrieved ApplicationContext [24138677] from cache with key [[MergedContextConfiguration@128ec73 testClass = JwtUtilTest, locations = '{}', classes = '{class app.library.util.JwtUtil}', contextInitializerClasses = '[]', activeProfiles = '{}', propertySourceLocations = '{}', propertySourceProperties = '{}', contextCustomizers = set[org.springframework.boot.test.autoconfigure.actuate.metrics.MetricsExportContextCustomizerFactory$DisableMetricExportContextCustomizer@ace400, org.springframework.boot.test.autoconfigure.properties.PropertyMappingContextCustomizer@0, org.springframework.boot.test.autoconfigure.web.servlet.WebDriverContextCustomizerFactory$Customizer@1098f9b, org.springframework.boot.test.context.filter.ExcludeFilterContextCustomizer@13d0107, org.springframework.boot.test.json.DuplicateJsonObjectContextCustomizerFactory$DuplicateJsonObjectContextCustomizer@cadd41, org.springframework.boot.test.mock.mockito.MockitoContextCustomizer@0], contextLoader = 'org.springframework.test.context.support.DelegatingSmartContextLoader', parent = [null]]]
10:35:14.243 [Test worker] DEBUG org.springframework.test.context.cache - Spring test ApplicationContext cache statistics: [DefaultContextCache@1d5ac51 size = 15, maxSize = 32, parentContextCount = 0, hitCount = 699, missCount = 15]
10:35:14.243 [Test worker] DEBUG org.springframework.test.context.cache.DefaultCacheAwareContextLoaderDelegate - Retrieved ApplicationContext [24138677] from cache with key [[MergedContextConfiguration@128ec73 testClass = JwtUtilTest, locations = '{}', classes = '{class app.library.util.JwtUtil}', contextInitializerClasses = '[]', activeProfiles = '{}', propertySourceLocations = '{}', propertySourceProperties = '{}', contextCustomizers = set[org.springframework.boot.test.autoconfigure.actuate.metrics.MetricsExportContextCustomizerFactory$DisableMetricExportContextCustomizer@ace400, org.springframework.boot.test.autoconfigure.properties.PropertyMappingContextCustomizer@0, org.springframework.boot.test.autoconfigure.web.servlet.WebDriverContextCustomizerFactory$Customizer@1098f9b, org.springframework.boot.test.context.filter.ExcludeFilterContextCustomizer@13d0107, org.springframework.boot.test.json.DuplicateJsonObjectContextCustomizerFactory$DuplicateJsonObjectContextCustomizer@cadd41, org.springframework.boot.test.mock.mockito.MockitoContextCustomizer@0], contextLoader = 'org.springframework.test.context.support.DelegatingSmartContextLoader', parent = [null]]]
10:35:14.243 [Test worker] DEBUG org.springframework.test.context.cache - Spring test ApplicationContext cache statistics: [DefaultContextCache@1d5ac51 size = 15, maxSize = 32, parentContextCount = 0, hitCount = 700, missCount = 15]
10:35:14.254 [Test worker] DEBUG org.springframework.test.context.cache.DefaultCacheAwareContextLoaderDelegate - Retrieved ApplicationContext [24138677] from cache with key [[MergedContextConfiguration@128ec73 testClass = JwtUtilTest, locations = '{}', classes = '{class app.library.util.JwtUtil}', contextInitializerClasses = '[]', activeProfiles = '{}', propertySourceLocations = '{}', propertySourceProperties = '{}', contextCustomizers = set[org.springframework.boot.test.autoconfigure.actuate.metrics.MetricsExportContextCustomizerFactory$DisableMetricExportContextCustomizer@ace400, org.springframework.boot.test.autoconfigure.properties.PropertyMappingContextCustomizer@0, org.springframework.boot.test.autoconfigure.web.servlet.WebDriverContextCustomizerFactory$Customizer@1098f9b, org.springframework.boot.test.context.filter.ExcludeFilterContextCustomizer@13d0107, org.springframework.boot.test.json.DuplicateJsonObjectContextCustomizerFactory$DuplicateJsonObjectContextCustomizer@cadd41, org.springframework.boot.test.mock.mockito.MockitoContextCustomizer@0], contextLoader = 'org.springframework.test.context.support.DelegatingSmartContextLoader', parent = [null]]]
10:35:14.254 [Test worker] DEBUG org.springframework.test.context.cache - Spring test ApplicationContext cache statistics: [DefaultContextCache@1d5ac51 size = 15, maxSize = 32, parentContextCount = 0, hitCount = 701, missCount = 15]
10:35:14.254 [Test worker] DEBUG org.springframework.test.context.cache.DefaultCacheAwareContextLoaderDelegate - Retrieved ApplicationContext [24138677] from cache with key [[MergedContextConfiguration@128ec73 testClass = JwtUtilTest, locations = '{}', classes = '{class app.library.util.JwtUtil}', contextInitializerClasses = '[]', activeProfiles = '{}', propertySourceLocations = '{}', propertySourceProperties = '{}', contextCustomizers = set[org.springframework.boot.test.autoconfigure.actuate.metrics.MetricsExportContextCustomizerFactory$DisableMetricExportContextCustomizer@ace400, org.springframework.boot.test.autoconfigure.properties.PropertyMappingContextCustomizer@0, org.springframework.boot.test.autoconfigure.web.servlet.WebDriverContextCustomizerFactory$Customizer@1098f9b, org.springframework.boot.test.context.filter.ExcludeFilterContextCustomizer@13d0107, org.springframework.boot.test.json.DuplicateJsonObjectContextCustomizerFactory$DuplicateJsonObjectContextCustomizer@cadd41, org.springframework.boot.test.mock.mockito.MockitoContextCustomizer@0], contextLoader = 'org.springframework.test.context.support.DelegatingSmartContextLoader', parent = [null]]]
10:35:14.254 [Test worker] DEBUG org.springframework.test.context.cache - Spring test ApplicationContext cache statistics: [DefaultContextCache@1d5ac51 size = 15, maxSize = 32, parentContextCount = 0, hitCount = 702, missCount = 15]
10:35:14.255 [Test worker] DEBUG org.springframework.test.context.cache.DefaultCacheAwareContextLoaderDelegate - Retrieved ApplicationContext [24138677] from cache with key [[MergedContextConfiguration@128ec73 testClass = JwtUtilTest, locations = '{}', classes = '{class app.library.util.JwtUtil}', contextInitializerClasses = '[]', activeProfiles = '{}', propertySourceLocations = '{}', propertySourceProperties = '{}', contextCustomizers = set[org.springframework.boot.test.autoconfigure.actuate.metrics.MetricsExportContextCustomizerFactory$DisableMetricExportContextCustomizer@ace400, org.springframework.boot.test.autoconfigure.properties.PropertyMappingContextCustomizer@0, org.springframework.boot.test.autoconfigure.web.servlet.WebDriverContextCustomizerFactory$Customizer@1098f9b, org.springframework.boot.test.context.filter.ExcludeFilterContextCustomizer@13d0107, org.springframework.boot.test.json.DuplicateJsonObjectContextCustomizerFactory$DuplicateJsonObjectContextCustomizer@cadd41, org.springframework.boot.test.mock.mockito.MockitoContextCustomizer@0], contextLoader = 'org.springframework.test.context.support.DelegatingSmartContextLoader', parent = [null]]]
10:35:14.255 [Test worker] DEBUG org.springframework.test.context.cache - Spring test ApplicationContext cache statistics: [DefaultContextCache@1d5ac51 size = 15, maxSize = 32, parentContextCount = 0, hitCount = 703, missCount = 15]
10:35:14.255 [Test worker] DEBUG org.springframework.test.context.cache.DefaultCacheAwareContextLoaderDelegate - Retrieved ApplicationContext [24138677] from cache with key [[MergedContextConfiguration@128ec73 testClass = JwtUtilTest, locations = '{}', classes = '{class app.library.util.JwtUtil}', contextInitializerClasses = '[]', activeProfiles = '{}', propertySourceLocations = '{}', propertySourceProperties = '{}', contextCustomizers = set[org.springframework.boot.test.autoconfigure.actuate.metrics.MetricsExportContextCustomizerFactory$DisableMetricExportContextCustomizer@ace400, org.springframework.boot.test.autoconfigure.properties.PropertyMappingContextCustomizer@0, org.springframework.boot.test.autoconfigure.web.servlet.WebDriverContextCustomizerFactory$Customizer@1098f9b, org.springframework.boot.test.context.filter.ExcludeFilterContextCustomizer@13d0107, org.springframework.boot.test.json.DuplicateJsonObjectContextCustomizerFactory$DuplicateJsonObjectContextCustomizer@cadd41, org.springframework.boot.test.mock.mockito.MockitoContextCustomizer@0], contextLoader = 'org.springframework.test.context.support.DelegatingSmartContextLoader', parent = [null]]]
10:35:14.255 [Test worker] DEBUG org.springframework.test.context.cache - Spring test ApplicationContext cache statistics: [DefaultContextCache@1d5ac51 size = 15, maxSize = 32, parentContextCount = 0, hitCount = 704, missCount = 15]
10:35:14.255 [Test worker] DEBUG org.springframework.test.context.cache.DefaultCacheAwareContextLoaderDelegate - Retrieved ApplicationContext [24138677] from cache with key [[MergedContextConfiguration@128ec73 testClass = JwtUtilTest, locations = '{}', classes = '{class app.library.util.JwtUtil}', contextInitializerClasses = '[]', activeProfiles = '{}', propertySourceLocations = '{}', propertySourceProperties = '{}', contextCustomizers = set[org.springframework.boot.test.autoconfigure.actuate.metrics.MetricsExportContextCustomizerFactory$DisableMetricExportContextCustomizer@ace400, org.springframework.boot.test.autoconfigure.properties.PropertyMappingContextCustomizer@0, org.springframework.boot.test.autoconfigure.web.servlet.WebDriverContextCustomizerFactory$Customizer@1098f9b, org.springframework.boot.test.context.filter.ExcludeFilterContextCustomizer@13d0107, org.springframework.boot.test.json.DuplicateJsonObjectContextCustomizerFactory$DuplicateJsonObjectContextCustomizer@cadd41, org.springframework.boot.test.mock.mockito.MockitoContextCustomizer@0], contextLoader = 'org.springframework.test.context.support.DelegatingSmartContextLoader', parent = [null]]]
10:35:14.255 [Test worker] DEBUG org.springframework.test.context.cache - Spring test ApplicationContext cache statistics: [DefaultContextCache@1d5ac51 size = 15, maxSize = 32, parentContextCount = 0, hitCount = 705, missCount = 15]
10:35:14.256 [Test worker] DEBUG org.springframework.test.context.cache.DefaultCacheAwareContextLoaderDelegate - Retrieved ApplicationContext [24138677] from cache with key [[MergedContextConfiguration@128ec73 testClass = JwtUtilTest, locations = '{}', classes = '{class app.library.util.JwtUtil}', contextInitializerClasses = '[]', activeProfiles = '{}', propertySourceLocations = '{}', propertySourceProperties = '{}', contextCustomizers = set[org.springframework.boot.test.autoconfigure.actuate.metrics.MetricsExportContextCustomizerFactory$DisableMetricExportContextCustomizer@ace400, org.springframework.boot.test.autoconfigure.properties.PropertyMappingContextCustomizer@0, org.springframework.boot.test.autoconfigure.web.servlet.WebDriverContextCustomizerFactory$Customizer@1098f9b, org.springframework.boot.test.context.filter.ExcludeFilterContextCustomizer@13d0107, org.springframework.boot.test.json.DuplicateJsonObjectContextCustomizerFactory$DuplicateJsonObjectContextCustomizer@cadd41, org.springframework.boot.test.mock.mockito.MockitoContextCustomizer@0], contextLoader = 'org.springframework.test.context.support.DelegatingSmartContextLoader', parent = [null]]]
10:35:14.256 [Test worker] DEBUG org.springframework.test.context.cache - Spring test ApplicationContext cache statistics: [DefaultContextCache@1d5ac51 size = 15, maxSize = 32, parentContextCount = 0, hitCount = 706, missCount = 15]
10:35:14.256 [Test worker] DEBUG org.springframework.test.context.support.AbstractDirtiesContextTestExecutionListener - After test method: context [DefaultTestContext@1d99732 testClass = JwtUtilTest, testInstance = app.library.util.JwtUtilTest@d22ecf, testMethod = testGenerateToken@JwtUtilTest, testException = [null], mergedContextConfiguration = [MergedContextConfiguration@128ec73 testClass = JwtUtilTest, locations = '{}', classes = '{class app.library.util.JwtUtil}', contextInitializerClasses = '[]', activeProfiles = '{}', propertySourceLocations = '{}', propertySourceProperties = '{}', contextCustomizers = set[org.springframework.boot.test.autoconfigure.actuate.metrics.MetricsExportContextCustomizerFactory$DisableMetricExportContextCustomizer@ace400, org.springframework.boot.test.autoconfigure.properties.PropertyMappingContextCustomizer@0, org.springframework.boot.test.autoconfigure.web.servlet.WebDriverContextCustomizerFactory$Customizer@1098f9b, org.springframework.boot.test.context.filter.ExcludeFilterContextCustomizer@13d0107, org.springframework.boot.test.json.DuplicateJsonObjectContextCustomizerFactory$DuplicateJsonObjectContextCustomizer@cadd41, org.springframework.boot.test.mock.mockito.MockitoContextCustomizer@0], contextLoader = 'org.springframework.test.context.support.DelegatingSmartContextLoader', parent = [null]], attributes = map['org.springframework.test.context.event.ApplicationEventsTestExecutionListener.recordApplicationEvents' -> false]], class annotated with @DirtiesContext [false] with mode [null], method annotated with @DirtiesContext [false] with mode [null].
10:35:14.257 [Test worker] DEBUG org.springframework.test.context.support.DependencyInjectionTestExecutionListener - Performing dependency injection for test context [[DefaultTestContext@1d99732 testClass = JwtUtilTest, testInstance = app.library.util.JwtUtilTest@12544b0, testMethod = [null], testException = [null], mergedContextConfiguration = [MergedContextConfiguration@128ec73 testClass = JwtUtilTest, locations = '{}', classes = '{class app.library.util.JwtUtil}', contextInitializerClasses = '[]', activeProfiles = '{}', propertySourceLocations = '{}', propertySourceProperties = '{}', contextCustomizers = set[org.springframework.boot.test.autoconfigure.actuate.metrics.MetricsExportContextCustomizerFactory$DisableMetricExportContextCustomizer@ace400, org.springframework.boot.test.autoconfigure.properties.PropertyMappingContextCustomizer@0, org.springframework.boot.test.autoconfigure.web.servlet.WebDriverContextCustomizerFactory$Customizer@1098f9b, org.springframework.boot.test.context.filter.ExcludeFilterContextCustomizer@13d0107, org.springframework.boot.test.json.DuplicateJsonObjectContextCustomizerFactory$DuplicateJsonObjectContextCustomizer@cadd41, org.springframework.boot.test.mock.mockito.MockitoContextCustomizer@0], contextLoader = 'org.springframework.test.context.support.DelegatingSmartContextLoader', parent = [null]], attributes = map['org.springframework.test.context.event.ApplicationEventsTestExecutionListener.recordApplicationEvents' -> false]]].
10:35:14.257 [Test worker] DEBUG org.springframework.test.context.cache.DefaultCacheAwareContextLoaderDelegate - Retrieved ApplicationContext [24138677] from cache with key [[MergedContextConfiguration@128ec73 testClass = JwtUtilTest, locations = '{}', classes = '{class app.library.util.JwtUtil}', contextInitializerClasses = '[]', activeProfiles = '{}', propertySourceLocations = '{}', propertySourceProperties = '{}', contextCustomizers = set[org.springframework.boot.test.autoconfigure.actuate.metrics.MetricsExportContextCustomizerFactory$DisableMetricExportContextCustomizer@ace400, org.springframework.boot.test.autoconfigure.properties.PropertyMappingContextCustomizer@0, org.springframework.boot.test.autoconfigure.web.servlet.WebDriverContextCustomizerFactory$Customizer@1098f9b, org.springframework.boot.test.context.filter.ExcludeFilterContextCustomizer@13d0107, org.springframework.boot.test.json.DuplicateJsonObjectContextCustomizerFactory$DuplicateJsonObjectContextCustomizer@cadd41, org.springframework.boot.test.mock.mockito.MockitoContextCustomizer@0], contextLoader = 'org.springframework.test.context.support.DelegatingSmartContextLoader', parent = [null]]]
10:35:14.257 [Test worker] DEBUG org.springframework.test.context.cache - Spring test ApplicationContext cache statistics: [DefaultContextCache@1d5ac51 size = 15, maxSize = 32, parentContextCount = 0, hitCount = 707, missCount = 15]
10:35:14.257 [Test worker] DEBUG org.springframework.test.context.cache.DefaultCacheAwareContextLoaderDelegate - Retrieved ApplicationContext [24138677] from cache with key [[MergedContextConfiguration@128ec73 testClass = JwtUtilTest, locations = '{}', classes = '{class app.library.util.JwtUtil}', contextInitializerClasses = '[]', activeProfiles = '{}', propertySourceLocations = '{}', propertySourceProperties = '{}', contextCustomizers = set[org.springframework.boot.test.autoconfigure.actuate.metrics.MetricsExportContextCustomizerFactory$DisableMetricExportContextCustomizer@ace400, org.springframework.boot.test.autoconfigure.properties.PropertyMappingContextCustomizer@0, org.springframework.boot.test.autoconfigure.web.servlet.WebDriverContextCustomizerFactory$Customizer@1098f9b, org.springframework.boot.test.context.filter.ExcludeFilterContextCustomizer@13d0107, org.springframework.boot.test.json.DuplicateJsonObjectContextCustomizerFactory$DuplicateJsonObjectContextCustomizer@cadd41, org.springframework.boot.test.mock.mockito.MockitoContextCustomizer@0], contextLoader = 'org.springframework.test.context.support.DelegatingSmartContextLoader', parent = [null]]]
10:35:14.257 [Test worker] DEBUG org.springframework.test.context.cache - Spring test ApplicationContext cache statistics: [DefaultContextCache@1d5ac51 size = 15, maxSize = 32, parentContextCount = 0, hitCount = 708, missCount = 15]
10:35:14.258 [Test worker] DEBUG org.springframework.test.context.support.AbstractDirtiesContextTestExecutionListener - Before test method: context [DefaultTestContext@1d99732 testClass = JwtUtilTest, testInstance = app.library.util.JwtUtilTest@12544b0, testMethod = testValidateToken@JwtUtilTest, testException = [null], mergedContextConfiguration = [MergedContextConfiguration@128ec73 testClass = JwtUtilTest, locations = '{}', classes = '{class app.library.util.JwtUtil}', contextInitializerClasses = '[]', activeProfiles = '{}', propertySourceLocations = '{}', propertySourceProperties = '{}', contextCustomizers = set[org.springframework.boot.test.autoconfigure.actuate.metrics.MetricsExportContextCustomizerFactory$DisableMetricExportContextCustomizer@ace400, org.springframework.boot.test.autoconfigure.properties.PropertyMappingContextCustomizer@0, org.springframework.boot.test.autoconfigure.web.servlet.WebDriverContextCustomizerFactory$Customizer@1098f9b, org.springframework.boot.test.context.filter.ExcludeFilterContextCustomizer@13d0107, org.springframework.boot.test.json.DuplicateJsonObjectContextCustomizerFactory$DuplicateJsonObjectContextCustomizer@cadd41, org.springframework.boot.test.mock.mockito.MockitoContextCustomizer@0], contextLoader = 'org.springframework.test.context.support.DelegatingSmartContextLoader', parent = [null]], attributes = map['org.springframework.test.context.event.ApplicationEventsTestExecutionListener.recordApplicationEvents' -> false]], class annotated with @DirtiesContext [false] with mode [null], method annotated with @DirtiesContext [false] with mode [null].
10:35:14.258 [Test worker] DEBUG org.springframework.test.context.cache.DefaultCacheAwareContextLoaderDelegate - Retrieved ApplicationContext [24138677] from cache with key [[MergedContextConfiguration@128ec73 testClass = JwtUtilTest, locations = '{}', classes = '{class app.library.util.JwtUtil}', contextInitializerClasses = '[]', activeProfiles = '{}', propertySourceLocations = '{}', propertySourceProperties = '{}', contextCustomizers = set[org.springframework.boot.test.autoconfigure.actuate.metrics.MetricsExportContextCustomizerFactory$DisableMetricExportContextCustomizer@ace400, org.springframework.boot.test.autoconfigure.properties.PropertyMappingContextCustomizer@0, org.springframework.boot.test.autoconfigure.web.servlet.WebDriverContextCustomizerFactory$Customizer@1098f9b, org.springframework.boot.test.context.filter.ExcludeFilterContextCustomizer@13d0107, org.springframework.boot.test.json.DuplicateJsonObjectContextCustomizerFactory$DuplicateJsonObjectContextCustomizer@cadd41, org.springframework.boot.test.mock.mockito.MockitoContextCustomizer@0], contextLoader = 'org.springframework.test.context.support.DelegatingSmartContextLoader', parent = [null]]]
10:35:14.258 [Test worker] DEBUG org.springframework.test.context.cache - Spring test ApplicationContext cache statistics: [DefaultContextCache@1d5ac51 size = 15, maxSize = 32, parentContextCount = 0, hitCount = 709, missCount = 15]
10:35:14.258 [Test worker] DEBUG org.springframework.test.context.cache.DefaultCacheAwareContextLoaderDelegate - Retrieved ApplicationContext [24138677] from cache with key [[MergedContextConfiguration@128ec73 testClass = JwtUtilTest, locations = '{}', classes = '{class app.library.util.JwtUtil}', contextInitializerClasses = '[]', activeProfiles = '{}', propertySourceLocations = '{}', propertySourceProperties = '{}', contextCustomizers = set[org.springframework.boot.test.autoconfigure.actuate.metrics.MetricsExportContextCustomizerFactory$DisableMetricExportContextCustomizer@ace400, org.springframework.boot.test.autoconfigure.properties.PropertyMappingContextCustomizer@0, org.springframework.boot.test.autoconfigure.web.servlet.WebDriverContextCustomizerFactory$Customizer@1098f9b, org.springframework.boot.test.context.filter.ExcludeFilterContextCustomizer@13d0107, org.springframework.boot.test.json.DuplicateJsonObjectContextCustomizerFactory$DuplicateJsonObjectContextCustomizer@cadd41, org.springframework.boot.test.mock.mockito.MockitoContextCustomizer@0], contextLoader = 'org.springframework.test.context.support.DelegatingSmartContextLoader', parent = [null]]]
10:35:14.258 [Test worker] DEBUG org.springframework.test.context.cache - Spring test ApplicationContext cache statistics: [DefaultContextCache@1d5ac51 size = 15, maxSize = 32, parentContextCount = 0, hitCount = 710, missCount = 15]
10:35:14.259 [Test worker] DEBUG org.springframework.test.context.cache.DefaultCacheAwareContextLoaderDelegate - Retrieved ApplicationContext [24138677] from cache with key [[MergedContextConfiguration@128ec73 testClass = JwtUtilTest, locations = '{}', classes = '{class app.library.util.JwtUtil}', contextInitializerClasses = '[]', activeProfiles = '{}', propertySourceLocations = '{}', propertySourceProperties = '{}', contextCustomizers = set[org.springframework.boot.test.autoconfigure.actuate.metrics.MetricsExportContextCustomizerFactory$DisableMetricExportContextCustomizer@ace400, org.springframework.boot.test.autoconfigure.properties.PropertyMappingContextCustomizer@0, org.springframework.boot.test.autoconfigure.web.servlet.WebDriverContextCustomizerFactory$Customizer@1098f9b, org.springframework.boot.test.context.filter.ExcludeFilterContextCustomizer@13d0107, org.springframework.boot.test.json.DuplicateJsonObjectContextCustomizerFactory$DuplicateJsonObjectContextCustomizer@cadd41, org.springframework.boot.test.mock.mockito.MockitoContextCustomizer@0], contextLoader = 'org.springframework.test.context.support.DelegatingSmartContextLoader', parent = [null]]]
10:35:14.259 [Test worker] DEBUG org.springframework.test.context.cache - Spring test ApplicationContext cache statistics: [DefaultContextCache@1d5ac51 size = 15, maxSize = 32, parentContextCount = 0, hitCount = 711, missCount = 15]
10:35:14.335 [Test worker] DEBUG org.springframework.test.context.cache.DefaultCacheAwareContextLoaderDelegate - Retrieved ApplicationContext [24138677] from cache with key [[MergedContextConfiguration@128ec73 testClass = JwtUtilTest, locations = '{}', classes = '{class app.library.util.JwtUtil}', contextInitializerClasses = '[]', activeProfiles = '{}', propertySourceLocations = '{}', propertySourceProperties = '{}', contextCustomizers = set[org.springframework.boot.test.autoconfigure.actuate.metrics.MetricsExportContextCustomizerFactory$DisableMetricExportContextCustomizer@ace400, org.springframework.boot.test.autoconfigure.properties.PropertyMappingContextCustomizer@0, org.springframework.boot.test.autoconfigure.web.servlet.WebDriverContextCustomizerFactory$Customizer@1098f9b, org.springframework.boot.test.context.filter.ExcludeFilterContextCustomizer@13d0107, org.springframework.boot.test.json.DuplicateJsonObjectContextCustomizerFactory$DuplicateJsonObjectContextCustomizer@cadd41, org.springframework.boot.test.mock.mockito.MockitoContextCustomizer@0], contextLoader = 'org.springframework.test.context.support.DelegatingSmartContextLoader', parent = [null]]]
10:35:14.335 [Test worker] DEBUG org.springframework.test.context.cache - Spring test ApplicationContext cache statistics: [DefaultContextCache@1d5ac51 size = 15, maxSize = 32, parentContextCount = 0, hitCount = 712, missCount = 15]
10:35:14.335 [Test worker] DEBUG org.springframework.test.context.cache.DefaultCacheAwareContextLoaderDelegate - Retrieved ApplicationContext [24138677] from cache with key [[MergedContextConfiguration@128ec73 testClass = JwtUtilTest, locations = '{}', classes = '{class app.library.util.JwtUtil}', contextInitializerClasses = '[]', activeProfiles = '{}', propertySourceLocations = '{}', propertySourceProperties = '{}', contextCustomizers = set[org.springframework.boot.test.autoconfigure.actuate.metrics.MetricsExportContextCustomizerFactory$DisableMetricExportContextCustomizer@ace400, org.springframework.boot.test.autoconfigure.properties.PropertyMappingContextCustomizer@0, org.springframework.boot.test.autoconfigure.web.servlet.WebDriverContextCustomizerFactory$Customizer@1098f9b, org.springframework.boot.test.context.filter.ExcludeFilterContextCustomizer@13d0107, org.springframework.boot.test.json.DuplicateJsonObjectContextCustomizerFactory$DuplicateJsonObjectContextCustomizer@cadd41, org.springframework.boot.test.mock.mockito.MockitoContextCustomizer@0], contextLoader = 'org.springframework.test.context.support.DelegatingSmartContextLoader', parent = [null]]]
10:35:14.335 [Test worker] DEBUG org.springframework.test.context.cache - Spring test ApplicationContext cache statistics: [DefaultContextCache@1d5ac51 size = 15, maxSize = 32, parentContextCount = 0, hitCount = 713, missCount = 15]
10:35:14.336 [Test worker] DEBUG org.springframework.test.context.cache.DefaultCacheAwareContextLoaderDelegate - Retrieved ApplicationContext [24138677] from cache with key [[MergedContextConfiguration@128ec73 testClass = JwtUtilTest, locations = '{}', classes = '{class app.library.util.JwtUtil}', contextInitializerClasses = '[]', activeProfiles = '{}', propertySourceLocations = '{}', propertySourceProperties = '{}', contextCustomizers = set[org.springframework.boot.test.autoconfigure.actuate.metrics.MetricsExportContextCustomizerFactory$DisableMetricExportContextCustomizer@ace400, org.springframework.boot.test.autoconfigure.properties.PropertyMappingContextCustomizer@0, org.springframework.boot.test.autoconfigure.web.servlet.WebDriverContextCustomizerFactory$Customizer@1098f9b, org.springframework.boot.test.context.filter.ExcludeFilterContextCustomizer@13d0107, org.springframework.boot.test.json.DuplicateJsonObjectContextCustomizerFactory$DuplicateJsonObjectContextCustomizer@cadd41, org.springframework.boot.test.mock.mockito.MockitoContextCustomizer@0], contextLoader = 'org.springframework.test.context.support.DelegatingSmartContextLoader', parent = [null]]]
10:35:14.336 [Test worker] DEBUG org.springframework.test.context.cache - Spring test ApplicationContext cache statistics: [DefaultContextCache@1d5ac51 size = 15, maxSize = 32, parentContextCount = 0, hitCount = 714, missCount = 15]
10:35:14.336 [Test worker] DEBUG org.springframework.test.context.cache.DefaultCacheAwareContextLoaderDelegate - Retrieved ApplicationContext [24138677] from cache with key [[MergedContextConfiguration@128ec73 testClass = JwtUtilTest, locations = '{}', classes = '{class app.library.util.JwtUtil}', contextInitializerClasses = '[]', activeProfiles = '{}', propertySourceLocations = '{}', propertySourceProperties = '{}', contextCustomizers = set[org.springframework.boot.test.autoconfigure.actuate.metrics.MetricsExportContextCustomizerFactory$DisableMetricExportContextCustomizer@ace400, org.springframework.boot.test.autoconfigure.properties.PropertyMappingContextCustomizer@0, org.springframework.boot.test.autoconfigure.web.servlet.WebDriverContextCustomizerFactory$Customizer@1098f9b, org.springframework.boot.test.context.filter.ExcludeFilterContextCustomizer@13d0107, org.springframework.boot.test.json.DuplicateJsonObjectContextCustomizerFactory$DuplicateJsonObjectContextCustomizer@cadd41, org.springframework.boot.test.mock.mockito.MockitoContextCustomizer@0], contextLoader = 'org.springframework.test.context.support.DelegatingSmartContextLoader', parent = [null]]]
10:35:14.336 [Test worker] DEBUG org.springframework.test.context.cache - Spring test ApplicationContext cache statistics: [DefaultContextCache@1d5ac51 size = 15, maxSize = 32, parentContextCount = 0, hitCount = 715, missCount = 15]
10:35:14.336 [Test worker] DEBUG org.springframework.test.context.cache.DefaultCacheAwareContextLoaderDelegate - Retrieved ApplicationContext [24138677] from cache with key [[MergedContextConfiguration@128ec73 testClass = JwtUtilTest, locations = '{}', classes = '{class app.library.util.JwtUtil}', contextInitializerClasses = '[]', activeProfiles = '{}', propertySourceLocations = '{}', propertySourceProperties = '{}', contextCustomizers = set[org.springframework.boot.test.autoconfigure.actuate.metrics.MetricsExportContextCustomizerFactory$DisableMetricExportContextCustomizer@ace400, org.springframework.boot.test.autoconfigure.properties.PropertyMappingContextCustomizer@0, org.springframework.boot.test.autoconfigure.web.servlet.WebDriverContextCustomizerFactory$Customizer@1098f9b, org.springframework.boot.test.context.filter.ExcludeFilterContextCustomizer@13d0107, org.springframework.boot.test.json.DuplicateJsonObjectContextCustomizerFactory$DuplicateJsonObjectContextCustomizer@cadd41, org.springframework.boot.test.mock.mockito.MockitoContextCustomizer@0], contextLoader = 'org.springframework.test.context.support.DelegatingSmartContextLoader', parent = [null]]]
10:35:14.336 [Test worker] DEBUG org.springframework.test.context.cache - Spring test ApplicationContext cache statistics: [DefaultContextCache@1d5ac51 size = 15, maxSize = 32, parentContextCount = 0, hitCount = 716, missCount = 15]
10:35:14.336 [Test worker] DEBUG org.springframework.test.context.cache.DefaultCacheAwareContextLoaderDelegate - Retrieved ApplicationContext [24138677] from cache with key [[MergedContextConfiguration@128ec73 testClass = JwtUtilTest, locations = '{}', classes = '{class app.library.util.JwtUtil}', contextInitializerClasses = '[]', activeProfiles = '{}', propertySourceLocations = '{}', propertySourceProperties = '{}', contextCustomizers = set[org.springframework.boot.test.autoconfigure.actuate.metrics.MetricsExportContextCustomizerFactory$DisableMetricExportContextCustomizer@ace400, org.springframework.boot.test.autoconfigure.properties.PropertyMappingContextCustomizer@0, org.springframework.boot.test.autoconfigure.web.servlet.WebDriverContextCustomizerFactory$Customizer@1098f9b, org.springframework.boot.test.context.filter.ExcludeFilterContextCustomizer@13d0107, org.springframework.boot.test.json.DuplicateJsonObjectContextCustomizerFactory$DuplicateJsonObjectContextCustomizer@cadd41, org.springframework.boot.test.mock.mockito.MockitoContextCustomizer@0], contextLoader = 'org.springframework.test.context.support.DelegatingSmartContextLoader', parent = [null]]]
10:35:14.336 [Test worker] DEBUG org.springframework.test.context.cache - Spring test ApplicationContext cache statistics: [DefaultContextCache@1d5ac51 size = 15, maxSize = 32, parentContextCount = 0, hitCount = 717, missCount = 15]
10:35:14.337 [Test worker] DEBUG org.springframework.test.context.support.AbstractDirtiesContextTestExecutionListener - After test method: context [DefaultTestContext@1d99732 testClass = JwtUtilTest, testInstance = app.library.util.JwtUtilTest@12544b0, testMethod = testValidateToken@JwtUtilTest, testException = [null], mergedContextConfiguration = [MergedContextConfiguration@128ec73 testClass = JwtUtilTest, locations = '{}', classes = '{class app.library.util.JwtUtil}', contextInitializerClasses = '[]', activeProfiles = '{}', propertySourceLocations = '{}', propertySourceProperties = '{}', contextCustomizers = set[org.springframework.boot.test.autoconfigure.actuate.metrics.MetricsExportContextCustomizerFactory$DisableMetricExportContextCustomizer@ace400, org.springframework.boot.test.autoconfigure.properties.PropertyMappingContextCustomizer@0, org.springframework.boot.test.autoconfigure.web.servlet.WebDriverContextCustomizerFactory$Customizer@1098f9b, org.springframework.boot.test.context.filter.ExcludeFilterContextCustomizer@13d0107, org.springframework.boot.test.json.DuplicateJsonObjectContextCustomizerFactory$DuplicateJsonObjectContextCustomizer@cadd41, org.springframework.boot.test.mock.mockito.MockitoContextCustomizer@0], contextLoader = 'org.springframework.test.context.support.DelegatingSmartContextLoader', parent = [null]], attributes = map['org.springframework.test.context.event.ApplicationEventsTestExecutionListener.recordApplicationEvents' -> false]], class annotated with @DirtiesContext [false] with mode [null], method annotated with @DirtiesContext [false] with mode [null].
10:35:14.337 [Test worker] DEBUG org.springframework.test.context.support.DependencyInjectionTestExecutionListener - Performing dependency injection for test context [[DefaultTestContext@1d99732 testClass = JwtUtilTest, testInstance = app.library.util.JwtUtilTest@1ad555b, testMethod = [null], testException = [null], mergedContextConfiguration = [MergedContextConfiguration@128ec73 testClass = JwtUtilTest, locations = '{}', classes = '{class app.library.util.JwtUtil}', contextInitializerClasses = '[]', activeProfiles = '{}', propertySourceLocations = '{}', propertySourceProperties = '{}', contextCustomizers = set[org.springframework.boot.test.autoconfigure.actuate.metrics.MetricsExportContextCustomizerFactory$DisableMetricExportContextCustomizer@ace400, org.springframework.boot.test.autoconfigure.properties.PropertyMappingContextCustomizer@0, org.springframework.boot.test.autoconfigure.web.servlet.WebDriverContextCustomizerFactory$Customizer@1098f9b, org.springframework.boot.test.context.filter.ExcludeFilterContextCustomizer@13d0107, org.springframework.boot.test.json.DuplicateJsonObjectContextCustomizerFactory$DuplicateJsonObjectContextCustomizer@cadd41, org.springframework.boot.test.mock.mockito.MockitoContextCustomizer@0], contextLoader = 'org.springframework.test.context.support.DelegatingSmartContextLoader', parent = [null]], attributes = map['org.springframework.test.context.event.ApplicationEventsTestExecutionListener.recordApplicationEvents' -> false]]].
10:35:14.337 [Test worker] DEBUG org.springframework.test.context.cache.DefaultCacheAwareContextLoaderDelegate - Retrieved ApplicationContext [24138677] from cache with key [[MergedContextConfiguration@128ec73 testClass = JwtUtilTest, locations = '{}', classes = '{class app.library.util.JwtUtil}', contextInitializerClasses = '[]', activeProfiles = '{}', propertySourceLocations = '{}', propertySourceProperties = '{}', contextCustomizers = set[org.springframework.boot.test.autoconfigure.actuate.metrics.MetricsExportContextCustomizerFactory$DisableMetricExportContextCustomizer@ace400, org.springframework.boot.test.autoconfigure.properties.PropertyMappingContextCustomizer@0, org.springframework.boot.test.autoconfigure.web.servlet.WebDriverContextCustomizerFactory$Customizer@1098f9b, org.springframework.boot.test.context.filter.ExcludeFilterContextCustomizer@13d0107, org.springframework.boot.test.json.DuplicateJsonObjectContextCustomizerFactory$DuplicateJsonObjectContextCustomizer@cadd41, org.springframework.boot.test.mock.mockito.MockitoContextCustomizer@0], contextLoader = 'org.springframework.test.context.support.DelegatingSmartContextLoader', parent = [null]]]
10:35:14.337 [Test worker] DEBUG org.springframework.test.context.cache - Spring test ApplicationContext cache statistics: [DefaultContextCache@1d5ac51 size = 15, maxSize = 32, parentContextCount = 0, hitCount = 718, missCount = 15]
10:35:14.337 [Test worker] DEBUG org.springframework.test.context.cache.DefaultCacheAwareContextLoaderDelegate - Retrieved ApplicationContext [24138677] from cache with key [[MergedContextConfiguration@128ec73 testClass = JwtUtilTest, locations = '{}', classes = '{class app.library.util.JwtUtil}', contextInitializerClasses = '[]', activeProfiles = '{}', propertySourceLocations = '{}', propertySourceProperties = '{}', contextCustomizers = set[org.springframework.boot.test.autoconfigure.actuate.metrics.MetricsExportContextCustomizerFactory$DisableMetricExportContextCustomizer@ace400, org.springframework.boot.test.autoconfigure.properties.PropertyMappingContextCustomizer@0, org.springframework.boot.test.autoconfigure.web.servlet.WebDriverContextCustomizerFactory$Customizer@1098f9b, org.springframework.boot.test.context.filter.ExcludeFilterContextCustomizer@13d0107, org.springframework.boot.test.json.DuplicateJsonObjectContextCustomizerFactory$DuplicateJsonObjectContextCustomizer@cadd41, org.springframework.boot.test.mock.mockito.MockitoContextCustomizer@0], contextLoader = 'org.springframework.test.context.support.DelegatingSmartContextLoader', parent = [null]]]
10:35:14.337 [Test worker] DEBUG org.springframework.test.context.cache - Spring test ApplicationContext cache statistics: [DefaultContextCache@1d5ac51 size = 15, maxSize = 32, parentContextCount = 0, hitCount = 719, missCount = 15]
10:35:14.338 [Test worker] DEBUG org.springframework.test.context.support.AbstractDirtiesContextTestExecutionListener - Before test method: context [DefaultTestContext@1d99732 testClass = JwtUtilTest, testInstance = app.library.util.JwtUtilTest@1ad555b, testMethod = testExtractExpiration@JwtUtilTest, testException = [null], mergedContextConfiguration = [MergedContextConfiguration@128ec73 testClass = JwtUtilTest, locations = '{}', classes = '{class app.library.util.JwtUtil}', contextInitializerClasses = '[]', activeProfiles = '{}', propertySourceLocations = '{}', propertySourceProperties = '{}', contextCustomizers = set[org.springframework.boot.test.autoconfigure.actuate.metrics.MetricsExportContextCustomizerFactory$DisableMetricExportContextCustomizer@ace400, org.springframework.boot.test.autoconfigure.properties.PropertyMappingContextCustomizer@0, org.springframework.boot.test.autoconfigure.web.servlet.WebDriverContextCustomizerFactory$Customizer@1098f9b, org.springframework.boot.test.context.filter.ExcludeFilterContextCustomizer@13d0107, org.springframework.boot.test.json.DuplicateJsonObjectContextCustomizerFactory$DuplicateJsonObjectContextCustomizer@cadd41, org.springframework.boot.test.mock.mockito.MockitoContextCustomizer@0], contextLoader = 'org.springframework.test.context.support.DelegatingSmartContextLoader', parent = [null]], attributes = map['org.springframework.test.context.event.ApplicationEventsTestExecutionListener.recordApplicationEvents' -> false]], class annotated with @DirtiesContext [false] with mode [null], method annotated with @DirtiesContext [false] with mode [null].
10:35:14.338 [Test worker] DEBUG org.springframework.test.context.cache.DefaultCacheAwareContextLoaderDelegate - Retrieved ApplicationContext [24138677] from cache with key [[MergedContextConfiguration@128ec73 testClass = JwtUtilTest, locations = '{}', classes = '{class app.library.util.JwtUtil}', contextInitializerClasses = '[]', activeProfiles = '{}', propertySourceLocations = '{}', propertySourceProperties = '{}', contextCustomizers = set[org.springframework.boot.test.autoconfigure.actuate.metrics.MetricsExportContextCustomizerFactory$DisableMetricExportContextCustomizer@ace400, org.springframework.boot.test.autoconfigure.properties.PropertyMappingContextCustomizer@0, org.springframework.boot.test.autoconfigure.web.servlet.WebDriverContextCustomizerFactory$Customizer@1098f9b, org.springframework.boot.test.context.filter.ExcludeFilterContextCustomizer@13d0107, org.springframework.boot.test.json.DuplicateJsonObjectContextCustomizerFactory$DuplicateJsonObjectContextCustomizer@cadd41, org.springframework.boot.test.mock.mockito.MockitoContextCustomizer@0], contextLoader = 'org.springframework.test.context.support.DelegatingSmartContextLoader', parent = [null]]]
10:35:14.338 [Test worker] DEBUG org.springframework.test.context.cache - Spring test ApplicationContext cache statistics: [DefaultContextCache@1d5ac51 size = 15, maxSize = 32, parentContextCount = 0, hitCount = 720, missCount = 15]
10:35:14.338 [Test worker] DEBUG org.springframework.test.context.cache.DefaultCacheAwareContextLoaderDelegate - Retrieved ApplicationContext [24138677] from cache with key [[MergedContextConfiguration@128ec73 testClass = JwtUtilTest, locations = '{}', classes = '{class app.library.util.JwtUtil}', contextInitializerClasses = '[]', activeProfiles = '{}', propertySourceLocations = '{}', propertySourceProperties = '{}', contextCustomizers = set[org.springframework.boot.test.autoconfigure.actuate.metrics.MetricsExportContextCustomizerFactory$DisableMetricExportContextCustomizer@ace400, org.springframework.boot.test.autoconfigure.properties.PropertyMappingContextCustomizer@0, org.springframework.boot.test.autoconfigure.web.servlet.WebDriverContextCustomizerFactory$Customizer@1098f9b, org.springframework.boot.test.context.filter.ExcludeFilterContextCustomizer@13d0107, org.springframework.boot.test.json.DuplicateJsonObjectContextCustomizerFactory$DuplicateJsonObjectContextCustomizer@cadd41, org.springframework.boot.test.mock.mockito.MockitoContextCustomizer@0], contextLoader = 'org.springframework.test.context.support.DelegatingSmartContextLoader', parent = [null]]]
10:35:14.338 [Test worker] DEBUG org.springframework.test.context.cache - Spring test ApplicationContext cache statistics: [DefaultContextCache@1d5ac51 size = 15, maxSize = 32, parentContextCount = 0, hitCount = 721, missCount = 15]
10:35:14.338 [Test worker] DEBUG org.springframework.test.context.cache.DefaultCacheAwareContextLoaderDelegate - Retrieved ApplicationContext [24138677] from cache with key [[MergedContextConfiguration@128ec73 testClass = JwtUtilTest, locations = '{}', classes = '{class app.library.util.JwtUtil}', contextInitializerClasses = '[]', activeProfiles = '{}', propertySourceLocations = '{}', propertySourceProperties = '{}', contextCustomizers = set[org.springframework.boot.test.autoconfigure.actuate.metrics.MetricsExportContextCustomizerFactory$DisableMetricExportContextCustomizer@ace400, org.springframework.boot.test.autoconfigure.properties.PropertyMappingContextCustomizer@0, org.springframework.boot.test.autoconfigure.web.servlet.WebDriverContextCustomizerFactory$Customizer@1098f9b, org.springframework.boot.test.context.filter.ExcludeFilterContextCustomizer@13d0107, org.springframework.boot.test.json.DuplicateJsonObjectContextCustomizerFactory$DuplicateJsonObjectContextCustomizer@cadd41, org.springframework.boot.test.mock.mockito.MockitoContextCustomizer@0], contextLoader = 'org.springframework.test.context.support.DelegatingSmartContextLoader', parent = [null]]]
10:35:14.338 [Test worker] DEBUG org.springframework.test.context.cache - Spring test ApplicationContext cache statistics: [DefaultContextCache@1d5ac51 size = 15, maxSize = 32, parentContextCount = 0, hitCount = 722, missCount = 15]
10:35:14.340 [Test worker] DEBUG org.springframework.test.context.cache.DefaultCacheAwareContextLoaderDelegate - Retrieved ApplicationContext [24138677] from cache with key [[MergedContextConfiguration@128ec73 testClass = JwtUtilTest, locations = '{}', classes = '{class app.library.util.JwtUtil}', contextInitializerClasses = '[]', activeProfiles = '{}', propertySourceLocations = '{}', propertySourceProperties = '{}', contextCustomizers = set[org.springframework.boot.test.autoconfigure.actuate.metrics.MetricsExportContextCustomizerFactory$DisableMetricExportContextCustomizer@ace400, org.springframework.boot.test.autoconfigure.properties.PropertyMappingContextCustomizer@0, org.springframework.boot.test.autoconfigure.web.servlet.WebDriverContextCustomizerFactory$Customizer@1098f9b, org.springframework.boot.test.context.filter.ExcludeFilterContextCustomizer@13d0107, org.springframework.boot.test.json.DuplicateJsonObjectContextCustomizerFactory$DuplicateJsonObjectContextCustomizer@cadd41, org.springframework.boot.test.mock.mockito.MockitoContextCustomizer@0], contextLoader = 'org.springframework.test.context.support.DelegatingSmartContextLoader', parent = [null]]]
10:35:14.340 [Test worker] DEBUG org.springframework.test.context.cache - Spring test ApplicationContext cache statistics: [DefaultContextCache@1d5ac51 size = 15, maxSize = 32, parentContextCount = 0, hitCount = 723, missCount = 15]
10:35:14.340 [Test worker] DEBUG org.springframework.test.context.cache.DefaultCacheAwareContextLoaderDelegate - Retrieved ApplicationContext [24138677] from cache with key [[MergedContextConfiguration@128ec73 testClass = JwtUtilTest, locations = '{}', classes = '{class app.library.util.JwtUtil}', contextInitializerClasses = '[]', activeProfiles = '{}', propertySourceLocations = '{}', propertySourceProperties = '{}', contextCustomizers = set[org.springframework.boot.test.autoconfigure.actuate.metrics.MetricsExportContextCustomizerFactory$DisableMetricExportContextCustomizer@ace400, org.springframework.boot.test.autoconfigure.properties.PropertyMappingContextCustomizer@0, org.springframework.boot.test.autoconfigure.web.servlet.WebDriverContextCustomizerFactory$Customizer@1098f9b, org.springframework.boot.test.context.filter.ExcludeFilterContextCustomizer@13d0107, org.springframework.boot.test.json.DuplicateJsonObjectContextCustomizerFactory$DuplicateJsonObjectContextCustomizer@cadd41, org.springframework.boot.test.mock.mockito.MockitoContextCustomizer@0], contextLoader = 'org.springframework.test.context.support.DelegatingSmartContextLoader', parent = [null]]]
10:35:14.340 [Test worker] DEBUG org.springframework.test.context.cache - Spring test ApplicationContext cache statistics: [DefaultContextCache@1d5ac51 size = 15, maxSize = 32, parentContextCount = 0, hitCount = 724, missCount = 15]
10:35:14.340 [Test worker] DEBUG org.springframework.test.context.cache.DefaultCacheAwareContextLoaderDelegate - Retrieved ApplicationContext [24138677] from cache with key [[MergedContextConfiguration@128ec73 testClass = JwtUtilTest, locations = '{}', classes = '{class app.library.util.JwtUtil}', contextInitializerClasses = '[]', activeProfiles = '{}', propertySourceLocations = '{}', propertySourceProperties = '{}', contextCustomizers = set[org.springframework.boot.test.autoconfigure.actuate.metrics.MetricsExportContextCustomizerFactory$DisableMetricExportContextCustomizer@ace400, org.springframework.boot.test.autoconfigure.properties.PropertyMappingContextCustomizer@0, org.springframework.boot.test.autoconfigure.web.servlet.WebDriverContextCustomizerFactory$Customizer@1098f9b, org.springframework.boot.test.context.filter.ExcludeFilterContextCustomizer@13d0107, org.springframework.boot.test.json.DuplicateJsonObjectContextCustomizerFactory$DuplicateJsonObjectContextCustomizer@cadd41, org.springframework.boot.test.mock.mockito.MockitoContextCustomizer@0], contextLoader = 'org.springframework.test.context.support.DelegatingSmartContextLoader', parent = [null]]]
10:35:14.340 [Test worker] DEBUG org.springframework.test.context.cache - Spring test ApplicationContext cache statistics: [DefaultContextCache@1d5ac51 size = 15, maxSize = 32, parentContextCount = 0, hitCount = 725, missCount = 15]
10:35:14.340 [Test worker] DEBUG org.springframework.test.context.cache.DefaultCacheAwareContextLoaderDelegate - Retrieved ApplicationContext [24138677] from cache with key [[MergedContextConfiguration@128ec73 testClass = JwtUtilTest, locations = '{}', classes = '{class app.library.util.JwtUtil}', contextInitializerClasses = '[]', activeProfiles = '{}', propertySourceLocations = '{}', propertySourceProperties = '{}', contextCustomizers = set[org.springframework.boot.test.autoconfigure.actuate.metrics.MetricsExportContextCustomizerFactory$DisableMetricExportContextCustomizer@ace400, org.springframework.boot.test.autoconfigure.properties.PropertyMappingContextCustomizer@0, org.springframework.boot.test.autoconfigure.web.servlet.WebDriverContextCustomizerFactory$Customizer@1098f9b, org.springframework.boot.test.context.filter.ExcludeFilterContextCustomizer@13d0107, org.springframework.boot.test.json.DuplicateJsonObjectContextCustomizerFactory$DuplicateJsonObjectContextCustomizer@cadd41, org.springframework.boot.test.mock.mockito.MockitoContextCustomizer@0], contextLoader = 'org.springframework.test.context.support.DelegatingSmartContextLoader', parent = [null]]]
10:35:14.340 [Test worker] DEBUG org.springframework.test.context.cache - Spring test ApplicationContext cache statistics: [DefaultContextCache@1d5ac51 size = 15, maxSize = 32, parentContextCount = 0, hitCount = 726, missCount = 15]
10:35:14.341 [Test worker] DEBUG org.springframework.test.context.cache.DefaultCacheAwareContextLoaderDelegate - Retrieved ApplicationContext [24138677] from cache with key [[MergedContextConfiguration@128ec73 testClass = JwtUtilTest, locations = '{}', classes = '{class app.library.util.JwtUtil}', contextInitializerClasses = '[]', activeProfiles = '{}', propertySourceLocations = '{}', propertySourceProperties = '{}', contextCustomizers = set[org.springframework.boot.test.autoconfigure.actuate.metrics.MetricsExportContextCustomizerFactory$DisableMetricExportContextCustomizer@ace400, org.springframework.boot.test.autoconfigure.properties.PropertyMappingContextCustomizer@0, org.springframework.boot.test.autoconfigure.web.servlet.WebDriverContextCustomizerFactory$Customizer@1098f9b, org.springframework.boot.test.context.filter.ExcludeFilterContextCustomizer@13d0107, org.springframework.boot.test.json.DuplicateJsonObjectContextCustomizerFactory$DuplicateJsonObjectContextCustomizer@cadd41, org.springframework.boot.test.mock.mockito.MockitoContextCustomizer@0], contextLoader = 'org.springframework.test.context.support.DelegatingSmartContextLoader', parent = [null]]]
10:35:14.341 [Test worker] DEBUG org.springframework.test.context.cache - Spring test ApplicationContext cache statistics: [DefaultContextCache@1d5ac51 size = 15, maxSize = 32, parentContextCount = 0, hitCount = 727, missCount = 15]
10:35:14.341 [Test worker] DEBUG org.springframework.test.context.cache.DefaultCacheAwareContextLoaderDelegate - Retrieved ApplicationContext [24138677] from cache with key [[MergedContextConfiguration@128ec73 testClass = JwtUtilTest, locations = '{}', classes = '{class app.library.util.JwtUtil}', contextInitializerClasses = '[]', activeProfiles = '{}', propertySourceLocations = '{}', propertySourceProperties = '{}', contextCustomizers = set[org.springframework.boot.test.autoconfigure.actuate.metrics.MetricsExportContextCustomizerFactory$DisableMetricExportContextCustomizer@ace400, org.springframework.boot.test.autoconfigure.properties.PropertyMappingContextCustomizer@0, org.springframework.boot.test.autoconfigure.web.servlet.WebDriverContextCustomizerFactory$Customizer@1098f9b, org.springframework.boot.test.context.filter.ExcludeFilterContextCustomizer@13d0107, org.springframework.boot.test.json.DuplicateJsonObjectContextCustomizerFactory$DuplicateJsonObjectContextCustomizer@cadd41, org.springframework.boot.test.mock.mockito.MockitoContextCustomizer@0], contextLoader = 'org.springframework.test.context.support.DelegatingSmartContextLoader', parent = [null]]]
10:35:14.341 [Test worker] DEBUG org.springframework.test.context.cache - Spring test ApplicationContext cache statistics: [DefaultContextCache@1d5ac51 size = 15, maxSize = 32, parentContextCount = 0, hitCount = 728, missCount = 15]
10:35:14.341 [Test worker] DEBUG org.springframework.test.context.support.AbstractDirtiesContextTestExecutionListener - After test method: context [DefaultTestContext@1d99732 testClass = JwtUtilTest, testInstance = app.library.util.JwtUtilTest@1ad555b, testMethod = testExtractExpiration@JwtUtilTest, testException = [null], mergedContextConfiguration = [MergedContextConfiguration@128ec73 testClass = JwtUtilTest, locations = '{}', classes = '{class app.library.util.JwtUtil}', contextInitializerClasses = '[]', activeProfiles = '{}', propertySourceLocations = '{}', propertySourceProperties = '{}', contextCustomizers = set[org.springframework.boot.test.autoconfigure.actuate.metrics.MetricsExportContextCustomizerFactory$DisableMetricExportContextCustomizer@ace400, org.springframework.boot.test.autoconfigure.properties.PropertyMappingContextCustomizer@0, org.springframework.boot.test.autoconfigure.web.servlet.WebDriverContextCustomizerFactory$Customizer@1098f9b, org.springframework.boot.test.context.filter.ExcludeFilterContextCustomizer@13d0107, org.springframework.boot.test.json.DuplicateJsonObjectContextCustomizerFactory$DuplicateJsonObjectContextCustomizer@cadd41, org.springframework.boot.test.mock.mockito.MockitoContextCustomizer@0], contextLoader = 'org.springframework.test.context.support.DelegatingSmartContextLoader', parent = [null]], attributes = map['org.springframework.test.context.event.ApplicationEventsTestExecutionListener.recordApplicationEvents' -> false]], class annotated with @DirtiesContext [false] with mode [null], method annotated with @DirtiesContext [false] with mode [null].
10:35:14.341 [Test worker] DEBUG org.springframework.test.context.cache.DefaultCacheAwareContextLoaderDelegate - Retrieved ApplicationContext [24138677] from cache with key [[MergedContextConfiguration@128ec73 testClass = JwtUtilTest, locations = '{}', classes = '{class app.library.util.JwtUtil}', contextInitializerClasses = '[]', activeProfiles = '{}', propertySourceLocations = '{}', propertySourceProperties = '{}', contextCustomizers = set[org.springframework.boot.test.autoconfigure.actuate.metrics.MetricsExportContextCustomizerFactory$DisableMetricExportContextCustomizer@ace400, org.springframework.boot.test.autoconfigure.properties.PropertyMappingContextCustomizer@0, org.springframework.boot.test.autoconfigure.web.servlet.WebDriverContextCustomizerFactory$Customizer@1098f9b, org.springframework.boot.test.context.filter.ExcludeFilterContextCustomizer@13d0107, org.springframework.boot.test.json.DuplicateJsonObjectContextCustomizerFactory$DuplicateJsonObjectContextCustomizer@cadd41, org.springframework.boot.test.mock.mockito.MockitoContextCustomizer@0], contextLoader = 'org.springframework.test.context.support.DelegatingSmartContextLoader', parent = [null]]]
10:35:14.341 [Test worker] DEBUG org.springframework.test.context.cache - Spring test ApplicationContext cache statistics: [DefaultContextCache@1d5ac51 size = 15, maxSize = 32, parentContextCount = 0, hitCount = 729, missCount = 15]
10:35:14.341 [Test worker] DEBUG org.springframework.test.context.support.AbstractDirtiesContextTestExecutionListener - After test class: context [DefaultTestContext@1d99732 testClass = JwtUtilTest, testInstance = [null], testMethod = [null], testException = [null], mergedContextConfiguration = [MergedContextConfiguration@128ec73 testClass = JwtUtilTest, locations = '{}', classes = '{class app.library.util.JwtUtil}', contextInitializerClasses = '[]', activeProfiles = '{}', propertySourceLocations = '{}', propertySourceProperties = '{}', contextCustomizers = set[org.springframework.boot.test.autoconfigure.actuate.metrics.MetricsExportContextCustomizerFactory$DisableMetricExportContextCustomizer@ace400, org.springframework.boot.test.autoconfigure.properties.PropertyMappingContextCustomizer@0, org.springframework.boot.test.autoconfigure.web.servlet.WebDriverContextCustomizerFactory$Customizer@1098f9b, org.springframework.boot.test.context.filter.ExcludeFilterContextCustomizer@13d0107, org.springframework.boot.test.json.DuplicateJsonObjectContextCustomizerFactory$DuplicateJsonObjectContextCustomizer@cadd41, org.springframework.boot.test.mock.mockito.MockitoContextCustomizer@0], contextLoader = 'org.springframework.test.context.support.DelegatingSmartContextLoader', parent = [null]], attributes = map['org.springframework.test.context.event.ApplicationEventsTestExecutionListener.recordApplicationEvents' -> false]], class annotated with @DirtiesContext [false] with mode [null].
]]></system-out>
  <system-err><![CDATA[]]></system-err>
</testsuite>
