<?xml version="1.0" encoding="UTF-8"?>
<testsuite name="app.library.usermgmt.authmgmt.MyUserDetailsServiceTest" tests="3" skipped="0" failures="0" errors="0" timestamp="2023-02-08T12:41:46" hostname="HTSI38" time="0.027">
  <properties/>
  <testcase name="testLoadUserByUsername()" classname="app.library.usermgmt.authmgmt.MyUserDetailsServiceTest" time="0.004"/>
  <testcase name="testLoadUserByUsername2()" classname="app.library.usermgmt.authmgmt.MyUserDetailsServiceTest" time="0.015"/>
  <testcase name="testLoadUserByUsername3()" classname="app.library.usermgmt.authmgmt.MyUserDetailsServiceTest" time="0.006"/>
  <system-out><![CDATA[18:11:46.499 [Test worker] DEBUG org.springframework.test.context.BootstrapUtils - Instantiating CacheAwareContextLoaderDelegate from class [org.springframework.test.context.cache.DefaultCacheAwareContextLoaderDelegate]
18:11:46.499 [Test worker] DEBUG org.springframework.test.context.BootstrapUtils - Instantiating BootstrapContext using constructor [public org.springframework.test.context.support.DefaultBootstrapContext(java.lang.Class,org.springframework.test.context.CacheAwareContextLoaderDelegate)]
18:11:46.499 [Test worker] DEBUG org.springframework.test.context.BootstrapUtils - Instantiating TestContextBootstrapper for test class [app.library.usermgmt.authmgmt.MyUserDetailsServiceTest] from class [org.springframework.test.context.support.DefaultTestContextBootstrapper]
18:11:46.499 [Test worker] DEBUG org.springframework.test.context.support.AbstractDelegatingSmartContextLoader - Delegating to AnnotationConfigContextLoader to process context configuration [ContextConfigurationAttributes@1810c18 declaringClass = 'app.library.usermgmt.authmgmt.MyUserDetailsServiceTest', classes = '{class app.library.usermgmt.authmgmt.MyUserDetailsService}', locations = '{}', inheritLocations = true, initializers = '{}', inheritInitializers = true, name = [null], contextLoaderClass = 'org.springframework.test.context.ContextLoader'].
18:11:46.499 [Test worker] DEBUG org.springframework.test.context.support.ActiveProfilesUtils - Could not find an 'annotation declaring class' for annotation type [org.springframework.test.context.ActiveProfiles] and class [app.library.usermgmt.authmgmt.MyUserDetailsServiceTest]
18:11:46.499 [Test worker] DEBUG org.springframework.test.context.support.DefaultTestContextBootstrapper - @TestExecutionListeners is not present for class [app.library.usermgmt.authmgmt.MyUserDetailsServiceTest]: using defaults.
18:11:46.499 [Test worker] INFO org.springframework.test.context.support.DefaultTestContextBootstrapper - Loaded default TestExecutionListener class names from location [META-INF/spring.factories]: [org.springframework.boot.test.autoconfigure.restdocs.RestDocsTestExecutionListener, org.springframework.boot.test.autoconfigure.web.client.MockRestServiceServerResetTestExecutionListener, org.springframework.boot.test.autoconfigure.web.servlet.MockMvcPrintOnlyOnFailureTestExecutionListener, org.springframework.boot.test.autoconfigure.web.servlet.WebDriverTestExecutionListener, org.springframework.boot.test.autoconfigure.webservices.client.MockWebServiceServerTestExecutionListener, org.springframework.boot.test.mock.mockito.MockitoTestExecutionListener, org.springframework.boot.test.mock.mockito.ResetMocksTestExecutionListener, org.springframework.test.context.web.ServletTestExecutionListener, org.springframework.test.context.support.DirtiesContextBeforeModesTestExecutionListener, org.springframework.test.context.event.ApplicationEventsTestExecutionListener, org.springframework.test.context.support.DependencyInjectionTestExecutionListener, org.springframework.test.context.support.DirtiesContextTestExecutionListener, org.springframework.test.context.transaction.TransactionalTestExecutionListener, org.springframework.test.context.jdbc.SqlScriptsTestExecutionListener, org.springframework.test.context.event.EventPublishingTestExecutionListener]
18:11:46.500 [Test worker] INFO org.springframework.test.context.support.DefaultTestContextBootstrapper - Using TestExecutionListeners: [org.springframework.test.context.web.ServletTestExecutionListener@c8adff, org.springframework.test.context.support.DirtiesContextBeforeModesTestExecutionListener@12e9db2, org.springframework.test.context.event.ApplicationEventsTestExecutionListener@d5a82, org.springframework.boot.test.mock.mockito.MockitoTestExecutionListener@34a51e, org.springframework.test.context.support.DependencyInjectionTestExecutionListener@13a44f2, org.springframework.test.context.support.DirtiesContextTestExecutionListener@668c2a, org.springframework.test.context.transaction.TransactionalTestExecutionListener@fd0a6e, org.springframework.test.context.jdbc.SqlScriptsTestExecutionListener@1de5efa, org.springframework.test.context.event.EventPublishingTestExecutionListener@228de7, org.springframework.boot.test.autoconfigure.restdocs.RestDocsTestExecutionListener@bd5015, org.springframework.boot.test.autoconfigure.web.client.MockRestServiceServerResetTestExecutionListener@159116, org.springframework.boot.test.autoconfigure.web.servlet.MockMvcPrintOnlyOnFailureTestExecutionListener@11f23a0, org.springframework.boot.test.autoconfigure.web.servlet.WebDriverTestExecutionListener@176ca51, org.springframework.boot.test.autoconfigure.webservices.client.MockWebServiceServerTestExecutionListener@1091a92, org.springframework.boot.test.mock.mockito.ResetMocksTestExecutionListener@196bbc4]
18:11:46.500 [Test worker] DEBUG org.springframework.test.context.support.AbstractDirtiesContextTestExecutionListener - Before test class: context [DefaultTestContext@1e08775 testClass = MyUserDetailsServiceTest, testInstance = [null], testMethod = [null], testException = [null], mergedContextConfiguration = [MergedContextConfiguration@dbf2da testClass = MyUserDetailsServiceTest, locations = '{}', classes = '{class app.library.usermgmt.authmgmt.MyUserDetailsService}', contextInitializerClasses = '[]', activeProfiles = '{}', propertySourceLocations = '{}', propertySourceProperties = '{}', contextCustomizers = set[org.springframework.boot.test.autoconfigure.actuate.metrics.MetricsExportContextCustomizerFactory$DisableMetricExportContextCustomizer@1be250d, org.springframework.boot.test.autoconfigure.properties.PropertyMappingContextCustomizer@0, org.springframework.boot.test.autoconfigure.web.servlet.WebDriverContextCustomizerFactory$Customizer@52b961, org.springframework.boot.test.context.filter.ExcludeFilterContextCustomizer@676c1a, org.springframework.boot.test.json.DuplicateJsonObjectContextCustomizerFactory$DuplicateJsonObjectContextCustomizer@1c44dec, org.springframework.boot.test.mock.mockito.MockitoContextCustomizer@c3c0df5b], contextLoader = 'org.springframework.test.context.support.DelegatingSmartContextLoader', parent = [null]], attributes = map[[empty]]], class annotated with @DirtiesContext [false] with mode [null].
18:11:46.500 [Test worker] DEBUG org.springframework.test.context.support.AbstractDelegatingSmartContextLoader - Delegating to AnnotationConfigContextLoader to load context from [MergedContextConfiguration@dbf2da testClass = MyUserDetailsServiceTest, locations = '{}', classes = '{class app.library.usermgmt.authmgmt.MyUserDetailsService}', contextInitializerClasses = '[]', activeProfiles = '{}', propertySourceLocations = '{}', propertySourceProperties = '{}', contextCustomizers = set[org.springframework.boot.test.autoconfigure.actuate.metrics.MetricsExportContextCustomizerFactory$DisableMetricExportContextCustomizer@1be250d, org.springframework.boot.test.autoconfigure.properties.PropertyMappingContextCustomizer@0, org.springframework.boot.test.autoconfigure.web.servlet.WebDriverContextCustomizerFactory$Customizer@52b961, org.springframework.boot.test.context.filter.ExcludeFilterContextCustomizer@676c1a, org.springframework.boot.test.json.DuplicateJsonObjectContextCustomizerFactory$DuplicateJsonObjectContextCustomizer@1c44dec, org.springframework.boot.test.mock.mockito.MockitoContextCustomizer@c3c0df5b], contextLoader = 'org.springframework.test.context.support.DelegatingSmartContextLoader', parent = [null]].
18:11:46.500 [Test worker] DEBUG org.springframework.test.context.support.AbstractGenericContextLoader - Loading ApplicationContext for merged context configuration [[MergedContextConfiguration@dbf2da testClass = MyUserDetailsServiceTest, locations = '{}', classes = '{class app.library.usermgmt.authmgmt.MyUserDetailsService}', contextInitializerClasses = '[]', activeProfiles = '{}', propertySourceLocations = '{}', propertySourceProperties = '{}', contextCustomizers = set[org.springframework.boot.test.autoconfigure.actuate.metrics.MetricsExportContextCustomizerFactory$DisableMetricExportContextCustomizer@1be250d, org.springframework.boot.test.autoconfigure.properties.PropertyMappingContextCustomizer@0, org.springframework.boot.test.autoconfigure.web.servlet.WebDriverContextCustomizerFactory$Customizer@52b961, org.springframework.boot.test.context.filter.ExcludeFilterContextCustomizer@676c1a, org.springframework.boot.test.json.DuplicateJsonObjectContextCustomizerFactory$DuplicateJsonObjectContextCustomizer@1c44dec, org.springframework.boot.test.mock.mockito.MockitoContextCustomizer@c3c0df5b], contextLoader = 'org.springframework.test.context.support.DelegatingSmartContextLoader', parent = [null]]].
18:11:46.500 [Test worker] DEBUG org.springframework.core.env.StandardEnvironment - Activating profiles []
18:11:46.500 [Test worker] DEBUG org.springframework.test.context.support.AnnotationConfigContextLoader - Registering component classes: {class app.library.usermgmt.authmgmt.MyUserDetailsService}
18:11:46.501 [Test worker] DEBUG org.springframework.context.support.GenericApplicationContext - Refreshing org.springframework.context.support.GenericApplicationContext@1a5b599
18:11:46.501 [Test worker] DEBUG org.springframework.beans.factory.support.DefaultListableBeanFactory - Creating shared instance of singleton bean 'org.springframework.context.annotation.internalConfigurationAnnotationProcessor'
18:11:46.502 [Test worker] DEBUG org.springframework.beans.factory.support.DefaultListableBeanFactory - Creating shared instance of singleton bean 'org.springframework.boot.test.mock.mockito.MockitoPostProcessor'
18:11:46.505 [Test worker] DEBUG org.springframework.beans.factory.support.DefaultListableBeanFactory - Creating shared instance of singleton bean 'org.springframework.context.event.internalEventListenerProcessor'
18:11:46.505 [Test worker] DEBUG org.springframework.beans.factory.support.DefaultListableBeanFactory - Creating shared instance of singleton bean 'org.springframework.context.event.internalEventListenerFactory'
18:11:46.505 [Test worker] DEBUG org.springframework.beans.factory.support.DefaultListableBeanFactory - Creating shared instance of singleton bean 'org.springframework.context.annotation.internalAutowiredAnnotationProcessor'
18:11:46.506 [Test worker] DEBUG org.springframework.beans.factory.support.DefaultListableBeanFactory - Creating shared instance of singleton bean 'org.springframework.context.annotation.internalCommonAnnotationProcessor'
18:11:46.506 [Test worker] DEBUG org.springframework.beans.factory.support.DefaultListableBeanFactory - Creating shared instance of singleton bean 'org.springframework.context.annotation.internalPersistenceAnnotationProcessor'
18:11:46.506 [Test worker] DEBUG org.springframework.beans.factory.support.DefaultListableBeanFactory - Creating shared instance of singleton bean 'org.springframework.boot.test.mock.mockito.MockitoPostProcessor$SpyPostProcessor'
18:11:46.506 [Test worker] DEBUG org.springframework.beans.factory.support.DefaultListableBeanFactory - Creating shared instance of singleton bean 'myUserDetailsService'
18:11:46.508 [Test worker] DEBUG org.springframework.test.context.cache.DefaultCacheAwareContextLoaderDelegate - Storing ApplicationContext [27637145] in cache under key [[MergedContextConfiguration@dbf2da testClass = MyUserDetailsServiceTest, locations = '{}', classes = '{class app.library.usermgmt.authmgmt.MyUserDetailsService}', contextInitializerClasses = '[]', activeProfiles = '{}', propertySourceLocations = '{}', propertySourceProperties = '{}', contextCustomizers = set[org.springframework.boot.test.autoconfigure.actuate.metrics.MetricsExportContextCustomizerFactory$DisableMetricExportContextCustomizer@1be250d, org.springframework.boot.test.autoconfigure.properties.PropertyMappingContextCustomizer@0, org.springframework.boot.test.autoconfigure.web.servlet.WebDriverContextCustomizerFactory$Customizer@52b961, org.springframework.boot.test.context.filter.ExcludeFilterContextCustomizer@676c1a, org.springframework.boot.test.json.DuplicateJsonObjectContextCustomizerFactory$DuplicateJsonObjectContextCustomizer@1c44dec, org.springframework.boot.test.mock.mockito.MockitoContextCustomizer@c3c0df5b], contextLoader = 'org.springframework.test.context.support.DelegatingSmartContextLoader', parent = [null]]]
18:11:46.509 [Test worker] DEBUG org.springframework.test.context.cache - Spring test ApplicationContext cache statistics: [DefaultContextCache@8c24 size = 11, maxSize = 32, parentContextCount = 0, hitCount = 506, missCount = 11]
18:11:46.509 [Test worker] DEBUG org.springframework.test.context.support.DependencyInjectionTestExecutionListener - Performing dependency injection for test context [[DefaultTestContext@1e08775 testClass = MyUserDetailsServiceTest, testInstance = app.library.usermgmt.authmgmt.MyUserDetailsServiceTest@56f41a, testMethod = [null], testException = [null], mergedContextConfiguration = [MergedContextConfiguration@dbf2da testClass = MyUserDetailsServiceTest, locations = '{}', classes = '{class app.library.usermgmt.authmgmt.MyUserDetailsService}', contextInitializerClasses = '[]', activeProfiles = '{}', propertySourceLocations = '{}', propertySourceProperties = '{}', contextCustomizers = set[org.springframework.boot.test.autoconfigure.actuate.metrics.MetricsExportContextCustomizerFactory$DisableMetricExportContextCustomizer@1be250d, org.springframework.boot.test.autoconfigure.properties.PropertyMappingContextCustomizer@0, org.springframework.boot.test.autoconfigure.web.servlet.WebDriverContextCustomizerFactory$Customizer@52b961, org.springframework.boot.test.context.filter.ExcludeFilterContextCustomizer@676c1a, org.springframework.boot.test.json.DuplicateJsonObjectContextCustomizerFactory$DuplicateJsonObjectContextCustomizer@1c44dec, org.springframework.boot.test.mock.mockito.MockitoContextCustomizer@c3c0df5b], contextLoader = 'org.springframework.test.context.support.DelegatingSmartContextLoader', parent = [null]], attributes = map['org.springframework.test.context.event.ApplicationEventsTestExecutionListener.recordApplicationEvents' -> false]]].
18:11:46.509 [Test worker] DEBUG org.springframework.test.context.cache.DefaultCacheAwareContextLoaderDelegate - Retrieved ApplicationContext [27637145] from cache with key [[MergedContextConfiguration@dbf2da testClass = MyUserDetailsServiceTest, locations = '{}', classes = '{class app.library.usermgmt.authmgmt.MyUserDetailsService}', contextInitializerClasses = '[]', activeProfiles = '{}', propertySourceLocations = '{}', propertySourceProperties = '{}', contextCustomizers = set[org.springframework.boot.test.autoconfigure.actuate.metrics.MetricsExportContextCustomizerFactory$DisableMetricExportContextCustomizer@1be250d, org.springframework.boot.test.autoconfigure.properties.PropertyMappingContextCustomizer@0, org.springframework.boot.test.autoconfigure.web.servlet.WebDriverContextCustomizerFactory$Customizer@52b961, org.springframework.boot.test.context.filter.ExcludeFilterContextCustomizer@676c1a, org.springframework.boot.test.json.DuplicateJsonObjectContextCustomizerFactory$DuplicateJsonObjectContextCustomizer@1c44dec, org.springframework.boot.test.mock.mockito.MockitoContextCustomizer@c3c0df5b], contextLoader = 'org.springframework.test.context.support.DelegatingSmartContextLoader', parent = [null]]]
18:11:46.509 [Test worker] DEBUG org.springframework.test.context.cache - Spring test ApplicationContext cache statistics: [DefaultContextCache@8c24 size = 11, maxSize = 32, parentContextCount = 0, hitCount = 507, missCount = 11]
18:11:46.510 [Test worker] DEBUG org.springframework.test.context.cache.DefaultCacheAwareContextLoaderDelegate - Retrieved ApplicationContext [27637145] from cache with key [[MergedContextConfiguration@dbf2da testClass = MyUserDetailsServiceTest, locations = '{}', classes = '{class app.library.usermgmt.authmgmt.MyUserDetailsService}', contextInitializerClasses = '[]', activeProfiles = '{}', propertySourceLocations = '{}', propertySourceProperties = '{}', contextCustomizers = set[org.springframework.boot.test.autoconfigure.actuate.metrics.MetricsExportContextCustomizerFactory$DisableMetricExportContextCustomizer@1be250d, org.springframework.boot.test.autoconfigure.properties.PropertyMappingContextCustomizer@0, org.springframework.boot.test.autoconfigure.web.servlet.WebDriverContextCustomizerFactory$Customizer@52b961, org.springframework.boot.test.context.filter.ExcludeFilterContextCustomizer@676c1a, org.springframework.boot.test.json.DuplicateJsonObjectContextCustomizerFactory$DuplicateJsonObjectContextCustomizer@1c44dec, org.springframework.boot.test.mock.mockito.MockitoContextCustomizer@c3c0df5b], contextLoader = 'org.springframework.test.context.support.DelegatingSmartContextLoader', parent = [null]]]
18:11:46.510 [Test worker] DEBUG org.springframework.test.context.cache - Spring test ApplicationContext cache statistics: [DefaultContextCache@8c24 size = 11, maxSize = 32, parentContextCount = 0, hitCount = 508, missCount = 11]
18:11:46.510 [Test worker] DEBUG org.springframework.test.context.support.AbstractDirtiesContextTestExecutionListener - Before test method: context [DefaultTestContext@1e08775 testClass = MyUserDetailsServiceTest, testInstance = app.library.usermgmt.authmgmt.MyUserDetailsServiceTest@56f41a, testMethod = testLoadUserByUsername@MyUserDetailsServiceTest, testException = [null], mergedContextConfiguration = [MergedContextConfiguration@dbf2da testClass = MyUserDetailsServiceTest, locations = '{}', classes = '{class app.library.usermgmt.authmgmt.MyUserDetailsService}', contextInitializerClasses = '[]', activeProfiles = '{}', propertySourceLocations = '{}', propertySourceProperties = '{}', contextCustomizers = set[org.springframework.boot.test.autoconfigure.actuate.metrics.MetricsExportContextCustomizerFactory$DisableMetricExportContextCustomizer@1be250d, org.springframework.boot.test.autoconfigure.properties.PropertyMappingContextCustomizer@0, org.springframework.boot.test.autoconfigure.web.servlet.WebDriverContextCustomizerFactory$Customizer@52b961, org.springframework.boot.test.context.filter.ExcludeFilterContextCustomizer@676c1a, org.springframework.boot.test.json.DuplicateJsonObjectContextCustomizerFactory$DuplicateJsonObjectContextCustomizer@1c44dec, org.springframework.boot.test.mock.mockito.MockitoContextCustomizer@c3c0df5b], contextLoader = 'org.springframework.test.context.support.DelegatingSmartContextLoader', parent = [null]], attributes = map['org.springframework.test.context.event.ApplicationEventsTestExecutionListener.recordApplicationEvents' -> false]], class annotated with @DirtiesContext [false] with mode [null], method annotated with @DirtiesContext [false] with mode [null].
18:11:46.511 [Test worker] DEBUG org.springframework.test.context.cache.DefaultCacheAwareContextLoaderDelegate - Retrieved ApplicationContext [27637145] from cache with key [[MergedContextConfiguration@dbf2da testClass = MyUserDetailsServiceTest, locations = '{}', classes = '{class app.library.usermgmt.authmgmt.MyUserDetailsService}', contextInitializerClasses = '[]', activeProfiles = '{}', propertySourceLocations = '{}', propertySourceProperties = '{}', contextCustomizers = set[org.springframework.boot.test.autoconfigure.actuate.metrics.MetricsExportContextCustomizerFactory$DisableMetricExportContextCustomizer@1be250d, org.springframework.boot.test.autoconfigure.properties.PropertyMappingContextCustomizer@0, org.springframework.boot.test.autoconfigure.web.servlet.WebDriverContextCustomizerFactory$Customizer@52b961, org.springframework.boot.test.context.filter.ExcludeFilterContextCustomizer@676c1a, org.springframework.boot.test.json.DuplicateJsonObjectContextCustomizerFactory$DuplicateJsonObjectContextCustomizer@1c44dec, org.springframework.boot.test.mock.mockito.MockitoContextCustomizer@c3c0df5b], contextLoader = 'org.springframework.test.context.support.DelegatingSmartContextLoader', parent = [null]]]
18:11:46.511 [Test worker] DEBUG org.springframework.test.context.cache - Spring test ApplicationContext cache statistics: [DefaultContextCache@8c24 size = 11, maxSize = 32, parentContextCount = 0, hitCount = 509, missCount = 11]
18:11:46.511 [Test worker] DEBUG org.springframework.test.context.cache.DefaultCacheAwareContextLoaderDelegate - Retrieved ApplicationContext [27637145] from cache with key [[MergedContextConfiguration@dbf2da testClass = MyUserDetailsServiceTest, locations = '{}', classes = '{class app.library.usermgmt.authmgmt.MyUserDetailsService}', contextInitializerClasses = '[]', activeProfiles = '{}', propertySourceLocations = '{}', propertySourceProperties = '{}', contextCustomizers = set[org.springframework.boot.test.autoconfigure.actuate.metrics.MetricsExportContextCustomizerFactory$DisableMetricExportContextCustomizer@1be250d, org.springframework.boot.test.autoconfigure.properties.PropertyMappingContextCustomizer@0, org.springframework.boot.test.autoconfigure.web.servlet.WebDriverContextCustomizerFactory$Customizer@52b961, org.springframework.boot.test.context.filter.ExcludeFilterContextCustomizer@676c1a, org.springframework.boot.test.json.DuplicateJsonObjectContextCustomizerFactory$DuplicateJsonObjectContextCustomizer@1c44dec, org.springframework.boot.test.mock.mockito.MockitoContextCustomizer@c3c0df5b], contextLoader = 'org.springframework.test.context.support.DelegatingSmartContextLoader', parent = [null]]]
18:11:46.511 [Test worker] DEBUG org.springframework.test.context.cache - Spring test ApplicationContext cache statistics: [DefaultContextCache@8c24 size = 11, maxSize = 32, parentContextCount = 0, hitCount = 510, missCount = 11]
18:11:46.511 [Test worker] DEBUG org.springframework.test.context.cache.DefaultCacheAwareContextLoaderDelegate - Retrieved ApplicationContext [27637145] from cache with key [[MergedContextConfiguration@dbf2da testClass = MyUserDetailsServiceTest, locations = '{}', classes = '{class app.library.usermgmt.authmgmt.MyUserDetailsService}', contextInitializerClasses = '[]', activeProfiles = '{}', propertySourceLocations = '{}', propertySourceProperties = '{}', contextCustomizers = set[org.springframework.boot.test.autoconfigure.actuate.metrics.MetricsExportContextCustomizerFactory$DisableMetricExportContextCustomizer@1be250d, org.springframework.boot.test.autoconfigure.properties.PropertyMappingContextCustomizer@0, org.springframework.boot.test.autoconfigure.web.servlet.WebDriverContextCustomizerFactory$Customizer@52b961, org.springframework.boot.test.context.filter.ExcludeFilterContextCustomizer@676c1a, org.springframework.boot.test.json.DuplicateJsonObjectContextCustomizerFactory$DuplicateJsonObjectContextCustomizer@1c44dec, org.springframework.boot.test.mock.mockito.MockitoContextCustomizer@c3c0df5b], contextLoader = 'org.springframework.test.context.support.DelegatingSmartContextLoader', parent = [null]]]
18:11:46.511 [Test worker] DEBUG org.springframework.test.context.cache - Spring test ApplicationContext cache statistics: [DefaultContextCache@8c24 size = 11, maxSize = 32, parentContextCount = 0, hitCount = 511, missCount = 11]
18:11:46.513 [Test worker] DEBUG org.springframework.test.context.cache.DefaultCacheAwareContextLoaderDelegate - Retrieved ApplicationContext [27637145] from cache with key [[MergedContextConfiguration@dbf2da testClass = MyUserDetailsServiceTest, locations = '{}', classes = '{class app.library.usermgmt.authmgmt.MyUserDetailsService}', contextInitializerClasses = '[]', activeProfiles = '{}', propertySourceLocations = '{}', propertySourceProperties = '{}', contextCustomizers = set[org.springframework.boot.test.autoconfigure.actuate.metrics.MetricsExportContextCustomizerFactory$DisableMetricExportContextCustomizer@1be250d, org.springframework.boot.test.autoconfigure.properties.PropertyMappingContextCustomizer@0, org.springframework.boot.test.autoconfigure.web.servlet.WebDriverContextCustomizerFactory$Customizer@52b961, org.springframework.boot.test.context.filter.ExcludeFilterContextCustomizer@676c1a, org.springframework.boot.test.json.DuplicateJsonObjectContextCustomizerFactory$DuplicateJsonObjectContextCustomizer@1c44dec, org.springframework.boot.test.mock.mockito.MockitoContextCustomizer@c3c0df5b], contextLoader = 'org.springframework.test.context.support.DelegatingSmartContextLoader', parent = [null]]]
18:11:46.513 [Test worker] DEBUG org.springframework.test.context.cache - Spring test ApplicationContext cache statistics: [DefaultContextCache@8c24 size = 11, maxSize = 32, parentContextCount = 0, hitCount = 512, missCount = 11]
18:11:46.513 [Test worker] DEBUG org.springframework.test.context.cache.DefaultCacheAwareContextLoaderDelegate - Retrieved ApplicationContext [27637145] from cache with key [[MergedContextConfiguration@dbf2da testClass = MyUserDetailsServiceTest, locations = '{}', classes = '{class app.library.usermgmt.authmgmt.MyUserDetailsService}', contextInitializerClasses = '[]', activeProfiles = '{}', propertySourceLocations = '{}', propertySourceProperties = '{}', contextCustomizers = set[org.springframework.boot.test.autoconfigure.actuate.metrics.MetricsExportContextCustomizerFactory$DisableMetricExportContextCustomizer@1be250d, org.springframework.boot.test.autoconfigure.properties.PropertyMappingContextCustomizer@0, org.springframework.boot.test.autoconfigure.web.servlet.WebDriverContextCustomizerFactory$Customizer@52b961, org.springframework.boot.test.context.filter.ExcludeFilterContextCustomizer@676c1a, org.springframework.boot.test.json.DuplicateJsonObjectContextCustomizerFactory$DuplicateJsonObjectContextCustomizer@1c44dec, org.springframework.boot.test.mock.mockito.MockitoContextCustomizer@c3c0df5b], contextLoader = 'org.springframework.test.context.support.DelegatingSmartContextLoader', parent = [null]]]
18:11:46.513 [Test worker] DEBUG org.springframework.test.context.cache - Spring test ApplicationContext cache statistics: [DefaultContextCache@8c24 size = 11, maxSize = 32, parentContextCount = 0, hitCount = 513, missCount = 11]
18:11:46.513 [Test worker] DEBUG org.springframework.test.context.cache.DefaultCacheAwareContextLoaderDelegate - Retrieved ApplicationContext [27637145] from cache with key [[MergedContextConfiguration@dbf2da testClass = MyUserDetailsServiceTest, locations = '{}', classes = '{class app.library.usermgmt.authmgmt.MyUserDetailsService}', contextInitializerClasses = '[]', activeProfiles = '{}', propertySourceLocations = '{}', propertySourceProperties = '{}', contextCustomizers = set[org.springframework.boot.test.autoconfigure.actuate.metrics.MetricsExportContextCustomizerFactory$DisableMetricExportContextCustomizer@1be250d, org.springframework.boot.test.autoconfigure.properties.PropertyMappingContextCustomizer@0, org.springframework.boot.test.autoconfigure.web.servlet.WebDriverContextCustomizerFactory$Customizer@52b961, org.springframework.boot.test.context.filter.ExcludeFilterContextCustomizer@676c1a, org.springframework.boot.test.json.DuplicateJsonObjectContextCustomizerFactory$DuplicateJsonObjectContextCustomizer@1c44dec, org.springframework.boot.test.mock.mockito.MockitoContextCustomizer@c3c0df5b], contextLoader = 'org.springframework.test.context.support.DelegatingSmartContextLoader', parent = [null]]]
18:11:46.513 [Test worker] DEBUG org.springframework.test.context.cache - Spring test ApplicationContext cache statistics: [DefaultContextCache@8c24 size = 11, maxSize = 32, parentContextCount = 0, hitCount = 514, missCount = 11]
18:11:46.513 [Test worker] DEBUG org.springframework.test.context.cache.DefaultCacheAwareContextLoaderDelegate - Retrieved ApplicationContext [27637145] from cache with key [[MergedContextConfiguration@dbf2da testClass = MyUserDetailsServiceTest, locations = '{}', classes = '{class app.library.usermgmt.authmgmt.MyUserDetailsService}', contextInitializerClasses = '[]', activeProfiles = '{}', propertySourceLocations = '{}', propertySourceProperties = '{}', contextCustomizers = set[org.springframework.boot.test.autoconfigure.actuate.metrics.MetricsExportContextCustomizerFactory$DisableMetricExportContextCustomizer@1be250d, org.springframework.boot.test.autoconfigure.properties.PropertyMappingContextCustomizer@0, org.springframework.boot.test.autoconfigure.web.servlet.WebDriverContextCustomizerFactory$Customizer@52b961, org.springframework.boot.test.context.filter.ExcludeFilterContextCustomizer@676c1a, org.springframework.boot.test.json.DuplicateJsonObjectContextCustomizerFactory$DuplicateJsonObjectContextCustomizer@1c44dec, org.springframework.boot.test.mock.mockito.MockitoContextCustomizer@c3c0df5b], contextLoader = 'org.springframework.test.context.support.DelegatingSmartContextLoader', parent = [null]]]
18:11:46.513 [Test worker] DEBUG org.springframework.test.context.cache - Spring test ApplicationContext cache statistics: [DefaultContextCache@8c24 size = 11, maxSize = 32, parentContextCount = 0, hitCount = 515, missCount = 11]
18:11:46.513 [Test worker] DEBUG org.springframework.test.context.cache.DefaultCacheAwareContextLoaderDelegate - Retrieved ApplicationContext [27637145] from cache with key [[MergedContextConfiguration@dbf2da testClass = MyUserDetailsServiceTest, locations = '{}', classes = '{class app.library.usermgmt.authmgmt.MyUserDetailsService}', contextInitializerClasses = '[]', activeProfiles = '{}', propertySourceLocations = '{}', propertySourceProperties = '{}', contextCustomizers = set[org.springframework.boot.test.autoconfigure.actuate.metrics.MetricsExportContextCustomizerFactory$DisableMetricExportContextCustomizer@1be250d, org.springframework.boot.test.autoconfigure.properties.PropertyMappingContextCustomizer@0, org.springframework.boot.test.autoconfigure.web.servlet.WebDriverContextCustomizerFactory$Customizer@52b961, org.springframework.boot.test.context.filter.ExcludeFilterContextCustomizer@676c1a, org.springframework.boot.test.json.DuplicateJsonObjectContextCustomizerFactory$DuplicateJsonObjectContextCustomizer@1c44dec, org.springframework.boot.test.mock.mockito.MockitoContextCustomizer@c3c0df5b], contextLoader = 'org.springframework.test.context.support.DelegatingSmartContextLoader', parent = [null]]]
18:11:46.513 [Test worker] DEBUG org.springframework.test.context.cache - Spring test ApplicationContext cache statistics: [DefaultContextCache@8c24 size = 11, maxSize = 32, parentContextCount = 0, hitCount = 516, missCount = 11]
18:11:46.514 [Test worker] DEBUG org.springframework.test.context.cache.DefaultCacheAwareContextLoaderDelegate - Retrieved ApplicationContext [27637145] from cache with key [[MergedContextConfiguration@dbf2da testClass = MyUserDetailsServiceTest, locations = '{}', classes = '{class app.library.usermgmt.authmgmt.MyUserDetailsService}', contextInitializerClasses = '[]', activeProfiles = '{}', propertySourceLocations = '{}', propertySourceProperties = '{}', contextCustomizers = set[org.springframework.boot.test.autoconfigure.actuate.metrics.MetricsExportContextCustomizerFactory$DisableMetricExportContextCustomizer@1be250d, org.springframework.boot.test.autoconfigure.properties.PropertyMappingContextCustomizer@0, org.springframework.boot.test.autoconfigure.web.servlet.WebDriverContextCustomizerFactory$Customizer@52b961, org.springframework.boot.test.context.filter.ExcludeFilterContextCustomizer@676c1a, org.springframework.boot.test.json.DuplicateJsonObjectContextCustomizerFactory$DuplicateJsonObjectContextCustomizer@1c44dec, org.springframework.boot.test.mock.mockito.MockitoContextCustomizer@c3c0df5b], contextLoader = 'org.springframework.test.context.support.DelegatingSmartContextLoader', parent = [null]]]
18:11:46.514 [Test worker] DEBUG org.springframework.test.context.cache - Spring test ApplicationContext cache statistics: [DefaultContextCache@8c24 size = 11, maxSize = 32, parentContextCount = 0, hitCount = 517, missCount = 11]
18:11:46.514 [Test worker] DEBUG org.springframework.test.context.support.AbstractDirtiesContextTestExecutionListener - After test method: context [DefaultTestContext@1e08775 testClass = MyUserDetailsServiceTest, testInstance = app.library.usermgmt.authmgmt.MyUserDetailsServiceTest@56f41a, testMethod = testLoadUserByUsername@MyUserDetailsServiceTest, testException = [null], mergedContextConfiguration = [MergedContextConfiguration@dbf2da testClass = MyUserDetailsServiceTest, locations = '{}', classes = '{class app.library.usermgmt.authmgmt.MyUserDetailsService}', contextInitializerClasses = '[]', activeProfiles = '{}', propertySourceLocations = '{}', propertySourceProperties = '{}', contextCustomizers = set[org.springframework.boot.test.autoconfigure.actuate.metrics.MetricsExportContextCustomizerFactory$DisableMetricExportContextCustomizer@1be250d, org.springframework.boot.test.autoconfigure.properties.PropertyMappingContextCustomizer@0, org.springframework.boot.test.autoconfigure.web.servlet.WebDriverContextCustomizerFactory$Customizer@52b961, org.springframework.boot.test.context.filter.ExcludeFilterContextCustomizer@676c1a, org.springframework.boot.test.json.DuplicateJsonObjectContextCustomizerFactory$DuplicateJsonObjectContextCustomizer@1c44dec, org.springframework.boot.test.mock.mockito.MockitoContextCustomizer@c3c0df5b], contextLoader = 'org.springframework.test.context.support.DelegatingSmartContextLoader', parent = [null]], attributes = map['org.springframework.test.context.event.ApplicationEventsTestExecutionListener.recordApplicationEvents' -> false]], class annotated with @DirtiesContext [false] with mode [null], method annotated with @DirtiesContext [false] with mode [null].
18:11:46.515 [Test worker] DEBUG org.springframework.test.context.cache.DefaultCacheAwareContextLoaderDelegate - Retrieved ApplicationContext [27637145] from cache with key [[MergedContextConfiguration@dbf2da testClass = MyUserDetailsServiceTest, locations = '{}', classes = '{class app.library.usermgmt.authmgmt.MyUserDetailsService}', contextInitializerClasses = '[]', activeProfiles = '{}', propertySourceLocations = '{}', propertySourceProperties = '{}', contextCustomizers = set[org.springframework.boot.test.autoconfigure.actuate.metrics.MetricsExportContextCustomizerFactory$DisableMetricExportContextCustomizer@1be250d, org.springframework.boot.test.autoconfigure.properties.PropertyMappingContextCustomizer@0, org.springframework.boot.test.autoconfigure.web.servlet.WebDriverContextCustomizerFactory$Customizer@52b961, org.springframework.boot.test.context.filter.ExcludeFilterContextCustomizer@676c1a, org.springframework.boot.test.json.DuplicateJsonObjectContextCustomizerFactory$DuplicateJsonObjectContextCustomizer@1c44dec, org.springframework.boot.test.mock.mockito.MockitoContextCustomizer@c3c0df5b], contextLoader = 'org.springframework.test.context.support.DelegatingSmartContextLoader', parent = [null]]]
18:11:46.515 [Test worker] DEBUG org.springframework.test.context.cache - Spring test ApplicationContext cache statistics: [DefaultContextCache@8c24 size = 11, maxSize = 32, parentContextCount = 0, hitCount = 518, missCount = 11]
18:11:46.515 [Test worker] DEBUG org.springframework.test.context.support.DependencyInjectionTestExecutionListener - Performing dependency injection for test context [[DefaultTestContext@1e08775 testClass = MyUserDetailsServiceTest, testInstance = app.library.usermgmt.authmgmt.MyUserDetailsServiceTest@1645b7d, testMethod = [null], testException = [null], mergedContextConfiguration = [MergedContextConfiguration@dbf2da testClass = MyUserDetailsServiceTest, locations = '{}', classes = '{class app.library.usermgmt.authmgmt.MyUserDetailsService}', contextInitializerClasses = '[]', activeProfiles = '{}', propertySourceLocations = '{}', propertySourceProperties = '{}', contextCustomizers = set[org.springframework.boot.test.autoconfigure.actuate.metrics.MetricsExportContextCustomizerFactory$DisableMetricExportContextCustomizer@1be250d, org.springframework.boot.test.autoconfigure.properties.PropertyMappingContextCustomizer@0, org.springframework.boot.test.autoconfigure.web.servlet.WebDriverContextCustomizerFactory$Customizer@52b961, org.springframework.boot.test.context.filter.ExcludeFilterContextCustomizer@676c1a, org.springframework.boot.test.json.DuplicateJsonObjectContextCustomizerFactory$DuplicateJsonObjectContextCustomizer@1c44dec, org.springframework.boot.test.mock.mockito.MockitoContextCustomizer@c3c0df5b], contextLoader = 'org.springframework.test.context.support.DelegatingSmartContextLoader', parent = [null]], attributes = map['org.springframework.test.context.event.ApplicationEventsTestExecutionListener.recordApplicationEvents' -> false]]].
18:11:46.515 [Test worker] DEBUG org.springframework.test.context.cache.DefaultCacheAwareContextLoaderDelegate - Retrieved ApplicationContext [27637145] from cache with key [[MergedContextConfiguration@dbf2da testClass = MyUserDetailsServiceTest, locations = '{}', classes = '{class app.library.usermgmt.authmgmt.MyUserDetailsService}', contextInitializerClasses = '[]', activeProfiles = '{}', propertySourceLocations = '{}', propertySourceProperties = '{}', contextCustomizers = set[org.springframework.boot.test.autoconfigure.actuate.metrics.MetricsExportContextCustomizerFactory$DisableMetricExportContextCustomizer@1be250d, org.springframework.boot.test.autoconfigure.properties.PropertyMappingContextCustomizer@0, org.springframework.boot.test.autoconfigure.web.servlet.WebDriverContextCustomizerFactory$Customizer@52b961, org.springframework.boot.test.context.filter.ExcludeFilterContextCustomizer@676c1a, org.springframework.boot.test.json.DuplicateJsonObjectContextCustomizerFactory$DuplicateJsonObjectContextCustomizer@1c44dec, org.springframework.boot.test.mock.mockito.MockitoContextCustomizer@c3c0df5b], contextLoader = 'org.springframework.test.context.support.DelegatingSmartContextLoader', parent = [null]]]
18:11:46.515 [Test worker] DEBUG org.springframework.test.context.cache - Spring test ApplicationContext cache statistics: [DefaultContextCache@8c24 size = 11, maxSize = 32, parentContextCount = 0, hitCount = 519, missCount = 11]
18:11:46.515 [Test worker] DEBUG org.springframework.test.context.cache.DefaultCacheAwareContextLoaderDelegate - Retrieved ApplicationContext [27637145] from cache with key [[MergedContextConfiguration@dbf2da testClass = MyUserDetailsServiceTest, locations = '{}', classes = '{class app.library.usermgmt.authmgmt.MyUserDetailsService}', contextInitializerClasses = '[]', activeProfiles = '{}', propertySourceLocations = '{}', propertySourceProperties = '{}', contextCustomizers = set[org.springframework.boot.test.autoconfigure.actuate.metrics.MetricsExportContextCustomizerFactory$DisableMetricExportContextCustomizer@1be250d, org.springframework.boot.test.autoconfigure.properties.PropertyMappingContextCustomizer@0, org.springframework.boot.test.autoconfigure.web.servlet.WebDriverContextCustomizerFactory$Customizer@52b961, org.springframework.boot.test.context.filter.ExcludeFilterContextCustomizer@676c1a, org.springframework.boot.test.json.DuplicateJsonObjectContextCustomizerFactory$DuplicateJsonObjectContextCustomizer@1c44dec, org.springframework.boot.test.mock.mockito.MockitoContextCustomizer@c3c0df5b], contextLoader = 'org.springframework.test.context.support.DelegatingSmartContextLoader', parent = [null]]]
18:11:46.515 [Test worker] DEBUG org.springframework.test.context.cache - Spring test ApplicationContext cache statistics: [DefaultContextCache@8c24 size = 11, maxSize = 32, parentContextCount = 0, hitCount = 520, missCount = 11]
18:11:46.515 [Test worker] DEBUG org.springframework.test.context.support.AbstractDirtiesContextTestExecutionListener - Before test method: context [DefaultTestContext@1e08775 testClass = MyUserDetailsServiceTest, testInstance = app.library.usermgmt.authmgmt.MyUserDetailsServiceTest@1645b7d, testMethod = testLoadUserByUsername2@MyUserDetailsServiceTest, testException = [null], mergedContextConfiguration = [MergedContextConfiguration@dbf2da testClass = MyUserDetailsServiceTest, locations = '{}', classes = '{class app.library.usermgmt.authmgmt.MyUserDetailsService}', contextInitializerClasses = '[]', activeProfiles = '{}', propertySourceLocations = '{}', propertySourceProperties = '{}', contextCustomizers = set[org.springframework.boot.test.autoconfigure.actuate.metrics.MetricsExportContextCustomizerFactory$DisableMetricExportContextCustomizer@1be250d, org.springframework.boot.test.autoconfigure.properties.PropertyMappingContextCustomizer@0, org.springframework.boot.test.autoconfigure.web.servlet.WebDriverContextCustomizerFactory$Customizer@52b961, org.springframework.boot.test.context.filter.ExcludeFilterContextCustomizer@676c1a, org.springframework.boot.test.json.DuplicateJsonObjectContextCustomizerFactory$DuplicateJsonObjectContextCustomizer@1c44dec, org.springframework.boot.test.mock.mockito.MockitoContextCustomizer@c3c0df5b], contextLoader = 'org.springframework.test.context.support.DelegatingSmartContextLoader', parent = [null]], attributes = map['org.springframework.test.context.event.ApplicationEventsTestExecutionListener.recordApplicationEvents' -> false]], class annotated with @DirtiesContext [false] with mode [null], method annotated with @DirtiesContext [false] with mode [null].
18:11:46.515 [Test worker] DEBUG org.springframework.test.context.cache.DefaultCacheAwareContextLoaderDelegate - Retrieved ApplicationContext [27637145] from cache with key [[MergedContextConfiguration@dbf2da testClass = MyUserDetailsServiceTest, locations = '{}', classes = '{class app.library.usermgmt.authmgmt.MyUserDetailsService}', contextInitializerClasses = '[]', activeProfiles = '{}', propertySourceLocations = '{}', propertySourceProperties = '{}', contextCustomizers = set[org.springframework.boot.test.autoconfigure.actuate.metrics.MetricsExportContextCustomizerFactory$DisableMetricExportContextCustomizer@1be250d, org.springframework.boot.test.autoconfigure.properties.PropertyMappingContextCustomizer@0, org.springframework.boot.test.autoconfigure.web.servlet.WebDriverContextCustomizerFactory$Customizer@52b961, org.springframework.boot.test.context.filter.ExcludeFilterContextCustomizer@676c1a, org.springframework.boot.test.json.DuplicateJsonObjectContextCustomizerFactory$DuplicateJsonObjectContextCustomizer@1c44dec, org.springframework.boot.test.mock.mockito.MockitoContextCustomizer@c3c0df5b], contextLoader = 'org.springframework.test.context.support.DelegatingSmartContextLoader', parent = [null]]]
18:11:46.515 [Test worker] DEBUG org.springframework.test.context.cache - Spring test ApplicationContext cache statistics: [DefaultContextCache@8c24 size = 11, maxSize = 32, parentContextCount = 0, hitCount = 521, missCount = 11]
18:11:46.516 [Test worker] DEBUG org.springframework.test.context.cache.DefaultCacheAwareContextLoaderDelegate - Retrieved ApplicationContext [27637145] from cache with key [[MergedContextConfiguration@dbf2da testClass = MyUserDetailsServiceTest, locations = '{}', classes = '{class app.library.usermgmt.authmgmt.MyUserDetailsService}', contextInitializerClasses = '[]', activeProfiles = '{}', propertySourceLocations = '{}', propertySourceProperties = '{}', contextCustomizers = set[org.springframework.boot.test.autoconfigure.actuate.metrics.MetricsExportContextCustomizerFactory$DisableMetricExportContextCustomizer@1be250d, org.springframework.boot.test.autoconfigure.properties.PropertyMappingContextCustomizer@0, org.springframework.boot.test.autoconfigure.web.servlet.WebDriverContextCustomizerFactory$Customizer@52b961, org.springframework.boot.test.context.filter.ExcludeFilterContextCustomizer@676c1a, org.springframework.boot.test.json.DuplicateJsonObjectContextCustomizerFactory$DuplicateJsonObjectContextCustomizer@1c44dec, org.springframework.boot.test.mock.mockito.MockitoContextCustomizer@c3c0df5b], contextLoader = 'org.springframework.test.context.support.DelegatingSmartContextLoader', parent = [null]]]
18:11:46.516 [Test worker] DEBUG org.springframework.test.context.cache - Spring test ApplicationContext cache statistics: [DefaultContextCache@8c24 size = 11, maxSize = 32, parentContextCount = 0, hitCount = 522, missCount = 11]
18:11:46.516 [Test worker] DEBUG org.springframework.test.context.cache.DefaultCacheAwareContextLoaderDelegate - Retrieved ApplicationContext [27637145] from cache with key [[MergedContextConfiguration@dbf2da testClass = MyUserDetailsServiceTest, locations = '{}', classes = '{class app.library.usermgmt.authmgmt.MyUserDetailsService}', contextInitializerClasses = '[]', activeProfiles = '{}', propertySourceLocations = '{}', propertySourceProperties = '{}', contextCustomizers = set[org.springframework.boot.test.autoconfigure.actuate.metrics.MetricsExportContextCustomizerFactory$DisableMetricExportContextCustomizer@1be250d, org.springframework.boot.test.autoconfigure.properties.PropertyMappingContextCustomizer@0, org.springframework.boot.test.autoconfigure.web.servlet.WebDriverContextCustomizerFactory$Customizer@52b961, org.springframework.boot.test.context.filter.ExcludeFilterContextCustomizer@676c1a, org.springframework.boot.test.json.DuplicateJsonObjectContextCustomizerFactory$DuplicateJsonObjectContextCustomizer@1c44dec, org.springframework.boot.test.mock.mockito.MockitoContextCustomizer@c3c0df5b], contextLoader = 'org.springframework.test.context.support.DelegatingSmartContextLoader', parent = [null]]]
18:11:46.516 [Test worker] DEBUG org.springframework.test.context.cache - Spring test ApplicationContext cache statistics: [DefaultContextCache@8c24 size = 11, maxSize = 32, parentContextCount = 0, hitCount = 523, missCount = 11]
18:11:46.529 [Test worker] DEBUG org.springframework.test.context.cache.DefaultCacheAwareContextLoaderDelegate - Retrieved ApplicationContext [27637145] from cache with key [[MergedContextConfiguration@dbf2da testClass = MyUserDetailsServiceTest, locations = '{}', classes = '{class app.library.usermgmt.authmgmt.MyUserDetailsService}', contextInitializerClasses = '[]', activeProfiles = '{}', propertySourceLocations = '{}', propertySourceProperties = '{}', contextCustomizers = set[org.springframework.boot.test.autoconfigure.actuate.metrics.MetricsExportContextCustomizerFactory$DisableMetricExportContextCustomizer@1be250d, org.springframework.boot.test.autoconfigure.properties.PropertyMappingContextCustomizer@0, org.springframework.boot.test.autoconfigure.web.servlet.WebDriverContextCustomizerFactory$Customizer@52b961, org.springframework.boot.test.context.filter.ExcludeFilterContextCustomizer@676c1a, org.springframework.boot.test.json.DuplicateJsonObjectContextCustomizerFactory$DuplicateJsonObjectContextCustomizer@1c44dec, org.springframework.boot.test.mock.mockito.MockitoContextCustomizer@c3c0df5b], contextLoader = 'org.springframework.test.context.support.DelegatingSmartContextLoader', parent = [null]]]
18:11:46.529 [Test worker] DEBUG org.springframework.test.context.cache - Spring test ApplicationContext cache statistics: [DefaultContextCache@8c24 size = 11, maxSize = 32, parentContextCount = 0, hitCount = 524, missCount = 11]
18:11:46.529 [Test worker] DEBUG org.springframework.test.context.cache.DefaultCacheAwareContextLoaderDelegate - Retrieved ApplicationContext [27637145] from cache with key [[MergedContextConfiguration@dbf2da testClass = MyUserDetailsServiceTest, locations = '{}', classes = '{class app.library.usermgmt.authmgmt.MyUserDetailsService}', contextInitializerClasses = '[]', activeProfiles = '{}', propertySourceLocations = '{}', propertySourceProperties = '{}', contextCustomizers = set[org.springframework.boot.test.autoconfigure.actuate.metrics.MetricsExportContextCustomizerFactory$DisableMetricExportContextCustomizer@1be250d, org.springframework.boot.test.autoconfigure.properties.PropertyMappingContextCustomizer@0, org.springframework.boot.test.autoconfigure.web.servlet.WebDriverContextCustomizerFactory$Customizer@52b961, org.springframework.boot.test.context.filter.ExcludeFilterContextCustomizer@676c1a, org.springframework.boot.test.json.DuplicateJsonObjectContextCustomizerFactory$DuplicateJsonObjectContextCustomizer@1c44dec, org.springframework.boot.test.mock.mockito.MockitoContextCustomizer@c3c0df5b], contextLoader = 'org.springframework.test.context.support.DelegatingSmartContextLoader', parent = [null]]]
18:11:46.529 [Test worker] DEBUG org.springframework.test.context.cache - Spring test ApplicationContext cache statistics: [DefaultContextCache@8c24 size = 11, maxSize = 32, parentContextCount = 0, hitCount = 525, missCount = 11]
18:11:46.529 [Test worker] DEBUG org.springframework.test.context.cache.DefaultCacheAwareContextLoaderDelegate - Retrieved ApplicationContext [27637145] from cache with key [[MergedContextConfiguration@dbf2da testClass = MyUserDetailsServiceTest, locations = '{}', classes = '{class app.library.usermgmt.authmgmt.MyUserDetailsService}', contextInitializerClasses = '[]', activeProfiles = '{}', propertySourceLocations = '{}', propertySourceProperties = '{}', contextCustomizers = set[org.springframework.boot.test.autoconfigure.actuate.metrics.MetricsExportContextCustomizerFactory$DisableMetricExportContextCustomizer@1be250d, org.springframework.boot.test.autoconfigure.properties.PropertyMappingContextCustomizer@0, org.springframework.boot.test.autoconfigure.web.servlet.WebDriverContextCustomizerFactory$Customizer@52b961, org.springframework.boot.test.context.filter.ExcludeFilterContextCustomizer@676c1a, org.springframework.boot.test.json.DuplicateJsonObjectContextCustomizerFactory$DuplicateJsonObjectContextCustomizer@1c44dec, org.springframework.boot.test.mock.mockito.MockitoContextCustomizer@c3c0df5b], contextLoader = 'org.springframework.test.context.support.DelegatingSmartContextLoader', parent = [null]]]
18:11:46.529 [Test worker] DEBUG org.springframework.test.context.cache - Spring test ApplicationContext cache statistics: [DefaultContextCache@8c24 size = 11, maxSize = 32, parentContextCount = 0, hitCount = 526, missCount = 11]
18:11:46.529 [Test worker] DEBUG org.springframework.test.context.cache.DefaultCacheAwareContextLoaderDelegate - Retrieved ApplicationContext [27637145] from cache with key [[MergedContextConfiguration@dbf2da testClass = MyUserDetailsServiceTest, locations = '{}', classes = '{class app.library.usermgmt.authmgmt.MyUserDetailsService}', contextInitializerClasses = '[]', activeProfiles = '{}', propertySourceLocations = '{}', propertySourceProperties = '{}', contextCustomizers = set[org.springframework.boot.test.autoconfigure.actuate.metrics.MetricsExportContextCustomizerFactory$DisableMetricExportContextCustomizer@1be250d, org.springframework.boot.test.autoconfigure.properties.PropertyMappingContextCustomizer@0, org.springframework.boot.test.autoconfigure.web.servlet.WebDriverContextCustomizerFactory$Customizer@52b961, org.springframework.boot.test.context.filter.ExcludeFilterContextCustomizer@676c1a, org.springframework.boot.test.json.DuplicateJsonObjectContextCustomizerFactory$DuplicateJsonObjectContextCustomizer@1c44dec, org.springframework.boot.test.mock.mockito.MockitoContextCustomizer@c3c0df5b], contextLoader = 'org.springframework.test.context.support.DelegatingSmartContextLoader', parent = [null]]]
18:11:46.529 [Test worker] DEBUG org.springframework.test.context.cache - Spring test ApplicationContext cache statistics: [DefaultContextCache@8c24 size = 11, maxSize = 32, parentContextCount = 0, hitCount = 527, missCount = 11]
18:11:46.529 [Test worker] DEBUG org.springframework.test.context.cache.DefaultCacheAwareContextLoaderDelegate - Retrieved ApplicationContext [27637145] from cache with key [[MergedContextConfiguration@dbf2da testClass = MyUserDetailsServiceTest, locations = '{}', classes = '{class app.library.usermgmt.authmgmt.MyUserDetailsService}', contextInitializerClasses = '[]', activeProfiles = '{}', propertySourceLocations = '{}', propertySourceProperties = '{}', contextCustomizers = set[org.springframework.boot.test.autoconfigure.actuate.metrics.MetricsExportContextCustomizerFactory$DisableMetricExportContextCustomizer@1be250d, org.springframework.boot.test.autoconfigure.properties.PropertyMappingContextCustomizer@0, org.springframework.boot.test.autoconfigure.web.servlet.WebDriverContextCustomizerFactory$Customizer@52b961, org.springframework.boot.test.context.filter.ExcludeFilterContextCustomizer@676c1a, org.springframework.boot.test.json.DuplicateJsonObjectContextCustomizerFactory$DuplicateJsonObjectContextCustomizer@1c44dec, org.springframework.boot.test.mock.mockito.MockitoContextCustomizer@c3c0df5b], contextLoader = 'org.springframework.test.context.support.DelegatingSmartContextLoader', parent = [null]]]
18:11:46.529 [Test worker] DEBUG org.springframework.test.context.cache - Spring test ApplicationContext cache statistics: [DefaultContextCache@8c24 size = 11, maxSize = 32, parentContextCount = 0, hitCount = 528, missCount = 11]
18:11:46.530 [Test worker] DEBUG org.springframework.test.context.cache.DefaultCacheAwareContextLoaderDelegate - Retrieved ApplicationContext [27637145] from cache with key [[MergedContextConfiguration@dbf2da testClass = MyUserDetailsServiceTest, locations = '{}', classes = '{class app.library.usermgmt.authmgmt.MyUserDetailsService}', contextInitializerClasses = '[]', activeProfiles = '{}', propertySourceLocations = '{}', propertySourceProperties = '{}', contextCustomizers = set[org.springframework.boot.test.autoconfigure.actuate.metrics.MetricsExportContextCustomizerFactory$DisableMetricExportContextCustomizer@1be250d, org.springframework.boot.test.autoconfigure.properties.PropertyMappingContextCustomizer@0, org.springframework.boot.test.autoconfigure.web.servlet.WebDriverContextCustomizerFactory$Customizer@52b961, org.springframework.boot.test.context.filter.ExcludeFilterContextCustomizer@676c1a, org.springframework.boot.test.json.DuplicateJsonObjectContextCustomizerFactory$DuplicateJsonObjectContextCustomizer@1c44dec, org.springframework.boot.test.mock.mockito.MockitoContextCustomizer@c3c0df5b], contextLoader = 'org.springframework.test.context.support.DelegatingSmartContextLoader', parent = [null]]]
18:11:46.530 [Test worker] DEBUG org.springframework.test.context.cache - Spring test ApplicationContext cache statistics: [DefaultContextCache@8c24 size = 11, maxSize = 32, parentContextCount = 0, hitCount = 529, missCount = 11]
18:11:46.530 [Test worker] DEBUG org.springframework.test.context.support.AbstractDirtiesContextTestExecutionListener - After test method: context [DefaultTestContext@1e08775 testClass = MyUserDetailsServiceTest, testInstance = app.library.usermgmt.authmgmt.MyUserDetailsServiceTest@1645b7d, testMethod = testLoadUserByUsername2@MyUserDetailsServiceTest, testException = [null], mergedContextConfiguration = [MergedContextConfiguration@dbf2da testClass = MyUserDetailsServiceTest, locations = '{}', classes = '{class app.library.usermgmt.authmgmt.MyUserDetailsService}', contextInitializerClasses = '[]', activeProfiles = '{}', propertySourceLocations = '{}', propertySourceProperties = '{}', contextCustomizers = set[org.springframework.boot.test.autoconfigure.actuate.metrics.MetricsExportContextCustomizerFactory$DisableMetricExportContextCustomizer@1be250d, org.springframework.boot.test.autoconfigure.properties.PropertyMappingContextCustomizer@0, org.springframework.boot.test.autoconfigure.web.servlet.WebDriverContextCustomizerFactory$Customizer@52b961, org.springframework.boot.test.context.filter.ExcludeFilterContextCustomizer@676c1a, org.springframework.boot.test.json.DuplicateJsonObjectContextCustomizerFactory$DuplicateJsonObjectContextCustomizer@1c44dec, org.springframework.boot.test.mock.mockito.MockitoContextCustomizer@c3c0df5b], contextLoader = 'org.springframework.test.context.support.DelegatingSmartContextLoader', parent = [null]], attributes = map['org.springframework.test.context.event.ApplicationEventsTestExecutionListener.recordApplicationEvents' -> false]], class annotated with @DirtiesContext [false] with mode [null], method annotated with @DirtiesContext [false] with mode [null].
18:11:46.531 [Test worker] DEBUG org.springframework.test.context.cache.DefaultCacheAwareContextLoaderDelegate - Retrieved ApplicationContext [27637145] from cache with key [[MergedContextConfiguration@dbf2da testClass = MyUserDetailsServiceTest, locations = '{}', classes = '{class app.library.usermgmt.authmgmt.MyUserDetailsService}', contextInitializerClasses = '[]', activeProfiles = '{}', propertySourceLocations = '{}', propertySourceProperties = '{}', contextCustomizers = set[org.springframework.boot.test.autoconfigure.actuate.metrics.MetricsExportContextCustomizerFactory$DisableMetricExportContextCustomizer@1be250d, org.springframework.boot.test.autoconfigure.properties.PropertyMappingContextCustomizer@0, org.springframework.boot.test.autoconfigure.web.servlet.WebDriverContextCustomizerFactory$Customizer@52b961, org.springframework.boot.test.context.filter.ExcludeFilterContextCustomizer@676c1a, org.springframework.boot.test.json.DuplicateJsonObjectContextCustomizerFactory$DuplicateJsonObjectContextCustomizer@1c44dec, org.springframework.boot.test.mock.mockito.MockitoContextCustomizer@c3c0df5b], contextLoader = 'org.springframework.test.context.support.DelegatingSmartContextLoader', parent = [null]]]
18:11:46.531 [Test worker] DEBUG org.springframework.test.context.cache - Spring test ApplicationContext cache statistics: [DefaultContextCache@8c24 size = 11, maxSize = 32, parentContextCount = 0, hitCount = 530, missCount = 11]
18:11:46.531 [Test worker] DEBUG org.springframework.test.context.support.DependencyInjectionTestExecutionListener - Performing dependency injection for test context [[DefaultTestContext@1e08775 testClass = MyUserDetailsServiceTest, testInstance = app.library.usermgmt.authmgmt.MyUserDetailsServiceTest@1c3d22f, testMethod = [null], testException = [null], mergedContextConfiguration = [MergedContextConfiguration@dbf2da testClass = MyUserDetailsServiceTest, locations = '{}', classes = '{class app.library.usermgmt.authmgmt.MyUserDetailsService}', contextInitializerClasses = '[]', activeProfiles = '{}', propertySourceLocations = '{}', propertySourceProperties = '{}', contextCustomizers = set[org.springframework.boot.test.autoconfigure.actuate.metrics.MetricsExportContextCustomizerFactory$DisableMetricExportContextCustomizer@1be250d, org.springframework.boot.test.autoconfigure.properties.PropertyMappingContextCustomizer@0, org.springframework.boot.test.autoconfigure.web.servlet.WebDriverContextCustomizerFactory$Customizer@52b961, org.springframework.boot.test.context.filter.ExcludeFilterContextCustomizer@676c1a, org.springframework.boot.test.json.DuplicateJsonObjectContextCustomizerFactory$DuplicateJsonObjectContextCustomizer@1c44dec, org.springframework.boot.test.mock.mockito.MockitoContextCustomizer@c3c0df5b], contextLoader = 'org.springframework.test.context.support.DelegatingSmartContextLoader', parent = [null]], attributes = map['org.springframework.test.context.event.ApplicationEventsTestExecutionListener.recordApplicationEvents' -> false]]].
18:11:46.531 [Test worker] DEBUG org.springframework.test.context.cache.DefaultCacheAwareContextLoaderDelegate - Retrieved ApplicationContext [27637145] from cache with key [[MergedContextConfiguration@dbf2da testClass = MyUserDetailsServiceTest, locations = '{}', classes = '{class app.library.usermgmt.authmgmt.MyUserDetailsService}', contextInitializerClasses = '[]', activeProfiles = '{}', propertySourceLocations = '{}', propertySourceProperties = '{}', contextCustomizers = set[org.springframework.boot.test.autoconfigure.actuate.metrics.MetricsExportContextCustomizerFactory$DisableMetricExportContextCustomizer@1be250d, org.springframework.boot.test.autoconfigure.properties.PropertyMappingContextCustomizer@0, org.springframework.boot.test.autoconfigure.web.servlet.WebDriverContextCustomizerFactory$Customizer@52b961, org.springframework.boot.test.context.filter.ExcludeFilterContextCustomizer@676c1a, org.springframework.boot.test.json.DuplicateJsonObjectContextCustomizerFactory$DuplicateJsonObjectContextCustomizer@1c44dec, org.springframework.boot.test.mock.mockito.MockitoContextCustomizer@c3c0df5b], contextLoader = 'org.springframework.test.context.support.DelegatingSmartContextLoader', parent = [null]]]
18:11:46.531 [Test worker] DEBUG org.springframework.test.context.cache - Spring test ApplicationContext cache statistics: [DefaultContextCache@8c24 size = 11, maxSize = 32, parentContextCount = 0, hitCount = 531, missCount = 11]
18:11:46.531 [Test worker] DEBUG org.springframework.test.context.cache.DefaultCacheAwareContextLoaderDelegate - Retrieved ApplicationContext [27637145] from cache with key [[MergedContextConfiguration@dbf2da testClass = MyUserDetailsServiceTest, locations = '{}', classes = '{class app.library.usermgmt.authmgmt.MyUserDetailsService}', contextInitializerClasses = '[]', activeProfiles = '{}', propertySourceLocations = '{}', propertySourceProperties = '{}', contextCustomizers = set[org.springframework.boot.test.autoconfigure.actuate.metrics.MetricsExportContextCustomizerFactory$DisableMetricExportContextCustomizer@1be250d, org.springframework.boot.test.autoconfigure.properties.PropertyMappingContextCustomizer@0, org.springframework.boot.test.autoconfigure.web.servlet.WebDriverContextCustomizerFactory$Customizer@52b961, org.springframework.boot.test.context.filter.ExcludeFilterContextCustomizer@676c1a, org.springframework.boot.test.json.DuplicateJsonObjectContextCustomizerFactory$DuplicateJsonObjectContextCustomizer@1c44dec, org.springframework.boot.test.mock.mockito.MockitoContextCustomizer@c3c0df5b], contextLoader = 'org.springframework.test.context.support.DelegatingSmartContextLoader', parent = [null]]]
18:11:46.531 [Test worker] DEBUG org.springframework.test.context.cache - Spring test ApplicationContext cache statistics: [DefaultContextCache@8c24 size = 11, maxSize = 32, parentContextCount = 0, hitCount = 532, missCount = 11]
18:11:46.531 [Test worker] DEBUG org.springframework.test.context.support.AbstractDirtiesContextTestExecutionListener - Before test method: context [DefaultTestContext@1e08775 testClass = MyUserDetailsServiceTest, testInstance = app.library.usermgmt.authmgmt.MyUserDetailsServiceTest@1c3d22f, testMethod = testLoadUserByUsername3@MyUserDetailsServiceTest, testException = [null], mergedContextConfiguration = [MergedContextConfiguration@dbf2da testClass = MyUserDetailsServiceTest, locations = '{}', classes = '{class app.library.usermgmt.authmgmt.MyUserDetailsService}', contextInitializerClasses = '[]', activeProfiles = '{}', propertySourceLocations = '{}', propertySourceProperties = '{}', contextCustomizers = set[org.springframework.boot.test.autoconfigure.actuate.metrics.MetricsExportContextCustomizerFactory$DisableMetricExportContextCustomizer@1be250d, org.springframework.boot.test.autoconfigure.properties.PropertyMappingContextCustomizer@0, org.springframework.boot.test.autoconfigure.web.servlet.WebDriverContextCustomizerFactory$Customizer@52b961, org.springframework.boot.test.context.filter.ExcludeFilterContextCustomizer@676c1a, org.springframework.boot.test.json.DuplicateJsonObjectContextCustomizerFactory$DuplicateJsonObjectContextCustomizer@1c44dec, org.springframework.boot.test.mock.mockito.MockitoContextCustomizer@c3c0df5b], contextLoader = 'org.springframework.test.context.support.DelegatingSmartContextLoader', parent = [null]], attributes = map['org.springframework.test.context.event.ApplicationEventsTestExecutionListener.recordApplicationEvents' -> false]], class annotated with @DirtiesContext [false] with mode [null], method annotated with @DirtiesContext [false] with mode [null].
18:11:46.531 [Test worker] DEBUG org.springframework.test.context.cache.DefaultCacheAwareContextLoaderDelegate - Retrieved ApplicationContext [27637145] from cache with key [[MergedContextConfiguration@dbf2da testClass = MyUserDetailsServiceTest, locations = '{}', classes = '{class app.library.usermgmt.authmgmt.MyUserDetailsService}', contextInitializerClasses = '[]', activeProfiles = '{}', propertySourceLocations = '{}', propertySourceProperties = '{}', contextCustomizers = set[org.springframework.boot.test.autoconfigure.actuate.metrics.MetricsExportContextCustomizerFactory$DisableMetricExportContextCustomizer@1be250d, org.springframework.boot.test.autoconfigure.properties.PropertyMappingContextCustomizer@0, org.springframework.boot.test.autoconfigure.web.servlet.WebDriverContextCustomizerFactory$Customizer@52b961, org.springframework.boot.test.context.filter.ExcludeFilterContextCustomizer@676c1a, org.springframework.boot.test.json.DuplicateJsonObjectContextCustomizerFactory$DuplicateJsonObjectContextCustomizer@1c44dec, org.springframework.boot.test.mock.mockito.MockitoContextCustomizer@c3c0df5b], contextLoader = 'org.springframework.test.context.support.DelegatingSmartContextLoader', parent = [null]]]
18:11:46.531 [Test worker] DEBUG org.springframework.test.context.cache - Spring test ApplicationContext cache statistics: [DefaultContextCache@8c24 size = 11, maxSize = 32, parentContextCount = 0, hitCount = 533, missCount = 11]
18:11:46.532 [Test worker] DEBUG org.springframework.test.context.cache.DefaultCacheAwareContextLoaderDelegate - Retrieved ApplicationContext [27637145] from cache with key [[MergedContextConfiguration@dbf2da testClass = MyUserDetailsServiceTest, locations = '{}', classes = '{class app.library.usermgmt.authmgmt.MyUserDetailsService}', contextInitializerClasses = '[]', activeProfiles = '{}', propertySourceLocations = '{}', propertySourceProperties = '{}', contextCustomizers = set[org.springframework.boot.test.autoconfigure.actuate.metrics.MetricsExportContextCustomizerFactory$DisableMetricExportContextCustomizer@1be250d, org.springframework.boot.test.autoconfigure.properties.PropertyMappingContextCustomizer@0, org.springframework.boot.test.autoconfigure.web.servlet.WebDriverContextCustomizerFactory$Customizer@52b961, org.springframework.boot.test.context.filter.ExcludeFilterContextCustomizer@676c1a, org.springframework.boot.test.json.DuplicateJsonObjectContextCustomizerFactory$DuplicateJsonObjectContextCustomizer@1c44dec, org.springframework.boot.test.mock.mockito.MockitoContextCustomizer@c3c0df5b], contextLoader = 'org.springframework.test.context.support.DelegatingSmartContextLoader', parent = [null]]]
18:11:46.532 [Test worker] DEBUG org.springframework.test.context.cache - Spring test ApplicationContext cache statistics: [DefaultContextCache@8c24 size = 11, maxSize = 32, parentContextCount = 0, hitCount = 534, missCount = 11]
18:11:46.532 [Test worker] DEBUG org.springframework.test.context.cache.DefaultCacheAwareContextLoaderDelegate - Retrieved ApplicationContext [27637145] from cache with key [[MergedContextConfiguration@dbf2da testClass = MyUserDetailsServiceTest, locations = '{}', classes = '{class app.library.usermgmt.authmgmt.MyUserDetailsService}', contextInitializerClasses = '[]', activeProfiles = '{}', propertySourceLocations = '{}', propertySourceProperties = '{}', contextCustomizers = set[org.springframework.boot.test.autoconfigure.actuate.metrics.MetricsExportContextCustomizerFactory$DisableMetricExportContextCustomizer@1be250d, org.springframework.boot.test.autoconfigure.properties.PropertyMappingContextCustomizer@0, org.springframework.boot.test.autoconfigure.web.servlet.WebDriverContextCustomizerFactory$Customizer@52b961, org.springframework.boot.test.context.filter.ExcludeFilterContextCustomizer@676c1a, org.springframework.boot.test.json.DuplicateJsonObjectContextCustomizerFactory$DuplicateJsonObjectContextCustomizer@1c44dec, org.springframework.boot.test.mock.mockito.MockitoContextCustomizer@c3c0df5b], contextLoader = 'org.springframework.test.context.support.DelegatingSmartContextLoader', parent = [null]]]
18:11:46.532 [Test worker] DEBUG org.springframework.test.context.cache - Spring test ApplicationContext cache statistics: [DefaultContextCache@8c24 size = 11, maxSize = 32, parentContextCount = 0, hitCount = 535, missCount = 11]
18:11:46.536 [Test worker] DEBUG org.springframework.test.context.cache.DefaultCacheAwareContextLoaderDelegate - Retrieved ApplicationContext [27637145] from cache with key [[MergedContextConfiguration@dbf2da testClass = MyUserDetailsServiceTest, locations = '{}', classes = '{class app.library.usermgmt.authmgmt.MyUserDetailsService}', contextInitializerClasses = '[]', activeProfiles = '{}', propertySourceLocations = '{}', propertySourceProperties = '{}', contextCustomizers = set[org.springframework.boot.test.autoconfigure.actuate.metrics.MetricsExportContextCustomizerFactory$DisableMetricExportContextCustomizer@1be250d, org.springframework.boot.test.autoconfigure.properties.PropertyMappingContextCustomizer@0, org.springframework.boot.test.autoconfigure.web.servlet.WebDriverContextCustomizerFactory$Customizer@52b961, org.springframework.boot.test.context.filter.ExcludeFilterContextCustomizer@676c1a, org.springframework.boot.test.json.DuplicateJsonObjectContextCustomizerFactory$DuplicateJsonObjectContextCustomizer@1c44dec, org.springframework.boot.test.mock.mockito.MockitoContextCustomizer@c3c0df5b], contextLoader = 'org.springframework.test.context.support.DelegatingSmartContextLoader', parent = [null]]]
18:11:46.536 [Test worker] DEBUG org.springframework.test.context.cache - Spring test ApplicationContext cache statistics: [DefaultContextCache@8c24 size = 11, maxSize = 32, parentContextCount = 0, hitCount = 536, missCount = 11]
18:11:46.536 [Test worker] DEBUG org.springframework.test.context.cache.DefaultCacheAwareContextLoaderDelegate - Retrieved ApplicationContext [27637145] from cache with key [[MergedContextConfiguration@dbf2da testClass = MyUserDetailsServiceTest, locations = '{}', classes = '{class app.library.usermgmt.authmgmt.MyUserDetailsService}', contextInitializerClasses = '[]', activeProfiles = '{}', propertySourceLocations = '{}', propertySourceProperties = '{}', contextCustomizers = set[org.springframework.boot.test.autoconfigure.actuate.metrics.MetricsExportContextCustomizerFactory$DisableMetricExportContextCustomizer@1be250d, org.springframework.boot.test.autoconfigure.properties.PropertyMappingContextCustomizer@0, org.springframework.boot.test.autoconfigure.web.servlet.WebDriverContextCustomizerFactory$Customizer@52b961, org.springframework.boot.test.context.filter.ExcludeFilterContextCustomizer@676c1a, org.springframework.boot.test.json.DuplicateJsonObjectContextCustomizerFactory$DuplicateJsonObjectContextCustomizer@1c44dec, org.springframework.boot.test.mock.mockito.MockitoContextCustomizer@c3c0df5b], contextLoader = 'org.springframework.test.context.support.DelegatingSmartContextLoader', parent = [null]]]
18:11:46.536 [Test worker] DEBUG org.springframework.test.context.cache - Spring test ApplicationContext cache statistics: [DefaultContextCache@8c24 size = 11, maxSize = 32, parentContextCount = 0, hitCount = 537, missCount = 11]
18:11:46.537 [Test worker] DEBUG org.springframework.test.context.cache.DefaultCacheAwareContextLoaderDelegate - Retrieved ApplicationContext [27637145] from cache with key [[MergedContextConfiguration@dbf2da testClass = MyUserDetailsServiceTest, locations = '{}', classes = '{class app.library.usermgmt.authmgmt.MyUserDetailsService}', contextInitializerClasses = '[]', activeProfiles = '{}', propertySourceLocations = '{}', propertySourceProperties = '{}', contextCustomizers = set[org.springframework.boot.test.autoconfigure.actuate.metrics.MetricsExportContextCustomizerFactory$DisableMetricExportContextCustomizer@1be250d, org.springframework.boot.test.autoconfigure.properties.PropertyMappingContextCustomizer@0, org.springframework.boot.test.autoconfigure.web.servlet.WebDriverContextCustomizerFactory$Customizer@52b961, org.springframework.boot.test.context.filter.ExcludeFilterContextCustomizer@676c1a, org.springframework.boot.test.json.DuplicateJsonObjectContextCustomizerFactory$DuplicateJsonObjectContextCustomizer@1c44dec, org.springframework.boot.test.mock.mockito.MockitoContextCustomizer@c3c0df5b], contextLoader = 'org.springframework.test.context.support.DelegatingSmartContextLoader', parent = [null]]]
18:11:46.537 [Test worker] DEBUG org.springframework.test.context.cache - Spring test ApplicationContext cache statistics: [DefaultContextCache@8c24 size = 11, maxSize = 32, parentContextCount = 0, hitCount = 538, missCount = 11]
18:11:46.537 [Test worker] DEBUG org.springframework.test.context.cache.DefaultCacheAwareContextLoaderDelegate - Retrieved ApplicationContext [27637145] from cache with key [[MergedContextConfiguration@dbf2da testClass = MyUserDetailsServiceTest, locations = '{}', classes = '{class app.library.usermgmt.authmgmt.MyUserDetailsService}', contextInitializerClasses = '[]', activeProfiles = '{}', propertySourceLocations = '{}', propertySourceProperties = '{}', contextCustomizers = set[org.springframework.boot.test.autoconfigure.actuate.metrics.MetricsExportContextCustomizerFactory$DisableMetricExportContextCustomizer@1be250d, org.springframework.boot.test.autoconfigure.properties.PropertyMappingContextCustomizer@0, org.springframework.boot.test.autoconfigure.web.servlet.WebDriverContextCustomizerFactory$Customizer@52b961, org.springframework.boot.test.context.filter.ExcludeFilterContextCustomizer@676c1a, org.springframework.boot.test.json.DuplicateJsonObjectContextCustomizerFactory$DuplicateJsonObjectContextCustomizer@1c44dec, org.springframework.boot.test.mock.mockito.MockitoContextCustomizer@c3c0df5b], contextLoader = 'org.springframework.test.context.support.DelegatingSmartContextLoader', parent = [null]]]
18:11:46.537 [Test worker] DEBUG org.springframework.test.context.cache - Spring test ApplicationContext cache statistics: [DefaultContextCache@8c24 size = 11, maxSize = 32, parentContextCount = 0, hitCount = 539, missCount = 11]
18:11:46.537 [Test worker] DEBUG org.springframework.test.context.cache.DefaultCacheAwareContextLoaderDelegate - Retrieved ApplicationContext [27637145] from cache with key [[MergedContextConfiguration@dbf2da testClass = MyUserDetailsServiceTest, locations = '{}', classes = '{class app.library.usermgmt.authmgmt.MyUserDetailsService}', contextInitializerClasses = '[]', activeProfiles = '{}', propertySourceLocations = '{}', propertySourceProperties = '{}', contextCustomizers = set[org.springframework.boot.test.autoconfigure.actuate.metrics.MetricsExportContextCustomizerFactory$DisableMetricExportContextCustomizer@1be250d, org.springframework.boot.test.autoconfigure.properties.PropertyMappingContextCustomizer@0, org.springframework.boot.test.autoconfigure.web.servlet.WebDriverContextCustomizerFactory$Customizer@52b961, org.springframework.boot.test.context.filter.ExcludeFilterContextCustomizer@676c1a, org.springframework.boot.test.json.DuplicateJsonObjectContextCustomizerFactory$DuplicateJsonObjectContextCustomizer@1c44dec, org.springframework.boot.test.mock.mockito.MockitoContextCustomizer@c3c0df5b], contextLoader = 'org.springframework.test.context.support.DelegatingSmartContextLoader', parent = [null]]]
18:11:46.537 [Test worker] DEBUG org.springframework.test.context.cache - Spring test ApplicationContext cache statistics: [DefaultContextCache@8c24 size = 11, maxSize = 32, parentContextCount = 0, hitCount = 540, missCount = 11]
18:11:46.537 [Test worker] DEBUG org.springframework.test.context.cache.DefaultCacheAwareContextLoaderDelegate - Retrieved ApplicationContext [27637145] from cache with key [[MergedContextConfiguration@dbf2da testClass = MyUserDetailsServiceTest, locations = '{}', classes = '{class app.library.usermgmt.authmgmt.MyUserDetailsService}', contextInitializerClasses = '[]', activeProfiles = '{}', propertySourceLocations = '{}', propertySourceProperties = '{}', contextCustomizers = set[org.springframework.boot.test.autoconfigure.actuate.metrics.MetricsExportContextCustomizerFactory$DisableMetricExportContextCustomizer@1be250d, org.springframework.boot.test.autoconfigure.properties.PropertyMappingContextCustomizer@0, org.springframework.boot.test.autoconfigure.web.servlet.WebDriverContextCustomizerFactory$Customizer@52b961, org.springframework.boot.test.context.filter.ExcludeFilterContextCustomizer@676c1a, org.springframework.boot.test.json.DuplicateJsonObjectContextCustomizerFactory$DuplicateJsonObjectContextCustomizer@1c44dec, org.springframework.boot.test.mock.mockito.MockitoContextCustomizer@c3c0df5b], contextLoader = 'org.springframework.test.context.support.DelegatingSmartContextLoader', parent = [null]]]
18:11:46.537 [Test worker] DEBUG org.springframework.test.context.cache - Spring test ApplicationContext cache statistics: [DefaultContextCache@8c24 size = 11, maxSize = 32, parentContextCount = 0, hitCount = 541, missCount = 11]
18:11:46.537 [Test worker] DEBUG org.springframework.test.context.support.AbstractDirtiesContextTestExecutionListener - After test method: context [DefaultTestContext@1e08775 testClass = MyUserDetailsServiceTest, testInstance = app.library.usermgmt.authmgmt.MyUserDetailsServiceTest@1c3d22f, testMethod = testLoadUserByUsername3@MyUserDetailsServiceTest, testException = [null], mergedContextConfiguration = [MergedContextConfiguration@dbf2da testClass = MyUserDetailsServiceTest, locations = '{}', classes = '{class app.library.usermgmt.authmgmt.MyUserDetailsService}', contextInitializerClasses = '[]', activeProfiles = '{}', propertySourceLocations = '{}', propertySourceProperties = '{}', contextCustomizers = set[org.springframework.boot.test.autoconfigure.actuate.metrics.MetricsExportContextCustomizerFactory$DisableMetricExportContextCustomizer@1be250d, org.springframework.boot.test.autoconfigure.properties.PropertyMappingContextCustomizer@0, org.springframework.boot.test.autoconfigure.web.servlet.WebDriverContextCustomizerFactory$Customizer@52b961, org.springframework.boot.test.context.filter.ExcludeFilterContextCustomizer@676c1a, org.springframework.boot.test.json.DuplicateJsonObjectContextCustomizerFactory$DuplicateJsonObjectContextCustomizer@1c44dec, org.springframework.boot.test.mock.mockito.MockitoContextCustomizer@c3c0df5b], contextLoader = 'org.springframework.test.context.support.DelegatingSmartContextLoader', parent = [null]], attributes = map['org.springframework.test.context.event.ApplicationEventsTestExecutionListener.recordApplicationEvents' -> false]], class annotated with @DirtiesContext [false] with mode [null], method annotated with @DirtiesContext [false] with mode [null].
18:11:46.538 [Test worker] DEBUG org.springframework.test.context.cache.DefaultCacheAwareContextLoaderDelegate - Retrieved ApplicationContext [27637145] from cache with key [[MergedContextConfiguration@dbf2da testClass = MyUserDetailsServiceTest, locations = '{}', classes = '{class app.library.usermgmt.authmgmt.MyUserDetailsService}', contextInitializerClasses = '[]', activeProfiles = '{}', propertySourceLocations = '{}', propertySourceProperties = '{}', contextCustomizers = set[org.springframework.boot.test.autoconfigure.actuate.metrics.MetricsExportContextCustomizerFactory$DisableMetricExportContextCustomizer@1be250d, org.springframework.boot.test.autoconfigure.properties.PropertyMappingContextCustomizer@0, org.springframework.boot.test.autoconfigure.web.servlet.WebDriverContextCustomizerFactory$Customizer@52b961, org.springframework.boot.test.context.filter.ExcludeFilterContextCustomizer@676c1a, org.springframework.boot.test.json.DuplicateJsonObjectContextCustomizerFactory$DuplicateJsonObjectContextCustomizer@1c44dec, org.springframework.boot.test.mock.mockito.MockitoContextCustomizer@c3c0df5b], contextLoader = 'org.springframework.test.context.support.DelegatingSmartContextLoader', parent = [null]]]
18:11:46.538 [Test worker] DEBUG org.springframework.test.context.cache - Spring test ApplicationContext cache statistics: [DefaultContextCache@8c24 size = 11, maxSize = 32, parentContextCount = 0, hitCount = 542, missCount = 11]
18:11:46.538 [Test worker] DEBUG org.springframework.test.context.support.AbstractDirtiesContextTestExecutionListener - After test class: context [DefaultTestContext@1e08775 testClass = MyUserDetailsServiceTest, testInstance = [null], testMethod = [null], testException = [null], mergedContextConfiguration = [MergedContextConfiguration@dbf2da testClass = MyUserDetailsServiceTest, locations = '{}', classes = '{class app.library.usermgmt.authmgmt.MyUserDetailsService}', contextInitializerClasses = '[]', activeProfiles = '{}', propertySourceLocations = '{}', propertySourceProperties = '{}', contextCustomizers = set[org.springframework.boot.test.autoconfigure.actuate.metrics.MetricsExportContextCustomizerFactory$DisableMetricExportContextCustomizer@1be250d, org.springframework.boot.test.autoconfigure.properties.PropertyMappingContextCustomizer@0, org.springframework.boot.test.autoconfigure.web.servlet.WebDriverContextCustomizerFactory$Customizer@52b961, org.springframework.boot.test.context.filter.ExcludeFilterContextCustomizer@676c1a, org.springframework.boot.test.json.DuplicateJsonObjectContextCustomizerFactory$DuplicateJsonObjectContextCustomizer@1c44dec, org.springframework.boot.test.mock.mockito.MockitoContextCustomizer@c3c0df5b], contextLoader = 'org.springframework.test.context.support.DelegatingSmartContextLoader', parent = [null]], attributes = map['org.springframework.test.context.event.ApplicationEventsTestExecutionListener.recordApplicationEvents' -> false]], class annotated with @DirtiesContext [false] with mode [null].
]]></system-out>
  <system-err><![CDATA[]]></system-err>
</testsuite>
