<?xml version="1.0" encoding="UTF-8"?>
<testsuite name="app.library.usermgmt.user.service.UserServiceImplTest" tests="7" skipped="0" failures="0" errors="0" timestamp="2023-02-15T04:49:11" hostname="HTSI38" time="1.295">
  <properties/>
  <testcase name="testLoginUser()" classname="app.library.usermgmt.user.service.UserServiceImplTest" time="0.151"/>
  <testcase name="testRegisterUser()" classname="app.library.usermgmt.user.service.UserServiceImplTest" time="0.28"/>
  <testcase name="testRegisterUser2()" classname="app.library.usermgmt.user.service.UserServiceImplTest" time="0.268"/>
  <testcase name="testRegisterUser3()" classname="app.library.usermgmt.user.service.UserServiceImplTest" time="0.148"/>
  <testcase name="testLoginUser2()" classname="app.library.usermgmt.user.service.UserServiceImplTest" time="0.148"/>
  <testcase name="testLoginUser3()" classname="app.library.usermgmt.user.service.UserServiceImplTest" time="0.143"/>
  <testcase name="testLoginUser4()" classname="app.library.usermgmt.user.service.UserServiceImplTest" time="0.145"/>
  <system-out><![CDATA[10:19:11.083 [Test worker] DEBUG org.springframework.test.context.BootstrapUtils - Instantiating CacheAwareContextLoaderDelegate from class [org.springframework.test.context.cache.DefaultCacheAwareContextLoaderDelegate]
10:19:11.083 [Test worker] DEBUG org.springframework.test.context.BootstrapUtils - Instantiating BootstrapContext using constructor [public org.springframework.test.context.support.DefaultBootstrapContext(java.lang.Class,org.springframework.test.context.CacheAwareContextLoaderDelegate)]
10:19:11.084 [Test worker] DEBUG org.springframework.test.context.BootstrapUtils - Instantiating TestContextBootstrapper for test class [app.library.usermgmt.user.service.UserServiceImplTest] from class [org.springframework.test.context.support.DefaultTestContextBootstrapper]
10:19:11.084 [Test worker] DEBUG org.springframework.test.context.support.AbstractDelegatingSmartContextLoader - Delegating to AnnotationConfigContextLoader to process context configuration [ContextConfigurationAttributes@1f3da0b declaringClass = 'app.library.usermgmt.user.service.UserServiceImplTest', classes = '{class app.library.usermgmt.user.service.UserServiceImpl}', locations = '{}', inheritLocations = true, initializers = '{}', inheritInitializers = true, name = [null], contextLoaderClass = 'org.springframework.test.context.ContextLoader'].
10:19:11.086 [Test worker] DEBUG org.springframework.test.context.support.ActiveProfilesUtils - Could not find an 'annotation declaring class' for annotation type [org.springframework.test.context.ActiveProfiles] and class [app.library.usermgmt.user.service.UserServiceImplTest]
10:19:11.086 [Test worker] DEBUG org.springframework.test.context.support.DefaultTestContextBootstrapper - @TestExecutionListeners is not present for class [app.library.usermgmt.user.service.UserServiceImplTest]: using defaults.
10:19:11.086 [Test worker] INFO org.springframework.test.context.support.DefaultTestContextBootstrapper - Loaded default TestExecutionListener class names from location [META-INF/spring.factories]: [org.springframework.boot.test.autoconfigure.restdocs.RestDocsTestExecutionListener, org.springframework.boot.test.autoconfigure.web.client.MockRestServiceServerResetTestExecutionListener, org.springframework.boot.test.autoconfigure.web.servlet.MockMvcPrintOnlyOnFailureTestExecutionListener, org.springframework.boot.test.autoconfigure.web.servlet.WebDriverTestExecutionListener, org.springframework.boot.test.autoconfigure.webservices.client.MockWebServiceServerTestExecutionListener, org.springframework.boot.test.mock.mockito.MockitoTestExecutionListener, org.springframework.boot.test.mock.mockito.ResetMocksTestExecutionListener, org.springframework.test.context.web.ServletTestExecutionListener, org.springframework.test.context.support.DirtiesContextBeforeModesTestExecutionListener, org.springframework.test.context.event.ApplicationEventsTestExecutionListener, org.springframework.test.context.support.DependencyInjectionTestExecutionListener, org.springframework.test.context.support.DirtiesContextTestExecutionListener, org.springframework.test.context.transaction.TransactionalTestExecutionListener, org.springframework.test.context.jdbc.SqlScriptsTestExecutionListener, org.springframework.test.context.event.EventPublishingTestExecutionListener]
10:19:11.086 [Test worker] INFO org.springframework.test.context.support.DefaultTestContextBootstrapper - Using TestExecutionListeners: [org.springframework.test.context.web.ServletTestExecutionListener@2f61f5, org.springframework.test.context.support.DirtiesContextBeforeModesTestExecutionListener@80a063, org.springframework.test.context.event.ApplicationEventsTestExecutionListener@16f4ac4, org.springframework.boot.test.mock.mockito.MockitoTestExecutionListener@7dcc64, org.springframework.test.context.support.DependencyInjectionTestExecutionListener@1e62b17, org.springframework.test.context.support.DirtiesContextTestExecutionListener@8409f0, org.springframework.test.context.transaction.TransactionalTestExecutionListener@1685f4e, org.springframework.test.context.jdbc.SqlScriptsTestExecutionListener@1eab26b, org.springframework.test.context.event.EventPublishingTestExecutionListener@1ac93d2, org.springframework.boot.test.autoconfigure.restdocs.RestDocsTestExecutionListener@16fc29e, org.springframework.boot.test.autoconfigure.web.client.MockRestServiceServerResetTestExecutionListener@426dd2, org.springframework.boot.test.autoconfigure.web.servlet.MockMvcPrintOnlyOnFailureTestExecutionListener@ffb9b, org.springframework.boot.test.autoconfigure.web.servlet.WebDriverTestExecutionListener@1c0c90b, org.springframework.boot.test.autoconfigure.webservices.client.MockWebServiceServerTestExecutionListener@549c5f, org.springframework.boot.test.mock.mockito.ResetMocksTestExecutionListener@1454c7a]
10:19:11.087 [Test worker] DEBUG org.springframework.test.context.support.AbstractDirtiesContextTestExecutionListener - Before test class: context [DefaultTestContext@f3ba6a testClass = UserServiceImplTest, testInstance = [null], testMethod = [null], testException = [null], mergedContextConfiguration = [MergedContextConfiguration@19aa9ee testClass = UserServiceImplTest, locations = '{}', classes = '{class app.library.usermgmt.user.service.UserServiceImpl}', contextInitializerClasses = '[]', activeProfiles = '{}', propertySourceLocations = '{}', propertySourceProperties = '{}', contextCustomizers = set[org.springframework.boot.test.autoconfigure.actuate.metrics.MetricsExportContextCustomizerFactory$DisableMetricExportContextCustomizer@ace400, org.springframework.boot.test.autoconfigure.properties.PropertyMappingContextCustomizer@0, org.springframework.boot.test.autoconfigure.web.servlet.WebDriverContextCustomizerFactory$Customizer@1098f9b, org.springframework.boot.test.context.filter.ExcludeFilterContextCustomizer@13d0107, org.springframework.boot.test.json.DuplicateJsonObjectContextCustomizerFactory$DuplicateJsonObjectContextCustomizer@cadd41, org.springframework.boot.test.mock.mockito.MockitoContextCustomizer@b148f128], contextLoader = 'org.springframework.test.context.support.DelegatingSmartContextLoader', parent = [null]], attributes = map[[empty]]], class annotated with @DirtiesContext [false] with mode [null].
10:19:11.088 [Test worker] DEBUG org.springframework.test.context.support.AbstractDelegatingSmartContextLoader - Delegating to AnnotationConfigContextLoader to load context from [MergedContextConfiguration@19aa9ee testClass = UserServiceImplTest, locations = '{}', classes = '{class app.library.usermgmt.user.service.UserServiceImpl}', contextInitializerClasses = '[]', activeProfiles = '{}', propertySourceLocations = '{}', propertySourceProperties = '{}', contextCustomizers = set[org.springframework.boot.test.autoconfigure.actuate.metrics.MetricsExportContextCustomizerFactory$DisableMetricExportContextCustomizer@ace400, org.springframework.boot.test.autoconfigure.properties.PropertyMappingContextCustomizer@0, org.springframework.boot.test.autoconfigure.web.servlet.WebDriverContextCustomizerFactory$Customizer@1098f9b, org.springframework.boot.test.context.filter.ExcludeFilterContextCustomizer@13d0107, org.springframework.boot.test.json.DuplicateJsonObjectContextCustomizerFactory$DuplicateJsonObjectContextCustomizer@cadd41, org.springframework.boot.test.mock.mockito.MockitoContextCustomizer@b148f128], contextLoader = 'org.springframework.test.context.support.DelegatingSmartContextLoader', parent = [null]].
10:19:11.088 [Test worker] DEBUG org.springframework.test.context.support.AbstractGenericContextLoader - Loading ApplicationContext for merged context configuration [[MergedContextConfiguration@19aa9ee testClass = UserServiceImplTest, locations = '{}', classes = '{class app.library.usermgmt.user.service.UserServiceImpl}', contextInitializerClasses = '[]', activeProfiles = '{}', propertySourceLocations = '{}', propertySourceProperties = '{}', contextCustomizers = set[org.springframework.boot.test.autoconfigure.actuate.metrics.MetricsExportContextCustomizerFactory$DisableMetricExportContextCustomizer@ace400, org.springframework.boot.test.autoconfigure.properties.PropertyMappingContextCustomizer@0, org.springframework.boot.test.autoconfigure.web.servlet.WebDriverContextCustomizerFactory$Customizer@1098f9b, org.springframework.boot.test.context.filter.ExcludeFilterContextCustomizer@13d0107, org.springframework.boot.test.json.DuplicateJsonObjectContextCustomizerFactory$DuplicateJsonObjectContextCustomizer@cadd41, org.springframework.boot.test.mock.mockito.MockitoContextCustomizer@b148f128], contextLoader = 'org.springframework.test.context.support.DelegatingSmartContextLoader', parent = [null]]].
10:19:11.088 [Test worker] DEBUG org.springframework.core.env.StandardEnvironment - Activating profiles []
10:19:11.088 [Test worker] DEBUG org.springframework.test.context.support.AnnotationConfigContextLoader - Registering component classes: {class app.library.usermgmt.user.service.UserServiceImpl}
10:19:11.094 [Test worker] DEBUG org.springframework.context.support.GenericApplicationContext - Refreshing org.springframework.context.support.GenericApplicationContext@1806de6
10:19:11.095 [Test worker] DEBUG org.springframework.beans.factory.support.DefaultListableBeanFactory - Creating shared instance of singleton bean 'org.springframework.context.annotation.internalConfigurationAnnotationProcessor'
10:19:11.095 [Test worker] DEBUG org.springframework.beans.factory.support.DefaultListableBeanFactory - Creating shared instance of singleton bean 'org.springframework.boot.test.mock.mockito.MockitoPostProcessor'
10:19:11.105 [Test worker] DEBUG org.springframework.beans.factory.support.DefaultListableBeanFactory - Creating shared instance of singleton bean 'org.springframework.context.event.internalEventListenerProcessor'
10:19:11.105 [Test worker] DEBUG org.springframework.beans.factory.support.DefaultListableBeanFactory - Creating shared instance of singleton bean 'org.springframework.context.event.internalEventListenerFactory'
10:19:11.105 [Test worker] DEBUG org.springframework.beans.factory.support.DefaultListableBeanFactory - Creating shared instance of singleton bean 'org.springframework.context.annotation.internalAutowiredAnnotationProcessor'
10:19:11.106 [Test worker] DEBUG org.springframework.beans.factory.support.DefaultListableBeanFactory - Creating shared instance of singleton bean 'org.springframework.context.annotation.internalCommonAnnotationProcessor'
10:19:11.106 [Test worker] DEBUG org.springframework.beans.factory.support.DefaultListableBeanFactory - Creating shared instance of singleton bean 'org.springframework.context.annotation.internalPersistenceAnnotationProcessor'
10:19:11.106 [Test worker] DEBUG org.springframework.beans.factory.support.DefaultListableBeanFactory - Creating shared instance of singleton bean 'org.springframework.boot.test.mock.mockito.MockitoPostProcessor$SpyPostProcessor'
10:19:11.107 [Test worker] DEBUG org.springframework.beans.factory.support.DefaultListableBeanFactory - Creating shared instance of singleton bean 'userServiceImpl'
10:19:11.112 [Test worker] DEBUG org.springframework.test.context.cache.DefaultCacheAwareContextLoaderDelegate - Storing ApplicationContext [25193958] in cache under key [[MergedContextConfiguration@19aa9ee testClass = UserServiceImplTest, locations = '{}', classes = '{class app.library.usermgmt.user.service.UserServiceImpl}', contextInitializerClasses = '[]', activeProfiles = '{}', propertySourceLocations = '{}', propertySourceProperties = '{}', contextCustomizers = set[org.springframework.boot.test.autoconfigure.actuate.metrics.MetricsExportContextCustomizerFactory$DisableMetricExportContextCustomizer@ace400, org.springframework.boot.test.autoconfigure.properties.PropertyMappingContextCustomizer@0, org.springframework.boot.test.autoconfigure.web.servlet.WebDriverContextCustomizerFactory$Customizer@1098f9b, org.springframework.boot.test.context.filter.ExcludeFilterContextCustomizer@13d0107, org.springframework.boot.test.json.DuplicateJsonObjectContextCustomizerFactory$DuplicateJsonObjectContextCustomizer@cadd41, org.springframework.boot.test.mock.mockito.MockitoContextCustomizer@b148f128], contextLoader = 'org.springframework.test.context.support.DelegatingSmartContextLoader', parent = [null]]]
10:19:11.112 [Test worker] DEBUG org.springframework.test.context.cache - Spring test ApplicationContext cache statistics: [DefaultContextCache@1d5ac51 size = 14, maxSize = 32, parentContextCount = 0, hitCount = 590, missCount = 14]
10:19:11.112 [Test worker] DEBUG org.springframework.test.context.support.DependencyInjectionTestExecutionListener - Performing dependency injection for test context [[DefaultTestContext@f3ba6a testClass = UserServiceImplTest, testInstance = app.library.usermgmt.user.service.UserServiceImplTest@1ccfd1, testMethod = [null], testException = [null], mergedContextConfiguration = [MergedContextConfiguration@19aa9ee testClass = UserServiceImplTest, locations = '{}', classes = '{class app.library.usermgmt.user.service.UserServiceImpl}', contextInitializerClasses = '[]', activeProfiles = '{}', propertySourceLocations = '{}', propertySourceProperties = '{}', contextCustomizers = set[org.springframework.boot.test.autoconfigure.actuate.metrics.MetricsExportContextCustomizerFactory$DisableMetricExportContextCustomizer@ace400, org.springframework.boot.test.autoconfigure.properties.PropertyMappingContextCustomizer@0, org.springframework.boot.test.autoconfigure.web.servlet.WebDriverContextCustomizerFactory$Customizer@1098f9b, org.springframework.boot.test.context.filter.ExcludeFilterContextCustomizer@13d0107, org.springframework.boot.test.json.DuplicateJsonObjectContextCustomizerFactory$DuplicateJsonObjectContextCustomizer@cadd41, org.springframework.boot.test.mock.mockito.MockitoContextCustomizer@b148f128], contextLoader = 'org.springframework.test.context.support.DelegatingSmartContextLoader', parent = [null]], attributes = map['org.springframework.test.context.event.ApplicationEventsTestExecutionListener.recordApplicationEvents' -> false]]].
10:19:11.112 [Test worker] DEBUG org.springframework.test.context.cache.DefaultCacheAwareContextLoaderDelegate - Retrieved ApplicationContext [25193958] from cache with key [[MergedContextConfiguration@19aa9ee testClass = UserServiceImplTest, locations = '{}', classes = '{class app.library.usermgmt.user.service.UserServiceImpl}', contextInitializerClasses = '[]', activeProfiles = '{}', propertySourceLocations = '{}', propertySourceProperties = '{}', contextCustomizers = set[org.springframework.boot.test.autoconfigure.actuate.metrics.MetricsExportContextCustomizerFactory$DisableMetricExportContextCustomizer@ace400, org.springframework.boot.test.autoconfigure.properties.PropertyMappingContextCustomizer@0, org.springframework.boot.test.autoconfigure.web.servlet.WebDriverContextCustomizerFactory$Customizer@1098f9b, org.springframework.boot.test.context.filter.ExcludeFilterContextCustomizer@13d0107, org.springframework.boot.test.json.DuplicateJsonObjectContextCustomizerFactory$DuplicateJsonObjectContextCustomizer@cadd41, org.springframework.boot.test.mock.mockito.MockitoContextCustomizer@b148f128], contextLoader = 'org.springframework.test.context.support.DelegatingSmartContextLoader', parent = [null]]]
10:19:11.112 [Test worker] DEBUG org.springframework.test.context.cache - Spring test ApplicationContext cache statistics: [DefaultContextCache@1d5ac51 size = 14, maxSize = 32, parentContextCount = 0, hitCount = 591, missCount = 14]
10:19:11.115 [Test worker] DEBUG org.springframework.test.context.cache.DefaultCacheAwareContextLoaderDelegate - Retrieved ApplicationContext [25193958] from cache with key [[MergedContextConfiguration@19aa9ee testClass = UserServiceImplTest, locations = '{}', classes = '{class app.library.usermgmt.user.service.UserServiceImpl}', contextInitializerClasses = '[]', activeProfiles = '{}', propertySourceLocations = '{}', propertySourceProperties = '{}', contextCustomizers = set[org.springframework.boot.test.autoconfigure.actuate.metrics.MetricsExportContextCustomizerFactory$DisableMetricExportContextCustomizer@ace400, org.springframework.boot.test.autoconfigure.properties.PropertyMappingContextCustomizer@0, org.springframework.boot.test.autoconfigure.web.servlet.WebDriverContextCustomizerFactory$Customizer@1098f9b, org.springframework.boot.test.context.filter.ExcludeFilterContextCustomizer@13d0107, org.springframework.boot.test.json.DuplicateJsonObjectContextCustomizerFactory$DuplicateJsonObjectContextCustomizer@cadd41, org.springframework.boot.test.mock.mockito.MockitoContextCustomizer@b148f128], contextLoader = 'org.springframework.test.context.support.DelegatingSmartContextLoader', parent = [null]]]
10:19:11.115 [Test worker] DEBUG org.springframework.test.context.cache - Spring test ApplicationContext cache statistics: [DefaultContextCache@1d5ac51 size = 14, maxSize = 32, parentContextCount = 0, hitCount = 592, missCount = 14]
10:19:11.117 [Test worker] DEBUG org.springframework.test.context.support.AbstractDirtiesContextTestExecutionListener - Before test method: context [DefaultTestContext@f3ba6a testClass = UserServiceImplTest, testInstance = app.library.usermgmt.user.service.UserServiceImplTest@1ccfd1, testMethod = testLoginUser@UserServiceImplTest, testException = [null], mergedContextConfiguration = [MergedContextConfiguration@19aa9ee testClass = UserServiceImplTest, locations = '{}', classes = '{class app.library.usermgmt.user.service.UserServiceImpl}', contextInitializerClasses = '[]', activeProfiles = '{}', propertySourceLocations = '{}', propertySourceProperties = '{}', contextCustomizers = set[org.springframework.boot.test.autoconfigure.actuate.metrics.MetricsExportContextCustomizerFactory$DisableMetricExportContextCustomizer@ace400, org.springframework.boot.test.autoconfigure.properties.PropertyMappingContextCustomizer@0, org.springframework.boot.test.autoconfigure.web.servlet.WebDriverContextCustomizerFactory$Customizer@1098f9b, org.springframework.boot.test.context.filter.ExcludeFilterContextCustomizer@13d0107, org.springframework.boot.test.json.DuplicateJsonObjectContextCustomizerFactory$DuplicateJsonObjectContextCustomizer@cadd41, org.springframework.boot.test.mock.mockito.MockitoContextCustomizer@b148f128], contextLoader = 'org.springframework.test.context.support.DelegatingSmartContextLoader', parent = [null]], attributes = map['org.springframework.test.context.event.ApplicationEventsTestExecutionListener.recordApplicationEvents' -> false]], class annotated with @DirtiesContext [false] with mode [null], method annotated with @DirtiesContext [false] with mode [null].
10:19:11.117 [Test worker] DEBUG org.springframework.test.context.cache.DefaultCacheAwareContextLoaderDelegate - Retrieved ApplicationContext [25193958] from cache with key [[MergedContextConfiguration@19aa9ee testClass = UserServiceImplTest, locations = '{}', classes = '{class app.library.usermgmt.user.service.UserServiceImpl}', contextInitializerClasses = '[]', activeProfiles = '{}', propertySourceLocations = '{}', propertySourceProperties = '{}', contextCustomizers = set[org.springframework.boot.test.autoconfigure.actuate.metrics.MetricsExportContextCustomizerFactory$DisableMetricExportContextCustomizer@ace400, org.springframework.boot.test.autoconfigure.properties.PropertyMappingContextCustomizer@0, org.springframework.boot.test.autoconfigure.web.servlet.WebDriverContextCustomizerFactory$Customizer@1098f9b, org.springframework.boot.test.context.filter.ExcludeFilterContextCustomizer@13d0107, org.springframework.boot.test.json.DuplicateJsonObjectContextCustomizerFactory$DuplicateJsonObjectContextCustomizer@cadd41, org.springframework.boot.test.mock.mockito.MockitoContextCustomizer@b148f128], contextLoader = 'org.springframework.test.context.support.DelegatingSmartContextLoader', parent = [null]]]
10:19:11.117 [Test worker] DEBUG org.springframework.test.context.cache - Spring test ApplicationContext cache statistics: [DefaultContextCache@1d5ac51 size = 14, maxSize = 32, parentContextCount = 0, hitCount = 593, missCount = 14]
10:19:11.118 [Test worker] DEBUG org.springframework.test.context.cache.DefaultCacheAwareContextLoaderDelegate - Retrieved ApplicationContext [25193958] from cache with key [[MergedContextConfiguration@19aa9ee testClass = UserServiceImplTest, locations = '{}', classes = '{class app.library.usermgmt.user.service.UserServiceImpl}', contextInitializerClasses = '[]', activeProfiles = '{}', propertySourceLocations = '{}', propertySourceProperties = '{}', contextCustomizers = set[org.springframework.boot.test.autoconfigure.actuate.metrics.MetricsExportContextCustomizerFactory$DisableMetricExportContextCustomizer@ace400, org.springframework.boot.test.autoconfigure.properties.PropertyMappingContextCustomizer@0, org.springframework.boot.test.autoconfigure.web.servlet.WebDriverContextCustomizerFactory$Customizer@1098f9b, org.springframework.boot.test.context.filter.ExcludeFilterContextCustomizer@13d0107, org.springframework.boot.test.json.DuplicateJsonObjectContextCustomizerFactory$DuplicateJsonObjectContextCustomizer@cadd41, org.springframework.boot.test.mock.mockito.MockitoContextCustomizer@b148f128], contextLoader = 'org.springframework.test.context.support.DelegatingSmartContextLoader', parent = [null]]]
10:19:11.118 [Test worker] DEBUG org.springframework.test.context.cache - Spring test ApplicationContext cache statistics: [DefaultContextCache@1d5ac51 size = 14, maxSize = 32, parentContextCount = 0, hitCount = 594, missCount = 14]
10:19:11.118 [Test worker] DEBUG org.springframework.test.context.cache.DefaultCacheAwareContextLoaderDelegate - Retrieved ApplicationContext [25193958] from cache with key [[MergedContextConfiguration@19aa9ee testClass = UserServiceImplTest, locations = '{}', classes = '{class app.library.usermgmt.user.service.UserServiceImpl}', contextInitializerClasses = '[]', activeProfiles = '{}', propertySourceLocations = '{}', propertySourceProperties = '{}', contextCustomizers = set[org.springframework.boot.test.autoconfigure.actuate.metrics.MetricsExportContextCustomizerFactory$DisableMetricExportContextCustomizer@ace400, org.springframework.boot.test.autoconfigure.properties.PropertyMappingContextCustomizer@0, org.springframework.boot.test.autoconfigure.web.servlet.WebDriverContextCustomizerFactory$Customizer@1098f9b, org.springframework.boot.test.context.filter.ExcludeFilterContextCustomizer@13d0107, org.springframework.boot.test.json.DuplicateJsonObjectContextCustomizerFactory$DuplicateJsonObjectContextCustomizer@cadd41, org.springframework.boot.test.mock.mockito.MockitoContextCustomizer@b148f128], contextLoader = 'org.springframework.test.context.support.DelegatingSmartContextLoader', parent = [null]]]
10:19:11.118 [Test worker] DEBUG org.springframework.test.context.cache - Spring test ApplicationContext cache statistics: [DefaultContextCache@1d5ac51 size = 14, maxSize = 32, parentContextCount = 0, hitCount = 595, missCount = 14]
10:19:11.264 [Test worker] DEBUG org.springframework.test.context.cache.DefaultCacheAwareContextLoaderDelegate - Retrieved ApplicationContext [25193958] from cache with key [[MergedContextConfiguration@19aa9ee testClass = UserServiceImplTest, locations = '{}', classes = '{class app.library.usermgmt.user.service.UserServiceImpl}', contextInitializerClasses = '[]', activeProfiles = '{}', propertySourceLocations = '{}', propertySourceProperties = '{}', contextCustomizers = set[org.springframework.boot.test.autoconfigure.actuate.metrics.MetricsExportContextCustomizerFactory$DisableMetricExportContextCustomizer@ace400, org.springframework.boot.test.autoconfigure.properties.PropertyMappingContextCustomizer@0, org.springframework.boot.test.autoconfigure.web.servlet.WebDriverContextCustomizerFactory$Customizer@1098f9b, org.springframework.boot.test.context.filter.ExcludeFilterContextCustomizer@13d0107, org.springframework.boot.test.json.DuplicateJsonObjectContextCustomizerFactory$DuplicateJsonObjectContextCustomizer@cadd41, org.springframework.boot.test.mock.mockito.MockitoContextCustomizer@b148f128], contextLoader = 'org.springframework.test.context.support.DelegatingSmartContextLoader', parent = [null]]]
10:19:11.264 [Test worker] DEBUG org.springframework.test.context.cache - Spring test ApplicationContext cache statistics: [DefaultContextCache@1d5ac51 size = 14, maxSize = 32, parentContextCount = 0, hitCount = 596, missCount = 14]
10:19:11.264 [Test worker] DEBUG org.springframework.test.context.cache.DefaultCacheAwareContextLoaderDelegate - Retrieved ApplicationContext [25193958] from cache with key [[MergedContextConfiguration@19aa9ee testClass = UserServiceImplTest, locations = '{}', classes = '{class app.library.usermgmt.user.service.UserServiceImpl}', contextInitializerClasses = '[]', activeProfiles = '{}', propertySourceLocations = '{}', propertySourceProperties = '{}', contextCustomizers = set[org.springframework.boot.test.autoconfigure.actuate.metrics.MetricsExportContextCustomizerFactory$DisableMetricExportContextCustomizer@ace400, org.springframework.boot.test.autoconfigure.properties.PropertyMappingContextCustomizer@0, org.springframework.boot.test.autoconfigure.web.servlet.WebDriverContextCustomizerFactory$Customizer@1098f9b, org.springframework.boot.test.context.filter.ExcludeFilterContextCustomizer@13d0107, org.springframework.boot.test.json.DuplicateJsonObjectContextCustomizerFactory$DuplicateJsonObjectContextCustomizer@cadd41, org.springframework.boot.test.mock.mockito.MockitoContextCustomizer@b148f128], contextLoader = 'org.springframework.test.context.support.DelegatingSmartContextLoader', parent = [null]]]
10:19:11.264 [Test worker] DEBUG org.springframework.test.context.cache - Spring test ApplicationContext cache statistics: [DefaultContextCache@1d5ac51 size = 14, maxSize = 32, parentContextCount = 0, hitCount = 597, missCount = 14]
10:19:11.265 [Test worker] DEBUG org.springframework.test.context.cache.DefaultCacheAwareContextLoaderDelegate - Retrieved ApplicationContext [25193958] from cache with key [[MergedContextConfiguration@19aa9ee testClass = UserServiceImplTest, locations = '{}', classes = '{class app.library.usermgmt.user.service.UserServiceImpl}', contextInitializerClasses = '[]', activeProfiles = '{}', propertySourceLocations = '{}', propertySourceProperties = '{}', contextCustomizers = set[org.springframework.boot.test.autoconfigure.actuate.metrics.MetricsExportContextCustomizerFactory$DisableMetricExportContextCustomizer@ace400, org.springframework.boot.test.autoconfigure.properties.PropertyMappingContextCustomizer@0, org.springframework.boot.test.autoconfigure.web.servlet.WebDriverContextCustomizerFactory$Customizer@1098f9b, org.springframework.boot.test.context.filter.ExcludeFilterContextCustomizer@13d0107, org.springframework.boot.test.json.DuplicateJsonObjectContextCustomizerFactory$DuplicateJsonObjectContextCustomizer@cadd41, org.springframework.boot.test.mock.mockito.MockitoContextCustomizer@b148f128], contextLoader = 'org.springframework.test.context.support.DelegatingSmartContextLoader', parent = [null]]]
10:19:11.265 [Test worker] DEBUG org.springframework.test.context.cache - Spring test ApplicationContext cache statistics: [DefaultContextCache@1d5ac51 size = 14, maxSize = 32, parentContextCount = 0, hitCount = 598, missCount = 14]
10:19:11.265 [Test worker] DEBUG org.springframework.test.context.cache.DefaultCacheAwareContextLoaderDelegate - Retrieved ApplicationContext [25193958] from cache with key [[MergedContextConfiguration@19aa9ee testClass = UserServiceImplTest, locations = '{}', classes = '{class app.library.usermgmt.user.service.UserServiceImpl}', contextInitializerClasses = '[]', activeProfiles = '{}', propertySourceLocations = '{}', propertySourceProperties = '{}', contextCustomizers = set[org.springframework.boot.test.autoconfigure.actuate.metrics.MetricsExportContextCustomizerFactory$DisableMetricExportContextCustomizer@ace400, org.springframework.boot.test.autoconfigure.properties.PropertyMappingContextCustomizer@0, org.springframework.boot.test.autoconfigure.web.servlet.WebDriverContextCustomizerFactory$Customizer@1098f9b, org.springframework.boot.test.context.filter.ExcludeFilterContextCustomizer@13d0107, org.springframework.boot.test.json.DuplicateJsonObjectContextCustomizerFactory$DuplicateJsonObjectContextCustomizer@cadd41, org.springframework.boot.test.mock.mockito.MockitoContextCustomizer@b148f128], contextLoader = 'org.springframework.test.context.support.DelegatingSmartContextLoader', parent = [null]]]
10:19:11.265 [Test worker] DEBUG org.springframework.test.context.cache - Spring test ApplicationContext cache statistics: [DefaultContextCache@1d5ac51 size = 14, maxSize = 32, parentContextCount = 0, hitCount = 599, missCount = 14]
10:19:11.265 [Test worker] DEBUG org.springframework.test.context.cache.DefaultCacheAwareContextLoaderDelegate - Retrieved ApplicationContext [25193958] from cache with key [[MergedContextConfiguration@19aa9ee testClass = UserServiceImplTest, locations = '{}', classes = '{class app.library.usermgmt.user.service.UserServiceImpl}', contextInitializerClasses = '[]', activeProfiles = '{}', propertySourceLocations = '{}', propertySourceProperties = '{}', contextCustomizers = set[org.springframework.boot.test.autoconfigure.actuate.metrics.MetricsExportContextCustomizerFactory$DisableMetricExportContextCustomizer@ace400, org.springframework.boot.test.autoconfigure.properties.PropertyMappingContextCustomizer@0, org.springframework.boot.test.autoconfigure.web.servlet.WebDriverContextCustomizerFactory$Customizer@1098f9b, org.springframework.boot.test.context.filter.ExcludeFilterContextCustomizer@13d0107, org.springframework.boot.test.json.DuplicateJsonObjectContextCustomizerFactory$DuplicateJsonObjectContextCustomizer@cadd41, org.springframework.boot.test.mock.mockito.MockitoContextCustomizer@b148f128], contextLoader = 'org.springframework.test.context.support.DelegatingSmartContextLoader', parent = [null]]]
10:19:11.265 [Test worker] DEBUG org.springframework.test.context.cache - Spring test ApplicationContext cache statistics: [DefaultContextCache@1d5ac51 size = 14, maxSize = 32, parentContextCount = 0, hitCount = 600, missCount = 14]
10:19:11.266 [Test worker] DEBUG org.springframework.test.context.cache.DefaultCacheAwareContextLoaderDelegate - Retrieved ApplicationContext [25193958] from cache with key [[MergedContextConfiguration@19aa9ee testClass = UserServiceImplTest, locations = '{}', classes = '{class app.library.usermgmt.user.service.UserServiceImpl}', contextInitializerClasses = '[]', activeProfiles = '{}', propertySourceLocations = '{}', propertySourceProperties = '{}', contextCustomizers = set[org.springframework.boot.test.autoconfigure.actuate.metrics.MetricsExportContextCustomizerFactory$DisableMetricExportContextCustomizer@ace400, org.springframework.boot.test.autoconfigure.properties.PropertyMappingContextCustomizer@0, org.springframework.boot.test.autoconfigure.web.servlet.WebDriverContextCustomizerFactory$Customizer@1098f9b, org.springframework.boot.test.context.filter.ExcludeFilterContextCustomizer@13d0107, org.springframework.boot.test.json.DuplicateJsonObjectContextCustomizerFactory$DuplicateJsonObjectContextCustomizer@cadd41, org.springframework.boot.test.mock.mockito.MockitoContextCustomizer@b148f128], contextLoader = 'org.springframework.test.context.support.DelegatingSmartContextLoader', parent = [null]]]
10:19:11.266 [Test worker] DEBUG org.springframework.test.context.cache - Spring test ApplicationContext cache statistics: [DefaultContextCache@1d5ac51 size = 14, maxSize = 32, parentContextCount = 0, hitCount = 601, missCount = 14]
10:19:11.266 [Test worker] DEBUG org.springframework.test.context.support.AbstractDirtiesContextTestExecutionListener - After test method: context [DefaultTestContext@f3ba6a testClass = UserServiceImplTest, testInstance = app.library.usermgmt.user.service.UserServiceImplTest@1ccfd1, testMethod = testLoginUser@UserServiceImplTest, testException = [null], mergedContextConfiguration = [MergedContextConfiguration@19aa9ee testClass = UserServiceImplTest, locations = '{}', classes = '{class app.library.usermgmt.user.service.UserServiceImpl}', contextInitializerClasses = '[]', activeProfiles = '{}', propertySourceLocations = '{}', propertySourceProperties = '{}', contextCustomizers = set[org.springframework.boot.test.autoconfigure.actuate.metrics.MetricsExportContextCustomizerFactory$DisableMetricExportContextCustomizer@ace400, org.springframework.boot.test.autoconfigure.properties.PropertyMappingContextCustomizer@0, org.springframework.boot.test.autoconfigure.web.servlet.WebDriverContextCustomizerFactory$Customizer@1098f9b, org.springframework.boot.test.context.filter.ExcludeFilterContextCustomizer@13d0107, org.springframework.boot.test.json.DuplicateJsonObjectContextCustomizerFactory$DuplicateJsonObjectContextCustomizer@cadd41, org.springframework.boot.test.mock.mockito.MockitoContextCustomizer@b148f128], contextLoader = 'org.springframework.test.context.support.DelegatingSmartContextLoader', parent = [null]], attributes = map['org.springframework.test.context.event.ApplicationEventsTestExecutionListener.recordApplicationEvents' -> false]], class annotated with @DirtiesContext [false] with mode [null], method annotated with @DirtiesContext [false] with mode [null].
10:19:11.267 [Test worker] DEBUG org.springframework.test.context.cache.DefaultCacheAwareContextLoaderDelegate - Retrieved ApplicationContext [25193958] from cache with key [[MergedContextConfiguration@19aa9ee testClass = UserServiceImplTest, locations = '{}', classes = '{class app.library.usermgmt.user.service.UserServiceImpl}', contextInitializerClasses = '[]', activeProfiles = '{}', propertySourceLocations = '{}', propertySourceProperties = '{}', contextCustomizers = set[org.springframework.boot.test.autoconfigure.actuate.metrics.MetricsExportContextCustomizerFactory$DisableMetricExportContextCustomizer@ace400, org.springframework.boot.test.autoconfigure.properties.PropertyMappingContextCustomizer@0, org.springframework.boot.test.autoconfigure.web.servlet.WebDriverContextCustomizerFactory$Customizer@1098f9b, org.springframework.boot.test.context.filter.ExcludeFilterContextCustomizer@13d0107, org.springframework.boot.test.json.DuplicateJsonObjectContextCustomizerFactory$DuplicateJsonObjectContextCustomizer@cadd41, org.springframework.boot.test.mock.mockito.MockitoContextCustomizer@b148f128], contextLoader = 'org.springframework.test.context.support.DelegatingSmartContextLoader', parent = [null]]]
10:19:11.267 [Test worker] DEBUG org.springframework.test.context.cache - Spring test ApplicationContext cache statistics: [DefaultContextCache@1d5ac51 size = 14, maxSize = 32, parentContextCount = 0, hitCount = 602, missCount = 14]
10:19:11.267 [Test worker] DEBUG org.springframework.test.context.support.DependencyInjectionTestExecutionListener - Performing dependency injection for test context [[DefaultTestContext@f3ba6a testClass = UserServiceImplTest, testInstance = app.library.usermgmt.user.service.UserServiceImplTest@4f2300, testMethod = [null], testException = [null], mergedContextConfiguration = [MergedContextConfiguration@19aa9ee testClass = UserServiceImplTest, locations = '{}', classes = '{class app.library.usermgmt.user.service.UserServiceImpl}', contextInitializerClasses = '[]', activeProfiles = '{}', propertySourceLocations = '{}', propertySourceProperties = '{}', contextCustomizers = set[org.springframework.boot.test.autoconfigure.actuate.metrics.MetricsExportContextCustomizerFactory$DisableMetricExportContextCustomizer@ace400, org.springframework.boot.test.autoconfigure.properties.PropertyMappingContextCustomizer@0, org.springframework.boot.test.autoconfigure.web.servlet.WebDriverContextCustomizerFactory$Customizer@1098f9b, org.springframework.boot.test.context.filter.ExcludeFilterContextCustomizer@13d0107, org.springframework.boot.test.json.DuplicateJsonObjectContextCustomizerFactory$DuplicateJsonObjectContextCustomizer@cadd41, org.springframework.boot.test.mock.mockito.MockitoContextCustomizer@b148f128], contextLoader = 'org.springframework.test.context.support.DelegatingSmartContextLoader', parent = [null]], attributes = map['org.springframework.test.context.event.ApplicationEventsTestExecutionListener.recordApplicationEvents' -> false]]].
10:19:11.267 [Test worker] DEBUG org.springframework.test.context.cache.DefaultCacheAwareContextLoaderDelegate - Retrieved ApplicationContext [25193958] from cache with key [[MergedContextConfiguration@19aa9ee testClass = UserServiceImplTest, locations = '{}', classes = '{class app.library.usermgmt.user.service.UserServiceImpl}', contextInitializerClasses = '[]', activeProfiles = '{}', propertySourceLocations = '{}', propertySourceProperties = '{}', contextCustomizers = set[org.springframework.boot.test.autoconfigure.actuate.metrics.MetricsExportContextCustomizerFactory$DisableMetricExportContextCustomizer@ace400, org.springframework.boot.test.autoconfigure.properties.PropertyMappingContextCustomizer@0, org.springframework.boot.test.autoconfigure.web.servlet.WebDriverContextCustomizerFactory$Customizer@1098f9b, org.springframework.boot.test.context.filter.ExcludeFilterContextCustomizer@13d0107, org.springframework.boot.test.json.DuplicateJsonObjectContextCustomizerFactory$DuplicateJsonObjectContextCustomizer@cadd41, org.springframework.boot.test.mock.mockito.MockitoContextCustomizer@b148f128], contextLoader = 'org.springframework.test.context.support.DelegatingSmartContextLoader', parent = [null]]]
10:19:11.268 [Test worker] DEBUG org.springframework.test.context.cache - Spring test ApplicationContext cache statistics: [DefaultContextCache@1d5ac51 size = 14, maxSize = 32, parentContextCount = 0, hitCount = 603, missCount = 14]
10:19:11.268 [Test worker] DEBUG org.springframework.test.context.cache.DefaultCacheAwareContextLoaderDelegate - Retrieved ApplicationContext [25193958] from cache with key [[MergedContextConfiguration@19aa9ee testClass = UserServiceImplTest, locations = '{}', classes = '{class app.library.usermgmt.user.service.UserServiceImpl}', contextInitializerClasses = '[]', activeProfiles = '{}', propertySourceLocations = '{}', propertySourceProperties = '{}', contextCustomizers = set[org.springframework.boot.test.autoconfigure.actuate.metrics.MetricsExportContextCustomizerFactory$DisableMetricExportContextCustomizer@ace400, org.springframework.boot.test.autoconfigure.properties.PropertyMappingContextCustomizer@0, org.springframework.boot.test.autoconfigure.web.servlet.WebDriverContextCustomizerFactory$Customizer@1098f9b, org.springframework.boot.test.context.filter.ExcludeFilterContextCustomizer@13d0107, org.springframework.boot.test.json.DuplicateJsonObjectContextCustomizerFactory$DuplicateJsonObjectContextCustomizer@cadd41, org.springframework.boot.test.mock.mockito.MockitoContextCustomizer@b148f128], contextLoader = 'org.springframework.test.context.support.DelegatingSmartContextLoader', parent = [null]]]
10:19:11.268 [Test worker] DEBUG org.springframework.test.context.cache - Spring test ApplicationContext cache statistics: [DefaultContextCache@1d5ac51 size = 14, maxSize = 32, parentContextCount = 0, hitCount = 604, missCount = 14]
10:19:11.269 [Test worker] DEBUG org.springframework.test.context.support.AbstractDirtiesContextTestExecutionListener - Before test method: context [DefaultTestContext@f3ba6a testClass = UserServiceImplTest, testInstance = app.library.usermgmt.user.service.UserServiceImplTest@4f2300, testMethod = testRegisterUser@UserServiceImplTest, testException = [null], mergedContextConfiguration = [MergedContextConfiguration@19aa9ee testClass = UserServiceImplTest, locations = '{}', classes = '{class app.library.usermgmt.user.service.UserServiceImpl}', contextInitializerClasses = '[]', activeProfiles = '{}', propertySourceLocations = '{}', propertySourceProperties = '{}', contextCustomizers = set[org.springframework.boot.test.autoconfigure.actuate.metrics.MetricsExportContextCustomizerFactory$DisableMetricExportContextCustomizer@ace400, org.springframework.boot.test.autoconfigure.properties.PropertyMappingContextCustomizer@0, org.springframework.boot.test.autoconfigure.web.servlet.WebDriverContextCustomizerFactory$Customizer@1098f9b, org.springframework.boot.test.context.filter.ExcludeFilterContextCustomizer@13d0107, org.springframework.boot.test.json.DuplicateJsonObjectContextCustomizerFactory$DuplicateJsonObjectContextCustomizer@cadd41, org.springframework.boot.test.mock.mockito.MockitoContextCustomizer@b148f128], contextLoader = 'org.springframework.test.context.support.DelegatingSmartContextLoader', parent = [null]], attributes = map['org.springframework.test.context.event.ApplicationEventsTestExecutionListener.recordApplicationEvents' -> false]], class annotated with @DirtiesContext [false] with mode [null], method annotated with @DirtiesContext [false] with mode [null].
10:19:11.269 [Test worker] DEBUG org.springframework.test.context.cache.DefaultCacheAwareContextLoaderDelegate - Retrieved ApplicationContext [25193958] from cache with key [[MergedContextConfiguration@19aa9ee testClass = UserServiceImplTest, locations = '{}', classes = '{class app.library.usermgmt.user.service.UserServiceImpl}', contextInitializerClasses = '[]', activeProfiles = '{}', propertySourceLocations = '{}', propertySourceProperties = '{}', contextCustomizers = set[org.springframework.boot.test.autoconfigure.actuate.metrics.MetricsExportContextCustomizerFactory$DisableMetricExportContextCustomizer@ace400, org.springframework.boot.test.autoconfigure.properties.PropertyMappingContextCustomizer@0, org.springframework.boot.test.autoconfigure.web.servlet.WebDriverContextCustomizerFactory$Customizer@1098f9b, org.springframework.boot.test.context.filter.ExcludeFilterContextCustomizer@13d0107, org.springframework.boot.test.json.DuplicateJsonObjectContextCustomizerFactory$DuplicateJsonObjectContextCustomizer@cadd41, org.springframework.boot.test.mock.mockito.MockitoContextCustomizer@b148f128], contextLoader = 'org.springframework.test.context.support.DelegatingSmartContextLoader', parent = [null]]]
10:19:11.269 [Test worker] DEBUG org.springframework.test.context.cache - Spring test ApplicationContext cache statistics: [DefaultContextCache@1d5ac51 size = 14, maxSize = 32, parentContextCount = 0, hitCount = 605, missCount = 14]
10:19:11.270 [Test worker] DEBUG org.springframework.test.context.cache.DefaultCacheAwareContextLoaderDelegate - Retrieved ApplicationContext [25193958] from cache with key [[MergedContextConfiguration@19aa9ee testClass = UserServiceImplTest, locations = '{}', classes = '{class app.library.usermgmt.user.service.UserServiceImpl}', contextInitializerClasses = '[]', activeProfiles = '{}', propertySourceLocations = '{}', propertySourceProperties = '{}', contextCustomizers = set[org.springframework.boot.test.autoconfigure.actuate.metrics.MetricsExportContextCustomizerFactory$DisableMetricExportContextCustomizer@ace400, org.springframework.boot.test.autoconfigure.properties.PropertyMappingContextCustomizer@0, org.springframework.boot.test.autoconfigure.web.servlet.WebDriverContextCustomizerFactory$Customizer@1098f9b, org.springframework.boot.test.context.filter.ExcludeFilterContextCustomizer@13d0107, org.springframework.boot.test.json.DuplicateJsonObjectContextCustomizerFactory$DuplicateJsonObjectContextCustomizer@cadd41, org.springframework.boot.test.mock.mockito.MockitoContextCustomizer@b148f128], contextLoader = 'org.springframework.test.context.support.DelegatingSmartContextLoader', parent = [null]]]
10:19:11.270 [Test worker] DEBUG org.springframework.test.context.cache - Spring test ApplicationContext cache statistics: [DefaultContextCache@1d5ac51 size = 14, maxSize = 32, parentContextCount = 0, hitCount = 606, missCount = 14]
10:19:11.270 [Test worker] DEBUG org.springframework.test.context.cache.DefaultCacheAwareContextLoaderDelegate - Retrieved ApplicationContext [25193958] from cache with key [[MergedContextConfiguration@19aa9ee testClass = UserServiceImplTest, locations = '{}', classes = '{class app.library.usermgmt.user.service.UserServiceImpl}', contextInitializerClasses = '[]', activeProfiles = '{}', propertySourceLocations = '{}', propertySourceProperties = '{}', contextCustomizers = set[org.springframework.boot.test.autoconfigure.actuate.metrics.MetricsExportContextCustomizerFactory$DisableMetricExportContextCustomizer@ace400, org.springframework.boot.test.autoconfigure.properties.PropertyMappingContextCustomizer@0, org.springframework.boot.test.autoconfigure.web.servlet.WebDriverContextCustomizerFactory$Customizer@1098f9b, org.springframework.boot.test.context.filter.ExcludeFilterContextCustomizer@13d0107, org.springframework.boot.test.json.DuplicateJsonObjectContextCustomizerFactory$DuplicateJsonObjectContextCustomizer@cadd41, org.springframework.boot.test.mock.mockito.MockitoContextCustomizer@b148f128], contextLoader = 'org.springframework.test.context.support.DelegatingSmartContextLoader', parent = [null]]]
10:19:11.271 [Test worker] DEBUG org.springframework.test.context.cache - Spring test ApplicationContext cache statistics: [DefaultContextCache@1d5ac51 size = 14, maxSize = 32, parentContextCount = 0, hitCount = 607, missCount = 14]
10:19:11.545 [Test worker] DEBUG org.springframework.test.context.cache.DefaultCacheAwareContextLoaderDelegate - Retrieved ApplicationContext [25193958] from cache with key [[MergedContextConfiguration@19aa9ee testClass = UserServiceImplTest, locations = '{}', classes = '{class app.library.usermgmt.user.service.UserServiceImpl}', contextInitializerClasses = '[]', activeProfiles = '{}', propertySourceLocations = '{}', propertySourceProperties = '{}', contextCustomizers = set[org.springframework.boot.test.autoconfigure.actuate.metrics.MetricsExportContextCustomizerFactory$DisableMetricExportContextCustomizer@ace400, org.springframework.boot.test.autoconfigure.properties.PropertyMappingContextCustomizer@0, org.springframework.boot.test.autoconfigure.web.servlet.WebDriverContextCustomizerFactory$Customizer@1098f9b, org.springframework.boot.test.context.filter.ExcludeFilterContextCustomizer@13d0107, org.springframework.boot.test.json.DuplicateJsonObjectContextCustomizerFactory$DuplicateJsonObjectContextCustomizer@cadd41, org.springframework.boot.test.mock.mockito.MockitoContextCustomizer@b148f128], contextLoader = 'org.springframework.test.context.support.DelegatingSmartContextLoader', parent = [null]]]
10:19:11.545 [Test worker] DEBUG org.springframework.test.context.cache - Spring test ApplicationContext cache statistics: [DefaultContextCache@1d5ac51 size = 14, maxSize = 32, parentContextCount = 0, hitCount = 608, missCount = 14]
10:19:11.546 [Test worker] DEBUG org.springframework.test.context.cache.DefaultCacheAwareContextLoaderDelegate - Retrieved ApplicationContext [25193958] from cache with key [[MergedContextConfiguration@19aa9ee testClass = UserServiceImplTest, locations = '{}', classes = '{class app.library.usermgmt.user.service.UserServiceImpl}', contextInitializerClasses = '[]', activeProfiles = '{}', propertySourceLocations = '{}', propertySourceProperties = '{}', contextCustomizers = set[org.springframework.boot.test.autoconfigure.actuate.metrics.MetricsExportContextCustomizerFactory$DisableMetricExportContextCustomizer@ace400, org.springframework.boot.test.autoconfigure.properties.PropertyMappingContextCustomizer@0, org.springframework.boot.test.autoconfigure.web.servlet.WebDriverContextCustomizerFactory$Customizer@1098f9b, org.springframework.boot.test.context.filter.ExcludeFilterContextCustomizer@13d0107, org.springframework.boot.test.json.DuplicateJsonObjectContextCustomizerFactory$DuplicateJsonObjectContextCustomizer@cadd41, org.springframework.boot.test.mock.mockito.MockitoContextCustomizer@b148f128], contextLoader = 'org.springframework.test.context.support.DelegatingSmartContextLoader', parent = [null]]]
10:19:11.546 [Test worker] DEBUG org.springframework.test.context.cache - Spring test ApplicationContext cache statistics: [DefaultContextCache@1d5ac51 size = 14, maxSize = 32, parentContextCount = 0, hitCount = 609, missCount = 14]
10:19:11.547 [Test worker] DEBUG org.springframework.test.context.cache.DefaultCacheAwareContextLoaderDelegate - Retrieved ApplicationContext [25193958] from cache with key [[MergedContextConfiguration@19aa9ee testClass = UserServiceImplTest, locations = '{}', classes = '{class app.library.usermgmt.user.service.UserServiceImpl}', contextInitializerClasses = '[]', activeProfiles = '{}', propertySourceLocations = '{}', propertySourceProperties = '{}', contextCustomizers = set[org.springframework.boot.test.autoconfigure.actuate.metrics.MetricsExportContextCustomizerFactory$DisableMetricExportContextCustomizer@ace400, org.springframework.boot.test.autoconfigure.properties.PropertyMappingContextCustomizer@0, org.springframework.boot.test.autoconfigure.web.servlet.WebDriverContextCustomizerFactory$Customizer@1098f9b, org.springframework.boot.test.context.filter.ExcludeFilterContextCustomizer@13d0107, org.springframework.boot.test.json.DuplicateJsonObjectContextCustomizerFactory$DuplicateJsonObjectContextCustomizer@cadd41, org.springframework.boot.test.mock.mockito.MockitoContextCustomizer@b148f128], contextLoader = 'org.springframework.test.context.support.DelegatingSmartContextLoader', parent = [null]]]
10:19:11.547 [Test worker] DEBUG org.springframework.test.context.cache - Spring test ApplicationContext cache statistics: [DefaultContextCache@1d5ac51 size = 14, maxSize = 32, parentContextCount = 0, hitCount = 610, missCount = 14]
10:19:11.547 [Test worker] DEBUG org.springframework.test.context.cache.DefaultCacheAwareContextLoaderDelegate - Retrieved ApplicationContext [25193958] from cache with key [[MergedContextConfiguration@19aa9ee testClass = UserServiceImplTest, locations = '{}', classes = '{class app.library.usermgmt.user.service.UserServiceImpl}', contextInitializerClasses = '[]', activeProfiles = '{}', propertySourceLocations = '{}', propertySourceProperties = '{}', contextCustomizers = set[org.springframework.boot.test.autoconfigure.actuate.metrics.MetricsExportContextCustomizerFactory$DisableMetricExportContextCustomizer@ace400, org.springframework.boot.test.autoconfigure.properties.PropertyMappingContextCustomizer@0, org.springframework.boot.test.autoconfigure.web.servlet.WebDriverContextCustomizerFactory$Customizer@1098f9b, org.springframework.boot.test.context.filter.ExcludeFilterContextCustomizer@13d0107, org.springframework.boot.test.json.DuplicateJsonObjectContextCustomizerFactory$DuplicateJsonObjectContextCustomizer@cadd41, org.springframework.boot.test.mock.mockito.MockitoContextCustomizer@b148f128], contextLoader = 'org.springframework.test.context.support.DelegatingSmartContextLoader', parent = [null]]]
10:19:11.547 [Test worker] DEBUG org.springframework.test.context.cache - Spring test ApplicationContext cache statistics: [DefaultContextCache@1d5ac51 size = 14, maxSize = 32, parentContextCount = 0, hitCount = 611, missCount = 14]
10:19:11.547 [Test worker] DEBUG org.springframework.test.context.cache.DefaultCacheAwareContextLoaderDelegate - Retrieved ApplicationContext [25193958] from cache with key [[MergedContextConfiguration@19aa9ee testClass = UserServiceImplTest, locations = '{}', classes = '{class app.library.usermgmt.user.service.UserServiceImpl}', contextInitializerClasses = '[]', activeProfiles = '{}', propertySourceLocations = '{}', propertySourceProperties = '{}', contextCustomizers = set[org.springframework.boot.test.autoconfigure.actuate.metrics.MetricsExportContextCustomizerFactory$DisableMetricExportContextCustomizer@ace400, org.springframework.boot.test.autoconfigure.properties.PropertyMappingContextCustomizer@0, org.springframework.boot.test.autoconfigure.web.servlet.WebDriverContextCustomizerFactory$Customizer@1098f9b, org.springframework.boot.test.context.filter.ExcludeFilterContextCustomizer@13d0107, org.springframework.boot.test.json.DuplicateJsonObjectContextCustomizerFactory$DuplicateJsonObjectContextCustomizer@cadd41, org.springframework.boot.test.mock.mockito.MockitoContextCustomizer@b148f128], contextLoader = 'org.springframework.test.context.support.DelegatingSmartContextLoader', parent = [null]]]
10:19:11.548 [Test worker] DEBUG org.springframework.test.context.cache - Spring test ApplicationContext cache statistics: [DefaultContextCache@1d5ac51 size = 14, maxSize = 32, parentContextCount = 0, hitCount = 612, missCount = 14]
10:19:11.549 [Test worker] DEBUG org.springframework.test.context.cache.DefaultCacheAwareContextLoaderDelegate - Retrieved ApplicationContext [25193958] from cache with key [[MergedContextConfiguration@19aa9ee testClass = UserServiceImplTest, locations = '{}', classes = '{class app.library.usermgmt.user.service.UserServiceImpl}', contextInitializerClasses = '[]', activeProfiles = '{}', propertySourceLocations = '{}', propertySourceProperties = '{}', contextCustomizers = set[org.springframework.boot.test.autoconfigure.actuate.metrics.MetricsExportContextCustomizerFactory$DisableMetricExportContextCustomizer@ace400, org.springframework.boot.test.autoconfigure.properties.PropertyMappingContextCustomizer@0, org.springframework.boot.test.autoconfigure.web.servlet.WebDriverContextCustomizerFactory$Customizer@1098f9b, org.springframework.boot.test.context.filter.ExcludeFilterContextCustomizer@13d0107, org.springframework.boot.test.json.DuplicateJsonObjectContextCustomizerFactory$DuplicateJsonObjectContextCustomizer@cadd41, org.springframework.boot.test.mock.mockito.MockitoContextCustomizer@b148f128], contextLoader = 'org.springframework.test.context.support.DelegatingSmartContextLoader', parent = [null]]]
10:19:11.549 [Test worker] DEBUG org.springframework.test.context.cache - Spring test ApplicationContext cache statistics: [DefaultContextCache@1d5ac51 size = 14, maxSize = 32, parentContextCount = 0, hitCount = 613, missCount = 14]
10:19:11.549 [Test worker] DEBUG org.springframework.test.context.support.AbstractDirtiesContextTestExecutionListener - After test method: context [DefaultTestContext@f3ba6a testClass = UserServiceImplTest, testInstance = app.library.usermgmt.user.service.UserServiceImplTest@4f2300, testMethod = testRegisterUser@UserServiceImplTest, testException = [null], mergedContextConfiguration = [MergedContextConfiguration@19aa9ee testClass = UserServiceImplTest, locations = '{}', classes = '{class app.library.usermgmt.user.service.UserServiceImpl}', contextInitializerClasses = '[]', activeProfiles = '{}', propertySourceLocations = '{}', propertySourceProperties = '{}', contextCustomizers = set[org.springframework.boot.test.autoconfigure.actuate.metrics.MetricsExportContextCustomizerFactory$DisableMetricExportContextCustomizer@ace400, org.springframework.boot.test.autoconfigure.properties.PropertyMappingContextCustomizer@0, org.springframework.boot.test.autoconfigure.web.servlet.WebDriverContextCustomizerFactory$Customizer@1098f9b, org.springframework.boot.test.context.filter.ExcludeFilterContextCustomizer@13d0107, org.springframework.boot.test.json.DuplicateJsonObjectContextCustomizerFactory$DuplicateJsonObjectContextCustomizer@cadd41, org.springframework.boot.test.mock.mockito.MockitoContextCustomizer@b148f128], contextLoader = 'org.springframework.test.context.support.DelegatingSmartContextLoader', parent = [null]], attributes = map['org.springframework.test.context.event.ApplicationEventsTestExecutionListener.recordApplicationEvents' -> false]], class annotated with @DirtiesContext [false] with mode [null], method annotated with @DirtiesContext [false] with mode [null].
10:19:11.550 [Test worker] DEBUG org.springframework.test.context.cache.DefaultCacheAwareContextLoaderDelegate - Retrieved ApplicationContext [25193958] from cache with key [[MergedContextConfiguration@19aa9ee testClass = UserServiceImplTest, locations = '{}', classes = '{class app.library.usermgmt.user.service.UserServiceImpl}', contextInitializerClasses = '[]', activeProfiles = '{}', propertySourceLocations = '{}', propertySourceProperties = '{}', contextCustomizers = set[org.springframework.boot.test.autoconfigure.actuate.metrics.MetricsExportContextCustomizerFactory$DisableMetricExportContextCustomizer@ace400, org.springframework.boot.test.autoconfigure.properties.PropertyMappingContextCustomizer@0, org.springframework.boot.test.autoconfigure.web.servlet.WebDriverContextCustomizerFactory$Customizer@1098f9b, org.springframework.boot.test.context.filter.ExcludeFilterContextCustomizer@13d0107, org.springframework.boot.test.json.DuplicateJsonObjectContextCustomizerFactory$DuplicateJsonObjectContextCustomizer@cadd41, org.springframework.boot.test.mock.mockito.MockitoContextCustomizer@b148f128], contextLoader = 'org.springframework.test.context.support.DelegatingSmartContextLoader', parent = [null]]]
10:19:11.550 [Test worker] DEBUG org.springframework.test.context.cache - Spring test ApplicationContext cache statistics: [DefaultContextCache@1d5ac51 size = 14, maxSize = 32, parentContextCount = 0, hitCount = 614, missCount = 14]
10:19:11.550 [Test worker] DEBUG org.springframework.test.context.support.DependencyInjectionTestExecutionListener - Performing dependency injection for test context [[DefaultTestContext@f3ba6a testClass = UserServiceImplTest, testInstance = app.library.usermgmt.user.service.UserServiceImplTest@1e6c22a, testMethod = [null], testException = [null], mergedContextConfiguration = [MergedContextConfiguration@19aa9ee testClass = UserServiceImplTest, locations = '{}', classes = '{class app.library.usermgmt.user.service.UserServiceImpl}', contextInitializerClasses = '[]', activeProfiles = '{}', propertySourceLocations = '{}', propertySourceProperties = '{}', contextCustomizers = set[org.springframework.boot.test.autoconfigure.actuate.metrics.MetricsExportContextCustomizerFactory$DisableMetricExportContextCustomizer@ace400, org.springframework.boot.test.autoconfigure.properties.PropertyMappingContextCustomizer@0, org.springframework.boot.test.autoconfigure.web.servlet.WebDriverContextCustomizerFactory$Customizer@1098f9b, org.springframework.boot.test.context.filter.ExcludeFilterContextCustomizer@13d0107, org.springframework.boot.test.json.DuplicateJsonObjectContextCustomizerFactory$DuplicateJsonObjectContextCustomizer@cadd41, org.springframework.boot.test.mock.mockito.MockitoContextCustomizer@b148f128], contextLoader = 'org.springframework.test.context.support.DelegatingSmartContextLoader', parent = [null]], attributes = map['org.springframework.test.context.event.ApplicationEventsTestExecutionListener.recordApplicationEvents' -> false]]].
10:19:11.550 [Test worker] DEBUG org.springframework.test.context.cache.DefaultCacheAwareContextLoaderDelegate - Retrieved ApplicationContext [25193958] from cache with key [[MergedContextConfiguration@19aa9ee testClass = UserServiceImplTest, locations = '{}', classes = '{class app.library.usermgmt.user.service.UserServiceImpl}', contextInitializerClasses = '[]', activeProfiles = '{}', propertySourceLocations = '{}', propertySourceProperties = '{}', contextCustomizers = set[org.springframework.boot.test.autoconfigure.actuate.metrics.MetricsExportContextCustomizerFactory$DisableMetricExportContextCustomizer@ace400, org.springframework.boot.test.autoconfigure.properties.PropertyMappingContextCustomizer@0, org.springframework.boot.test.autoconfigure.web.servlet.WebDriverContextCustomizerFactory$Customizer@1098f9b, org.springframework.boot.test.context.filter.ExcludeFilterContextCustomizer@13d0107, org.springframework.boot.test.json.DuplicateJsonObjectContextCustomizerFactory$DuplicateJsonObjectContextCustomizer@cadd41, org.springframework.boot.test.mock.mockito.MockitoContextCustomizer@b148f128], contextLoader = 'org.springframework.test.context.support.DelegatingSmartContextLoader', parent = [null]]]
10:19:11.550 [Test worker] DEBUG org.springframework.test.context.cache - Spring test ApplicationContext cache statistics: [DefaultContextCache@1d5ac51 size = 14, maxSize = 32, parentContextCount = 0, hitCount = 615, missCount = 14]
10:19:11.550 [Test worker] DEBUG org.springframework.test.context.cache.DefaultCacheAwareContextLoaderDelegate - Retrieved ApplicationContext [25193958] from cache with key [[MergedContextConfiguration@19aa9ee testClass = UserServiceImplTest, locations = '{}', classes = '{class app.library.usermgmt.user.service.UserServiceImpl}', contextInitializerClasses = '[]', activeProfiles = '{}', propertySourceLocations = '{}', propertySourceProperties = '{}', contextCustomizers = set[org.springframework.boot.test.autoconfigure.actuate.metrics.MetricsExportContextCustomizerFactory$DisableMetricExportContextCustomizer@ace400, org.springframework.boot.test.autoconfigure.properties.PropertyMappingContextCustomizer@0, org.springframework.boot.test.autoconfigure.web.servlet.WebDriverContextCustomizerFactory$Customizer@1098f9b, org.springframework.boot.test.context.filter.ExcludeFilterContextCustomizer@13d0107, org.springframework.boot.test.json.DuplicateJsonObjectContextCustomizerFactory$DuplicateJsonObjectContextCustomizer@cadd41, org.springframework.boot.test.mock.mockito.MockitoContextCustomizer@b148f128], contextLoader = 'org.springframework.test.context.support.DelegatingSmartContextLoader', parent = [null]]]
10:19:11.550 [Test worker] DEBUG org.springframework.test.context.cache - Spring test ApplicationContext cache statistics: [DefaultContextCache@1d5ac51 size = 14, maxSize = 32, parentContextCount = 0, hitCount = 616, missCount = 14]
10:19:11.551 [Test worker] DEBUG org.springframework.test.context.support.AbstractDirtiesContextTestExecutionListener - Before test method: context [DefaultTestContext@f3ba6a testClass = UserServiceImplTest, testInstance = app.library.usermgmt.user.service.UserServiceImplTest@1e6c22a, testMethod = testRegisterUser2@UserServiceImplTest, testException = [null], mergedContextConfiguration = [MergedContextConfiguration@19aa9ee testClass = UserServiceImplTest, locations = '{}', classes = '{class app.library.usermgmt.user.service.UserServiceImpl}', contextInitializerClasses = '[]', activeProfiles = '{}', propertySourceLocations = '{}', propertySourceProperties = '{}', contextCustomizers = set[org.springframework.boot.test.autoconfigure.actuate.metrics.MetricsExportContextCustomizerFactory$DisableMetricExportContextCustomizer@ace400, org.springframework.boot.test.autoconfigure.properties.PropertyMappingContextCustomizer@0, org.springframework.boot.test.autoconfigure.web.servlet.WebDriverContextCustomizerFactory$Customizer@1098f9b, org.springframework.boot.test.context.filter.ExcludeFilterContextCustomizer@13d0107, org.springframework.boot.test.json.DuplicateJsonObjectContextCustomizerFactory$DuplicateJsonObjectContextCustomizer@cadd41, org.springframework.boot.test.mock.mockito.MockitoContextCustomizer@b148f128], contextLoader = 'org.springframework.test.context.support.DelegatingSmartContextLoader', parent = [null]], attributes = map['org.springframework.test.context.event.ApplicationEventsTestExecutionListener.recordApplicationEvents' -> false]], class annotated with @DirtiesContext [false] with mode [null], method annotated with @DirtiesContext [false] with mode [null].
10:19:11.551 [Test worker] DEBUG org.springframework.test.context.cache.DefaultCacheAwareContextLoaderDelegate - Retrieved ApplicationContext [25193958] from cache with key [[MergedContextConfiguration@19aa9ee testClass = UserServiceImplTest, locations = '{}', classes = '{class app.library.usermgmt.user.service.UserServiceImpl}', contextInitializerClasses = '[]', activeProfiles = '{}', propertySourceLocations = '{}', propertySourceProperties = '{}', contextCustomizers = set[org.springframework.boot.test.autoconfigure.actuate.metrics.MetricsExportContextCustomizerFactory$DisableMetricExportContextCustomizer@ace400, org.springframework.boot.test.autoconfigure.properties.PropertyMappingContextCustomizer@0, org.springframework.boot.test.autoconfigure.web.servlet.WebDriverContextCustomizerFactory$Customizer@1098f9b, org.springframework.boot.test.context.filter.ExcludeFilterContextCustomizer@13d0107, org.springframework.boot.test.json.DuplicateJsonObjectContextCustomizerFactory$DuplicateJsonObjectContextCustomizer@cadd41, org.springframework.boot.test.mock.mockito.MockitoContextCustomizer@b148f128], contextLoader = 'org.springframework.test.context.support.DelegatingSmartContextLoader', parent = [null]]]
10:19:11.551 [Test worker] DEBUG org.springframework.test.context.cache - Spring test ApplicationContext cache statistics: [DefaultContextCache@1d5ac51 size = 14, maxSize = 32, parentContextCount = 0, hitCount = 617, missCount = 14]
10:19:11.552 [Test worker] DEBUG org.springframework.test.context.cache.DefaultCacheAwareContextLoaderDelegate - Retrieved ApplicationContext [25193958] from cache with key [[MergedContextConfiguration@19aa9ee testClass = UserServiceImplTest, locations = '{}', classes = '{class app.library.usermgmt.user.service.UserServiceImpl}', contextInitializerClasses = '[]', activeProfiles = '{}', propertySourceLocations = '{}', propertySourceProperties = '{}', contextCustomizers = set[org.springframework.boot.test.autoconfigure.actuate.metrics.MetricsExportContextCustomizerFactory$DisableMetricExportContextCustomizer@ace400, org.springframework.boot.test.autoconfigure.properties.PropertyMappingContextCustomizer@0, org.springframework.boot.test.autoconfigure.web.servlet.WebDriverContextCustomizerFactory$Customizer@1098f9b, org.springframework.boot.test.context.filter.ExcludeFilterContextCustomizer@13d0107, org.springframework.boot.test.json.DuplicateJsonObjectContextCustomizerFactory$DuplicateJsonObjectContextCustomizer@cadd41, org.springframework.boot.test.mock.mockito.MockitoContextCustomizer@b148f128], contextLoader = 'org.springframework.test.context.support.DelegatingSmartContextLoader', parent = [null]]]
10:19:11.552 [Test worker] DEBUG org.springframework.test.context.cache - Spring test ApplicationContext cache statistics: [DefaultContextCache@1d5ac51 size = 14, maxSize = 32, parentContextCount = 0, hitCount = 618, missCount = 14]
10:19:11.552 [Test worker] DEBUG org.springframework.test.context.cache.DefaultCacheAwareContextLoaderDelegate - Retrieved ApplicationContext [25193958] from cache with key [[MergedContextConfiguration@19aa9ee testClass = UserServiceImplTest, locations = '{}', classes = '{class app.library.usermgmt.user.service.UserServiceImpl}', contextInitializerClasses = '[]', activeProfiles = '{}', propertySourceLocations = '{}', propertySourceProperties = '{}', contextCustomizers = set[org.springframework.boot.test.autoconfigure.actuate.metrics.MetricsExportContextCustomizerFactory$DisableMetricExportContextCustomizer@ace400, org.springframework.boot.test.autoconfigure.properties.PropertyMappingContextCustomizer@0, org.springframework.boot.test.autoconfigure.web.servlet.WebDriverContextCustomizerFactory$Customizer@1098f9b, org.springframework.boot.test.context.filter.ExcludeFilterContextCustomizer@13d0107, org.springframework.boot.test.json.DuplicateJsonObjectContextCustomizerFactory$DuplicateJsonObjectContextCustomizer@cadd41, org.springframework.boot.test.mock.mockito.MockitoContextCustomizer@b148f128], contextLoader = 'org.springframework.test.context.support.DelegatingSmartContextLoader', parent = [null]]]
10:19:11.552 [Test worker] DEBUG org.springframework.test.context.cache - Spring test ApplicationContext cache statistics: [DefaultContextCache@1d5ac51 size = 14, maxSize = 32, parentContextCount = 0, hitCount = 619, missCount = 14]
10:19:11.814 [Test worker] DEBUG org.springframework.test.context.cache.DefaultCacheAwareContextLoaderDelegate - Retrieved ApplicationContext [25193958] from cache with key [[MergedContextConfiguration@19aa9ee testClass = UserServiceImplTest, locations = '{}', classes = '{class app.library.usermgmt.user.service.UserServiceImpl}', contextInitializerClasses = '[]', activeProfiles = '{}', propertySourceLocations = '{}', propertySourceProperties = '{}', contextCustomizers = set[org.springframework.boot.test.autoconfigure.actuate.metrics.MetricsExportContextCustomizerFactory$DisableMetricExportContextCustomizer@ace400, org.springframework.boot.test.autoconfigure.properties.PropertyMappingContextCustomizer@0, org.springframework.boot.test.autoconfigure.web.servlet.WebDriverContextCustomizerFactory$Customizer@1098f9b, org.springframework.boot.test.context.filter.ExcludeFilterContextCustomizer@13d0107, org.springframework.boot.test.json.DuplicateJsonObjectContextCustomizerFactory$DuplicateJsonObjectContextCustomizer@cadd41, org.springframework.boot.test.mock.mockito.MockitoContextCustomizer@b148f128], contextLoader = 'org.springframework.test.context.support.DelegatingSmartContextLoader', parent = [null]]]
10:19:11.815 [Test worker] DEBUG org.springframework.test.context.cache - Spring test ApplicationContext cache statistics: [DefaultContextCache@1d5ac51 size = 14, maxSize = 32, parentContextCount = 0, hitCount = 620, missCount = 14]
10:19:11.815 [Test worker] DEBUG org.springframework.test.context.cache.DefaultCacheAwareContextLoaderDelegate - Retrieved ApplicationContext [25193958] from cache with key [[MergedContextConfiguration@19aa9ee testClass = UserServiceImplTest, locations = '{}', classes = '{class app.library.usermgmt.user.service.UserServiceImpl}', contextInitializerClasses = '[]', activeProfiles = '{}', propertySourceLocations = '{}', propertySourceProperties = '{}', contextCustomizers = set[org.springframework.boot.test.autoconfigure.actuate.metrics.MetricsExportContextCustomizerFactory$DisableMetricExportContextCustomizer@ace400, org.springframework.boot.test.autoconfigure.properties.PropertyMappingContextCustomizer@0, org.springframework.boot.test.autoconfigure.web.servlet.WebDriverContextCustomizerFactory$Customizer@1098f9b, org.springframework.boot.test.context.filter.ExcludeFilterContextCustomizer@13d0107, org.springframework.boot.test.json.DuplicateJsonObjectContextCustomizerFactory$DuplicateJsonObjectContextCustomizer@cadd41, org.springframework.boot.test.mock.mockito.MockitoContextCustomizer@b148f128], contextLoader = 'org.springframework.test.context.support.DelegatingSmartContextLoader', parent = [null]]]
10:19:11.815 [Test worker] DEBUG org.springframework.test.context.cache - Spring test ApplicationContext cache statistics: [DefaultContextCache@1d5ac51 size = 14, maxSize = 32, parentContextCount = 0, hitCount = 621, missCount = 14]
10:19:11.816 [Test worker] DEBUG org.springframework.test.context.cache.DefaultCacheAwareContextLoaderDelegate - Retrieved ApplicationContext [25193958] from cache with key [[MergedContextConfiguration@19aa9ee testClass = UserServiceImplTest, locations = '{}', classes = '{class app.library.usermgmt.user.service.UserServiceImpl}', contextInitializerClasses = '[]', activeProfiles = '{}', propertySourceLocations = '{}', propertySourceProperties = '{}', contextCustomizers = set[org.springframework.boot.test.autoconfigure.actuate.metrics.MetricsExportContextCustomizerFactory$DisableMetricExportContextCustomizer@ace400, org.springframework.boot.test.autoconfigure.properties.PropertyMappingContextCustomizer@0, org.springframework.boot.test.autoconfigure.web.servlet.WebDriverContextCustomizerFactory$Customizer@1098f9b, org.springframework.boot.test.context.filter.ExcludeFilterContextCustomizer@13d0107, org.springframework.boot.test.json.DuplicateJsonObjectContextCustomizerFactory$DuplicateJsonObjectContextCustomizer@cadd41, org.springframework.boot.test.mock.mockito.MockitoContextCustomizer@b148f128], contextLoader = 'org.springframework.test.context.support.DelegatingSmartContextLoader', parent = [null]]]
10:19:11.817 [Test worker] DEBUG org.springframework.test.context.cache - Spring test ApplicationContext cache statistics: [DefaultContextCache@1d5ac51 size = 14, maxSize = 32, parentContextCount = 0, hitCount = 622, missCount = 14]
10:19:11.817 [Test worker] DEBUG org.springframework.test.context.cache.DefaultCacheAwareContextLoaderDelegate - Retrieved ApplicationContext [25193958] from cache with key [[MergedContextConfiguration@19aa9ee testClass = UserServiceImplTest, locations = '{}', classes = '{class app.library.usermgmt.user.service.UserServiceImpl}', contextInitializerClasses = '[]', activeProfiles = '{}', propertySourceLocations = '{}', propertySourceProperties = '{}', contextCustomizers = set[org.springframework.boot.test.autoconfigure.actuate.metrics.MetricsExportContextCustomizerFactory$DisableMetricExportContextCustomizer@ace400, org.springframework.boot.test.autoconfigure.properties.PropertyMappingContextCustomizer@0, org.springframework.boot.test.autoconfigure.web.servlet.WebDriverContextCustomizerFactory$Customizer@1098f9b, org.springframework.boot.test.context.filter.ExcludeFilterContextCustomizer@13d0107, org.springframework.boot.test.json.DuplicateJsonObjectContextCustomizerFactory$DuplicateJsonObjectContextCustomizer@cadd41, org.springframework.boot.test.mock.mockito.MockitoContextCustomizer@b148f128], contextLoader = 'org.springframework.test.context.support.DelegatingSmartContextLoader', parent = [null]]]
10:19:11.817 [Test worker] DEBUG org.springframework.test.context.cache - Spring test ApplicationContext cache statistics: [DefaultContextCache@1d5ac51 size = 14, maxSize = 32, parentContextCount = 0, hitCount = 623, missCount = 14]
10:19:11.817 [Test worker] DEBUG org.springframework.test.context.cache.DefaultCacheAwareContextLoaderDelegate - Retrieved ApplicationContext [25193958] from cache with key [[MergedContextConfiguration@19aa9ee testClass = UserServiceImplTest, locations = '{}', classes = '{class app.library.usermgmt.user.service.UserServiceImpl}', contextInitializerClasses = '[]', activeProfiles = '{}', propertySourceLocations = '{}', propertySourceProperties = '{}', contextCustomizers = set[org.springframework.boot.test.autoconfigure.actuate.metrics.MetricsExportContextCustomizerFactory$DisableMetricExportContextCustomizer@ace400, org.springframework.boot.test.autoconfigure.properties.PropertyMappingContextCustomizer@0, org.springframework.boot.test.autoconfigure.web.servlet.WebDriverContextCustomizerFactory$Customizer@1098f9b, org.springframework.boot.test.context.filter.ExcludeFilterContextCustomizer@13d0107, org.springframework.boot.test.json.DuplicateJsonObjectContextCustomizerFactory$DuplicateJsonObjectContextCustomizer@cadd41, org.springframework.boot.test.mock.mockito.MockitoContextCustomizer@b148f128], contextLoader = 'org.springframework.test.context.support.DelegatingSmartContextLoader', parent = [null]]]
10:19:11.817 [Test worker] DEBUG org.springframework.test.context.cache - Spring test ApplicationContext cache statistics: [DefaultContextCache@1d5ac51 size = 14, maxSize = 32, parentContextCount = 0, hitCount = 624, missCount = 14]
10:19:11.818 [Test worker] DEBUG org.springframework.test.context.cache.DefaultCacheAwareContextLoaderDelegate - Retrieved ApplicationContext [25193958] from cache with key [[MergedContextConfiguration@19aa9ee testClass = UserServiceImplTest, locations = '{}', classes = '{class app.library.usermgmt.user.service.UserServiceImpl}', contextInitializerClasses = '[]', activeProfiles = '{}', propertySourceLocations = '{}', propertySourceProperties = '{}', contextCustomizers = set[org.springframework.boot.test.autoconfigure.actuate.metrics.MetricsExportContextCustomizerFactory$DisableMetricExportContextCustomizer@ace400, org.springframework.boot.test.autoconfigure.properties.PropertyMappingContextCustomizer@0, org.springframework.boot.test.autoconfigure.web.servlet.WebDriverContextCustomizerFactory$Customizer@1098f9b, org.springframework.boot.test.context.filter.ExcludeFilterContextCustomizer@13d0107, org.springframework.boot.test.json.DuplicateJsonObjectContextCustomizerFactory$DuplicateJsonObjectContextCustomizer@cadd41, org.springframework.boot.test.mock.mockito.MockitoContextCustomizer@b148f128], contextLoader = 'org.springframework.test.context.support.DelegatingSmartContextLoader', parent = [null]]]
10:19:11.818 [Test worker] DEBUG org.springframework.test.context.cache - Spring test ApplicationContext cache statistics: [DefaultContextCache@1d5ac51 size = 14, maxSize = 32, parentContextCount = 0, hitCount = 625, missCount = 14]
10:19:11.819 [Test worker] DEBUG org.springframework.test.context.support.AbstractDirtiesContextTestExecutionListener - After test method: context [DefaultTestContext@f3ba6a testClass = UserServiceImplTest, testInstance = app.library.usermgmt.user.service.UserServiceImplTest@1e6c22a, testMethod = testRegisterUser2@UserServiceImplTest, testException = [null], mergedContextConfiguration = [MergedContextConfiguration@19aa9ee testClass = UserServiceImplTest, locations = '{}', classes = '{class app.library.usermgmt.user.service.UserServiceImpl}', contextInitializerClasses = '[]', activeProfiles = '{}', propertySourceLocations = '{}', propertySourceProperties = '{}', contextCustomizers = set[org.springframework.boot.test.autoconfigure.actuate.metrics.MetricsExportContextCustomizerFactory$DisableMetricExportContextCustomizer@ace400, org.springframework.boot.test.autoconfigure.properties.PropertyMappingContextCustomizer@0, org.springframework.boot.test.autoconfigure.web.servlet.WebDriverContextCustomizerFactory$Customizer@1098f9b, org.springframework.boot.test.context.filter.ExcludeFilterContextCustomizer@13d0107, org.springframework.boot.test.json.DuplicateJsonObjectContextCustomizerFactory$DuplicateJsonObjectContextCustomizer@cadd41, org.springframework.boot.test.mock.mockito.MockitoContextCustomizer@b148f128], contextLoader = 'org.springframework.test.context.support.DelegatingSmartContextLoader', parent = [null]], attributes = map['org.springframework.test.context.event.ApplicationEventsTestExecutionListener.recordApplicationEvents' -> false]], class annotated with @DirtiesContext [false] with mode [null], method annotated with @DirtiesContext [false] with mode [null].
10:19:11.820 [Test worker] DEBUG org.springframework.test.context.cache.DefaultCacheAwareContextLoaderDelegate - Retrieved ApplicationContext [25193958] from cache with key [[MergedContextConfiguration@19aa9ee testClass = UserServiceImplTest, locations = '{}', classes = '{class app.library.usermgmt.user.service.UserServiceImpl}', contextInitializerClasses = '[]', activeProfiles = '{}', propertySourceLocations = '{}', propertySourceProperties = '{}', contextCustomizers = set[org.springframework.boot.test.autoconfigure.actuate.metrics.MetricsExportContextCustomizerFactory$DisableMetricExportContextCustomizer@ace400, org.springframework.boot.test.autoconfigure.properties.PropertyMappingContextCustomizer@0, org.springframework.boot.test.autoconfigure.web.servlet.WebDriverContextCustomizerFactory$Customizer@1098f9b, org.springframework.boot.test.context.filter.ExcludeFilterContextCustomizer@13d0107, org.springframework.boot.test.json.DuplicateJsonObjectContextCustomizerFactory$DuplicateJsonObjectContextCustomizer@cadd41, org.springframework.boot.test.mock.mockito.MockitoContextCustomizer@b148f128], contextLoader = 'org.springframework.test.context.support.DelegatingSmartContextLoader', parent = [null]]]
10:19:11.820 [Test worker] DEBUG org.springframework.test.context.cache - Spring test ApplicationContext cache statistics: [DefaultContextCache@1d5ac51 size = 14, maxSize = 32, parentContextCount = 0, hitCount = 626, missCount = 14]
10:19:11.820 [Test worker] DEBUG org.springframework.test.context.support.DependencyInjectionTestExecutionListener - Performing dependency injection for test context [[DefaultTestContext@f3ba6a testClass = UserServiceImplTest, testInstance = app.library.usermgmt.user.service.UserServiceImplTest@106be0f, testMethod = [null], testException = [null], mergedContextConfiguration = [MergedContextConfiguration@19aa9ee testClass = UserServiceImplTest, locations = '{}', classes = '{class app.library.usermgmt.user.service.UserServiceImpl}', contextInitializerClasses = '[]', activeProfiles = '{}', propertySourceLocations = '{}', propertySourceProperties = '{}', contextCustomizers = set[org.springframework.boot.test.autoconfigure.actuate.metrics.MetricsExportContextCustomizerFactory$DisableMetricExportContextCustomizer@ace400, org.springframework.boot.test.autoconfigure.properties.PropertyMappingContextCustomizer@0, org.springframework.boot.test.autoconfigure.web.servlet.WebDriverContextCustomizerFactory$Customizer@1098f9b, org.springframework.boot.test.context.filter.ExcludeFilterContextCustomizer@13d0107, org.springframework.boot.test.json.DuplicateJsonObjectContextCustomizerFactory$DuplicateJsonObjectContextCustomizer@cadd41, org.springframework.boot.test.mock.mockito.MockitoContextCustomizer@b148f128], contextLoader = 'org.springframework.test.context.support.DelegatingSmartContextLoader', parent = [null]], attributes = map['org.springframework.test.context.event.ApplicationEventsTestExecutionListener.recordApplicationEvents' -> false]]].
10:19:11.820 [Test worker] DEBUG org.springframework.test.context.cache.DefaultCacheAwareContextLoaderDelegate - Retrieved ApplicationContext [25193958] from cache with key [[MergedContextConfiguration@19aa9ee testClass = UserServiceImplTest, locations = '{}', classes = '{class app.library.usermgmt.user.service.UserServiceImpl}', contextInitializerClasses = '[]', activeProfiles = '{}', propertySourceLocations = '{}', propertySourceProperties = '{}', contextCustomizers = set[org.springframework.boot.test.autoconfigure.actuate.metrics.MetricsExportContextCustomizerFactory$DisableMetricExportContextCustomizer@ace400, org.springframework.boot.test.autoconfigure.properties.PropertyMappingContextCustomizer@0, org.springframework.boot.test.autoconfigure.web.servlet.WebDriverContextCustomizerFactory$Customizer@1098f9b, org.springframework.boot.test.context.filter.ExcludeFilterContextCustomizer@13d0107, org.springframework.boot.test.json.DuplicateJsonObjectContextCustomizerFactory$DuplicateJsonObjectContextCustomizer@cadd41, org.springframework.boot.test.mock.mockito.MockitoContextCustomizer@b148f128], contextLoader = 'org.springframework.test.context.support.DelegatingSmartContextLoader', parent = [null]]]
10:19:11.820 [Test worker] DEBUG org.springframework.test.context.cache - Spring test ApplicationContext cache statistics: [DefaultContextCache@1d5ac51 size = 14, maxSize = 32, parentContextCount = 0, hitCount = 627, missCount = 14]
10:19:11.821 [Test worker] DEBUG org.springframework.test.context.cache.DefaultCacheAwareContextLoaderDelegate - Retrieved ApplicationContext [25193958] from cache with key [[MergedContextConfiguration@19aa9ee testClass = UserServiceImplTest, locations = '{}', classes = '{class app.library.usermgmt.user.service.UserServiceImpl}', contextInitializerClasses = '[]', activeProfiles = '{}', propertySourceLocations = '{}', propertySourceProperties = '{}', contextCustomizers = set[org.springframework.boot.test.autoconfigure.actuate.metrics.MetricsExportContextCustomizerFactory$DisableMetricExportContextCustomizer@ace400, org.springframework.boot.test.autoconfigure.properties.PropertyMappingContextCustomizer@0, org.springframework.boot.test.autoconfigure.web.servlet.WebDriverContextCustomizerFactory$Customizer@1098f9b, org.springframework.boot.test.context.filter.ExcludeFilterContextCustomizer@13d0107, org.springframework.boot.test.json.DuplicateJsonObjectContextCustomizerFactory$DuplicateJsonObjectContextCustomizer@cadd41, org.springframework.boot.test.mock.mockito.MockitoContextCustomizer@b148f128], contextLoader = 'org.springframework.test.context.support.DelegatingSmartContextLoader', parent = [null]]]
10:19:11.821 [Test worker] DEBUG org.springframework.test.context.cache - Spring test ApplicationContext cache statistics: [DefaultContextCache@1d5ac51 size = 14, maxSize = 32, parentContextCount = 0, hitCount = 628, missCount = 14]
10:19:11.822 [Test worker] DEBUG org.springframework.test.context.support.AbstractDirtiesContextTestExecutionListener - Before test method: context [DefaultTestContext@f3ba6a testClass = UserServiceImplTest, testInstance = app.library.usermgmt.user.service.UserServiceImplTest@106be0f, testMethod = testRegisterUser3@UserServiceImplTest, testException = [null], mergedContextConfiguration = [MergedContextConfiguration@19aa9ee testClass = UserServiceImplTest, locations = '{}', classes = '{class app.library.usermgmt.user.service.UserServiceImpl}', contextInitializerClasses = '[]', activeProfiles = '{}', propertySourceLocations = '{}', propertySourceProperties = '{}', contextCustomizers = set[org.springframework.boot.test.autoconfigure.actuate.metrics.MetricsExportContextCustomizerFactory$DisableMetricExportContextCustomizer@ace400, org.springframework.boot.test.autoconfigure.properties.PropertyMappingContextCustomizer@0, org.springframework.boot.test.autoconfigure.web.servlet.WebDriverContextCustomizerFactory$Customizer@1098f9b, org.springframework.boot.test.context.filter.ExcludeFilterContextCustomizer@13d0107, org.springframework.boot.test.json.DuplicateJsonObjectContextCustomizerFactory$DuplicateJsonObjectContextCustomizer@cadd41, org.springframework.boot.test.mock.mockito.MockitoContextCustomizer@b148f128], contextLoader = 'org.springframework.test.context.support.DelegatingSmartContextLoader', parent = [null]], attributes = map['org.springframework.test.context.event.ApplicationEventsTestExecutionListener.recordApplicationEvents' -> false]], class annotated with @DirtiesContext [false] with mode [null], method annotated with @DirtiesContext [false] with mode [null].
10:19:11.823 [Test worker] DEBUG org.springframework.test.context.cache.DefaultCacheAwareContextLoaderDelegate - Retrieved ApplicationContext [25193958] from cache with key [[MergedContextConfiguration@19aa9ee testClass = UserServiceImplTest, locations = '{}', classes = '{class app.library.usermgmt.user.service.UserServiceImpl}', contextInitializerClasses = '[]', activeProfiles = '{}', propertySourceLocations = '{}', propertySourceProperties = '{}', contextCustomizers = set[org.springframework.boot.test.autoconfigure.actuate.metrics.MetricsExportContextCustomizerFactory$DisableMetricExportContextCustomizer@ace400, org.springframework.boot.test.autoconfigure.properties.PropertyMappingContextCustomizer@0, org.springframework.boot.test.autoconfigure.web.servlet.WebDriverContextCustomizerFactory$Customizer@1098f9b, org.springframework.boot.test.context.filter.ExcludeFilterContextCustomizer@13d0107, org.springframework.boot.test.json.DuplicateJsonObjectContextCustomizerFactory$DuplicateJsonObjectContextCustomizer@cadd41, org.springframework.boot.test.mock.mockito.MockitoContextCustomizer@b148f128], contextLoader = 'org.springframework.test.context.support.DelegatingSmartContextLoader', parent = [null]]]
10:19:11.823 [Test worker] DEBUG org.springframework.test.context.cache - Spring test ApplicationContext cache statistics: [DefaultContextCache@1d5ac51 size = 14, maxSize = 32, parentContextCount = 0, hitCount = 629, missCount = 14]
10:19:11.824 [Test worker] DEBUG org.springframework.test.context.cache.DefaultCacheAwareContextLoaderDelegate - Retrieved ApplicationContext [25193958] from cache with key [[MergedContextConfiguration@19aa9ee testClass = UserServiceImplTest, locations = '{}', classes = '{class app.library.usermgmt.user.service.UserServiceImpl}', contextInitializerClasses = '[]', activeProfiles = '{}', propertySourceLocations = '{}', propertySourceProperties = '{}', contextCustomizers = set[org.springframework.boot.test.autoconfigure.actuate.metrics.MetricsExportContextCustomizerFactory$DisableMetricExportContextCustomizer@ace400, org.springframework.boot.test.autoconfigure.properties.PropertyMappingContextCustomizer@0, org.springframework.boot.test.autoconfigure.web.servlet.WebDriverContextCustomizerFactory$Customizer@1098f9b, org.springframework.boot.test.context.filter.ExcludeFilterContextCustomizer@13d0107, org.springframework.boot.test.json.DuplicateJsonObjectContextCustomizerFactory$DuplicateJsonObjectContextCustomizer@cadd41, org.springframework.boot.test.mock.mockito.MockitoContextCustomizer@b148f128], contextLoader = 'org.springframework.test.context.support.DelegatingSmartContextLoader', parent = [null]]]
10:19:11.824 [Test worker] DEBUG org.springframework.test.context.cache - Spring test ApplicationContext cache statistics: [DefaultContextCache@1d5ac51 size = 14, maxSize = 32, parentContextCount = 0, hitCount = 630, missCount = 14]
10:19:11.824 [Test worker] DEBUG org.springframework.test.context.cache.DefaultCacheAwareContextLoaderDelegate - Retrieved ApplicationContext [25193958] from cache with key [[MergedContextConfiguration@19aa9ee testClass = UserServiceImplTest, locations = '{}', classes = '{class app.library.usermgmt.user.service.UserServiceImpl}', contextInitializerClasses = '[]', activeProfiles = '{}', propertySourceLocations = '{}', propertySourceProperties = '{}', contextCustomizers = set[org.springframework.boot.test.autoconfigure.actuate.metrics.MetricsExportContextCustomizerFactory$DisableMetricExportContextCustomizer@ace400, org.springframework.boot.test.autoconfigure.properties.PropertyMappingContextCustomizer@0, org.springframework.boot.test.autoconfigure.web.servlet.WebDriverContextCustomizerFactory$Customizer@1098f9b, org.springframework.boot.test.context.filter.ExcludeFilterContextCustomizer@13d0107, org.springframework.boot.test.json.DuplicateJsonObjectContextCustomizerFactory$DuplicateJsonObjectContextCustomizer@cadd41, org.springframework.boot.test.mock.mockito.MockitoContextCustomizer@b148f128], contextLoader = 'org.springframework.test.context.support.DelegatingSmartContextLoader', parent = [null]]]
10:19:11.824 [Test worker] DEBUG org.springframework.test.context.cache - Spring test ApplicationContext cache statistics: [DefaultContextCache@1d5ac51 size = 14, maxSize = 32, parentContextCount = 0, hitCount = 631, missCount = 14]
10:19:11.965 [Test worker] DEBUG org.springframework.test.context.cache.DefaultCacheAwareContextLoaderDelegate - Retrieved ApplicationContext [25193958] from cache with key [[MergedContextConfiguration@19aa9ee testClass = UserServiceImplTest, locations = '{}', classes = '{class app.library.usermgmt.user.service.UserServiceImpl}', contextInitializerClasses = '[]', activeProfiles = '{}', propertySourceLocations = '{}', propertySourceProperties = '{}', contextCustomizers = set[org.springframework.boot.test.autoconfigure.actuate.metrics.MetricsExportContextCustomizerFactory$DisableMetricExportContextCustomizer@ace400, org.springframework.boot.test.autoconfigure.properties.PropertyMappingContextCustomizer@0, org.springframework.boot.test.autoconfigure.web.servlet.WebDriverContextCustomizerFactory$Customizer@1098f9b, org.springframework.boot.test.context.filter.ExcludeFilterContextCustomizer@13d0107, org.springframework.boot.test.json.DuplicateJsonObjectContextCustomizerFactory$DuplicateJsonObjectContextCustomizer@cadd41, org.springframework.boot.test.mock.mockito.MockitoContextCustomizer@b148f128], contextLoader = 'org.springframework.test.context.support.DelegatingSmartContextLoader', parent = [null]]]
10:19:11.965 [Test worker] DEBUG org.springframework.test.context.cache - Spring test ApplicationContext cache statistics: [DefaultContextCache@1d5ac51 size = 14, maxSize = 32, parentContextCount = 0, hitCount = 632, missCount = 14]
10:19:11.965 [Test worker] DEBUG org.springframework.test.context.cache.DefaultCacheAwareContextLoaderDelegate - Retrieved ApplicationContext [25193958] from cache with key [[MergedContextConfiguration@19aa9ee testClass = UserServiceImplTest, locations = '{}', classes = '{class app.library.usermgmt.user.service.UserServiceImpl}', contextInitializerClasses = '[]', activeProfiles = '{}', propertySourceLocations = '{}', propertySourceProperties = '{}', contextCustomizers = set[org.springframework.boot.test.autoconfigure.actuate.metrics.MetricsExportContextCustomizerFactory$DisableMetricExportContextCustomizer@ace400, org.springframework.boot.test.autoconfigure.properties.PropertyMappingContextCustomizer@0, org.springframework.boot.test.autoconfigure.web.servlet.WebDriverContextCustomizerFactory$Customizer@1098f9b, org.springframework.boot.test.context.filter.ExcludeFilterContextCustomizer@13d0107, org.springframework.boot.test.json.DuplicateJsonObjectContextCustomizerFactory$DuplicateJsonObjectContextCustomizer@cadd41, org.springframework.boot.test.mock.mockito.MockitoContextCustomizer@b148f128], contextLoader = 'org.springframework.test.context.support.DelegatingSmartContextLoader', parent = [null]]]
10:19:11.965 [Test worker] DEBUG org.springframework.test.context.cache - Spring test ApplicationContext cache statistics: [DefaultContextCache@1d5ac51 size = 14, maxSize = 32, parentContextCount = 0, hitCount = 633, missCount = 14]
10:19:11.968 [Test worker] DEBUG org.springframework.test.context.cache.DefaultCacheAwareContextLoaderDelegate - Retrieved ApplicationContext [25193958] from cache with key [[MergedContextConfiguration@19aa9ee testClass = UserServiceImplTest, locations = '{}', classes = '{class app.library.usermgmt.user.service.UserServiceImpl}', contextInitializerClasses = '[]', activeProfiles = '{}', propertySourceLocations = '{}', propertySourceProperties = '{}', contextCustomizers = set[org.springframework.boot.test.autoconfigure.actuate.metrics.MetricsExportContextCustomizerFactory$DisableMetricExportContextCustomizer@ace400, org.springframework.boot.test.autoconfigure.properties.PropertyMappingContextCustomizer@0, org.springframework.boot.test.autoconfigure.web.servlet.WebDriverContextCustomizerFactory$Customizer@1098f9b, org.springframework.boot.test.context.filter.ExcludeFilterContextCustomizer@13d0107, org.springframework.boot.test.json.DuplicateJsonObjectContextCustomizerFactory$DuplicateJsonObjectContextCustomizer@cadd41, org.springframework.boot.test.mock.mockito.MockitoContextCustomizer@b148f128], contextLoader = 'org.springframework.test.context.support.DelegatingSmartContextLoader', parent = [null]]]
10:19:11.968 [Test worker] DEBUG org.springframework.test.context.cache - Spring test ApplicationContext cache statistics: [DefaultContextCache@1d5ac51 size = 14, maxSize = 32, parentContextCount = 0, hitCount = 634, missCount = 14]
10:19:11.968 [Test worker] DEBUG org.springframework.test.context.cache.DefaultCacheAwareContextLoaderDelegate - Retrieved ApplicationContext [25193958] from cache with key [[MergedContextConfiguration@19aa9ee testClass = UserServiceImplTest, locations = '{}', classes = '{class app.library.usermgmt.user.service.UserServiceImpl}', contextInitializerClasses = '[]', activeProfiles = '{}', propertySourceLocations = '{}', propertySourceProperties = '{}', contextCustomizers = set[org.springframework.boot.test.autoconfigure.actuate.metrics.MetricsExportContextCustomizerFactory$DisableMetricExportContextCustomizer@ace400, org.springframework.boot.test.autoconfigure.properties.PropertyMappingContextCustomizer@0, org.springframework.boot.test.autoconfigure.web.servlet.WebDriverContextCustomizerFactory$Customizer@1098f9b, org.springframework.boot.test.context.filter.ExcludeFilterContextCustomizer@13d0107, org.springframework.boot.test.json.DuplicateJsonObjectContextCustomizerFactory$DuplicateJsonObjectContextCustomizer@cadd41, org.springframework.boot.test.mock.mockito.MockitoContextCustomizer@b148f128], contextLoader = 'org.springframework.test.context.support.DelegatingSmartContextLoader', parent = [null]]]
10:19:11.968 [Test worker] DEBUG org.springframework.test.context.cache - Spring test ApplicationContext cache statistics: [DefaultContextCache@1d5ac51 size = 14, maxSize = 32, parentContextCount = 0, hitCount = 635, missCount = 14]
10:19:11.968 [Test worker] DEBUG org.springframework.test.context.cache.DefaultCacheAwareContextLoaderDelegate - Retrieved ApplicationContext [25193958] from cache with key [[MergedContextConfiguration@19aa9ee testClass = UserServiceImplTest, locations = '{}', classes = '{class app.library.usermgmt.user.service.UserServiceImpl}', contextInitializerClasses = '[]', activeProfiles = '{}', propertySourceLocations = '{}', propertySourceProperties = '{}', contextCustomizers = set[org.springframework.boot.test.autoconfigure.actuate.metrics.MetricsExportContextCustomizerFactory$DisableMetricExportContextCustomizer@ace400, org.springframework.boot.test.autoconfigure.properties.PropertyMappingContextCustomizer@0, org.springframework.boot.test.autoconfigure.web.servlet.WebDriverContextCustomizerFactory$Customizer@1098f9b, org.springframework.boot.test.context.filter.ExcludeFilterContextCustomizer@13d0107, org.springframework.boot.test.json.DuplicateJsonObjectContextCustomizerFactory$DuplicateJsonObjectContextCustomizer@cadd41, org.springframework.boot.test.mock.mockito.MockitoContextCustomizer@b148f128], contextLoader = 'org.springframework.test.context.support.DelegatingSmartContextLoader', parent = [null]]]
10:19:11.968 [Test worker] DEBUG org.springframework.test.context.cache - Spring test ApplicationContext cache statistics: [DefaultContextCache@1d5ac51 size = 14, maxSize = 32, parentContextCount = 0, hitCount = 636, missCount = 14]
10:19:11.969 [Test worker] DEBUG org.springframework.test.context.cache.DefaultCacheAwareContextLoaderDelegate - Retrieved ApplicationContext [25193958] from cache with key [[MergedContextConfiguration@19aa9ee testClass = UserServiceImplTest, locations = '{}', classes = '{class app.library.usermgmt.user.service.UserServiceImpl}', contextInitializerClasses = '[]', activeProfiles = '{}', propertySourceLocations = '{}', propertySourceProperties = '{}', contextCustomizers = set[org.springframework.boot.test.autoconfigure.actuate.metrics.MetricsExportContextCustomizerFactory$DisableMetricExportContextCustomizer@ace400, org.springframework.boot.test.autoconfigure.properties.PropertyMappingContextCustomizer@0, org.springframework.boot.test.autoconfigure.web.servlet.WebDriverContextCustomizerFactory$Customizer@1098f9b, org.springframework.boot.test.context.filter.ExcludeFilterContextCustomizer@13d0107, org.springframework.boot.test.json.DuplicateJsonObjectContextCustomizerFactory$DuplicateJsonObjectContextCustomizer@cadd41, org.springframework.boot.test.mock.mockito.MockitoContextCustomizer@b148f128], contextLoader = 'org.springframework.test.context.support.DelegatingSmartContextLoader', parent = [null]]]
10:19:11.969 [Test worker] DEBUG org.springframework.test.context.cache - Spring test ApplicationContext cache statistics: [DefaultContextCache@1d5ac51 size = 14, maxSize = 32, parentContextCount = 0, hitCount = 637, missCount = 14]
10:19:11.969 [Test worker] DEBUG org.springframework.test.context.support.AbstractDirtiesContextTestExecutionListener - After test method: context [DefaultTestContext@f3ba6a testClass = UserServiceImplTest, testInstance = app.library.usermgmt.user.service.UserServiceImplTest@106be0f, testMethod = testRegisterUser3@UserServiceImplTest, testException = [null], mergedContextConfiguration = [MergedContextConfiguration@19aa9ee testClass = UserServiceImplTest, locations = '{}', classes = '{class app.library.usermgmt.user.service.UserServiceImpl}', contextInitializerClasses = '[]', activeProfiles = '{}', propertySourceLocations = '{}', propertySourceProperties = '{}', contextCustomizers = set[org.springframework.boot.test.autoconfigure.actuate.metrics.MetricsExportContextCustomizerFactory$DisableMetricExportContextCustomizer@ace400, org.springframework.boot.test.autoconfigure.properties.PropertyMappingContextCustomizer@0, org.springframework.boot.test.autoconfigure.web.servlet.WebDriverContextCustomizerFactory$Customizer@1098f9b, org.springframework.boot.test.context.filter.ExcludeFilterContextCustomizer@13d0107, org.springframework.boot.test.json.DuplicateJsonObjectContextCustomizerFactory$DuplicateJsonObjectContextCustomizer@cadd41, org.springframework.boot.test.mock.mockito.MockitoContextCustomizer@b148f128], contextLoader = 'org.springframework.test.context.support.DelegatingSmartContextLoader', parent = [null]], attributes = map['org.springframework.test.context.event.ApplicationEventsTestExecutionListener.recordApplicationEvents' -> false]], class annotated with @DirtiesContext [false] with mode [null], method annotated with @DirtiesContext [false] with mode [null].
10:19:11.970 [Test worker] DEBUG org.springframework.test.context.cache.DefaultCacheAwareContextLoaderDelegate - Retrieved ApplicationContext [25193958] from cache with key [[MergedContextConfiguration@19aa9ee testClass = UserServiceImplTest, locations = '{}', classes = '{class app.library.usermgmt.user.service.UserServiceImpl}', contextInitializerClasses = '[]', activeProfiles = '{}', propertySourceLocations = '{}', propertySourceProperties = '{}', contextCustomizers = set[org.springframework.boot.test.autoconfigure.actuate.metrics.MetricsExportContextCustomizerFactory$DisableMetricExportContextCustomizer@ace400, org.springframework.boot.test.autoconfigure.properties.PropertyMappingContextCustomizer@0, org.springframework.boot.test.autoconfigure.web.servlet.WebDriverContextCustomizerFactory$Customizer@1098f9b, org.springframework.boot.test.context.filter.ExcludeFilterContextCustomizer@13d0107, org.springframework.boot.test.json.DuplicateJsonObjectContextCustomizerFactory$DuplicateJsonObjectContextCustomizer@cadd41, org.springframework.boot.test.mock.mockito.MockitoContextCustomizer@b148f128], contextLoader = 'org.springframework.test.context.support.DelegatingSmartContextLoader', parent = [null]]]
10:19:11.970 [Test worker] DEBUG org.springframework.test.context.cache - Spring test ApplicationContext cache statistics: [DefaultContextCache@1d5ac51 size = 14, maxSize = 32, parentContextCount = 0, hitCount = 638, missCount = 14]
10:19:11.971 [Test worker] DEBUG org.springframework.test.context.support.DependencyInjectionTestExecutionListener - Performing dependency injection for test context [[DefaultTestContext@f3ba6a testClass = UserServiceImplTest, testInstance = app.library.usermgmt.user.service.UserServiceImplTest@1796a, testMethod = [null], testException = [null], mergedContextConfiguration = [MergedContextConfiguration@19aa9ee testClass = UserServiceImplTest, locations = '{}', classes = '{class app.library.usermgmt.user.service.UserServiceImpl}', contextInitializerClasses = '[]', activeProfiles = '{}', propertySourceLocations = '{}', propertySourceProperties = '{}', contextCustomizers = set[org.springframework.boot.test.autoconfigure.actuate.metrics.MetricsExportContextCustomizerFactory$DisableMetricExportContextCustomizer@ace400, org.springframework.boot.test.autoconfigure.properties.PropertyMappingContextCustomizer@0, org.springframework.boot.test.autoconfigure.web.servlet.WebDriverContextCustomizerFactory$Customizer@1098f9b, org.springframework.boot.test.context.filter.ExcludeFilterContextCustomizer@13d0107, org.springframework.boot.test.json.DuplicateJsonObjectContextCustomizerFactory$DuplicateJsonObjectContextCustomizer@cadd41, org.springframework.boot.test.mock.mockito.MockitoContextCustomizer@b148f128], contextLoader = 'org.springframework.test.context.support.DelegatingSmartContextLoader', parent = [null]], attributes = map['org.springframework.test.context.event.ApplicationEventsTestExecutionListener.recordApplicationEvents' -> false]]].
10:19:11.971 [Test worker] DEBUG org.springframework.test.context.cache.DefaultCacheAwareContextLoaderDelegate - Retrieved ApplicationContext [25193958] from cache with key [[MergedContextConfiguration@19aa9ee testClass = UserServiceImplTest, locations = '{}', classes = '{class app.library.usermgmt.user.service.UserServiceImpl}', contextInitializerClasses = '[]', activeProfiles = '{}', propertySourceLocations = '{}', propertySourceProperties = '{}', contextCustomizers = set[org.springframework.boot.test.autoconfigure.actuate.metrics.MetricsExportContextCustomizerFactory$DisableMetricExportContextCustomizer@ace400, org.springframework.boot.test.autoconfigure.properties.PropertyMappingContextCustomizer@0, org.springframework.boot.test.autoconfigure.web.servlet.WebDriverContextCustomizerFactory$Customizer@1098f9b, org.springframework.boot.test.context.filter.ExcludeFilterContextCustomizer@13d0107, org.springframework.boot.test.json.DuplicateJsonObjectContextCustomizerFactory$DuplicateJsonObjectContextCustomizer@cadd41, org.springframework.boot.test.mock.mockito.MockitoContextCustomizer@b148f128], contextLoader = 'org.springframework.test.context.support.DelegatingSmartContextLoader', parent = [null]]]
10:19:11.971 [Test worker] DEBUG org.springframework.test.context.cache - Spring test ApplicationContext cache statistics: [DefaultContextCache@1d5ac51 size = 14, maxSize = 32, parentContextCount = 0, hitCount = 639, missCount = 14]
10:19:11.971 [Test worker] DEBUG org.springframework.test.context.cache.DefaultCacheAwareContextLoaderDelegate - Retrieved ApplicationContext [25193958] from cache with key [[MergedContextConfiguration@19aa9ee testClass = UserServiceImplTest, locations = '{}', classes = '{class app.library.usermgmt.user.service.UserServiceImpl}', contextInitializerClasses = '[]', activeProfiles = '{}', propertySourceLocations = '{}', propertySourceProperties = '{}', contextCustomizers = set[org.springframework.boot.test.autoconfigure.actuate.metrics.MetricsExportContextCustomizerFactory$DisableMetricExportContextCustomizer@ace400, org.springframework.boot.test.autoconfigure.properties.PropertyMappingContextCustomizer@0, org.springframework.boot.test.autoconfigure.web.servlet.WebDriverContextCustomizerFactory$Customizer@1098f9b, org.springframework.boot.test.context.filter.ExcludeFilterContextCustomizer@13d0107, org.springframework.boot.test.json.DuplicateJsonObjectContextCustomizerFactory$DuplicateJsonObjectContextCustomizer@cadd41, org.springframework.boot.test.mock.mockito.MockitoContextCustomizer@b148f128], contextLoader = 'org.springframework.test.context.support.DelegatingSmartContextLoader', parent = [null]]]
10:19:11.971 [Test worker] DEBUG org.springframework.test.context.cache - Spring test ApplicationContext cache statistics: [DefaultContextCache@1d5ac51 size = 14, maxSize = 32, parentContextCount = 0, hitCount = 640, missCount = 14]
10:19:11.972 [Test worker] DEBUG org.springframework.test.context.support.AbstractDirtiesContextTestExecutionListener - Before test method: context [DefaultTestContext@f3ba6a testClass = UserServiceImplTest, testInstance = app.library.usermgmt.user.service.UserServiceImplTest@1796a, testMethod = testLoginUser2@UserServiceImplTest, testException = [null], mergedContextConfiguration = [MergedContextConfiguration@19aa9ee testClass = UserServiceImplTest, locations = '{}', classes = '{class app.library.usermgmt.user.service.UserServiceImpl}', contextInitializerClasses = '[]', activeProfiles = '{}', propertySourceLocations = '{}', propertySourceProperties = '{}', contextCustomizers = set[org.springframework.boot.test.autoconfigure.actuate.metrics.MetricsExportContextCustomizerFactory$DisableMetricExportContextCustomizer@ace400, org.springframework.boot.test.autoconfigure.properties.PropertyMappingContextCustomizer@0, org.springframework.boot.test.autoconfigure.web.servlet.WebDriverContextCustomizerFactory$Customizer@1098f9b, org.springframework.boot.test.context.filter.ExcludeFilterContextCustomizer@13d0107, org.springframework.boot.test.json.DuplicateJsonObjectContextCustomizerFactory$DuplicateJsonObjectContextCustomizer@cadd41, org.springframework.boot.test.mock.mockito.MockitoContextCustomizer@b148f128], contextLoader = 'org.springframework.test.context.support.DelegatingSmartContextLoader', parent = [null]], attributes = map['org.springframework.test.context.event.ApplicationEventsTestExecutionListener.recordApplicationEvents' -> false]], class annotated with @DirtiesContext [false] with mode [null], method annotated with @DirtiesContext [false] with mode [null].
10:19:11.972 [Test worker] DEBUG org.springframework.test.context.cache.DefaultCacheAwareContextLoaderDelegate - Retrieved ApplicationContext [25193958] from cache with key [[MergedContextConfiguration@19aa9ee testClass = UserServiceImplTest, locations = '{}', classes = '{class app.library.usermgmt.user.service.UserServiceImpl}', contextInitializerClasses = '[]', activeProfiles = '{}', propertySourceLocations = '{}', propertySourceProperties = '{}', contextCustomizers = set[org.springframework.boot.test.autoconfigure.actuate.metrics.MetricsExportContextCustomizerFactory$DisableMetricExportContextCustomizer@ace400, org.springframework.boot.test.autoconfigure.properties.PropertyMappingContextCustomizer@0, org.springframework.boot.test.autoconfigure.web.servlet.WebDriverContextCustomizerFactory$Customizer@1098f9b, org.springframework.boot.test.context.filter.ExcludeFilterContextCustomizer@13d0107, org.springframework.boot.test.json.DuplicateJsonObjectContextCustomizerFactory$DuplicateJsonObjectContextCustomizer@cadd41, org.springframework.boot.test.mock.mockito.MockitoContextCustomizer@b148f128], contextLoader = 'org.springframework.test.context.support.DelegatingSmartContextLoader', parent = [null]]]
10:19:11.972 [Test worker] DEBUG org.springframework.test.context.cache - Spring test ApplicationContext cache statistics: [DefaultContextCache@1d5ac51 size = 14, maxSize = 32, parentContextCount = 0, hitCount = 641, missCount = 14]
10:19:11.973 [Test worker] DEBUG org.springframework.test.context.cache.DefaultCacheAwareContextLoaderDelegate - Retrieved ApplicationContext [25193958] from cache with key [[MergedContextConfiguration@19aa9ee testClass = UserServiceImplTest, locations = '{}', classes = '{class app.library.usermgmt.user.service.UserServiceImpl}', contextInitializerClasses = '[]', activeProfiles = '{}', propertySourceLocations = '{}', propertySourceProperties = '{}', contextCustomizers = set[org.springframework.boot.test.autoconfigure.actuate.metrics.MetricsExportContextCustomizerFactory$DisableMetricExportContextCustomizer@ace400, org.springframework.boot.test.autoconfigure.properties.PropertyMappingContextCustomizer@0, org.springframework.boot.test.autoconfigure.web.servlet.WebDriverContextCustomizerFactory$Customizer@1098f9b, org.springframework.boot.test.context.filter.ExcludeFilterContextCustomizer@13d0107, org.springframework.boot.test.json.DuplicateJsonObjectContextCustomizerFactory$DuplicateJsonObjectContextCustomizer@cadd41, org.springframework.boot.test.mock.mockito.MockitoContextCustomizer@b148f128], contextLoader = 'org.springframework.test.context.support.DelegatingSmartContextLoader', parent = [null]]]
10:19:11.973 [Test worker] DEBUG org.springframework.test.context.cache - Spring test ApplicationContext cache statistics: [DefaultContextCache@1d5ac51 size = 14, maxSize = 32, parentContextCount = 0, hitCount = 642, missCount = 14]
10:19:11.973 [Test worker] DEBUG org.springframework.test.context.cache.DefaultCacheAwareContextLoaderDelegate - Retrieved ApplicationContext [25193958] from cache with key [[MergedContextConfiguration@19aa9ee testClass = UserServiceImplTest, locations = '{}', classes = '{class app.library.usermgmt.user.service.UserServiceImpl}', contextInitializerClasses = '[]', activeProfiles = '{}', propertySourceLocations = '{}', propertySourceProperties = '{}', contextCustomizers = set[org.springframework.boot.test.autoconfigure.actuate.metrics.MetricsExportContextCustomizerFactory$DisableMetricExportContextCustomizer@ace400, org.springframework.boot.test.autoconfigure.properties.PropertyMappingContextCustomizer@0, org.springframework.boot.test.autoconfigure.web.servlet.WebDriverContextCustomizerFactory$Customizer@1098f9b, org.springframework.boot.test.context.filter.ExcludeFilterContextCustomizer@13d0107, org.springframework.boot.test.json.DuplicateJsonObjectContextCustomizerFactory$DuplicateJsonObjectContextCustomizer@cadd41, org.springframework.boot.test.mock.mockito.MockitoContextCustomizer@b148f128], contextLoader = 'org.springframework.test.context.support.DelegatingSmartContextLoader', parent = [null]]]
10:19:11.973 [Test worker] DEBUG org.springframework.test.context.cache - Spring test ApplicationContext cache statistics: [DefaultContextCache@1d5ac51 size = 14, maxSize = 32, parentContextCount = 0, hitCount = 643, missCount = 14]
10:19:12.116 [Test worker] DEBUG org.springframework.test.context.cache.DefaultCacheAwareContextLoaderDelegate - Retrieved ApplicationContext [25193958] from cache with key [[MergedContextConfiguration@19aa9ee testClass = UserServiceImplTest, locations = '{}', classes = '{class app.library.usermgmt.user.service.UserServiceImpl}', contextInitializerClasses = '[]', activeProfiles = '{}', propertySourceLocations = '{}', propertySourceProperties = '{}', contextCustomizers = set[org.springframework.boot.test.autoconfigure.actuate.metrics.MetricsExportContextCustomizerFactory$DisableMetricExportContextCustomizer@ace400, org.springframework.boot.test.autoconfigure.properties.PropertyMappingContextCustomizer@0, org.springframework.boot.test.autoconfigure.web.servlet.WebDriverContextCustomizerFactory$Customizer@1098f9b, org.springframework.boot.test.context.filter.ExcludeFilterContextCustomizer@13d0107, org.springframework.boot.test.json.DuplicateJsonObjectContextCustomizerFactory$DuplicateJsonObjectContextCustomizer@cadd41, org.springframework.boot.test.mock.mockito.MockitoContextCustomizer@b148f128], contextLoader = 'org.springframework.test.context.support.DelegatingSmartContextLoader', parent = [null]]]
10:19:12.116 [Test worker] DEBUG org.springframework.test.context.cache - Spring test ApplicationContext cache statistics: [DefaultContextCache@1d5ac51 size = 14, maxSize = 32, parentContextCount = 0, hitCount = 644, missCount = 14]
10:19:12.116 [Test worker] DEBUG org.springframework.test.context.cache.DefaultCacheAwareContextLoaderDelegate - Retrieved ApplicationContext [25193958] from cache with key [[MergedContextConfiguration@19aa9ee testClass = UserServiceImplTest, locations = '{}', classes = '{class app.library.usermgmt.user.service.UserServiceImpl}', contextInitializerClasses = '[]', activeProfiles = '{}', propertySourceLocations = '{}', propertySourceProperties = '{}', contextCustomizers = set[org.springframework.boot.test.autoconfigure.actuate.metrics.MetricsExportContextCustomizerFactory$DisableMetricExportContextCustomizer@ace400, org.springframework.boot.test.autoconfigure.properties.PropertyMappingContextCustomizer@0, org.springframework.boot.test.autoconfigure.web.servlet.WebDriverContextCustomizerFactory$Customizer@1098f9b, org.springframework.boot.test.context.filter.ExcludeFilterContextCustomizer@13d0107, org.springframework.boot.test.json.DuplicateJsonObjectContextCustomizerFactory$DuplicateJsonObjectContextCustomizer@cadd41, org.springframework.boot.test.mock.mockito.MockitoContextCustomizer@b148f128], contextLoader = 'org.springframework.test.context.support.DelegatingSmartContextLoader', parent = [null]]]
10:19:12.116 [Test worker] DEBUG org.springframework.test.context.cache - Spring test ApplicationContext cache statistics: [DefaultContextCache@1d5ac51 size = 14, maxSize = 32, parentContextCount = 0, hitCount = 645, missCount = 14]
10:19:12.117 [Test worker] DEBUG org.springframework.test.context.cache.DefaultCacheAwareContextLoaderDelegate - Retrieved ApplicationContext [25193958] from cache with key [[MergedContextConfiguration@19aa9ee testClass = UserServiceImplTest, locations = '{}', classes = '{class app.library.usermgmt.user.service.UserServiceImpl}', contextInitializerClasses = '[]', activeProfiles = '{}', propertySourceLocations = '{}', propertySourceProperties = '{}', contextCustomizers = set[org.springframework.boot.test.autoconfigure.actuate.metrics.MetricsExportContextCustomizerFactory$DisableMetricExportContextCustomizer@ace400, org.springframework.boot.test.autoconfigure.properties.PropertyMappingContextCustomizer@0, org.springframework.boot.test.autoconfigure.web.servlet.WebDriverContextCustomizerFactory$Customizer@1098f9b, org.springframework.boot.test.context.filter.ExcludeFilterContextCustomizer@13d0107, org.springframework.boot.test.json.DuplicateJsonObjectContextCustomizerFactory$DuplicateJsonObjectContextCustomizer@cadd41, org.springframework.boot.test.mock.mockito.MockitoContextCustomizer@b148f128], contextLoader = 'org.springframework.test.context.support.DelegatingSmartContextLoader', parent = [null]]]
10:19:12.117 [Test worker] DEBUG org.springframework.test.context.cache - Spring test ApplicationContext cache statistics: [DefaultContextCache@1d5ac51 size = 14, maxSize = 32, parentContextCount = 0, hitCount = 646, missCount = 14]
10:19:12.117 [Test worker] DEBUG org.springframework.test.context.cache.DefaultCacheAwareContextLoaderDelegate - Retrieved ApplicationContext [25193958] from cache with key [[MergedContextConfiguration@19aa9ee testClass = UserServiceImplTest, locations = '{}', classes = '{class app.library.usermgmt.user.service.UserServiceImpl}', contextInitializerClasses = '[]', activeProfiles = '{}', propertySourceLocations = '{}', propertySourceProperties = '{}', contextCustomizers = set[org.springframework.boot.test.autoconfigure.actuate.metrics.MetricsExportContextCustomizerFactory$DisableMetricExportContextCustomizer@ace400, org.springframework.boot.test.autoconfigure.properties.PropertyMappingContextCustomizer@0, org.springframework.boot.test.autoconfigure.web.servlet.WebDriverContextCustomizerFactory$Customizer@1098f9b, org.springframework.boot.test.context.filter.ExcludeFilterContextCustomizer@13d0107, org.springframework.boot.test.json.DuplicateJsonObjectContextCustomizerFactory$DuplicateJsonObjectContextCustomizer@cadd41, org.springframework.boot.test.mock.mockito.MockitoContextCustomizer@b148f128], contextLoader = 'org.springframework.test.context.support.DelegatingSmartContextLoader', parent = [null]]]
10:19:12.118 [Test worker] DEBUG org.springframework.test.context.cache - Spring test ApplicationContext cache statistics: [DefaultContextCache@1d5ac51 size = 14, maxSize = 32, parentContextCount = 0, hitCount = 647, missCount = 14]
10:19:12.118 [Test worker] DEBUG org.springframework.test.context.cache.DefaultCacheAwareContextLoaderDelegate - Retrieved ApplicationContext [25193958] from cache with key [[MergedContextConfiguration@19aa9ee testClass = UserServiceImplTest, locations = '{}', classes = '{class app.library.usermgmt.user.service.UserServiceImpl}', contextInitializerClasses = '[]', activeProfiles = '{}', propertySourceLocations = '{}', propertySourceProperties = '{}', contextCustomizers = set[org.springframework.boot.test.autoconfigure.actuate.metrics.MetricsExportContextCustomizerFactory$DisableMetricExportContextCustomizer@ace400, org.springframework.boot.test.autoconfigure.properties.PropertyMappingContextCustomizer@0, org.springframework.boot.test.autoconfigure.web.servlet.WebDriverContextCustomizerFactory$Customizer@1098f9b, org.springframework.boot.test.context.filter.ExcludeFilterContextCustomizer@13d0107, org.springframework.boot.test.json.DuplicateJsonObjectContextCustomizerFactory$DuplicateJsonObjectContextCustomizer@cadd41, org.springframework.boot.test.mock.mockito.MockitoContextCustomizer@b148f128], contextLoader = 'org.springframework.test.context.support.DelegatingSmartContextLoader', parent = [null]]]
10:19:12.118 [Test worker] DEBUG org.springframework.test.context.cache - Spring test ApplicationContext cache statistics: [DefaultContextCache@1d5ac51 size = 14, maxSize = 32, parentContextCount = 0, hitCount = 648, missCount = 14]
10:19:12.118 [Test worker] DEBUG org.springframework.test.context.cache.DefaultCacheAwareContextLoaderDelegate - Retrieved ApplicationContext [25193958] from cache with key [[MergedContextConfiguration@19aa9ee testClass = UserServiceImplTest, locations = '{}', classes = '{class app.library.usermgmt.user.service.UserServiceImpl}', contextInitializerClasses = '[]', activeProfiles = '{}', propertySourceLocations = '{}', propertySourceProperties = '{}', contextCustomizers = set[org.springframework.boot.test.autoconfigure.actuate.metrics.MetricsExportContextCustomizerFactory$DisableMetricExportContextCustomizer@ace400, org.springframework.boot.test.autoconfigure.properties.PropertyMappingContextCustomizer@0, org.springframework.boot.test.autoconfigure.web.servlet.WebDriverContextCustomizerFactory$Customizer@1098f9b, org.springframework.boot.test.context.filter.ExcludeFilterContextCustomizer@13d0107, org.springframework.boot.test.json.DuplicateJsonObjectContextCustomizerFactory$DuplicateJsonObjectContextCustomizer@cadd41, org.springframework.boot.test.mock.mockito.MockitoContextCustomizer@b148f128], contextLoader = 'org.springframework.test.context.support.DelegatingSmartContextLoader', parent = [null]]]
10:19:12.118 [Test worker] DEBUG org.springframework.test.context.cache - Spring test ApplicationContext cache statistics: [DefaultContextCache@1d5ac51 size = 14, maxSize = 32, parentContextCount = 0, hitCount = 649, missCount = 14]
10:19:12.119 [Test worker] DEBUG org.springframework.test.context.support.AbstractDirtiesContextTestExecutionListener - After test method: context [DefaultTestContext@f3ba6a testClass = UserServiceImplTest, testInstance = app.library.usermgmt.user.service.UserServiceImplTest@1796a, testMethod = testLoginUser2@UserServiceImplTest, testException = [null], mergedContextConfiguration = [MergedContextConfiguration@19aa9ee testClass = UserServiceImplTest, locations = '{}', classes = '{class app.library.usermgmt.user.service.UserServiceImpl}', contextInitializerClasses = '[]', activeProfiles = '{}', propertySourceLocations = '{}', propertySourceProperties = '{}', contextCustomizers = set[org.springframework.boot.test.autoconfigure.actuate.metrics.MetricsExportContextCustomizerFactory$DisableMetricExportContextCustomizer@ace400, org.springframework.boot.test.autoconfigure.properties.PropertyMappingContextCustomizer@0, org.springframework.boot.test.autoconfigure.web.servlet.WebDriverContextCustomizerFactory$Customizer@1098f9b, org.springframework.boot.test.context.filter.ExcludeFilterContextCustomizer@13d0107, org.springframework.boot.test.json.DuplicateJsonObjectContextCustomizerFactory$DuplicateJsonObjectContextCustomizer@cadd41, org.springframework.boot.test.mock.mockito.MockitoContextCustomizer@b148f128], contextLoader = 'org.springframework.test.context.support.DelegatingSmartContextLoader', parent = [null]], attributes = map['org.springframework.test.context.event.ApplicationEventsTestExecutionListener.recordApplicationEvents' -> false]], class annotated with @DirtiesContext [false] with mode [null], method annotated with @DirtiesContext [false] with mode [null].
10:19:12.121 [Test worker] DEBUG org.springframework.test.context.cache.DefaultCacheAwareContextLoaderDelegate - Retrieved ApplicationContext [25193958] from cache with key [[MergedContextConfiguration@19aa9ee testClass = UserServiceImplTest, locations = '{}', classes = '{class app.library.usermgmt.user.service.UserServiceImpl}', contextInitializerClasses = '[]', activeProfiles = '{}', propertySourceLocations = '{}', propertySourceProperties = '{}', contextCustomizers = set[org.springframework.boot.test.autoconfigure.actuate.metrics.MetricsExportContextCustomizerFactory$DisableMetricExportContextCustomizer@ace400, org.springframework.boot.test.autoconfigure.properties.PropertyMappingContextCustomizer@0, org.springframework.boot.test.autoconfigure.web.servlet.WebDriverContextCustomizerFactory$Customizer@1098f9b, org.springframework.boot.test.context.filter.ExcludeFilterContextCustomizer@13d0107, org.springframework.boot.test.json.DuplicateJsonObjectContextCustomizerFactory$DuplicateJsonObjectContextCustomizer@cadd41, org.springframework.boot.test.mock.mockito.MockitoContextCustomizer@b148f128], contextLoader = 'org.springframework.test.context.support.DelegatingSmartContextLoader', parent = [null]]]
10:19:12.121 [Test worker] DEBUG org.springframework.test.context.cache - Spring test ApplicationContext cache statistics: [DefaultContextCache@1d5ac51 size = 14, maxSize = 32, parentContextCount = 0, hitCount = 650, missCount = 14]
10:19:12.121 [Test worker] DEBUG org.springframework.test.context.support.DependencyInjectionTestExecutionListener - Performing dependency injection for test context [[DefaultTestContext@f3ba6a testClass = UserServiceImplTest, testInstance = app.library.usermgmt.user.service.UserServiceImplTest@91facf, testMethod = [null], testException = [null], mergedContextConfiguration = [MergedContextConfiguration@19aa9ee testClass = UserServiceImplTest, locations = '{}', classes = '{class app.library.usermgmt.user.service.UserServiceImpl}', contextInitializerClasses = '[]', activeProfiles = '{}', propertySourceLocations = '{}', propertySourceProperties = '{}', contextCustomizers = set[org.springframework.boot.test.autoconfigure.actuate.metrics.MetricsExportContextCustomizerFactory$DisableMetricExportContextCustomizer@ace400, org.springframework.boot.test.autoconfigure.properties.PropertyMappingContextCustomizer@0, org.springframework.boot.test.autoconfigure.web.servlet.WebDriverContextCustomizerFactory$Customizer@1098f9b, org.springframework.boot.test.context.filter.ExcludeFilterContextCustomizer@13d0107, org.springframework.boot.test.json.DuplicateJsonObjectContextCustomizerFactory$DuplicateJsonObjectContextCustomizer@cadd41, org.springframework.boot.test.mock.mockito.MockitoContextCustomizer@b148f128], contextLoader = 'org.springframework.test.context.support.DelegatingSmartContextLoader', parent = [null]], attributes = map['org.springframework.test.context.event.ApplicationEventsTestExecutionListener.recordApplicationEvents' -> false]]].
10:19:12.121 [Test worker] DEBUG org.springframework.test.context.cache.DefaultCacheAwareContextLoaderDelegate - Retrieved ApplicationContext [25193958] from cache with key [[MergedContextConfiguration@19aa9ee testClass = UserServiceImplTest, locations = '{}', classes = '{class app.library.usermgmt.user.service.UserServiceImpl}', contextInitializerClasses = '[]', activeProfiles = '{}', propertySourceLocations = '{}', propertySourceProperties = '{}', contextCustomizers = set[org.springframework.boot.test.autoconfigure.actuate.metrics.MetricsExportContextCustomizerFactory$DisableMetricExportContextCustomizer@ace400, org.springframework.boot.test.autoconfigure.properties.PropertyMappingContextCustomizer@0, org.springframework.boot.test.autoconfigure.web.servlet.WebDriverContextCustomizerFactory$Customizer@1098f9b, org.springframework.boot.test.context.filter.ExcludeFilterContextCustomizer@13d0107, org.springframework.boot.test.json.DuplicateJsonObjectContextCustomizerFactory$DuplicateJsonObjectContextCustomizer@cadd41, org.springframework.boot.test.mock.mockito.MockitoContextCustomizer@b148f128], contextLoader = 'org.springframework.test.context.support.DelegatingSmartContextLoader', parent = [null]]]
10:19:12.121 [Test worker] DEBUG org.springframework.test.context.cache - Spring test ApplicationContext cache statistics: [DefaultContextCache@1d5ac51 size = 14, maxSize = 32, parentContextCount = 0, hitCount = 651, missCount = 14]
10:19:12.121 [Test worker] DEBUG org.springframework.test.context.cache.DefaultCacheAwareContextLoaderDelegate - Retrieved ApplicationContext [25193958] from cache with key [[MergedContextConfiguration@19aa9ee testClass = UserServiceImplTest, locations = '{}', classes = '{class app.library.usermgmt.user.service.UserServiceImpl}', contextInitializerClasses = '[]', activeProfiles = '{}', propertySourceLocations = '{}', propertySourceProperties = '{}', contextCustomizers = set[org.springframework.boot.test.autoconfigure.actuate.metrics.MetricsExportContextCustomizerFactory$DisableMetricExportContextCustomizer@ace400, org.springframework.boot.test.autoconfigure.properties.PropertyMappingContextCustomizer@0, org.springframework.boot.test.autoconfigure.web.servlet.WebDriverContextCustomizerFactory$Customizer@1098f9b, org.springframework.boot.test.context.filter.ExcludeFilterContextCustomizer@13d0107, org.springframework.boot.test.json.DuplicateJsonObjectContextCustomizerFactory$DuplicateJsonObjectContextCustomizer@cadd41, org.springframework.boot.test.mock.mockito.MockitoContextCustomizer@b148f128], contextLoader = 'org.springframework.test.context.support.DelegatingSmartContextLoader', parent = [null]]]
10:19:12.121 [Test worker] DEBUG org.springframework.test.context.cache - Spring test ApplicationContext cache statistics: [DefaultContextCache@1d5ac51 size = 14, maxSize = 32, parentContextCount = 0, hitCount = 652, missCount = 14]
10:19:12.122 [Test worker] DEBUG org.springframework.test.context.support.AbstractDirtiesContextTestExecutionListener - Before test method: context [DefaultTestContext@f3ba6a testClass = UserServiceImplTest, testInstance = app.library.usermgmt.user.service.UserServiceImplTest@91facf, testMethod = testLoginUser3@UserServiceImplTest, testException = [null], mergedContextConfiguration = [MergedContextConfiguration@19aa9ee testClass = UserServiceImplTest, locations = '{}', classes = '{class app.library.usermgmt.user.service.UserServiceImpl}', contextInitializerClasses = '[]', activeProfiles = '{}', propertySourceLocations = '{}', propertySourceProperties = '{}', contextCustomizers = set[org.springframework.boot.test.autoconfigure.actuate.metrics.MetricsExportContextCustomizerFactory$DisableMetricExportContextCustomizer@ace400, org.springframework.boot.test.autoconfigure.properties.PropertyMappingContextCustomizer@0, org.springframework.boot.test.autoconfigure.web.servlet.WebDriverContextCustomizerFactory$Customizer@1098f9b, org.springframework.boot.test.context.filter.ExcludeFilterContextCustomizer@13d0107, org.springframework.boot.test.json.DuplicateJsonObjectContextCustomizerFactory$DuplicateJsonObjectContextCustomizer@cadd41, org.springframework.boot.test.mock.mockito.MockitoContextCustomizer@b148f128], contextLoader = 'org.springframework.test.context.support.DelegatingSmartContextLoader', parent = [null]], attributes = map['org.springframework.test.context.event.ApplicationEventsTestExecutionListener.recordApplicationEvents' -> false]], class annotated with @DirtiesContext [false] with mode [null], method annotated with @DirtiesContext [false] with mode [null].
10:19:12.123 [Test worker] DEBUG org.springframework.test.context.cache.DefaultCacheAwareContextLoaderDelegate - Retrieved ApplicationContext [25193958] from cache with key [[MergedContextConfiguration@19aa9ee testClass = UserServiceImplTest, locations = '{}', classes = '{class app.library.usermgmt.user.service.UserServiceImpl}', contextInitializerClasses = '[]', activeProfiles = '{}', propertySourceLocations = '{}', propertySourceProperties = '{}', contextCustomizers = set[org.springframework.boot.test.autoconfigure.actuate.metrics.MetricsExportContextCustomizerFactory$DisableMetricExportContextCustomizer@ace400, org.springframework.boot.test.autoconfigure.properties.PropertyMappingContextCustomizer@0, org.springframework.boot.test.autoconfigure.web.servlet.WebDriverContextCustomizerFactory$Customizer@1098f9b, org.springframework.boot.test.context.filter.ExcludeFilterContextCustomizer@13d0107, org.springframework.boot.test.json.DuplicateJsonObjectContextCustomizerFactory$DuplicateJsonObjectContextCustomizer@cadd41, org.springframework.boot.test.mock.mockito.MockitoContextCustomizer@b148f128], contextLoader = 'org.springframework.test.context.support.DelegatingSmartContextLoader', parent = [null]]]
10:19:12.123 [Test worker] DEBUG org.springframework.test.context.cache - Spring test ApplicationContext cache statistics: [DefaultContextCache@1d5ac51 size = 14, maxSize = 32, parentContextCount = 0, hitCount = 653, missCount = 14]
10:19:12.123 [Test worker] DEBUG org.springframework.test.context.cache.DefaultCacheAwareContextLoaderDelegate - Retrieved ApplicationContext [25193958] from cache with key [[MergedContextConfiguration@19aa9ee testClass = UserServiceImplTest, locations = '{}', classes = '{class app.library.usermgmt.user.service.UserServiceImpl}', contextInitializerClasses = '[]', activeProfiles = '{}', propertySourceLocations = '{}', propertySourceProperties = '{}', contextCustomizers = set[org.springframework.boot.test.autoconfigure.actuate.metrics.MetricsExportContextCustomizerFactory$DisableMetricExportContextCustomizer@ace400, org.springframework.boot.test.autoconfigure.properties.PropertyMappingContextCustomizer@0, org.springframework.boot.test.autoconfigure.web.servlet.WebDriverContextCustomizerFactory$Customizer@1098f9b, org.springframework.boot.test.context.filter.ExcludeFilterContextCustomizer@13d0107, org.springframework.boot.test.json.DuplicateJsonObjectContextCustomizerFactory$DuplicateJsonObjectContextCustomizer@cadd41, org.springframework.boot.test.mock.mockito.MockitoContextCustomizer@b148f128], contextLoader = 'org.springframework.test.context.support.DelegatingSmartContextLoader', parent = [null]]]
10:19:12.123 [Test worker] DEBUG org.springframework.test.context.cache - Spring test ApplicationContext cache statistics: [DefaultContextCache@1d5ac51 size = 14, maxSize = 32, parentContextCount = 0, hitCount = 654, missCount = 14]
10:19:12.124 [Test worker] DEBUG org.springframework.test.context.cache.DefaultCacheAwareContextLoaderDelegate - Retrieved ApplicationContext [25193958] from cache with key [[MergedContextConfiguration@19aa9ee testClass = UserServiceImplTest, locations = '{}', classes = '{class app.library.usermgmt.user.service.UserServiceImpl}', contextInitializerClasses = '[]', activeProfiles = '{}', propertySourceLocations = '{}', propertySourceProperties = '{}', contextCustomizers = set[org.springframework.boot.test.autoconfigure.actuate.metrics.MetricsExportContextCustomizerFactory$DisableMetricExportContextCustomizer@ace400, org.springframework.boot.test.autoconfigure.properties.PropertyMappingContextCustomizer@0, org.springframework.boot.test.autoconfigure.web.servlet.WebDriverContextCustomizerFactory$Customizer@1098f9b, org.springframework.boot.test.context.filter.ExcludeFilterContextCustomizer@13d0107, org.springframework.boot.test.json.DuplicateJsonObjectContextCustomizerFactory$DuplicateJsonObjectContextCustomizer@cadd41, org.springframework.boot.test.mock.mockito.MockitoContextCustomizer@b148f128], contextLoader = 'org.springframework.test.context.support.DelegatingSmartContextLoader', parent = [null]]]
10:19:12.124 [Test worker] DEBUG org.springframework.test.context.cache - Spring test ApplicationContext cache statistics: [DefaultContextCache@1d5ac51 size = 14, maxSize = 32, parentContextCount = 0, hitCount = 655, missCount = 14]
10:19:12.261 [Test worker] DEBUG org.springframework.test.context.cache.DefaultCacheAwareContextLoaderDelegate - Retrieved ApplicationContext [25193958] from cache with key [[MergedContextConfiguration@19aa9ee testClass = UserServiceImplTest, locations = '{}', classes = '{class app.library.usermgmt.user.service.UserServiceImpl}', contextInitializerClasses = '[]', activeProfiles = '{}', propertySourceLocations = '{}', propertySourceProperties = '{}', contextCustomizers = set[org.springframework.boot.test.autoconfigure.actuate.metrics.MetricsExportContextCustomizerFactory$DisableMetricExportContextCustomizer@ace400, org.springframework.boot.test.autoconfigure.properties.PropertyMappingContextCustomizer@0, org.springframework.boot.test.autoconfigure.web.servlet.WebDriverContextCustomizerFactory$Customizer@1098f9b, org.springframework.boot.test.context.filter.ExcludeFilterContextCustomizer@13d0107, org.springframework.boot.test.json.DuplicateJsonObjectContextCustomizerFactory$DuplicateJsonObjectContextCustomizer@cadd41, org.springframework.boot.test.mock.mockito.MockitoContextCustomizer@b148f128], contextLoader = 'org.springframework.test.context.support.DelegatingSmartContextLoader', parent = [null]]]
10:19:12.261 [Test worker] DEBUG org.springframework.test.context.cache - Spring test ApplicationContext cache statistics: [DefaultContextCache@1d5ac51 size = 14, maxSize = 32, parentContextCount = 0, hitCount = 656, missCount = 14]
10:19:12.261 [Test worker] DEBUG org.springframework.test.context.cache.DefaultCacheAwareContextLoaderDelegate - Retrieved ApplicationContext [25193958] from cache with key [[MergedContextConfiguration@19aa9ee testClass = UserServiceImplTest, locations = '{}', classes = '{class app.library.usermgmt.user.service.UserServiceImpl}', contextInitializerClasses = '[]', activeProfiles = '{}', propertySourceLocations = '{}', propertySourceProperties = '{}', contextCustomizers = set[org.springframework.boot.test.autoconfigure.actuate.metrics.MetricsExportContextCustomizerFactory$DisableMetricExportContextCustomizer@ace400, org.springframework.boot.test.autoconfigure.properties.PropertyMappingContextCustomizer@0, org.springframework.boot.test.autoconfigure.web.servlet.WebDriverContextCustomizerFactory$Customizer@1098f9b, org.springframework.boot.test.context.filter.ExcludeFilterContextCustomizer@13d0107, org.springframework.boot.test.json.DuplicateJsonObjectContextCustomizerFactory$DuplicateJsonObjectContextCustomizer@cadd41, org.springframework.boot.test.mock.mockito.MockitoContextCustomizer@b148f128], contextLoader = 'org.springframework.test.context.support.DelegatingSmartContextLoader', parent = [null]]]
10:19:12.261 [Test worker] DEBUG org.springframework.test.context.cache - Spring test ApplicationContext cache statistics: [DefaultContextCache@1d5ac51 size = 14, maxSize = 32, parentContextCount = 0, hitCount = 657, missCount = 14]
10:19:12.263 [Test worker] DEBUG org.springframework.test.context.cache.DefaultCacheAwareContextLoaderDelegate - Retrieved ApplicationContext [25193958] from cache with key [[MergedContextConfiguration@19aa9ee testClass = UserServiceImplTest, locations = '{}', classes = '{class app.library.usermgmt.user.service.UserServiceImpl}', contextInitializerClasses = '[]', activeProfiles = '{}', propertySourceLocations = '{}', propertySourceProperties = '{}', contextCustomizers = set[org.springframework.boot.test.autoconfigure.actuate.metrics.MetricsExportContextCustomizerFactory$DisableMetricExportContextCustomizer@ace400, org.springframework.boot.test.autoconfigure.properties.PropertyMappingContextCustomizer@0, org.springframework.boot.test.autoconfigure.web.servlet.WebDriverContextCustomizerFactory$Customizer@1098f9b, org.springframework.boot.test.context.filter.ExcludeFilterContextCustomizer@13d0107, org.springframework.boot.test.json.DuplicateJsonObjectContextCustomizerFactory$DuplicateJsonObjectContextCustomizer@cadd41, org.springframework.boot.test.mock.mockito.MockitoContextCustomizer@b148f128], contextLoader = 'org.springframework.test.context.support.DelegatingSmartContextLoader', parent = [null]]]
10:19:12.263 [Test worker] DEBUG org.springframework.test.context.cache - Spring test ApplicationContext cache statistics: [DefaultContextCache@1d5ac51 size = 14, maxSize = 32, parentContextCount = 0, hitCount = 658, missCount = 14]
10:19:12.263 [Test worker] DEBUG org.springframework.test.context.cache.DefaultCacheAwareContextLoaderDelegate - Retrieved ApplicationContext [25193958] from cache with key [[MergedContextConfiguration@19aa9ee testClass = UserServiceImplTest, locations = '{}', classes = '{class app.library.usermgmt.user.service.UserServiceImpl}', contextInitializerClasses = '[]', activeProfiles = '{}', propertySourceLocations = '{}', propertySourceProperties = '{}', contextCustomizers = set[org.springframework.boot.test.autoconfigure.actuate.metrics.MetricsExportContextCustomizerFactory$DisableMetricExportContextCustomizer@ace400, org.springframework.boot.test.autoconfigure.properties.PropertyMappingContextCustomizer@0, org.springframework.boot.test.autoconfigure.web.servlet.WebDriverContextCustomizerFactory$Customizer@1098f9b, org.springframework.boot.test.context.filter.ExcludeFilterContextCustomizer@13d0107, org.springframework.boot.test.json.DuplicateJsonObjectContextCustomizerFactory$DuplicateJsonObjectContextCustomizer@cadd41, org.springframework.boot.test.mock.mockito.MockitoContextCustomizer@b148f128], contextLoader = 'org.springframework.test.context.support.DelegatingSmartContextLoader', parent = [null]]]
10:19:12.263 [Test worker] DEBUG org.springframework.test.context.cache - Spring test ApplicationContext cache statistics: [DefaultContextCache@1d5ac51 size = 14, maxSize = 32, parentContextCount = 0, hitCount = 659, missCount = 14]
10:19:12.263 [Test worker] DEBUG org.springframework.test.context.cache.DefaultCacheAwareContextLoaderDelegate - Retrieved ApplicationContext [25193958] from cache with key [[MergedContextConfiguration@19aa9ee testClass = UserServiceImplTest, locations = '{}', classes = '{class app.library.usermgmt.user.service.UserServiceImpl}', contextInitializerClasses = '[]', activeProfiles = '{}', propertySourceLocations = '{}', propertySourceProperties = '{}', contextCustomizers = set[org.springframework.boot.test.autoconfigure.actuate.metrics.MetricsExportContextCustomizerFactory$DisableMetricExportContextCustomizer@ace400, org.springframework.boot.test.autoconfigure.properties.PropertyMappingContextCustomizer@0, org.springframework.boot.test.autoconfigure.web.servlet.WebDriverContextCustomizerFactory$Customizer@1098f9b, org.springframework.boot.test.context.filter.ExcludeFilterContextCustomizer@13d0107, org.springframework.boot.test.json.DuplicateJsonObjectContextCustomizerFactory$DuplicateJsonObjectContextCustomizer@cadd41, org.springframework.boot.test.mock.mockito.MockitoContextCustomizer@b148f128], contextLoader = 'org.springframework.test.context.support.DelegatingSmartContextLoader', parent = [null]]]
10:19:12.264 [Test worker] DEBUG org.springframework.test.context.cache - Spring test ApplicationContext cache statistics: [DefaultContextCache@1d5ac51 size = 14, maxSize = 32, parentContextCount = 0, hitCount = 660, missCount = 14]
10:19:12.264 [Test worker] DEBUG org.springframework.test.context.cache.DefaultCacheAwareContextLoaderDelegate - Retrieved ApplicationContext [25193958] from cache with key [[MergedContextConfiguration@19aa9ee testClass = UserServiceImplTest, locations = '{}', classes = '{class app.library.usermgmt.user.service.UserServiceImpl}', contextInitializerClasses = '[]', activeProfiles = '{}', propertySourceLocations = '{}', propertySourceProperties = '{}', contextCustomizers = set[org.springframework.boot.test.autoconfigure.actuate.metrics.MetricsExportContextCustomizerFactory$DisableMetricExportContextCustomizer@ace400, org.springframework.boot.test.autoconfigure.properties.PropertyMappingContextCustomizer@0, org.springframework.boot.test.autoconfigure.web.servlet.WebDriverContextCustomizerFactory$Customizer@1098f9b, org.springframework.boot.test.context.filter.ExcludeFilterContextCustomizer@13d0107, org.springframework.boot.test.json.DuplicateJsonObjectContextCustomizerFactory$DuplicateJsonObjectContextCustomizer@cadd41, org.springframework.boot.test.mock.mockito.MockitoContextCustomizer@b148f128], contextLoader = 'org.springframework.test.context.support.DelegatingSmartContextLoader', parent = [null]]]
10:19:12.264 [Test worker] DEBUG org.springframework.test.context.cache - Spring test ApplicationContext cache statistics: [DefaultContextCache@1d5ac51 size = 14, maxSize = 32, parentContextCount = 0, hitCount = 661, missCount = 14]
10:19:12.265 [Test worker] DEBUG org.springframework.test.context.support.AbstractDirtiesContextTestExecutionListener - After test method: context [DefaultTestContext@f3ba6a testClass = UserServiceImplTest, testInstance = app.library.usermgmt.user.service.UserServiceImplTest@91facf, testMethod = testLoginUser3@UserServiceImplTest, testException = [null], mergedContextConfiguration = [MergedContextConfiguration@19aa9ee testClass = UserServiceImplTest, locations = '{}', classes = '{class app.library.usermgmt.user.service.UserServiceImpl}', contextInitializerClasses = '[]', activeProfiles = '{}', propertySourceLocations = '{}', propertySourceProperties = '{}', contextCustomizers = set[org.springframework.boot.test.autoconfigure.actuate.metrics.MetricsExportContextCustomizerFactory$DisableMetricExportContextCustomizer@ace400, org.springframework.boot.test.autoconfigure.properties.PropertyMappingContextCustomizer@0, org.springframework.boot.test.autoconfigure.web.servlet.WebDriverContextCustomizerFactory$Customizer@1098f9b, org.springframework.boot.test.context.filter.ExcludeFilterContextCustomizer@13d0107, org.springframework.boot.test.json.DuplicateJsonObjectContextCustomizerFactory$DuplicateJsonObjectContextCustomizer@cadd41, org.springframework.boot.test.mock.mockito.MockitoContextCustomizer@b148f128], contextLoader = 'org.springframework.test.context.support.DelegatingSmartContextLoader', parent = [null]], attributes = map['org.springframework.test.context.event.ApplicationEventsTestExecutionListener.recordApplicationEvents' -> false]], class annotated with @DirtiesContext [false] with mode [null], method annotated with @DirtiesContext [false] with mode [null].
10:19:12.265 [Test worker] DEBUG org.springframework.test.context.cache.DefaultCacheAwareContextLoaderDelegate - Retrieved ApplicationContext [25193958] from cache with key [[MergedContextConfiguration@19aa9ee testClass = UserServiceImplTest, locations = '{}', classes = '{class app.library.usermgmt.user.service.UserServiceImpl}', contextInitializerClasses = '[]', activeProfiles = '{}', propertySourceLocations = '{}', propertySourceProperties = '{}', contextCustomizers = set[org.springframework.boot.test.autoconfigure.actuate.metrics.MetricsExportContextCustomizerFactory$DisableMetricExportContextCustomizer@ace400, org.springframework.boot.test.autoconfigure.properties.PropertyMappingContextCustomizer@0, org.springframework.boot.test.autoconfigure.web.servlet.WebDriverContextCustomizerFactory$Customizer@1098f9b, org.springframework.boot.test.context.filter.ExcludeFilterContextCustomizer@13d0107, org.springframework.boot.test.json.DuplicateJsonObjectContextCustomizerFactory$DuplicateJsonObjectContextCustomizer@cadd41, org.springframework.boot.test.mock.mockito.MockitoContextCustomizer@b148f128], contextLoader = 'org.springframework.test.context.support.DelegatingSmartContextLoader', parent = [null]]]
10:19:12.265 [Test worker] DEBUG org.springframework.test.context.cache - Spring test ApplicationContext cache statistics: [DefaultContextCache@1d5ac51 size = 14, maxSize = 32, parentContextCount = 0, hitCount = 662, missCount = 14]
10:19:12.265 [Test worker] DEBUG org.springframework.test.context.support.DependencyInjectionTestExecutionListener - Performing dependency injection for test context [[DefaultTestContext@f3ba6a testClass = UserServiceImplTest, testInstance = app.library.usermgmt.user.service.UserServiceImplTest@1f0f70a, testMethod = [null], testException = [null], mergedContextConfiguration = [MergedContextConfiguration@19aa9ee testClass = UserServiceImplTest, locations = '{}', classes = '{class app.library.usermgmt.user.service.UserServiceImpl}', contextInitializerClasses = '[]', activeProfiles = '{}', propertySourceLocations = '{}', propertySourceProperties = '{}', contextCustomizers = set[org.springframework.boot.test.autoconfigure.actuate.metrics.MetricsExportContextCustomizerFactory$DisableMetricExportContextCustomizer@ace400, org.springframework.boot.test.autoconfigure.properties.PropertyMappingContextCustomizer@0, org.springframework.boot.test.autoconfigure.web.servlet.WebDriverContextCustomizerFactory$Customizer@1098f9b, org.springframework.boot.test.context.filter.ExcludeFilterContextCustomizer@13d0107, org.springframework.boot.test.json.DuplicateJsonObjectContextCustomizerFactory$DuplicateJsonObjectContextCustomizer@cadd41, org.springframework.boot.test.mock.mockito.MockitoContextCustomizer@b148f128], contextLoader = 'org.springframework.test.context.support.DelegatingSmartContextLoader', parent = [null]], attributes = map['org.springframework.test.context.event.ApplicationEventsTestExecutionListener.recordApplicationEvents' -> false]]].
10:19:12.266 [Test worker] DEBUG org.springframework.test.context.cache.DefaultCacheAwareContextLoaderDelegate - Retrieved ApplicationContext [25193958] from cache with key [[MergedContextConfiguration@19aa9ee testClass = UserServiceImplTest, locations = '{}', classes = '{class app.library.usermgmt.user.service.UserServiceImpl}', contextInitializerClasses = '[]', activeProfiles = '{}', propertySourceLocations = '{}', propertySourceProperties = '{}', contextCustomizers = set[org.springframework.boot.test.autoconfigure.actuate.metrics.MetricsExportContextCustomizerFactory$DisableMetricExportContextCustomizer@ace400, org.springframework.boot.test.autoconfigure.properties.PropertyMappingContextCustomizer@0, org.springframework.boot.test.autoconfigure.web.servlet.WebDriverContextCustomizerFactory$Customizer@1098f9b, org.springframework.boot.test.context.filter.ExcludeFilterContextCustomizer@13d0107, org.springframework.boot.test.json.DuplicateJsonObjectContextCustomizerFactory$DuplicateJsonObjectContextCustomizer@cadd41, org.springframework.boot.test.mock.mockito.MockitoContextCustomizer@b148f128], contextLoader = 'org.springframework.test.context.support.DelegatingSmartContextLoader', parent = [null]]]
10:19:12.266 [Test worker] DEBUG org.springframework.test.context.cache - Spring test ApplicationContext cache statistics: [DefaultContextCache@1d5ac51 size = 14, maxSize = 32, parentContextCount = 0, hitCount = 663, missCount = 14]
10:19:12.266 [Test worker] DEBUG org.springframework.test.context.cache.DefaultCacheAwareContextLoaderDelegate - Retrieved ApplicationContext [25193958] from cache with key [[MergedContextConfiguration@19aa9ee testClass = UserServiceImplTest, locations = '{}', classes = '{class app.library.usermgmt.user.service.UserServiceImpl}', contextInitializerClasses = '[]', activeProfiles = '{}', propertySourceLocations = '{}', propertySourceProperties = '{}', contextCustomizers = set[org.springframework.boot.test.autoconfigure.actuate.metrics.MetricsExportContextCustomizerFactory$DisableMetricExportContextCustomizer@ace400, org.springframework.boot.test.autoconfigure.properties.PropertyMappingContextCustomizer@0, org.springframework.boot.test.autoconfigure.web.servlet.WebDriverContextCustomizerFactory$Customizer@1098f9b, org.springframework.boot.test.context.filter.ExcludeFilterContextCustomizer@13d0107, org.springframework.boot.test.json.DuplicateJsonObjectContextCustomizerFactory$DuplicateJsonObjectContextCustomizer@cadd41, org.springframework.boot.test.mock.mockito.MockitoContextCustomizer@b148f128], contextLoader = 'org.springframework.test.context.support.DelegatingSmartContextLoader', parent = [null]]]
10:19:12.266 [Test worker] DEBUG org.springframework.test.context.cache - Spring test ApplicationContext cache statistics: [DefaultContextCache@1d5ac51 size = 14, maxSize = 32, parentContextCount = 0, hitCount = 664, missCount = 14]
10:19:12.266 [Test worker] DEBUG org.springframework.test.context.support.AbstractDirtiesContextTestExecutionListener - Before test method: context [DefaultTestContext@f3ba6a testClass = UserServiceImplTest, testInstance = app.library.usermgmt.user.service.UserServiceImplTest@1f0f70a, testMethod = testLoginUser4@UserServiceImplTest, testException = [null], mergedContextConfiguration = [MergedContextConfiguration@19aa9ee testClass = UserServiceImplTest, locations = '{}', classes = '{class app.library.usermgmt.user.service.UserServiceImpl}', contextInitializerClasses = '[]', activeProfiles = '{}', propertySourceLocations = '{}', propertySourceProperties = '{}', contextCustomizers = set[org.springframework.boot.test.autoconfigure.actuate.metrics.MetricsExportContextCustomizerFactory$DisableMetricExportContextCustomizer@ace400, org.springframework.boot.test.autoconfigure.properties.PropertyMappingContextCustomizer@0, org.springframework.boot.test.autoconfigure.web.servlet.WebDriverContextCustomizerFactory$Customizer@1098f9b, org.springframework.boot.test.context.filter.ExcludeFilterContextCustomizer@13d0107, org.springframework.boot.test.json.DuplicateJsonObjectContextCustomizerFactory$DuplicateJsonObjectContextCustomizer@cadd41, org.springframework.boot.test.mock.mockito.MockitoContextCustomizer@b148f128], contextLoader = 'org.springframework.test.context.support.DelegatingSmartContextLoader', parent = [null]], attributes = map['org.springframework.test.context.event.ApplicationEventsTestExecutionListener.recordApplicationEvents' -> false]], class annotated with @DirtiesContext [false] with mode [null], method annotated with @DirtiesContext [false] with mode [null].
10:19:12.267 [Test worker] DEBUG org.springframework.test.context.cache.DefaultCacheAwareContextLoaderDelegate - Retrieved ApplicationContext [25193958] from cache with key [[MergedContextConfiguration@19aa9ee testClass = UserServiceImplTest, locations = '{}', classes = '{class app.library.usermgmt.user.service.UserServiceImpl}', contextInitializerClasses = '[]', activeProfiles = '{}', propertySourceLocations = '{}', propertySourceProperties = '{}', contextCustomizers = set[org.springframework.boot.test.autoconfigure.actuate.metrics.MetricsExportContextCustomizerFactory$DisableMetricExportContextCustomizer@ace400, org.springframework.boot.test.autoconfigure.properties.PropertyMappingContextCustomizer@0, org.springframework.boot.test.autoconfigure.web.servlet.WebDriverContextCustomizerFactory$Customizer@1098f9b, org.springframework.boot.test.context.filter.ExcludeFilterContextCustomizer@13d0107, org.springframework.boot.test.json.DuplicateJsonObjectContextCustomizerFactory$DuplicateJsonObjectContextCustomizer@cadd41, org.springframework.boot.test.mock.mockito.MockitoContextCustomizer@b148f128], contextLoader = 'org.springframework.test.context.support.DelegatingSmartContextLoader', parent = [null]]]
10:19:12.267 [Test worker] DEBUG org.springframework.test.context.cache - Spring test ApplicationContext cache statistics: [DefaultContextCache@1d5ac51 size = 14, maxSize = 32, parentContextCount = 0, hitCount = 665, missCount = 14]
10:19:12.267 [Test worker] DEBUG org.springframework.test.context.cache.DefaultCacheAwareContextLoaderDelegate - Retrieved ApplicationContext [25193958] from cache with key [[MergedContextConfiguration@19aa9ee testClass = UserServiceImplTest, locations = '{}', classes = '{class app.library.usermgmt.user.service.UserServiceImpl}', contextInitializerClasses = '[]', activeProfiles = '{}', propertySourceLocations = '{}', propertySourceProperties = '{}', contextCustomizers = set[org.springframework.boot.test.autoconfigure.actuate.metrics.MetricsExportContextCustomizerFactory$DisableMetricExportContextCustomizer@ace400, org.springframework.boot.test.autoconfigure.properties.PropertyMappingContextCustomizer@0, org.springframework.boot.test.autoconfigure.web.servlet.WebDriverContextCustomizerFactory$Customizer@1098f9b, org.springframework.boot.test.context.filter.ExcludeFilterContextCustomizer@13d0107, org.springframework.boot.test.json.DuplicateJsonObjectContextCustomizerFactory$DuplicateJsonObjectContextCustomizer@cadd41, org.springframework.boot.test.mock.mockito.MockitoContextCustomizer@b148f128], contextLoader = 'org.springframework.test.context.support.DelegatingSmartContextLoader', parent = [null]]]
10:19:12.267 [Test worker] DEBUG org.springframework.test.context.cache - Spring test ApplicationContext cache statistics: [DefaultContextCache@1d5ac51 size = 14, maxSize = 32, parentContextCount = 0, hitCount = 666, missCount = 14]
10:19:12.268 [Test worker] DEBUG org.springframework.test.context.cache.DefaultCacheAwareContextLoaderDelegate - Retrieved ApplicationContext [25193958] from cache with key [[MergedContextConfiguration@19aa9ee testClass = UserServiceImplTest, locations = '{}', classes = '{class app.library.usermgmt.user.service.UserServiceImpl}', contextInitializerClasses = '[]', activeProfiles = '{}', propertySourceLocations = '{}', propertySourceProperties = '{}', contextCustomizers = set[org.springframework.boot.test.autoconfigure.actuate.metrics.MetricsExportContextCustomizerFactory$DisableMetricExportContextCustomizer@ace400, org.springframework.boot.test.autoconfigure.properties.PropertyMappingContextCustomizer@0, org.springframework.boot.test.autoconfigure.web.servlet.WebDriverContextCustomizerFactory$Customizer@1098f9b, org.springframework.boot.test.context.filter.ExcludeFilterContextCustomizer@13d0107, org.springframework.boot.test.json.DuplicateJsonObjectContextCustomizerFactory$DuplicateJsonObjectContextCustomizer@cadd41, org.springframework.boot.test.mock.mockito.MockitoContextCustomizer@b148f128], contextLoader = 'org.springframework.test.context.support.DelegatingSmartContextLoader', parent = [null]]]
10:19:12.268 [Test worker] DEBUG org.springframework.test.context.cache - Spring test ApplicationContext cache statistics: [DefaultContextCache@1d5ac51 size = 14, maxSize = 32, parentContextCount = 0, hitCount = 667, missCount = 14]
10:19:12.408 [Test worker] DEBUG org.springframework.test.context.cache.DefaultCacheAwareContextLoaderDelegate - Retrieved ApplicationContext [25193958] from cache with key [[MergedContextConfiguration@19aa9ee testClass = UserServiceImplTest, locations = '{}', classes = '{class app.library.usermgmt.user.service.UserServiceImpl}', contextInitializerClasses = '[]', activeProfiles = '{}', propertySourceLocations = '{}', propertySourceProperties = '{}', contextCustomizers = set[org.springframework.boot.test.autoconfigure.actuate.metrics.MetricsExportContextCustomizerFactory$DisableMetricExportContextCustomizer@ace400, org.springframework.boot.test.autoconfigure.properties.PropertyMappingContextCustomizer@0, org.springframework.boot.test.autoconfigure.web.servlet.WebDriverContextCustomizerFactory$Customizer@1098f9b, org.springframework.boot.test.context.filter.ExcludeFilterContextCustomizer@13d0107, org.springframework.boot.test.json.DuplicateJsonObjectContextCustomizerFactory$DuplicateJsonObjectContextCustomizer@cadd41, org.springframework.boot.test.mock.mockito.MockitoContextCustomizer@b148f128], contextLoader = 'org.springframework.test.context.support.DelegatingSmartContextLoader', parent = [null]]]
10:19:12.408 [Test worker] DEBUG org.springframework.test.context.cache - Spring test ApplicationContext cache statistics: [DefaultContextCache@1d5ac51 size = 14, maxSize = 32, parentContextCount = 0, hitCount = 668, missCount = 14]
10:19:12.408 [Test worker] DEBUG org.springframework.test.context.cache.DefaultCacheAwareContextLoaderDelegate - Retrieved ApplicationContext [25193958] from cache with key [[MergedContextConfiguration@19aa9ee testClass = UserServiceImplTest, locations = '{}', classes = '{class app.library.usermgmt.user.service.UserServiceImpl}', contextInitializerClasses = '[]', activeProfiles = '{}', propertySourceLocations = '{}', propertySourceProperties = '{}', contextCustomizers = set[org.springframework.boot.test.autoconfigure.actuate.metrics.MetricsExportContextCustomizerFactory$DisableMetricExportContextCustomizer@ace400, org.springframework.boot.test.autoconfigure.properties.PropertyMappingContextCustomizer@0, org.springframework.boot.test.autoconfigure.web.servlet.WebDriverContextCustomizerFactory$Customizer@1098f9b, org.springframework.boot.test.context.filter.ExcludeFilterContextCustomizer@13d0107, org.springframework.boot.test.json.DuplicateJsonObjectContextCustomizerFactory$DuplicateJsonObjectContextCustomizer@cadd41, org.springframework.boot.test.mock.mockito.MockitoContextCustomizer@b148f128], contextLoader = 'org.springframework.test.context.support.DelegatingSmartContextLoader', parent = [null]]]
10:19:12.408 [Test worker] DEBUG org.springframework.test.context.cache - Spring test ApplicationContext cache statistics: [DefaultContextCache@1d5ac51 size = 14, maxSize = 32, parentContextCount = 0, hitCount = 669, missCount = 14]
10:19:12.409 [Test worker] DEBUG org.springframework.test.context.cache.DefaultCacheAwareContextLoaderDelegate - Retrieved ApplicationContext [25193958] from cache with key [[MergedContextConfiguration@19aa9ee testClass = UserServiceImplTest, locations = '{}', classes = '{class app.library.usermgmt.user.service.UserServiceImpl}', contextInitializerClasses = '[]', activeProfiles = '{}', propertySourceLocations = '{}', propertySourceProperties = '{}', contextCustomizers = set[org.springframework.boot.test.autoconfigure.actuate.metrics.MetricsExportContextCustomizerFactory$DisableMetricExportContextCustomizer@ace400, org.springframework.boot.test.autoconfigure.properties.PropertyMappingContextCustomizer@0, org.springframework.boot.test.autoconfigure.web.servlet.WebDriverContextCustomizerFactory$Customizer@1098f9b, org.springframework.boot.test.context.filter.ExcludeFilterContextCustomizer@13d0107, org.springframework.boot.test.json.DuplicateJsonObjectContextCustomizerFactory$DuplicateJsonObjectContextCustomizer@cadd41, org.springframework.boot.test.mock.mockito.MockitoContextCustomizer@b148f128], contextLoader = 'org.springframework.test.context.support.DelegatingSmartContextLoader', parent = [null]]]
10:19:12.409 [Test worker] DEBUG org.springframework.test.context.cache - Spring test ApplicationContext cache statistics: [DefaultContextCache@1d5ac51 size = 14, maxSize = 32, parentContextCount = 0, hitCount = 670, missCount = 14]
10:19:12.409 [Test worker] DEBUG org.springframework.test.context.cache.DefaultCacheAwareContextLoaderDelegate - Retrieved ApplicationContext [25193958] from cache with key [[MergedContextConfiguration@19aa9ee testClass = UserServiceImplTest, locations = '{}', classes = '{class app.library.usermgmt.user.service.UserServiceImpl}', contextInitializerClasses = '[]', activeProfiles = '{}', propertySourceLocations = '{}', propertySourceProperties = '{}', contextCustomizers = set[org.springframework.boot.test.autoconfigure.actuate.metrics.MetricsExportContextCustomizerFactory$DisableMetricExportContextCustomizer@ace400, org.springframework.boot.test.autoconfigure.properties.PropertyMappingContextCustomizer@0, org.springframework.boot.test.autoconfigure.web.servlet.WebDriverContextCustomizerFactory$Customizer@1098f9b, org.springframework.boot.test.context.filter.ExcludeFilterContextCustomizer@13d0107, org.springframework.boot.test.json.DuplicateJsonObjectContextCustomizerFactory$DuplicateJsonObjectContextCustomizer@cadd41, org.springframework.boot.test.mock.mockito.MockitoContextCustomizer@b148f128], contextLoader = 'org.springframework.test.context.support.DelegatingSmartContextLoader', parent = [null]]]
10:19:12.409 [Test worker] DEBUG org.springframework.test.context.cache - Spring test ApplicationContext cache statistics: [DefaultContextCache@1d5ac51 size = 14, maxSize = 32, parentContextCount = 0, hitCount = 671, missCount = 14]
10:19:12.410 [Test worker] DEBUG org.springframework.test.context.cache.DefaultCacheAwareContextLoaderDelegate - Retrieved ApplicationContext [25193958] from cache with key [[MergedContextConfiguration@19aa9ee testClass = UserServiceImplTest, locations = '{}', classes = '{class app.library.usermgmt.user.service.UserServiceImpl}', contextInitializerClasses = '[]', activeProfiles = '{}', propertySourceLocations = '{}', propertySourceProperties = '{}', contextCustomizers = set[org.springframework.boot.test.autoconfigure.actuate.metrics.MetricsExportContextCustomizerFactory$DisableMetricExportContextCustomizer@ace400, org.springframework.boot.test.autoconfigure.properties.PropertyMappingContextCustomizer@0, org.springframework.boot.test.autoconfigure.web.servlet.WebDriverContextCustomizerFactory$Customizer@1098f9b, org.springframework.boot.test.context.filter.ExcludeFilterContextCustomizer@13d0107, org.springframework.boot.test.json.DuplicateJsonObjectContextCustomizerFactory$DuplicateJsonObjectContextCustomizer@cadd41, org.springframework.boot.test.mock.mockito.MockitoContextCustomizer@b148f128], contextLoader = 'org.springframework.test.context.support.DelegatingSmartContextLoader', parent = [null]]]
10:19:12.410 [Test worker] DEBUG org.springframework.test.context.cache - Spring test ApplicationContext cache statistics: [DefaultContextCache@1d5ac51 size = 14, maxSize = 32, parentContextCount = 0, hitCount = 672, missCount = 14]
10:19:12.410 [Test worker] DEBUG org.springframework.test.context.cache.DefaultCacheAwareContextLoaderDelegate - Retrieved ApplicationContext [25193958] from cache with key [[MergedContextConfiguration@19aa9ee testClass = UserServiceImplTest, locations = '{}', classes = '{class app.library.usermgmt.user.service.UserServiceImpl}', contextInitializerClasses = '[]', activeProfiles = '{}', propertySourceLocations = '{}', propertySourceProperties = '{}', contextCustomizers = set[org.springframework.boot.test.autoconfigure.actuate.metrics.MetricsExportContextCustomizerFactory$DisableMetricExportContextCustomizer@ace400, org.springframework.boot.test.autoconfigure.properties.PropertyMappingContextCustomizer@0, org.springframework.boot.test.autoconfigure.web.servlet.WebDriverContextCustomizerFactory$Customizer@1098f9b, org.springframework.boot.test.context.filter.ExcludeFilterContextCustomizer@13d0107, org.springframework.boot.test.json.DuplicateJsonObjectContextCustomizerFactory$DuplicateJsonObjectContextCustomizer@cadd41, org.springframework.boot.test.mock.mockito.MockitoContextCustomizer@b148f128], contextLoader = 'org.springframework.test.context.support.DelegatingSmartContextLoader', parent = [null]]]
10:19:12.410 [Test worker] DEBUG org.springframework.test.context.cache - Spring test ApplicationContext cache statistics: [DefaultContextCache@1d5ac51 size = 14, maxSize = 32, parentContextCount = 0, hitCount = 673, missCount = 14]
10:19:12.410 [Test worker] DEBUG org.springframework.test.context.support.AbstractDirtiesContextTestExecutionListener - After test method: context [DefaultTestContext@f3ba6a testClass = UserServiceImplTest, testInstance = app.library.usermgmt.user.service.UserServiceImplTest@1f0f70a, testMethod = testLoginUser4@UserServiceImplTest, testException = [null], mergedContextConfiguration = [MergedContextConfiguration@19aa9ee testClass = UserServiceImplTest, locations = '{}', classes = '{class app.library.usermgmt.user.service.UserServiceImpl}', contextInitializerClasses = '[]', activeProfiles = '{}', propertySourceLocations = '{}', propertySourceProperties = '{}', contextCustomizers = set[org.springframework.boot.test.autoconfigure.actuate.metrics.MetricsExportContextCustomizerFactory$DisableMetricExportContextCustomizer@ace400, org.springframework.boot.test.autoconfigure.properties.PropertyMappingContextCustomizer@0, org.springframework.boot.test.autoconfigure.web.servlet.WebDriverContextCustomizerFactory$Customizer@1098f9b, org.springframework.boot.test.context.filter.ExcludeFilterContextCustomizer@13d0107, org.springframework.boot.test.json.DuplicateJsonObjectContextCustomizerFactory$DuplicateJsonObjectContextCustomizer@cadd41, org.springframework.boot.test.mock.mockito.MockitoContextCustomizer@b148f128], contextLoader = 'org.springframework.test.context.support.DelegatingSmartContextLoader', parent = [null]], attributes = map['org.springframework.test.context.event.ApplicationEventsTestExecutionListener.recordApplicationEvents' -> false]], class annotated with @DirtiesContext [false] with mode [null], method annotated with @DirtiesContext [false] with mode [null].
10:19:12.411 [Test worker] DEBUG org.springframework.test.context.cache.DefaultCacheAwareContextLoaderDelegate - Retrieved ApplicationContext [25193958] from cache with key [[MergedContextConfiguration@19aa9ee testClass = UserServiceImplTest, locations = '{}', classes = '{class app.library.usermgmt.user.service.UserServiceImpl}', contextInitializerClasses = '[]', activeProfiles = '{}', propertySourceLocations = '{}', propertySourceProperties = '{}', contextCustomizers = set[org.springframework.boot.test.autoconfigure.actuate.metrics.MetricsExportContextCustomizerFactory$DisableMetricExportContextCustomizer@ace400, org.springframework.boot.test.autoconfigure.properties.PropertyMappingContextCustomizer@0, org.springframework.boot.test.autoconfigure.web.servlet.WebDriverContextCustomizerFactory$Customizer@1098f9b, org.springframework.boot.test.context.filter.ExcludeFilterContextCustomizer@13d0107, org.springframework.boot.test.json.DuplicateJsonObjectContextCustomizerFactory$DuplicateJsonObjectContextCustomizer@cadd41, org.springframework.boot.test.mock.mockito.MockitoContextCustomizer@b148f128], contextLoader = 'org.springframework.test.context.support.DelegatingSmartContextLoader', parent = [null]]]
10:19:12.411 [Test worker] DEBUG org.springframework.test.context.cache - Spring test ApplicationContext cache statistics: [DefaultContextCache@1d5ac51 size = 14, maxSize = 32, parentContextCount = 0, hitCount = 674, missCount = 14]
10:19:12.411 [Test worker] DEBUG org.springframework.test.context.support.AbstractDirtiesContextTestExecutionListener - After test class: context [DefaultTestContext@f3ba6a testClass = UserServiceImplTest, testInstance = [null], testMethod = [null], testException = [null], mergedContextConfiguration = [MergedContextConfiguration@19aa9ee testClass = UserServiceImplTest, locations = '{}', classes = '{class app.library.usermgmt.user.service.UserServiceImpl}', contextInitializerClasses = '[]', activeProfiles = '{}', propertySourceLocations = '{}', propertySourceProperties = '{}', contextCustomizers = set[org.springframework.boot.test.autoconfigure.actuate.metrics.MetricsExportContextCustomizerFactory$DisableMetricExportContextCustomizer@ace400, org.springframework.boot.test.autoconfigure.properties.PropertyMappingContextCustomizer@0, org.springframework.boot.test.autoconfigure.web.servlet.WebDriverContextCustomizerFactory$Customizer@1098f9b, org.springframework.boot.test.context.filter.ExcludeFilterContextCustomizer@13d0107, org.springframework.boot.test.json.DuplicateJsonObjectContextCustomizerFactory$DuplicateJsonObjectContextCustomizer@cadd41, org.springframework.boot.test.mock.mockito.MockitoContextCustomizer@b148f128], contextLoader = 'org.springframework.test.context.support.DelegatingSmartContextLoader', parent = [null]], attributes = map['org.springframework.test.context.event.ApplicationEventsTestExecutionListener.recordApplicationEvents' -> false]], class annotated with @DirtiesContext [false] with mode [null].
]]></system-out>
  <system-err><![CDATA[]]></system-err>
</testsuite>
